[2024-10-21T03:12:33.924+0000] {local_task_job_runner.py:123} INFO - ::group::Pre task execution logs
[2024-10-21T03:12:33.970+0000] {taskinstance.py:2612} INFO - Dependencies all met for dep_context=non-requeueable deps ti=<TaskInstance: elt.extract_load_data.create_table_prices manual__2024-10-21T03:12:26.878284+00:00 [queued]>
[2024-10-21T03:12:33.992+0000] {taskinstance.py:2612} INFO - Dependencies all met for dep_context=requeueable deps ti=<TaskInstance: elt.extract_load_data.create_table_prices manual__2024-10-21T03:12:26.878284+00:00 [queued]>
[2024-10-21T03:12:33.993+0000] {taskinstance.py:2865} INFO - Starting attempt 1 of 2
[2024-10-21T03:12:34.032+0000] {taskinstance.py:2888} INFO - Executing <Task(PostgresOperator): extract_load_data.create_table_prices> on 2024-10-21 03:12:26.878284+00:00
[2024-10-21T03:12:34.080+0000] {warnings.py:112} WARNING - /home/***/.local/lib/python3.12/site-packages/***/task/task_runner/standard_task_runner.py:70: DeprecationWarning: This process (pid=337) is multi-threaded, use of fork() may lead to deadlocks in the child.
  pid = os.fork()

[2024-10-21T03:12:34.098+0000] {standard_task_runner.py:72} INFO - Started process 341 to run task
[2024-10-21T03:12:34.120+0000] {standard_task_runner.py:104} INFO - Running: ['***', 'tasks', 'run', 'elt', 'extract_load_data.create_table_prices', 'manual__2024-10-21T03:12:26.878284+00:00', '--job-id', '125', '--raw', '--subdir', 'DAGS_FOLDER/elt.py', '--cfg-path', '/tmp/tmpda36iwor']
[2024-10-21T03:12:34.159+0000] {standard_task_runner.py:105} INFO - Job 125: Subtask extract_load_data.create_table_prices
[2024-10-21T03:12:46.768+0000] {job.py:229} INFO - Heartbeat recovered after 13.07 seconds
[2024-10-21T03:12:56.814+0000] {task_command.py:467} INFO - Running <TaskInstance: elt.extract_load_data.create_table_prices manual__2024-10-21T03:12:26.878284+00:00 [running]> on host 6c3793bbe9c9
[2024-10-21T03:12:58.011+0000] {taskinstance.py:3131} INFO - Exporting env vars: AIRFLOW_CTX_DAG_OWNER='mherszage' AIRFLOW_CTX_DAG_ID='elt' AIRFLOW_CTX_TASK_ID='extract_load_data.create_table_prices' AIRFLOW_CTX_EXECUTION_DATE='2024-10-21T03:12:26.878284+00:00' AIRFLOW_CTX_TRY_NUMBER='1' AIRFLOW_CTX_DAG_RUN_ID='manual__2024-10-21T03:12:26.878284+00:00'
[2024-10-21T03:12:58.068+0000] {taskinstance.py:731} INFO - ::endgroup::
[2024-10-21T03:12:58.169+0000] {sql.py:266} INFO - Executing: CREATE TABLE IF NOT EXISTS "2024_melissa_herszage_schema".l1_item_prices
(
    item_id            varchar(256),
    condition          varchar(256),
    price              int,
    currency           varchar(256),
    available_quantity int,
    created_at         timestamp
)
[2024-10-21T03:12:58.216+0000] {base.py:84} INFO - Retrieving connection 'redshift_default'
[2024-10-21T03:12:59.325+0000] {base.py:84} INFO - Retrieving connection 'redshift_default'
[2024-10-21T03:13:03.252+0000] {job.py:229} INFO - Heartbeat recovered after 16.74 seconds
[2024-10-21T03:13:18.376+0000] {sql.py:509} INFO - Running statement: CREATE TABLE IF NOT EXISTS "2024_melissa_herszage_schema".l1_item_prices
(
    item_id            varchar(256),
    condition          varchar(256),
    price              int,
    currency           varchar(256),
    available_quantity int,
    created_at         timestamp
), parameters: None
[2024-10-21T03:13:19.757+0000] {taskinstance.py:340} INFO - ::group::Post task execution logs
[2024-10-21T03:13:19.762+0000] {taskinstance.py:352} INFO - Marking task as SUCCESS. dag_id=elt, task_id=extract_load_data.create_table_prices, run_id=manual__2024-10-21T03:12:26.878284+00:00, execution_date=20241021T031226, start_date=20241021T031233, end_date=20241021T031319
[2024-10-21T03:13:19.906+0000] {local_task_job_runner.py:266} INFO - Task exited with return code 0
[2024-10-21T03:13:20.067+0000] {warnings.py:112} WARNING - /home/***/.local/lib/python3.12/site-packages/***/models/baseoperator.py:1378: AirflowProviderDeprecationWarning: Call to deprecated class PostgresOperator. (Please use `***.providers.common.sql.operators.sql.SQLExecuteQueryOperator`.Also, you can provide `hook_params={'schema': <database>}`.)
  result = cls.__new__(cls)

[2024-10-21T03:13:20.134+0000] {taskinstance.py:3900} INFO - 0 downstream tasks scheduled from follow-on schedule check
[2024-10-21T03:13:20.141+0000] {local_task_job_runner.py:245} INFO - ::endgroup::
