[2024-10-18T02:59:56.397+0000] {local_task_job_runner.py:123} INFO - ::group::Pre task execution logs
[2024-10-18T02:59:56.410+0000] {taskinstance.py:2612} INFO - Dependencies all met for dep_context=non-requeueable deps ti=<TaskInstance: insert_items.inserts.insert_prices manual__2024-10-18T02:59:53.799180+00:00 [queued]>
[2024-10-18T02:59:56.419+0000] {taskinstance.py:2612} INFO - Dependencies all met for dep_context=requeueable deps ti=<TaskInstance: insert_items.inserts.insert_prices manual__2024-10-18T02:59:53.799180+00:00 [queued]>
[2024-10-18T02:59:56.420+0000] {taskinstance.py:2865} INFO - Starting attempt 1 of 2
[2024-10-18T02:59:56.433+0000] {taskinstance.py:2888} INFO - Executing <Task(PythonOperator): inserts.insert_prices> on 2024-10-18 02:59:53.799180+00:00
[2024-10-18T02:59:56.447+0000] {warnings.py:112} WARNING - /home/***/.local/lib/python3.12/site-packages/***/task/task_runner/standard_task_runner.py:70: DeprecationWarning: This process (pid=119) is multi-threaded, use of fork() may lead to deadlocks in the child.
  pid = os.fork()

[2024-10-18T02:59:56.450+0000] {standard_task_runner.py:72} INFO - Started process 122 to run task
[2024-10-18T02:59:56.447+0000] {standard_task_runner.py:104} INFO - Running: ['***', 'tasks', 'run', 'insert_items', 'inserts.insert_prices', 'manual__2024-10-18T02:59:53.799180+00:00', '--job-id', '147', '--raw', '--subdir', 'DAGS_FOLDER/insert_items.py', '--cfg-path', '/tmp/tmp31p02bkc']
[2024-10-18T02:59:56.455+0000] {standard_task_runner.py:105} INFO - Job 147: Subtask inserts.insert_prices
[2024-10-18T02:59:56.541+0000] {task_command.py:467} INFO - Running <TaskInstance: insert_items.inserts.insert_prices manual__2024-10-18T02:59:53.799180+00:00 [running]> on host a414d3516fe8
[2024-10-18T02:59:56.605+0000] {taskinstance.py:3131} INFO - Exporting env vars: AIRFLOW_CTX_DAG_OWNER='mherszage' AIRFLOW_CTX_DAG_ID='insert_items' AIRFLOW_CTX_TASK_ID='inserts.insert_prices' AIRFLOW_CTX_EXECUTION_DATE='2024-10-18T02:59:53.799180+00:00' AIRFLOW_CTX_TRY_NUMBER='1' AIRFLOW_CTX_DAG_RUN_ID='manual__2024-10-18T02:59:53.799180+00:00'
[2024-10-18T02:59:56.606+0000] {taskinstance.py:731} INFO - ::endgroup::
[2024-10-18T02:59:58.128+0000] {logging_mixin.py:190} INFO - 2024-10-18
[2024-10-18T02:59:58.139+0000] {python.py:240} INFO - Done. Returned value was: None
[2024-10-18T02:59:58.168+0000] {taskinstance.py:340} INFO - ::group::Post task execution logs
[2024-10-18T02:59:58.168+0000] {taskinstance.py:352} INFO - Marking task as SUCCESS. dag_id=insert_items, task_id=inserts.insert_prices, run_id=manual__2024-10-18T02:59:53.799180+00:00, execution_date=20241018T025953, start_date=20241018T025956, end_date=20241018T025958
[2024-10-18T02:59:58.242+0000] {local_task_job_runner.py:266} INFO - Task exited with return code 0
[2024-10-18T02:59:58.279+0000] {taskinstance.py:3900} INFO - 0 downstream tasks scheduled from follow-on schedule check
[2024-10-18T02:59:58.280+0000] {local_task_job_runner.py:245} INFO - ::endgroup::
