[2024-10-20T04:26:06.682+0000] {local_task_job_runner.py:123} INFO - ::group::Pre task execution logs
[2024-10-20T04:26:06.701+0000] {taskinstance.py:2612} INFO - Dependencies all met for dep_context=non-requeueable deps ti=<TaskInstance: elt.extract_load_data.create_table_prices scheduled__2024-10-18T12:00:00+00:00 [queued]>
[2024-10-20T04:26:06.720+0000] {taskinstance.py:2612} INFO - Dependencies all met for dep_context=requeueable deps ti=<TaskInstance: elt.extract_load_data.create_table_prices scheduled__2024-10-18T12:00:00+00:00 [queued]>
[2024-10-20T04:26:06.721+0000] {taskinstance.py:2865} INFO - Starting attempt 1 of 2
[2024-10-20T04:26:07.333+0000] {taskinstance.py:2888} INFO - Executing <Task(PostgresOperator): extract_load_data.create_table_prices> on 2024-10-18 12:00:00+00:00
[2024-10-20T04:26:07.360+0000] {warnings.py:112} WARNING - /home/***/.local/lib/python3.12/site-packages/***/task/task_runner/standard_task_runner.py:70: DeprecationWarning: This process (pid=63) is multi-threaded, use of fork() may lead to deadlocks in the child.
  pid = os.fork()

[2024-10-20T04:26:07.363+0000] {standard_task_runner.py:72} INFO - Started process 71 to run task
[2024-10-20T04:26:07.364+0000] {standard_task_runner.py:104} INFO - Running: ['***', 'tasks', 'run', 'elt', 'extract_load_data.create_table_prices', 'scheduled__2024-10-18T12:00:00+00:00', '--job-id', '211', '--raw', '--subdir', 'DAGS_FOLDER/elt.py', '--cfg-path', '/tmp/tmp22qz7f7j']
[2024-10-20T04:26:07.371+0000] {standard_task_runner.py:105} INFO - Job 211: Subtask extract_load_data.create_table_prices
[2024-10-20T04:26:07.494+0000] {task_command.py:467} INFO - Running <TaskInstance: elt.extract_load_data.create_table_prices scheduled__2024-10-18T12:00:00+00:00 [running]> on host 3b0481c80fd2
[2024-10-20T04:26:07.680+0000] {taskinstance.py:3131} INFO - Exporting env vars: AIRFLOW_CTX_DAG_OWNER='mherszage' AIRFLOW_CTX_DAG_ID='elt' AIRFLOW_CTX_TASK_ID='extract_load_data.create_table_prices' AIRFLOW_CTX_EXECUTION_DATE='2024-10-18T12:00:00+00:00' AIRFLOW_CTX_TRY_NUMBER='1' AIRFLOW_CTX_DAG_RUN_ID='scheduled__2024-10-18T12:00:00+00:00'
[2024-10-20T04:26:07.691+0000] {taskinstance.py:731} INFO - ::endgroup::
[2024-10-20T04:26:07.737+0000] {sql.py:266} INFO - Executing: CREATE TABLE IF NOT EXISTS "2024_melissa_herszage_schema".l1_item_prices
(
    item_id            varchar(256),
    condition          varchar(256),
    price              int,
    currency           varchar(256),
    available_quantity int,
    created_at         timestamp
)
[2024-10-20T04:26:07.758+0000] {base.py:84} INFO - Retrieving connection 'redshift_default'
[2024-10-20T04:26:07.776+0000] {base.py:84} INFO - Retrieving connection 'redshift_default'
[2024-10-20T04:26:09.031+0000] {sql.py:509} INFO - Running statement: CREATE TABLE IF NOT EXISTS "2024_melissa_herszage_schema".l1_item_prices
(
    item_id            varchar(256),
    condition          varchar(256),
    price              int,
    currency           varchar(256),
    available_quantity int,
    created_at         timestamp
), parameters: None
[2024-10-20T04:26:09.622+0000] {taskinstance.py:340} INFO - ::group::Post task execution logs
[2024-10-20T04:26:09.625+0000] {taskinstance.py:352} INFO - Marking task as SUCCESS. dag_id=elt, task_id=extract_load_data.create_table_prices, run_id=scheduled__2024-10-18T12:00:00+00:00, execution_date=20241018T120000, start_date=20241020T042606, end_date=20241020T042609
[2024-10-20T04:26:09.740+0000] {local_task_job_runner.py:266} INFO - Task exited with return code 0
[2024-10-20T04:26:09.789+0000] {warnings.py:112} WARNING - /home/***/.local/lib/python3.12/site-packages/***/models/baseoperator.py:1378: AirflowProviderDeprecationWarning: Call to deprecated class PostgresOperator. (Please use `***.providers.common.sql.operators.sql.SQLExecuteQueryOperator`.Also, you can provide `hook_params={'schema': <database>}`.)
  result = cls.__new__(cls)

[2024-10-20T04:26:09.807+0000] {taskinstance.py:3900} INFO - 0 downstream tasks scheduled from follow-on schedule check
[2024-10-20T04:26:09.808+0000] {local_task_job_runner.py:245} INFO - ::endgroup::
