[2024-10-20T04:29:33.131+0000] {local_task_job_runner.py:123} INFO - ::group::Pre task execution logs
[2024-10-20T04:29:33.148+0000] {taskinstance.py:2612} INFO - Dependencies all met for dep_context=non-requeueable deps ti=<TaskInstance: elt.extract_load_data.create_table_items manual__2024-10-20T04:29:30.475772+00:00 [queued]>
[2024-10-20T04:29:33.157+0000] {taskinstance.py:2612} INFO - Dependencies all met for dep_context=requeueable deps ti=<TaskInstance: elt.extract_load_data.create_table_items manual__2024-10-20T04:29:30.475772+00:00 [queued]>
[2024-10-20T04:29:33.158+0000] {taskinstance.py:2865} INFO - Starting attempt 1 of 2
[2024-10-20T04:29:33.168+0000] {taskinstance.py:2888} INFO - Executing <Task(PostgresOperator): extract_load_data.create_table_items> on 2024-10-20 04:29:30.475772+00:00
[2024-10-20T04:29:33.176+0000] {warnings.py:112} WARNING - /home/***/.local/lib/python3.12/site-packages/***/task/task_runner/standard_task_runner.py:70: DeprecationWarning: This process (pid=158) is multi-threaded, use of fork() may lead to deadlocks in the child.
  pid = os.fork()

[2024-10-20T04:29:33.178+0000] {standard_task_runner.py:72} INFO - Started process 162 to run task
[2024-10-20T04:29:33.184+0000] {standard_task_runner.py:104} INFO - Running: ['***', 'tasks', 'run', 'elt', 'extract_load_data.create_table_items', 'manual__2024-10-20T04:29:30.475772+00:00', '--job-id', '223', '--raw', '--subdir', 'DAGS_FOLDER/elt.py', '--cfg-path', '/tmp/tmpqxn2jegi']
[2024-10-20T04:29:33.192+0000] {standard_task_runner.py:105} INFO - Job 223: Subtask extract_load_data.create_table_items
[2024-10-20T04:29:34.488+0000] {task_command.py:467} INFO - Running <TaskInstance: elt.extract_load_data.create_table_items manual__2024-10-20T04:29:30.475772+00:00 [running]> on host 3b0481c80fd2
[2024-10-20T04:29:34.986+0000] {taskinstance.py:3131} INFO - Exporting env vars: AIRFLOW_CTX_DAG_OWNER='mherszage' AIRFLOW_CTX_DAG_ID='elt' AIRFLOW_CTX_TASK_ID='extract_load_data.create_table_items' AIRFLOW_CTX_EXECUTION_DATE='2024-10-20T04:29:30.475772+00:00' AIRFLOW_CTX_TRY_NUMBER='1' AIRFLOW_CTX_DAG_RUN_ID='manual__2024-10-20T04:29:30.475772+00:00'
[2024-10-20T04:29:34.992+0000] {taskinstance.py:731} INFO - ::endgroup::
[2024-10-20T04:29:35.145+0000] {sql.py:266} INFO - Executing: CREATE TABLE IF NOT EXISTS "2024_melissa_herszage_schema".l1_items
(
    id    varchar(256),
    title varchar(256),
    created_at timestamp
);
[2024-10-20T04:29:35.320+0000] {base.py:84} INFO - Retrieving connection 'redshift_default'
[2024-10-20T04:29:35.531+0000] {base.py:84} INFO - Retrieving connection 'redshift_default'
[2024-10-20T04:29:36.855+0000] {sql.py:509} INFO - Running statement: CREATE TABLE IF NOT EXISTS "2024_melissa_herszage_schema".l1_items
(
    id    varchar(256),
    title varchar(256),
    created_at timestamp
);, parameters: None
[2024-10-20T04:29:37.438+0000] {taskinstance.py:340} INFO - ::group::Post task execution logs
[2024-10-20T04:29:37.439+0000] {taskinstance.py:352} INFO - Marking task as SUCCESS. dag_id=elt, task_id=extract_load_data.create_table_items, run_id=manual__2024-10-20T04:29:30.475772+00:00, execution_date=20241020T042930, start_date=20241020T042933, end_date=20241020T042937
[2024-10-20T04:29:37.521+0000] {local_task_job_runner.py:266} INFO - Task exited with return code 0
[2024-10-20T04:29:37.590+0000] {local_task_job_runner.py:245} INFO - ::endgroup::
[2024-10-20T04:29:38.404+0000] {standard_task_runner.py:217} INFO - Process not found (most likely exited), stop collecting metrics
