[2024-10-21T03:04:35.572+0000] {local_task_job_runner.py:123} INFO - ::group::Pre task execution logs
[2024-10-21T03:04:35.587+0000] {taskinstance.py:2612} INFO - Dependencies all met for dep_context=non-requeueable deps ti=<TaskInstance: elt.extract_load_data.create_table_prices manual__2024-10-21T03:04:30.604157+00:00 [queued]>
[2024-10-21T03:04:35.594+0000] {taskinstance.py:2612} INFO - Dependencies all met for dep_context=requeueable deps ti=<TaskInstance: elt.extract_load_data.create_table_prices manual__2024-10-21T03:04:30.604157+00:00 [queued]>
[2024-10-21T03:04:35.594+0000] {taskinstance.py:2865} INFO - Starting attempt 1 of 2
[2024-10-21T03:04:35.609+0000] {taskinstance.py:2888} INFO - Executing <Task(PostgresOperator): extract_load_data.create_table_prices> on 2024-10-21 03:04:30.604157+00:00
[2024-10-21T03:04:35.629+0000] {warnings.py:112} WARNING - /home/***/.local/lib/python3.12/site-packages/***/task/task_runner/standard_task_runner.py:70: DeprecationWarning: This process (pid=197) is multi-threaded, use of fork() may lead to deadlocks in the child.
  pid = os.fork()

[2024-10-21T03:04:35.631+0000] {standard_task_runner.py:72} INFO - Started process 202 to run task
[2024-10-21T03:04:35.636+0000] {standard_task_runner.py:104} INFO - Running: ['***', 'tasks', 'run', 'elt', 'extract_load_data.create_table_prices', 'manual__2024-10-21T03:04:30.604157+00:00', '--job-id', '114', '--raw', '--subdir', 'DAGS_FOLDER/elt.py', '--cfg-path', '/tmp/tmpwce98x5l']
[2024-10-21T03:04:35.639+0000] {standard_task_runner.py:105} INFO - Job 114: Subtask extract_load_data.create_table_prices
[2024-10-21T03:04:38.144+0000] {task_command.py:467} INFO - Running <TaskInstance: elt.extract_load_data.create_table_prices manual__2024-10-21T03:04:30.604157+00:00 [running]> on host 6c3793bbe9c9
[2024-10-21T03:04:38.253+0000] {taskinstance.py:3131} INFO - Exporting env vars: AIRFLOW_CTX_DAG_OWNER='mherszage' AIRFLOW_CTX_DAG_ID='elt' AIRFLOW_CTX_TASK_ID='extract_load_data.create_table_prices' AIRFLOW_CTX_EXECUTION_DATE='2024-10-21T03:04:30.604157+00:00' AIRFLOW_CTX_TRY_NUMBER='1' AIRFLOW_CTX_DAG_RUN_ID='manual__2024-10-21T03:04:30.604157+00:00'
[2024-10-21T03:04:38.255+0000] {taskinstance.py:731} INFO - ::endgroup::
[2024-10-21T03:04:38.281+0000] {sql.py:266} INFO - Executing: CREATE TABLE IF NOT EXISTS "2024_melissa_herszage_schema".l1_item_prices
(
    item_id            varchar(256),
    condition          varchar(256),
    price              int,
    currency           varchar(256),
    available_quantity int,
    created_at         timestamp
)
[2024-10-21T03:04:38.288+0000] {base.py:84} INFO - Retrieving connection 'redshift_default'
[2024-10-21T03:04:38.606+0000] {base.py:84} INFO - Retrieving connection 'redshift_default'
[2024-10-21T03:04:40.694+0000] {sql.py:509} INFO - Running statement: CREATE TABLE IF NOT EXISTS "2024_melissa_herszage_schema".l1_item_prices
(
    item_id            varchar(256),
    condition          varchar(256),
    price              int,
    currency           varchar(256),
    available_quantity int,
    created_at         timestamp
), parameters: None
[2024-10-21T03:04:41.988+0000] {taskinstance.py:340} INFO - ::group::Post task execution logs
[2024-10-21T03:04:41.989+0000] {taskinstance.py:352} INFO - Marking task as SUCCESS. dag_id=elt, task_id=extract_load_data.create_table_prices, run_id=manual__2024-10-21T03:04:30.604157+00:00, execution_date=20241021T030430, start_date=20241021T030435, end_date=20241021T030441
[2024-10-21T03:04:42.069+0000] {local_task_job_runner.py:266} INFO - Task exited with return code 0
[2024-10-21T03:04:42.598+0000] {local_task_job_runner.py:245} INFO - ::endgroup::
