[2024-10-20T05:47:00.958+0000] {local_task_job_runner.py:123} INFO - ::group::Pre task execution logs
[2024-10-20T05:47:00.982+0000] {taskinstance.py:2612} INFO - Dependencies all met for dep_context=non-requeueable deps ti=<TaskInstance: elt.extract_load_data.create_table_items manual__2024-10-20T05:46:57.776823+00:00 [queued]>
[2024-10-20T05:47:00.992+0000] {taskinstance.py:2612} INFO - Dependencies all met for dep_context=requeueable deps ti=<TaskInstance: elt.extract_load_data.create_table_items manual__2024-10-20T05:46:57.776823+00:00 [queued]>
[2024-10-20T05:47:00.992+0000] {taskinstance.py:2865} INFO - Starting attempt 1 of 2
[2024-10-20T05:47:01.011+0000] {taskinstance.py:2888} INFO - Executing <Task(PostgresOperator): extract_load_data.create_table_items> on 2024-10-20 05:46:57.776823+00:00
[2024-10-20T05:47:01.050+0000] {warnings.py:112} WARNING - /home/***/.local/lib/python3.12/site-packages/***/task/task_runner/standard_task_runner.py:70: DeprecationWarning: This process (pid=1238) is multi-threaded, use of fork() may lead to deadlocks in the child.
  pid = os.fork()

[2024-10-20T05:47:01.057+0000] {standard_task_runner.py:72} INFO - Started process 1248 to run task
[2024-10-20T05:47:01.058+0000] {standard_task_runner.py:104} INFO - Running: ['***', 'tasks', 'run', 'elt', 'extract_load_data.create_table_items', 'manual__2024-10-20T05:46:57.776823+00:00', '--job-id', '251', '--raw', '--subdir', 'DAGS_FOLDER/elt.py', '--cfg-path', '/tmp/tmp6z480ao5']
[2024-10-20T05:47:01.066+0000] {standard_task_runner.py:105} INFO - Job 251: Subtask extract_load_data.create_table_items
[2024-10-20T05:47:03.139+0000] {task_command.py:467} INFO - Running <TaskInstance: elt.extract_load_data.create_table_items manual__2024-10-20T05:46:57.776823+00:00 [running]> on host 3b0481c80fd2
[2024-10-20T05:47:03.613+0000] {taskinstance.py:3131} INFO - Exporting env vars: AIRFLOW_CTX_DAG_OWNER='mherszage' AIRFLOW_CTX_DAG_ID='elt' AIRFLOW_CTX_TASK_ID='extract_load_data.create_table_items' AIRFLOW_CTX_EXECUTION_DATE='2024-10-20T05:46:57.776823+00:00' AIRFLOW_CTX_TRY_NUMBER='1' AIRFLOW_CTX_DAG_RUN_ID='manual__2024-10-20T05:46:57.776823+00:00'
[2024-10-20T05:47:03.619+0000] {taskinstance.py:731} INFO - ::endgroup::
[2024-10-20T05:47:03.654+0000] {sql.py:266} INFO - Executing: CREATE TABLE IF NOT EXISTS "2024_melissa_herszage_schema".l1_items
(
    id    varchar(256),
    title varchar(256),
    created_at timestamp
);
[2024-10-20T05:47:03.796+0000] {base.py:84} INFO - Retrieving connection 'redshift_default'
[2024-10-20T05:47:04.000+0000] {base.py:84} INFO - Retrieving connection 'redshift_default'
[2024-10-20T05:47:05.660+0000] {sql.py:509} INFO - Running statement: CREATE TABLE IF NOT EXISTS "2024_melissa_herszage_schema".l1_items
(
    id    varchar(256),
    title varchar(256),
    created_at timestamp
);, parameters: None
[2024-10-20T05:47:13.060+0000] {taskinstance.py:340} INFO - ::group::Post task execution logs
[2024-10-20T05:47:13.103+0000] {taskinstance.py:352} INFO - Marking task as SUCCESS. dag_id=elt, task_id=extract_load_data.create_table_items, run_id=manual__2024-10-20T05:46:57.776823+00:00, execution_date=20241020T054657, start_date=20241020T054700, end_date=20241020T054713
[2024-10-20T05:47:12.809+0000] {job.py:229} INFO - Heartbeat recovered after 11.92 seconds
[2024-10-20T05:47:14.597+0000] {local_task_job_runner.py:266} INFO - Task exited with return code 0
[2024-10-20T05:47:14.638+0000] {warnings.py:112} WARNING - /home/***/.local/lib/python3.12/site-packages/***/models/baseoperator.py:1378: AirflowProviderDeprecationWarning: Call to deprecated class PostgresOperator. (Please use `***.providers.common.sql.operators.sql.SQLExecuteQueryOperator`.Also, you can provide `hook_params={'schema': <database>}`.)
  result = cls.__new__(cls)

[2024-10-20T05:47:14.654+0000] {taskinstance.py:3900} INFO - 0 downstream tasks scheduled from follow-on schedule check
[2024-10-20T05:47:14.656+0000] {local_task_job_runner.py:245} INFO - ::endgroup::
