[2024-10-16T18:23:50.242+0000] {local_task_job_runner.py:123} INFO - ::group::Pre task execution logs
[2024-10-16T18:23:50.267+0000] {taskinstance.py:2612} INFO - Dependencies all met for dep_context=non-requeueable deps ti=<TaskInstance: insert_items.inserts.insert_items manual__2024-10-16T18:23:45.493277+00:00 [queued]>
[2024-10-16T18:23:50.276+0000] {taskinstance.py:2612} INFO - Dependencies all met for dep_context=requeueable deps ti=<TaskInstance: insert_items.inserts.insert_items manual__2024-10-16T18:23:45.493277+00:00 [queued]>
[2024-10-16T18:23:50.277+0000] {taskinstance.py:2865} INFO - Starting attempt 1 of 2
[2024-10-16T18:23:50.289+0000] {taskinstance.py:2888} INFO - Executing <Task(PythonOperator): inserts.insert_items> on 2024-10-16 18:23:45.493277+00:00
[2024-10-16T18:23:50.307+0000] {warnings.py:112} WARNING - /home/***/.local/lib/python3.12/site-packages/***/task/task_runner/standard_task_runner.py:70: DeprecationWarning: This process (pid=99) is multi-threaded, use of fork() may lead to deadlocks in the child.
  pid = os.fork()

[2024-10-16T18:23:50.313+0000] {standard_task_runner.py:72} INFO - Started process 102 to run task
[2024-10-16T18:23:50.318+0000] {standard_task_runner.py:104} INFO - Running: ['***', 'tasks', 'run', 'insert_items', 'inserts.insert_items', 'manual__2024-10-16T18:23:45.493277+00:00', '--job-id', '54', '--raw', '--subdir', 'DAGS_FOLDER/insert_items.py', '--cfg-path', '/tmp/tmptn9x0k7j']
[2024-10-16T18:23:50.322+0000] {standard_task_runner.py:105} INFO - Job 54: Subtask inserts.insert_items
[2024-10-16T18:23:50.505+0000] {task_command.py:467} INFO - Running <TaskInstance: insert_items.inserts.insert_items manual__2024-10-16T18:23:45.493277+00:00 [running]> on host 2109dd405c1b
[2024-10-16T18:23:50.648+0000] {taskinstance.py:3131} INFO - Exporting env vars: AIRFLOW_CTX_DAG_OWNER='mherszage' AIRFLOW_CTX_DAG_ID='insert_items' AIRFLOW_CTX_TASK_ID='inserts.insert_items' AIRFLOW_CTX_EXECUTION_DATE='2024-10-16T18:23:45.493277+00:00' AIRFLOW_CTX_TRY_NUMBER='1' AIRFLOW_CTX_DAG_RUN_ID='manual__2024-10-16T18:23:45.493277+00:00'
[2024-10-16T18:23:50.650+0000] {taskinstance.py:731} INFO - ::endgroup::
[2024-10-16T18:23:53.979+0000] {logging_mixin.py:190} INFO - Id: MLA1420542199, Title: Sony Playstation Dualsense Cfi-zct1w Joystick Inalámbrico Midnight Black, Price: 169999
[2024-10-16T18:23:54.618+0000] {logging_mixin.py:190} INFO - Query executed
[2024-10-16T18:23:54.619+0000] {logging_mixin.py:190} INFO - Id: MLA1513783534, Title: Consola Playstation Ps4 1tb God Of War Ragnarok Bundle, Price: 771999
[2024-10-16T18:23:55.055+0000] {logging_mixin.py:190} INFO - Query executed
[2024-10-16T18:23:55.056+0000] {logging_mixin.py:190} INFO - Id: MLA1455028687, Title: Gamepad Redragon Harrow Pro Wireless G808pro Joystick Pc Ps3 Color Negro, Price: 72569
[2024-10-16T18:23:55.488+0000] {logging_mixin.py:190} INFO - Query executed
[2024-10-16T18:23:55.489+0000] {logging_mixin.py:190} INFO - Id: MLA1642598964, Title: Cable Tcon Carga Rapida Joystick Ps4 Usb Solucion Pin Carga, Price: 4001
[2024-10-16T18:23:55.856+0000] {logging_mixin.py:190} INFO - Query executed
[2024-10-16T18:23:55.859+0000] {logging_mixin.py:190} INFO - Id: MLA1413189069, Title: Sony Playstation 5 825gb Standard Color Blanco Y Negro, Price: 1354999
[2024-10-16T18:23:56.200+0000] {logging_mixin.py:190} INFO - Query executed
[2024-10-16T18:23:56.202+0000] {logging_mixin.py:190} INFO - Id: MLA1771013260, Title: Joystick Redragon Saturn G807 Negro, Price: 34288.98
[2024-10-16T18:23:56.551+0000] {logging_mixin.py:190} INFO - Query executed
[2024-10-16T18:23:56.556+0000] {logging_mixin.py:190} INFO - Id: MLA1417840319, Title: Auriculares Bluetooth In-ear F9-5 Negro Inalámbricos, Price: 14240.5
[2024-10-16T18:23:56.902+0000] {logging_mixin.py:190} INFO - Query executed
[2024-10-16T18:23:56.903+0000] {logging_mixin.py:190} INFO - Id: MLA1425634379, Title: Consola Sony Ps4 1tb + Juego God Of War Ragnarok, Price: 657999
[2024-10-16T18:23:57.246+0000] {logging_mixin.py:190} INFO - Query executed
[2024-10-16T18:23:57.248+0000] {logging_mixin.py:190} INFO - Id: MLA1771015420, Title: Joystick Inalámbrico Redragon Harrow G808 Negro, Price: 54608.51
[2024-10-16T18:23:57.578+0000] {logging_mixin.py:190} INFO - Query executed
[2024-10-16T18:23:57.582+0000] {logging_mixin.py:190} INFO - Id: MLA1451984191, Title: Control Inalámbrico Dualsense Para Ps5 Gray Camouflage, Price: 179999
[2024-10-16T18:23:57.944+0000] {logging_mixin.py:190} INFO - Query executed
[2024-10-16T18:23:57.948+0000] {logging_mixin.py:190} INFO - Id: MLA1438316301, Title: Consola Ps5 Slim Estándar + Juego Ratchet & Clank Y Returnal Color Blanco, Price: 1519999
[2024-10-16T18:23:58.288+0000] {logging_mixin.py:190} INFO - Query executed
[2024-10-16T18:23:58.289+0000] {logging_mixin.py:190} INFO - Id: MLA1923504016, Title: Auriculares Inalámbricos Jbl Tune 520bt Negro, Price: 106499
[2024-10-16T18:23:58.646+0000] {logging_mixin.py:190} INFO - Query executed
[2024-10-16T18:23:58.648+0000] {logging_mixin.py:190} INFO - Id: MLA1869209536, Title: Sony Playstation 5 Slim 1tb Extra Dualsense Controller  Color Blanco 2023, Price: 1649999
[2024-10-16T18:23:58.995+0000] {logging_mixin.py:190} INFO - Query executed
[2024-10-16T18:23:58.996+0000] {logging_mixin.py:190} INFO - Id: MLA1363095617, Title: Joystick Gamer Inalámbrico Netmak 5en1 Pc Ps3 Ps4 Danger Color Negro, Price: 28199
[2024-10-16T18:23:59.423+0000] {logging_mixin.py:190} INFO - Query executed
[2024-10-16T18:23:59.427+0000] {logging_mixin.py:190} INFO - Id: MLA1443618427, Title: Joystick Inalámbrico Compatible Con Pc P3 Mando Color Negro, Price: 14710
[2024-10-16T18:23:59.786+0000] {logging_mixin.py:190} INFO - Query executed
[2024-10-16T18:23:59.787+0000] {logging_mixin.py:190} INFO - Id: MLA1436556685, Title: Nintendo Switch Oled 64gb Standard  Color Neón, Price: 849999
[2024-10-16T18:24:00.170+0000] {logging_mixin.py:190} INFO - Query executed
[2024-10-16T18:24:00.173+0000] {logging_mixin.py:190} INFO - Id: MLA1934620406, Title: Microsoft Xbox 360 Controller For Windows - Usb, Price: 31570
[2024-10-16T18:24:00.526+0000] {logging_mixin.py:190} INFO - Query executed
[2024-10-16T18:24:00.531+0000] {logging_mixin.py:190} INFO - Id: MLA1454525447, Title: Joystick Inalámbrico Sony Playstation Dualshock 4 Ps4 Jet Black, Price: 69999.3
[2024-10-16T18:24:00.881+0000] {logging_mixin.py:190} INFO - Query executed
[2024-10-16T18:24:00.882+0000] {logging_mixin.py:190} INFO - Id: MLA1422452531, Title: Consola Xbox Series S 512gb Digital Blanco, Price: 919999
[2024-10-16T18:24:01.214+0000] {logging_mixin.py:190} INFO - Query executed
[2024-10-16T18:24:01.215+0000] {logging_mixin.py:190} INFO - Id: MLA1420491095, Title: Joystick Inalámbrico Dualsense Ps5 Original Cosmic Red, Price: 169999
[2024-10-16T18:24:01.552+0000] {logging_mixin.py:190} INFO - Query executed
[2024-10-16T18:24:01.552+0000] {logging_mixin.py:190} INFO - Id: MLA1932107420, Title: Consola Brick Game 9999 In 1 Standard  Color Rojo 1980, Price: 5999
[2024-10-16T18:24:01.920+0000] {logging_mixin.py:190} INFO - Query executed
[2024-10-16T18:24:01.922+0000] {logging_mixin.py:190} INFO - Id: MLA934064691, Title: Joystick Redragon Saturn G807 Negro, Price: 26999
[2024-10-16T18:24:02.267+0000] {logging_mixin.py:190} INFO - Query executed
[2024-10-16T18:24:02.268+0000] {logging_mixin.py:190} INFO - Id: MLA1426112753, Title: Soporte Base Vertical Para Ps5 Slim Con Rejillas Ventilación, Price: 7139.44
[2024-10-16T18:24:02.628+0000] {logging_mixin.py:190} INFO - Query executed
[2024-10-16T18:24:02.628+0000] {logging_mixin.py:190} INFO - Id: MLA1439039201, Title: Joystick Pc Usb Gamepad Usb-208 Pc Notebook Color Negro, Price: 10499
[2024-10-16T18:24:02.970+0000] {logging_mixin.py:190} INFO - Query executed
[2024-10-16T18:24:02.972+0000] {logging_mixin.py:190} INFO - Id: MLA1723436604, Title: Sony Playstation 5 825gb God Of War Ragnarok Bundle Color Blanco/negro, Price: 1374999
[2024-10-16T18:24:03.316+0000] {logging_mixin.py:190} INFO - Query executed
[2024-10-16T18:24:03.318+0000] {logging_mixin.py:190} INFO - Id: MLA1824905578, Title: Kit 2 Microfonos Inalambricos Boya By-v20  2.4ghz Usb Tipo C Color Negro, Price: 135000
[2024-10-16T18:24:03.653+0000] {logging_mixin.py:190} INFO - Query executed
[2024-10-16T18:24:03.656+0000] {logging_mixin.py:190} INFO - Id: MLA1918224392, Title: Consola Noga Dos Joystick Y Pistola Ng-fg01 8bit Color Negro, Price: 27999
[2024-10-16T18:24:04.021+0000] {logging_mixin.py:190} INFO - Query executed
[2024-10-16T18:24:04.024+0000] {logging_mixin.py:190} INFO - Id: MLA1429767130, Title: Joystick Inalámbrico Para Xbox 360 Con Receptor Usb Y Bluetooth Compatible Con Ps3 Android Pc Seisa Njx312, Price: 34513.22
[2024-10-16T18:24:04.356+0000] {logging_mixin.py:190} INFO - Query executed
[2024-10-16T18:24:04.357+0000] {logging_mixin.py:190} INFO - Id: MLA1735236438, Title: Joystick Inalámbrico Dualsense Ps5 Original Galactic Purple, Price: 169999
[2024-10-16T18:24:04.703+0000] {logging_mixin.py:190} INFO - Query executed
[2024-10-16T18:24:04.705+0000] {logging_mixin.py:190} INFO - Id: MLA1814734538, Title: Sony Playstation 5 Slim 1tb Standard  Color Blanco 2022, Price: 1499000
[2024-10-16T18:24:05.057+0000] {logging_mixin.py:190} INFO - Query executed
[2024-10-16T18:24:05.058+0000] {logging_mixin.py:190} INFO - Id: MLA1933058072, Title: Joystick Inalámbrico Compatible Con Ps4 Doubleshock 4 Negro Con Cable De Carga, Price: 29700
[2024-10-16T18:24:05.400+0000] {logging_mixin.py:190} INFO - Query executed
[2024-10-16T18:24:05.406+0000] {logging_mixin.py:190} INFO - Id: MLA934055466, Title: Joystick Inalámbrico Redragon Harrow G808 Negro, Price: 42999
[2024-10-16T18:24:05.747+0000] {logging_mixin.py:190} INFO - Query executed
[2024-10-16T18:24:05.747+0000] {logging_mixin.py:190} INFO - Id: MLA1422439293, Title: Microsoft Xbox Series X 1tb Ssd 120 Hz 4k Color Negro, Price: 1599457
[2024-10-16T18:24:06.108+0000] {logging_mixin.py:190} INFO - Query executed
[2024-10-16T18:24:06.111+0000] {logging_mixin.py:190} INFO - Id: MLA1389166937, Title: Adaptador Conversor Playstation2 A Hdmi C/audio 1422b, Price: 7505
[2024-10-16T18:24:06.440+0000] {logging_mixin.py:190} INFO - Query executed
[2024-10-16T18:24:06.440+0000] {logging_mixin.py:190} INFO - Id: MLA1444880845, Title: Joystick Inalámbrico Dualsense Ps5 Sterling Silver, Price: 145999
[2024-10-16T18:24:06.777+0000] {logging_mixin.py:190} INFO - Query executed
[2024-10-16T18:24:06.778+0000] {logging_mixin.py:190} INFO - Id: MLA1363379415, Title: Consola Playstation 4 Ps4 Standard + God Of War Ragnarök, Price: 598499.37
[2024-10-16T18:24:07.113+0000] {logging_mixin.py:190} INFO - Query executed
[2024-10-16T18:24:07.114+0000] {logging_mixin.py:190} INFO - Id: MLA1409364971, Title: Auriculares Inalámbricos Jbl Tune  520bt Blanco, Price: 89999
[2024-10-16T18:24:07.443+0000] {logging_mixin.py:190} INFO - Query executed
[2024-10-16T18:24:07.443+0000] {logging_mixin.py:190} INFO - Id: MLA1902022692, Title: Consola Video Juegos Apevtech 16 Bit  Color Negro, Price: 67999
[2024-10-16T18:24:07.814+0000] {logging_mixin.py:190} INFO - Query executed
[2024-10-16T18:24:07.816+0000] {logging_mixin.py:190} INFO - Id: MLA1735248328, Title: Controle Sony Dualsense Ps5 Sem Fio - Starlight Blue Cfi-zct1j02 , Price: 174999
[2024-10-16T18:24:08.251+0000] {logging_mixin.py:190} INFO - Query executed
[2024-10-16T18:24:08.252+0000] {logging_mixin.py:190} INFO - Id: MLA1403544371, Title: Joystick Inalámbrico Haxly Claw Hx-gp9076 Negro, Price: 38159
[2024-10-16T18:24:08.589+0000] {logging_mixin.py:190} INFO - Query executed
[2024-10-16T18:24:08.595+0000] {logging_mixin.py:190} INFO - Id: MLA1440271167, Title: Joystick Para P4 Pc Control Preciso Y Estilo Personalizado Giroscopio Led Rgb Dehuka Modelo Hs-ps4290w Blanco, Price: 56999.05
[2024-10-16T18:24:08.924+0000] {logging_mixin.py:190} INFO - Query executed
[2024-10-16T18:24:08.924+0000] {logging_mixin.py:190} INFO - Id: MLA1433388441, Title: Nintendo Switch Oled 64gb Standard Color Blanco/negro, Price: 789999
[2024-10-16T18:24:09.267+0000] {logging_mixin.py:190} INFO - Query executed
[2024-10-16T18:24:09.269+0000] {logging_mixin.py:190} INFO - Id: MLA1876554140, Title: Volante Con Pedalera Profesional  Logitech G29 Playstation 5 / Playstation 4 / Pc, Price: 870198
[2024-10-16T18:24:09.599+0000] {logging_mixin.py:190} INFO - Query executed
[2024-10-16T18:24:09.607+0000] {logging_mixin.py:190} INFO - Id: MLA1848666858, Title: Memoria Micro Sd 128 Gb Hiksemi Con Adaptador Hs-tf-c1, Price: 11849
[2024-10-16T18:24:09.939+0000] {logging_mixin.py:190} INFO - Query executed
[2024-10-16T18:24:09.940+0000] {logging_mixin.py:190} INFO - Id: MLA1402640681, Title: Consola Para Cartuchos Sega 16 Bits + 2 Joysticks 6 Botones, Price: 47740
[2024-10-16T18:24:10.303+0000] {logging_mixin.py:190} INFO - Query executed
[2024-10-16T18:24:10.309+0000] {logging_mixin.py:190} INFO - Id: MLA1915925398, Title: Joystick Inalámbrico Para P4 Bluetooth Netmak P401 Negro, Price: 39899.05
[2024-10-16T18:24:10.683+0000] {logging_mixin.py:190} INFO - Query executed
[2024-10-16T18:24:10.690+0000] {logging_mixin.py:190} INFO - Id: MLA1876044426, Title: Auriculares In-ear Gamer Inalámbricos Tws  F9-5 Bth-f9-5 Negro Con Luz Led, Price: 12000
[2024-10-16T18:24:11.035+0000] {logging_mixin.py:190} INFO - Query executed
[2024-10-16T18:24:11.037+0000] {logging_mixin.py:190} INFO - Id: MLA1470966770, Title: Pop It Electronico Consola Juguete Push Quick Original Mixio, Price: 11249.25
[2024-10-16T18:24:11.375+0000] {logging_mixin.py:190} INFO - Query executed
[2024-10-16T18:24:11.376+0000] {logging_mixin.py:190} INFO - Id: MLA1854941032, Title: Joystick Inalámbrico Sony Playstation Dualsense Cfi-zct1w Nova Pink, Price: 169999
[2024-10-16T18:24:11.710+0000] {logging_mixin.py:190} INFO - Query executed
[2024-10-16T18:24:11.712+0000] {logging_mixin.py:190} INFO - Id: MLA1126675691, Title: Joystick Inalámbrico Noganet Ng-2go1 Negro, Price: 20677.5
[2024-10-16T18:24:12.043+0000] {logging_mixin.py:190} INFO - Query executed
[2024-10-16T18:24:12.215+0000] {logging_mixin.py:190} INFO - Results committed
[2024-10-16T18:24:12.251+0000] {python.py:240} INFO - Done. Returned value was: None
[2024-10-16T18:24:12.339+0000] {taskinstance.py:340} INFO - ::group::Post task execution logs
[2024-10-16T18:24:12.339+0000] {taskinstance.py:352} INFO - Marking task as SUCCESS. dag_id=insert_items, task_id=inserts.insert_items, run_id=manual__2024-10-16T18:23:45.493277+00:00, execution_date=20241016T182345, start_date=20241016T182350, end_date=20241016T182412
[2024-10-16T18:24:12.428+0000] {local_task_job_runner.py:266} INFO - Task exited with return code 0
[2024-10-16T18:24:12.459+0000] {taskinstance.py:3900} INFO - 0 downstream tasks scheduled from follow-on schedule check
[2024-10-16T18:24:12.460+0000] {local_task_job_runner.py:245} INFO - ::endgroup::
