[2024-10-21T02:08:14.351+0000] {local_task_job_runner.py:123} INFO - ::group::Pre task execution logs
[2024-10-21T02:08:14.365+0000] {taskinstance.py:2612} INFO - Dependencies all met for dep_context=non-requeueable deps ti=<TaskInstance: elt.extract_load_data.create_table_items manual__2024-10-21T02:08:12.018853+00:00 [queued]>
[2024-10-21T02:08:14.372+0000] {taskinstance.py:2612} INFO - Dependencies all met for dep_context=requeueable deps ti=<TaskInstance: elt.extract_load_data.create_table_items manual__2024-10-21T02:08:12.018853+00:00 [queued]>
[2024-10-21T02:08:14.372+0000] {taskinstance.py:2865} INFO - Starting attempt 1 of 2
[2024-10-21T02:08:14.381+0000] {taskinstance.py:2888} INFO - Executing <Task(PostgresOperator): extract_load_data.create_table_items> on 2024-10-21 02:08:12.018853+00:00
[2024-10-21T02:08:14.397+0000] {warnings.py:112} WARNING - /home/***/.local/lib/python3.12/site-packages/***/task/task_runner/standard_task_runner.py:70: DeprecationWarning: This process (pid=877) is multi-threaded, use of fork() may lead to deadlocks in the child.
  pid = os.fork()

[2024-10-21T02:08:14.403+0000] {standard_task_runner.py:72} INFO - Started process 881 to run task
[2024-10-21T02:08:14.419+0000] {standard_task_runner.py:104} INFO - Running: ['***', 'tasks', 'run', 'elt', 'extract_load_data.create_table_items', 'manual__2024-10-21T02:08:12.018853+00:00', '--job-id', '49', '--raw', '--subdir', 'DAGS_FOLDER/elt.py', '--cfg-path', '/tmp/tmpcpm95ast']
[2024-10-21T02:08:14.425+0000] {standard_task_runner.py:105} INFO - Job 49: Subtask extract_load_data.create_table_items
[2024-10-21T02:08:15.402+0000] {task_command.py:467} INFO - Running <TaskInstance: elt.extract_load_data.create_table_items manual__2024-10-21T02:08:12.018853+00:00 [running]> on host acebe3f59a66
[2024-10-21T02:08:15.514+0000] {taskinstance.py:3131} INFO - Exporting env vars: AIRFLOW_CTX_DAG_OWNER='mherszage' AIRFLOW_CTX_DAG_ID='elt' AIRFLOW_CTX_TASK_ID='extract_load_data.create_table_items' AIRFLOW_CTX_EXECUTION_DATE='2024-10-21T02:08:12.018853+00:00' AIRFLOW_CTX_TRY_NUMBER='1' AIRFLOW_CTX_DAG_RUN_ID='manual__2024-10-21T02:08:12.018853+00:00'
[2024-10-21T02:08:15.516+0000] {taskinstance.py:731} INFO - ::endgroup::
[2024-10-21T02:08:15.541+0000] {sql.py:266} INFO - Executing: CREATE TABLE IF NOT EXISTS "2024_melissa_herszage_schema".l1_items
(
    id    varchar(256),
    title varchar(256),
    created_at timestamp
);
[2024-10-21T02:08:15.551+0000] {base.py:84} INFO - Retrieving connection 'redshift_default'
[2024-10-21T02:08:16.007+0000] {base.py:84} INFO - Retrieving connection 'redshift_default'
[2024-10-21T02:08:18.127+0000] {sql.py:509} INFO - Running statement: CREATE TABLE IF NOT EXISTS "2024_melissa_herszage_schema".l1_items
(
    id    varchar(256),
    title varchar(256),
    created_at timestamp
);, parameters: None
[2024-10-21T02:08:19.657+0000] {taskinstance.py:340} INFO - ::group::Post task execution logs
[2024-10-21T02:08:19.696+0000] {taskinstance.py:352} INFO - Marking task as SUCCESS. dag_id=elt, task_id=extract_load_data.create_table_items, run_id=manual__2024-10-21T02:08:12.018853+00:00, execution_date=20241021T020812, start_date=20241021T020814, end_date=20241021T020819
[2024-10-21T02:08:20.079+0000] {local_task_job_runner.py:266} INFO - Task exited with return code 0
[2024-10-21T02:08:20.859+0000] {local_task_job_runner.py:245} INFO - ::endgroup::
