[2024-10-18T02:58:59.398+0000] {local_task_job_runner.py:123} INFO - ::group::Pre task execution logs
[2024-10-18T02:58:59.405+0000] {taskinstance.py:2612} INFO - Dependencies all met for dep_context=non-requeueable deps ti=<TaskInstance: insert_items.inserts.insert_prices scheduled__2024-10-17T02:35:00+00:00 [queued]>
[2024-10-18T02:58:59.409+0000] {taskinstance.py:2612} INFO - Dependencies all met for dep_context=requeueable deps ti=<TaskInstance: insert_items.inserts.insert_prices scheduled__2024-10-17T02:35:00+00:00 [queued]>
[2024-10-18T02:58:59.409+0000] {taskinstance.py:2865} INFO - Starting attempt 2 of 2
[2024-10-18T02:58:59.415+0000] {taskinstance.py:2888} INFO - Executing <Task(PythonOperator): inserts.insert_prices> on 2024-10-17 02:35:00+00:00
[2024-10-18T02:58:59.422+0000] {warnings.py:112} WARNING - /home/***/.local/lib/python3.12/site-packages/***/task/task_runner/standard_task_runner.py:70: DeprecationWarning: This process (pid=96) is multi-threaded, use of fork() may lead to deadlocks in the child.
  pid = os.fork()

[2024-10-18T02:58:59.424+0000] {standard_task_runner.py:72} INFO - Started process 98 to run task
[2024-10-18T02:58:59.423+0000] {standard_task_runner.py:104} INFO - Running: ['***', 'tasks', 'run', 'insert_items', 'inserts.insert_prices', 'scheduled__2024-10-17T02:35:00+00:00', '--job-id', '144', '--raw', '--subdir', 'DAGS_FOLDER/insert_items.py', '--cfg-path', '/tmp/tmph1q7z77w']
[2024-10-18T02:58:59.425+0000] {standard_task_runner.py:105} INFO - Job 144: Subtask inserts.insert_prices
[2024-10-18T02:58:59.471+0000] {task_command.py:467} INFO - Running <TaskInstance: insert_items.inserts.insert_prices scheduled__2024-10-17T02:35:00+00:00 [running]> on host a414d3516fe8
[2024-10-18T02:58:59.522+0000] {taskinstance.py:3131} INFO - Exporting env vars: AIRFLOW_CTX_DAG_OWNER='mherszage' AIRFLOW_CTX_DAG_ID='insert_items' AIRFLOW_CTX_TASK_ID='inserts.insert_prices' AIRFLOW_CTX_EXECUTION_DATE='2024-10-17T02:35:00+00:00' AIRFLOW_CTX_TRY_NUMBER='2' AIRFLOW_CTX_DAG_RUN_ID='scheduled__2024-10-17T02:35:00+00:00'
[2024-10-18T02:58:59.523+0000] {taskinstance.py:731} INFO - ::endgroup::
[2024-10-18T02:59:01.243+0000] {logging_mixin.py:190} INFO - 2024-10-18
[2024-10-18T02:59:01.247+0000] {python.py:240} INFO - Done. Returned value was: None
[2024-10-18T02:59:01.275+0000] {taskinstance.py:340} INFO - ::group::Post task execution logs
[2024-10-18T02:59:01.276+0000] {taskinstance.py:352} INFO - Marking task as SUCCESS. dag_id=insert_items, task_id=inserts.insert_prices, run_id=scheduled__2024-10-17T02:35:00+00:00, execution_date=20241017T023500, start_date=20241018T025859, end_date=20241018T025901
[2024-10-18T02:59:01.333+0000] {local_task_job_runner.py:266} INFO - Task exited with return code 0
[2024-10-18T02:59:01.353+0000] {taskinstance.py:3900} INFO - 0 downstream tasks scheduled from follow-on schedule check
[2024-10-18T02:59:01.354+0000] {local_task_job_runner.py:245} INFO - ::endgroup::
