[2024-10-16T15:05:25.771+0000] {local_task_job_runner.py:123} INFO - ::group::Pre task execution logs
[2024-10-16T15:05:30.243+0000] {taskinstance.py:2612} INFO - Dependencies all met for dep_context=non-requeueable deps ti=<TaskInstance: insert_items.inserts.insert_items scheduled__2024-10-16T14:35:00+00:00 [queued]>
[2024-10-16T15:05:30.662+0000] {taskinstance.py:2612} INFO - Dependencies all met for dep_context=requeueable deps ti=<TaskInstance: insert_items.inserts.insert_items scheduled__2024-10-16T14:35:00+00:00 [queued]>
[2024-10-16T15:05:30.846+0000] {taskinstance.py:2865} INFO - Starting attempt 1 of 2
[2024-10-16T15:05:30.939+0000] {taskinstance.py:2888} INFO - Executing <Task(PythonOperator): inserts.insert_items> on 2024-10-16 14:35:00+00:00
[2024-10-16T15:05:31.004+0000] {warnings.py:112} WARNING - /home/***/.local/lib/python3.12/site-packages/***/task/task_runner/standard_task_runner.py:70: DeprecationWarning: This process (pid=84) is multi-threaded, use of fork() may lead to deadlocks in the child.
  pid = os.fork()

[2024-10-16T15:05:31.008+0000] {standard_task_runner.py:72} INFO - Started process 95 to run task
[2024-10-16T15:05:31.012+0000] {standard_task_runner.py:104} INFO - Running: ['***', 'tasks', 'run', 'insert_items', 'inserts.insert_items', 'scheduled__2024-10-16T14:35:00+00:00', '--job-id', '20', '--raw', '--subdir', 'DAGS_FOLDER/insert_items.py', '--cfg-path', '/tmp/tmpkzlvqbcz']
[2024-10-16T15:05:31.044+0000] {standard_task_runner.py:105} INFO - Job 20: Subtask inserts.insert_items
[2024-10-16T15:05:31.501+0000] {task_command.py:467} INFO - Running <TaskInstance: insert_items.inserts.insert_items scheduled__2024-10-16T14:35:00+00:00 [running]> on host 659efab10198
[2024-10-16T15:05:31.966+0000] {taskinstance.py:3131} INFO - Exporting env vars: AIRFLOW_CTX_DAG_OWNER='mherszage' AIRFLOW_CTX_DAG_ID='insert_items' AIRFLOW_CTX_TASK_ID='inserts.insert_items' AIRFLOW_CTX_EXECUTION_DATE='2024-10-16T14:35:00+00:00' AIRFLOW_CTX_TRY_NUMBER='1' AIRFLOW_CTX_DAG_RUN_ID='scheduled__2024-10-16T14:35:00+00:00'
[2024-10-16T15:05:31.985+0000] {taskinstance.py:731} INFO - ::endgroup::
[2024-10-16T15:05:35.180+0000] {logging_mixin.py:190} INFO - Id: MLA1420542199, Title: Sony Playstation Dualsense Cfi-zct1w Joystick Inalámbrico Midnight Black, Price: 169999
[2024-10-16T15:05:35.717+0000] {logging_mixin.py:190} INFO - Query executed
[2024-10-16T15:05:35.721+0000] {logging_mixin.py:190} INFO - Id: MLA1513783534, Title: Consola Playstation Ps4 1tb God Of War Ragnarok Bundle, Price: 771999
[2024-10-16T15:05:36.055+0000] {logging_mixin.py:190} INFO - Query executed
[2024-10-16T15:05:36.058+0000] {logging_mixin.py:190} INFO - Id: MLA1455028687, Title: Gamepad Redragon Harrow Pro Wireless G808pro Joystick Pc Ps3 Color Negro, Price: 72569
[2024-10-16T15:05:36.158+0000] {job.py:229} INFO - Heartbeat recovered after 11.06 seconds
[2024-10-16T15:05:36.404+0000] {logging_mixin.py:190} INFO - Query executed
[2024-10-16T15:05:36.406+0000] {logging_mixin.py:190} INFO - Id: MLA1642598964, Title: Cable Tcon Carga Rapida Joystick Ps4 Usb Solucion Pin Carga, Price: 4001
[2024-10-16T15:05:36.738+0000] {logging_mixin.py:190} INFO - Query executed
[2024-10-16T15:05:36.743+0000] {logging_mixin.py:190} INFO - Id: MLA1425892217, Title: Sony Playstation 5 825gb Standard Color Blanco Y Negro, Price: 1374999
[2024-10-16T15:05:37.106+0000] {logging_mixin.py:190} INFO - Query executed
[2024-10-16T15:05:37.108+0000] {logging_mixin.py:190} INFO - Id: MLA1771013260, Title: Joystick Redragon Saturn G807 Negro, Price: 34288.98
[2024-10-16T15:05:37.448+0000] {logging_mixin.py:190} INFO - Query executed
[2024-10-16T15:05:37.449+0000] {logging_mixin.py:190} INFO - Id: MLA1417840319, Title: Auriculares Bluetooth In-ear F9-5 Negro Inalámbricos, Price: 14240.5
[2024-10-16T15:05:37.781+0000] {logging_mixin.py:190} INFO - Query executed
[2024-10-16T15:05:37.783+0000] {logging_mixin.py:190} INFO - Id: MLA1425634379, Title: Consola Sony Ps4 1tb + Juego God Of War Ragnarok, Price: 657999
[2024-10-16T15:05:38.135+0000] {logging_mixin.py:190} INFO - Query executed
[2024-10-16T15:05:38.136+0000] {logging_mixin.py:190} INFO - Id: MLA1771015420, Title: Joystick Inalámbrico Redragon Harrow G808 Negro, Price: 54608.51
[2024-10-16T15:05:38.469+0000] {logging_mixin.py:190} INFO - Query executed
[2024-10-16T15:05:38.472+0000] {logging_mixin.py:190} INFO - Id: MLA1452087571, Title: Control Inalámbrico Dualsense Para Ps5 Gray Camouflage, Price: 119999
[2024-10-16T15:05:38.816+0000] {logging_mixin.py:190} INFO - Query executed
[2024-10-16T15:05:38.817+0000] {logging_mixin.py:190} INFO - Id: MLA1438316301, Title: Consola Ps5 Slim Estándar + Juego Ratchet & Clank Y Returnal Color Blanco, Price: 1519999
[2024-10-16T15:05:39.174+0000] {logging_mixin.py:190} INFO - Query executed
[2024-10-16T15:05:39.178+0000] {logging_mixin.py:190} INFO - Id: MLA1923504016, Title: Auriculares Inalámbricos Jbl Tune 520bt Negro, Price: 106499
[2024-10-16T15:05:39.607+0000] {logging_mixin.py:190} INFO - Query executed
[2024-10-16T15:05:39.608+0000] {logging_mixin.py:190} INFO - Id: MLA1436556685, Title: Nintendo Switch Oled 64gb Standard  Color Neón, Price: 849999
[2024-10-16T15:05:39.942+0000] {logging_mixin.py:190} INFO - Query executed
[2024-10-16T15:05:39.943+0000] {logging_mixin.py:190} INFO - Id: MLA1363095617, Title: Joystick Gamer Inalámbrico Netmak 5en1 Pc Ps3 Ps4 Danger Color Negro, Price: 28199
[2024-10-16T15:05:40.275+0000] {logging_mixin.py:190} INFO - Query executed
[2024-10-16T15:05:40.276+0000] {logging_mixin.py:190} INFO - Id: MLA1443618427, Title: Joystick Inalámbrico Compatible Con Pc P3 Mando Color Negro, Price: 14710
[2024-10-16T15:05:40.604+0000] {logging_mixin.py:190} INFO - Query executed
[2024-10-16T15:05:40.607+0000] {logging_mixin.py:190} INFO - Id: MLA1452539243, Title: Nintendo Lite Switch Lite 32gb Standard  Color Coral 2019, Price: 327274.05
[2024-10-16T15:05:40.949+0000] {logging_mixin.py:190} INFO - Query executed
[2024-10-16T15:05:40.950+0000] {logging_mixin.py:190} INFO - Id: MLA1934620406, Title: Microsoft Xbox 360 Controller For Windows - Usb, Price: 31570
[2024-10-16T15:05:41.294+0000] {logging_mixin.py:190} INFO - Query executed
[2024-10-16T15:05:41.299+0000] {logging_mixin.py:190} INFO - Id: MLA1454525447, Title: Joystick Inalámbrico Sony Playstation Dualshock 4 Ps4 Jet Black, Price: 69999.3
[2024-10-16T15:05:41.631+0000] {logging_mixin.py:190} INFO - Query executed
[2024-10-16T15:05:41.632+0000] {logging_mixin.py:190} INFO - Id: MLA1422452531, Title: Consola Xbox Series S 512gb Digital Blanco, Price: 919999
[2024-10-16T15:05:41.961+0000] {logging_mixin.py:190} INFO - Query executed
[2024-10-16T15:05:41.964+0000] {logging_mixin.py:190} INFO - Id: MLA1420491095, Title: Joystick Inalámbrico Dualsense Ps5 Original Cosmic Red, Price: 169999
[2024-10-16T15:05:42.304+0000] {logging_mixin.py:190} INFO - Query executed
[2024-10-16T15:05:42.305+0000] {logging_mixin.py:190} INFO - Id: MLA1932107420, Title: Consola Brick Game 9999 In 1 Standard  Color Rojo 1980, Price: 5999
[2024-10-16T15:05:42.640+0000] {logging_mixin.py:190} INFO - Query executed
[2024-10-16T15:05:42.644+0000] {logging_mixin.py:190} INFO - Id: MLA934064691, Title: Joystick Redragon Saturn G807 Negro, Price: 26999
[2024-10-16T15:05:42.990+0000] {logging_mixin.py:190} INFO - Query executed
[2024-10-16T15:05:42.991+0000] {logging_mixin.py:190} INFO - Id: MLA1426112753, Title: Soporte Base Vertical Para Ps5 Slim Con Rejillas Ventilación, Price: 7139.44
[2024-10-16T15:05:43.343+0000] {logging_mixin.py:190} INFO - Query executed
[2024-10-16T15:05:43.345+0000] {logging_mixin.py:190} INFO - Id: MLA1439039201, Title: Joystick Pc Usb Gamepad Usb-208 Pc Notebook Color Negro, Price: 10499
[2024-10-16T15:05:43.702+0000] {logging_mixin.py:190} INFO - Query executed
[2024-10-16T15:05:43.708+0000] {logging_mixin.py:190} INFO - Id: MLA1422491335, Title: Sony Playstation 5 Slim 1tb Extra Dualsense Controller  Color Blanco 2023, Price: 1644999
[2024-10-16T15:05:44.055+0000] {logging_mixin.py:190} INFO - Query executed
[2024-10-16T15:05:44.058+0000] {logging_mixin.py:190} INFO - Id: MLA1824905578, Title: Kit 2 Microfonos Inalambricos Boya By-v20  2.4ghz Usb Tipo C Color Negro, Price: 135000
[2024-10-16T15:05:44.386+0000] {logging_mixin.py:190} INFO - Query executed
[2024-10-16T15:05:44.387+0000] {logging_mixin.py:190} INFO - Id: MLA1723436604, Title: Sony Playstation 5 825gb God Of War Ragnarok Bundle Color Blanco/negro, Price: 1374999
[2024-10-16T15:05:44.740+0000] {logging_mixin.py:190} INFO - Query executed
[2024-10-16T15:05:44.747+0000] {logging_mixin.py:190} INFO - Id: MLA1429767130, Title: Joystick Inalámbrico Para Xbox 360 Con Receptor Usb Y Bluetooth Compatible Con Ps3 Android Pc Seisa Njx312, Price: 34513.22
[2024-10-16T15:05:45.075+0000] {logging_mixin.py:190} INFO - Query executed
[2024-10-16T15:05:45.076+0000] {logging_mixin.py:190} INFO - Id: MLA1735236438, Title: Joystick Inalámbrico Dualsense Ps5 Original Galactic Purple, Price: 169999
[2024-10-16T15:05:45.459+0000] {logging_mixin.py:190} INFO - Query executed
[2024-10-16T15:05:45.459+0000] {logging_mixin.py:190} INFO - Id: MLA1918224392, Title: Consola Noga Dos Joystick Y Pistola Ng-fg01 8bit Color Negro, Price: 27999
[2024-10-16T15:05:45.819+0000] {logging_mixin.py:190} INFO - Query executed
[2024-10-16T15:05:45.824+0000] {logging_mixin.py:190} INFO - Id: MLA1440271167, Title: Joystick Para P4 Pc Control Preciso Y Estilo Personalizado Giroscopio Led Rgb Dehuka Modelo Hs-ps4290w Blanco, Price: 56999.05
[2024-10-16T15:05:46.172+0000] {logging_mixin.py:190} INFO - Query executed
[2024-10-16T15:05:46.176+0000] {logging_mixin.py:190} INFO - Id: MLA934055466, Title: Joystick Inalámbrico Redragon Harrow G808 Negro, Price: 42999
[2024-10-16T15:05:46.511+0000] {logging_mixin.py:190} INFO - Query executed
[2024-10-16T15:05:46.514+0000] {logging_mixin.py:190} INFO - Id: MLA1814734538, Title: Sony Playstation 5 Slim 1tb Standard  Color Blanco 2022, Price: 1499000
[2024-10-16T15:05:46.848+0000] {logging_mixin.py:190} INFO - Query executed
[2024-10-16T15:05:46.851+0000] {logging_mixin.py:190} INFO - Id: MLA1389166937, Title: Adaptador Conversor Playstation2 A Hdmi C/audio 1422b, Price: 7505
[2024-10-16T15:05:47.200+0000] {logging_mixin.py:190} INFO - Query executed
[2024-10-16T15:05:47.202+0000] {logging_mixin.py:190} INFO - Id: MLA1444880845, Title: Joystick Inalámbrico Dualsense Ps5 Sterling Silver, Price: 145999
[2024-10-16T15:05:47.554+0000] {logging_mixin.py:190} INFO - Query executed
[2024-10-16T15:05:47.555+0000] {logging_mixin.py:190} INFO - Id: MLA1422439293, Title: Microsoft Xbox Series X 1tb Ssd 120 Hz 4k Color Negro, Price: 1599457
[2024-10-16T15:05:47.901+0000] {logging_mixin.py:190} INFO - Query executed
[2024-10-16T15:05:47.906+0000] {logging_mixin.py:190} INFO - Id: MLA1409364971, Title: Auriculares Inalámbricos Jbl Tune  520bt Blanco, Price: 89999
[2024-10-16T15:05:48.239+0000] {logging_mixin.py:190} INFO - Query executed
[2024-10-16T15:05:48.248+0000] {logging_mixin.py:190} INFO - Id: MLA1363379415, Title: Consola Playstation 4 Ps4 Standard + God Of War Ragnarök, Price: 598499.37
[2024-10-16T15:05:48.592+0000] {logging_mixin.py:190} INFO - Query executed
[2024-10-16T15:05:48.594+0000] {logging_mixin.py:190} INFO - Id: MLA1735248328, Title: Controle Sony Dualsense Ps5 Sem Fio - Starlight Blue Cfi-zct1j02 , Price: 174999
[2024-10-16T15:05:48.925+0000] {logging_mixin.py:190} INFO - Query executed
[2024-10-16T15:05:48.927+0000] {logging_mixin.py:190} INFO - Id: MLA1403544371, Title: Joystick Inalámbrico Haxly Claw Hx-gp9076 Negro, Price: 38159
[2024-10-16T15:05:49.293+0000] {logging_mixin.py:190} INFO - Query executed
[2024-10-16T15:05:49.298+0000] {logging_mixin.py:190} INFO - Id: MLA1933005728, Title: Joystick Inalámbrico Compatible Con Ps4 Negro, Price: 29000
[2024-10-16T15:05:49.686+0000] {logging_mixin.py:190} INFO - Query executed
[2024-10-16T15:05:49.687+0000] {logging_mixin.py:190} INFO - Id: MLA1902022692, Title: Consola Video Juegos Apevtech 16 Bit  Color Negro, Price: 67999
[2024-10-16T15:05:50.013+0000] {logging_mixin.py:190} INFO - Query executed
[2024-10-16T15:05:50.015+0000] {logging_mixin.py:190} INFO - Id: MLA1876554140, Title: Volante Con Pedalera Profesional  Logitech G29 Playstation 5 / Playstation 4 / Pc, Price: 870198
[2024-10-16T15:05:50.355+0000] {logging_mixin.py:190} INFO - Query executed
[2024-10-16T15:05:50.358+0000] {logging_mixin.py:190} INFO - Id: MLA1896057314, Title: Tarjeta De Memoria Imou Microsd Sdhc S1 C10 Interior 64gb, Price: 7119
[2024-10-16T15:05:50.691+0000] {logging_mixin.py:190} INFO - Query executed
[2024-10-16T15:05:50.693+0000] {logging_mixin.py:190} INFO - Id: MLA1433388441, Title: Nintendo Switch Oled 64gb Standard Color Blanco/negro, Price: 789999
[2024-10-16T15:05:51.036+0000] {logging_mixin.py:190} INFO - Query executed
[2024-10-16T15:05:51.039+0000] {logging_mixin.py:190} INFO - Id: MLA1915925398, Title: Joystick Inalámbrico Para P4 Bluetooth Netmak P401 Negro, Price: 39899.05
[2024-10-16T15:05:51.377+0000] {logging_mixin.py:190} INFO - Query executed
[2024-10-16T15:05:51.381+0000] {logging_mixin.py:190} INFO - Id: MLA1848666858, Title: Memoria Micro Sd 128 Gb Hiksemi Con Adaptador Hs-tf-c1, Price: 11849
[2024-10-16T15:05:51.732+0000] {logging_mixin.py:190} INFO - Query executed
[2024-10-16T15:05:51.735+0000] {logging_mixin.py:190} INFO - Id: MLA1402640681, Title: Consola Para Cartuchos Sega 16 Bits + 2 Joysticks 6 Botones, Price: 47740
[2024-10-16T15:05:52.062+0000] {logging_mixin.py:190} INFO - Query executed
[2024-10-16T15:05:52.063+0000] {logging_mixin.py:190} INFO - Id: MLA1854941032, Title: Joystick Inalámbrico Sony Playstation Dualsense Cfi-zct1w Nova Pink, Price: 169999
[2024-10-16T15:05:52.385+0000] {logging_mixin.py:190} INFO - Query executed
[2024-10-16T15:05:52.386+0000] {logging_mixin.py:190} INFO - Id: MLA1126675691, Title: Joystick Inalámbrico Noganet Ng-2go1 Negro, Price: 20677.5
[2024-10-16T15:05:52.725+0000] {logging_mixin.py:190} INFO - Query executed
[2024-10-16T15:05:52.893+0000] {logging_mixin.py:190} INFO - Results committed
[2024-10-16T15:05:52.935+0000] {python.py:240} INFO - Done. Returned value was: None
[2024-10-16T15:05:53.051+0000] {taskinstance.py:340} INFO - ::group::Post task execution logs
[2024-10-16T15:05:53.055+0000] {taskinstance.py:352} INFO - Marking task as SUCCESS. dag_id=insert_items, task_id=inserts.insert_items, run_id=scheduled__2024-10-16T14:35:00+00:00, execution_date=20241016T143500, start_date=20241016T150530, end_date=20241016T150553
[2024-10-16T15:05:53.172+0000] {local_task_job_runner.py:266} INFO - Task exited with return code 0
[2024-10-16T15:05:53.234+0000] {taskinstance.py:3900} INFO - 0 downstream tasks scheduled from follow-on schedule check
[2024-10-16T15:05:53.236+0000] {local_task_job_runner.py:245} INFO - ::endgroup::
