[2024-10-20T05:41:02.804+0000] {processor.py:186} INFO - Started process (PID=1277) to work on /opt/airflow/dags/python_files/lib/sql_folder.py
[2024-10-20T05:41:02.806+0000] {processor.py:914} INFO - Processing file /opt/airflow/dags/python_files/lib/sql_folder.py for tasks to queue
[2024-10-20T05:41:02.809+0000] {logging_mixin.py:190} INFO - [2024-10-20T05:41:02.808+0000] {dagbag.py:588} INFO - Filling up the DagBag from /opt/airflow/dags/python_files/lib/sql_folder.py
[2024-10-20T05:41:02.816+0000] {processor.py:927} WARNING - No viable dags retrieved from /opt/airflow/dags/python_files/lib/sql_folder.py
[2024-10-20T05:41:02.852+0000] {processor.py:208} INFO - Processing /opt/airflow/dags/python_files/lib/sql_folder.py took 0.065 seconds
[2024-10-20T05:41:33.403+0000] {processor.py:186} INFO - Started process (PID=1286) to work on /opt/airflow/dags/python_files/lib/sql_folder.py
[2024-10-20T05:41:33.407+0000] {processor.py:914} INFO - Processing file /opt/airflow/dags/python_files/lib/sql_folder.py for tasks to queue
[2024-10-20T05:41:33.410+0000] {logging_mixin.py:190} INFO - [2024-10-20T05:41:33.409+0000] {dagbag.py:588} INFO - Filling up the DagBag from /opt/airflow/dags/python_files/lib/sql_folder.py
[2024-10-20T05:41:33.417+0000] {processor.py:927} WARNING - No viable dags retrieved from /opt/airflow/dags/python_files/lib/sql_folder.py
[2024-10-20T05:41:33.472+0000] {processor.py:208} INFO - Processing /opt/airflow/dags/python_files/lib/sql_folder.py took 0.093 seconds
[2024-10-20T05:42:04.541+0000] {processor.py:186} INFO - Started process (PID=1295) to work on /opt/airflow/dags/python_files/lib/sql_folder.py
[2024-10-20T05:42:04.551+0000] {processor.py:914} INFO - Processing file /opt/airflow/dags/python_files/lib/sql_folder.py for tasks to queue
[2024-10-20T05:42:04.569+0000] {logging_mixin.py:190} INFO - [2024-10-20T05:42:04.567+0000] {dagbag.py:588} INFO - Filling up the DagBag from /opt/airflow/dags/python_files/lib/sql_folder.py
[2024-10-20T05:42:04.580+0000] {processor.py:927} WARNING - No viable dags retrieved from /opt/airflow/dags/python_files/lib/sql_folder.py
[2024-10-20T05:42:04.637+0000] {processor.py:208} INFO - Processing /opt/airflow/dags/python_files/lib/sql_folder.py took 0.121 seconds
[2024-10-20T05:42:35.166+0000] {processor.py:186} INFO - Started process (PID=1304) to work on /opt/airflow/dags/python_files/lib/sql_folder.py
[2024-10-20T05:42:35.168+0000] {processor.py:914} INFO - Processing file /opt/airflow/dags/python_files/lib/sql_folder.py for tasks to queue
[2024-10-20T05:42:35.170+0000] {logging_mixin.py:190} INFO - [2024-10-20T05:42:35.169+0000] {dagbag.py:588} INFO - Filling up the DagBag from /opt/airflow/dags/python_files/lib/sql_folder.py
[2024-10-20T05:42:35.176+0000] {processor.py:927} WARNING - No viable dags retrieved from /opt/airflow/dags/python_files/lib/sql_folder.py
[2024-10-20T05:42:35.201+0000] {processor.py:208} INFO - Processing /opt/airflow/dags/python_files/lib/sql_folder.py took 0.048 seconds
[2024-10-20T05:42:38.350+0000] {processor.py:186} INFO - Started process (PID=1305) to work on /opt/airflow/dags/python_files/lib/sql_folder.py
[2024-10-20T05:42:38.352+0000] {processor.py:914} INFO - Processing file /opt/airflow/dags/python_files/lib/sql_folder.py for tasks to queue
[2024-10-20T05:42:38.355+0000] {logging_mixin.py:190} INFO - [2024-10-20T05:42:38.354+0000] {dagbag.py:588} INFO - Filling up the DagBag from /opt/airflow/dags/python_files/lib/sql_folder.py
[2024-10-20T05:42:38.362+0000] {processor.py:927} WARNING - No viable dags retrieved from /opt/airflow/dags/python_files/lib/sql_folder.py
[2024-10-20T05:42:38.387+0000] {processor.py:208} INFO - Processing /opt/airflow/dags/python_files/lib/sql_folder.py took 0.065 seconds
[2024-10-20T05:43:07.648+0000] {processor.py:186} INFO - Started process (PID=1314) to work on /opt/airflow/dags/python_files/lib/sql_folder.py
[2024-10-20T05:43:07.651+0000] {processor.py:914} INFO - Processing file /opt/airflow/dags/python_files/lib/sql_folder.py for tasks to queue
[2024-10-20T05:43:07.653+0000] {logging_mixin.py:190} INFO - [2024-10-20T05:43:07.652+0000] {dagbag.py:588} INFO - Filling up the DagBag from /opt/airflow/dags/python_files/lib/sql_folder.py
[2024-10-20T05:43:07.661+0000] {processor.py:927} WARNING - No viable dags retrieved from /opt/airflow/dags/python_files/lib/sql_folder.py
[2024-10-20T05:43:07.701+0000] {processor.py:208} INFO - Processing /opt/airflow/dags/python_files/lib/sql_folder.py took 0.066 seconds
[2024-10-20T05:43:37.948+0000] {processor.py:186} INFO - Started process (PID=1323) to work on /opt/airflow/dags/python_files/lib/sql_folder.py
[2024-10-20T05:43:37.950+0000] {processor.py:914} INFO - Processing file /opt/airflow/dags/python_files/lib/sql_folder.py for tasks to queue
[2024-10-20T05:43:37.953+0000] {logging_mixin.py:190} INFO - [2024-10-20T05:43:37.952+0000] {dagbag.py:588} INFO - Filling up the DagBag from /opt/airflow/dags/python_files/lib/sql_folder.py
[2024-10-20T05:43:37.959+0000] {processor.py:927} WARNING - No viable dags retrieved from /opt/airflow/dags/python_files/lib/sql_folder.py
[2024-10-20T05:43:38.011+0000] {processor.py:208} INFO - Processing /opt/airflow/dags/python_files/lib/sql_folder.py took 0.085 seconds
[2024-10-20T05:44:08.614+0000] {processor.py:186} INFO - Started process (PID=1336) to work on /opt/airflow/dags/python_files/lib/sql_folder.py
[2024-10-20T05:44:08.619+0000] {processor.py:914} INFO - Processing file /opt/airflow/dags/python_files/lib/sql_folder.py for tasks to queue
[2024-10-20T05:44:08.635+0000] {logging_mixin.py:190} INFO - [2024-10-20T05:44:08.630+0000] {dagbag.py:588} INFO - Filling up the DagBag from /opt/airflow/dags/python_files/lib/sql_folder.py
[2024-10-20T05:44:08.717+0000] {processor.py:927} WARNING - No viable dags retrieved from /opt/airflow/dags/python_files/lib/sql_folder.py
[2024-10-20T05:44:09.058+0000] {processor.py:208} INFO - Processing /opt/airflow/dags/python_files/lib/sql_folder.py took 0.519 seconds
[2024-10-20T05:44:40.061+0000] {processor.py:186} INFO - Started process (PID=1345) to work on /opt/airflow/dags/python_files/lib/sql_folder.py
[2024-10-20T05:44:40.064+0000] {processor.py:914} INFO - Processing file /opt/airflow/dags/python_files/lib/sql_folder.py for tasks to queue
[2024-10-20T05:44:40.069+0000] {logging_mixin.py:190} INFO - [2024-10-20T05:44:40.067+0000] {dagbag.py:588} INFO - Filling up the DagBag from /opt/airflow/dags/python_files/lib/sql_folder.py
[2024-10-20T05:44:40.083+0000] {processor.py:927} WARNING - No viable dags retrieved from /opt/airflow/dags/python_files/lib/sql_folder.py
[2024-10-20T05:44:40.107+0000] {processor.py:208} INFO - Processing /opt/airflow/dags/python_files/lib/sql_folder.py took 0.084 seconds
[2024-10-20T05:45:11.656+0000] {processor.py:186} INFO - Started process (PID=1354) to work on /opt/airflow/dags/python_files/lib/sql_folder.py
[2024-10-20T05:45:11.713+0000] {processor.py:914} INFO - Processing file /opt/airflow/dags/python_files/lib/sql_folder.py for tasks to queue
[2024-10-20T05:45:11.838+0000] {logging_mixin.py:190} INFO - [2024-10-20T05:45:11.799+0000] {dagbag.py:588} INFO - Filling up the DagBag from /opt/airflow/dags/python_files/lib/sql_folder.py
[2024-10-20T05:45:12.320+0000] {processor.py:927} WARNING - No viable dags retrieved from /opt/airflow/dags/python_files/lib/sql_folder.py
[2024-10-20T05:45:13.353+0000] {processor.py:208} INFO - Processing /opt/airflow/dags/python_files/lib/sql_folder.py took 2.544 seconds
[2024-10-20T05:45:43.968+0000] {processor.py:186} INFO - Started process (PID=1363) to work on /opt/airflow/dags/python_files/lib/sql_folder.py
[2024-10-20T05:45:43.970+0000] {processor.py:914} INFO - Processing file /opt/airflow/dags/python_files/lib/sql_folder.py for tasks to queue
[2024-10-20T05:45:43.975+0000] {logging_mixin.py:190} INFO - [2024-10-20T05:45:43.972+0000] {dagbag.py:588} INFO - Filling up the DagBag from /opt/airflow/dags/python_files/lib/sql_folder.py
[2024-10-20T05:45:43.988+0000] {processor.py:927} WARNING - No viable dags retrieved from /opt/airflow/dags/python_files/lib/sql_folder.py
[2024-10-20T05:45:44.026+0000] {processor.py:208} INFO - Processing /opt/airflow/dags/python_files/lib/sql_folder.py took 0.073 seconds
[2024-10-20T05:46:14.904+0000] {processor.py:186} INFO - Started process (PID=1372) to work on /opt/airflow/dags/python_files/lib/sql_folder.py
[2024-10-20T05:46:14.907+0000] {processor.py:914} INFO - Processing file /opt/airflow/dags/python_files/lib/sql_folder.py for tasks to queue
[2024-10-20T05:46:14.911+0000] {logging_mixin.py:190} INFO - [2024-10-20T05:46:14.909+0000] {dagbag.py:588} INFO - Filling up the DagBag from /opt/airflow/dags/python_files/lib/sql_folder.py
[2024-10-20T05:46:14.929+0000] {processor.py:927} WARNING - No viable dags retrieved from /opt/airflow/dags/python_files/lib/sql_folder.py
[2024-10-20T05:46:14.961+0000] {processor.py:208} INFO - Processing /opt/airflow/dags/python_files/lib/sql_folder.py took 0.089 seconds
[2024-10-20T05:46:34.160+0000] {processor.py:186} INFO - Started process (PID=1381) to work on /opt/airflow/dags/python_files/lib/sql_folder.py
[2024-10-20T05:46:34.162+0000] {processor.py:914} INFO - Processing file /opt/airflow/dags/python_files/lib/sql_folder.py for tasks to queue
[2024-10-20T05:46:34.164+0000] {logging_mixin.py:190} INFO - [2024-10-20T05:46:34.164+0000] {dagbag.py:588} INFO - Filling up the DagBag from /opt/airflow/dags/python_files/lib/sql_folder.py
[2024-10-20T05:46:34.171+0000] {processor.py:927} WARNING - No viable dags retrieved from /opt/airflow/dags/python_files/lib/sql_folder.py
[2024-10-20T05:46:34.226+0000] {processor.py:208} INFO - Processing /opt/airflow/dags/python_files/lib/sql_folder.py took 0.079 seconds
[2024-10-20T05:47:05.209+0000] {processor.py:186} INFO - Started process (PID=1394) to work on /opt/airflow/dags/python_files/lib/sql_folder.py
[2024-10-20T05:47:05.217+0000] {processor.py:914} INFO - Processing file /opt/airflow/dags/python_files/lib/sql_folder.py for tasks to queue
[2024-10-20T05:47:05.232+0000] {logging_mixin.py:190} INFO - [2024-10-20T05:47:05.224+0000] {dagbag.py:588} INFO - Filling up the DagBag from /opt/airflow/dags/python_files/lib/sql_folder.py
[2024-10-20T05:47:05.313+0000] {processor.py:927} WARNING - No viable dags retrieved from /opt/airflow/dags/python_files/lib/sql_folder.py
[2024-10-20T05:47:12.892+0000] {processor.py:208} INFO - Processing /opt/airflow/dags/python_files/lib/sql_folder.py took 7.738 seconds
[2024-10-20T05:47:43.256+0000] {processor.py:186} INFO - Started process (PID=1403) to work on /opt/airflow/dags/python_files/lib/sql_folder.py
[2024-10-20T05:47:43.258+0000] {processor.py:914} INFO - Processing file /opt/airflow/dags/python_files/lib/sql_folder.py for tasks to queue
[2024-10-20T05:47:43.260+0000] {logging_mixin.py:190} INFO - [2024-10-20T05:47:43.259+0000] {dagbag.py:588} INFO - Filling up the DagBag from /opt/airflow/dags/python_files/lib/sql_folder.py
[2024-10-20T05:47:43.267+0000] {processor.py:927} WARNING - No viable dags retrieved from /opt/airflow/dags/python_files/lib/sql_folder.py
[2024-10-20T05:47:43.288+0000] {processor.py:208} INFO - Processing /opt/airflow/dags/python_files/lib/sql_folder.py took 0.056 seconds
[2024-10-20T05:48:13.510+0000] {processor.py:186} INFO - Started process (PID=1412) to work on /opt/airflow/dags/python_files/lib/sql_folder.py
[2024-10-20T05:48:13.514+0000] {processor.py:914} INFO - Processing file /opt/airflow/dags/python_files/lib/sql_folder.py for tasks to queue
[2024-10-20T05:48:13.527+0000] {logging_mixin.py:190} INFO - [2024-10-20T05:48:13.525+0000] {dagbag.py:588} INFO - Filling up the DagBag from /opt/airflow/dags/python_files/lib/sql_folder.py
[2024-10-20T05:48:13.546+0000] {processor.py:927} WARNING - No viable dags retrieved from /opt/airflow/dags/python_files/lib/sql_folder.py
[2024-10-20T05:48:13.588+0000] {processor.py:208} INFO - Processing /opt/airflow/dags/python_files/lib/sql_folder.py took 0.094 seconds
[2024-10-20T05:48:44.596+0000] {processor.py:186} INFO - Started process (PID=1421) to work on /opt/airflow/dags/python_files/lib/sql_folder.py
[2024-10-20T05:48:44.598+0000] {processor.py:914} INFO - Processing file /opt/airflow/dags/python_files/lib/sql_folder.py for tasks to queue
[2024-10-20T05:48:44.606+0000] {logging_mixin.py:190} INFO - [2024-10-20T05:48:44.604+0000] {dagbag.py:588} INFO - Filling up the DagBag from /opt/airflow/dags/python_files/lib/sql_folder.py
[2024-10-20T05:48:44.630+0000] {processor.py:927} WARNING - No viable dags retrieved from /opt/airflow/dags/python_files/lib/sql_folder.py
[2024-10-20T05:48:44.695+0000] {processor.py:208} INFO - Processing /opt/airflow/dags/python_files/lib/sql_folder.py took 0.163 seconds
[2024-10-20T05:49:15.258+0000] {processor.py:186} INFO - Started process (PID=1430) to work on /opt/airflow/dags/python_files/lib/sql_folder.py
[2024-10-20T05:49:15.260+0000] {processor.py:914} INFO - Processing file /opt/airflow/dags/python_files/lib/sql_folder.py for tasks to queue
[2024-10-20T05:49:15.265+0000] {logging_mixin.py:190} INFO - [2024-10-20T05:49:15.263+0000] {dagbag.py:588} INFO - Filling up the DagBag from /opt/airflow/dags/python_files/lib/sql_folder.py
[2024-10-20T05:49:15.278+0000] {processor.py:927} WARNING - No viable dags retrieved from /opt/airflow/dags/python_files/lib/sql_folder.py
[2024-10-20T05:49:15.336+0000] {processor.py:208} INFO - Processing /opt/airflow/dags/python_files/lib/sql_folder.py took 0.119 seconds
[2024-10-20T05:49:45.851+0000] {processor.py:186} INFO - Started process (PID=1439) to work on /opt/airflow/dags/python_files/lib/sql_folder.py
[2024-10-20T05:49:45.852+0000] {processor.py:914} INFO - Processing file /opt/airflow/dags/python_files/lib/sql_folder.py for tasks to queue
[2024-10-20T05:49:45.855+0000] {logging_mixin.py:190} INFO - [2024-10-20T05:49:45.853+0000] {dagbag.py:588} INFO - Filling up the DagBag from /opt/airflow/dags/python_files/lib/sql_folder.py
[2024-10-20T05:49:45.861+0000] {processor.py:927} WARNING - No viable dags retrieved from /opt/airflow/dags/python_files/lib/sql_folder.py
[2024-10-20T05:49:45.885+0000] {processor.py:208} INFO - Processing /opt/airflow/dags/python_files/lib/sql_folder.py took 0.061 seconds
[2024-10-20T05:50:16.730+0000] {processor.py:186} INFO - Started process (PID=1448) to work on /opt/airflow/dags/python_files/lib/sql_folder.py
[2024-10-20T05:50:16.746+0000] {processor.py:914} INFO - Processing file /opt/airflow/dags/python_files/lib/sql_folder.py for tasks to queue
[2024-10-20T05:50:16.775+0000] {logging_mixin.py:190} INFO - [2024-10-20T05:50:16.763+0000] {dagbag.py:588} INFO - Filling up the DagBag from /opt/airflow/dags/python_files/lib/sql_folder.py
[2024-10-20T05:50:16.858+0000] {processor.py:927} WARNING - No viable dags retrieved from /opt/airflow/dags/python_files/lib/sql_folder.py
[2024-10-20T05:50:17.132+0000] {processor.py:208} INFO - Processing /opt/airflow/dags/python_files/lib/sql_folder.py took 0.476 seconds
[2024-10-20T05:50:48.091+0000] {processor.py:186} INFO - Started process (PID=1462) to work on /opt/airflow/dags/python_files/lib/sql_folder.py
[2024-10-20T05:50:48.099+0000] {processor.py:914} INFO - Processing file /opt/airflow/dags/python_files/lib/sql_folder.py for tasks to queue
[2024-10-20T05:50:48.110+0000] {logging_mixin.py:190} INFO - [2024-10-20T05:50:48.109+0000] {dagbag.py:588} INFO - Filling up the DagBag from /opt/airflow/dags/python_files/lib/sql_folder.py
[2024-10-20T05:50:48.122+0000] {processor.py:927} WARNING - No viable dags retrieved from /opt/airflow/dags/python_files/lib/sql_folder.py
[2024-10-20T05:50:48.309+0000] {processor.py:208} INFO - Processing /opt/airflow/dags/python_files/lib/sql_folder.py took 0.236 seconds
[2024-10-20T05:51:18.535+0000] {processor.py:186} INFO - Started process (PID=1471) to work on /opt/airflow/dags/python_files/lib/sql_folder.py
[2024-10-20T05:51:18.537+0000] {processor.py:914} INFO - Processing file /opt/airflow/dags/python_files/lib/sql_folder.py for tasks to queue
[2024-10-20T05:51:18.539+0000] {logging_mixin.py:190} INFO - [2024-10-20T05:51:18.538+0000] {dagbag.py:588} INFO - Filling up the DagBag from /opt/airflow/dags/python_files/lib/sql_folder.py
[2024-10-20T05:51:18.543+0000] {processor.py:927} WARNING - No viable dags retrieved from /opt/airflow/dags/python_files/lib/sql_folder.py
[2024-10-20T05:51:18.574+0000] {processor.py:208} INFO - Processing /opt/airflow/dags/python_files/lib/sql_folder.py took 0.054 seconds
[2024-10-20T05:51:48.875+0000] {processor.py:186} INFO - Started process (PID=1480) to work on /opt/airflow/dags/python_files/lib/sql_folder.py
[2024-10-20T05:51:48.877+0000] {processor.py:914} INFO - Processing file /opt/airflow/dags/python_files/lib/sql_folder.py for tasks to queue
[2024-10-20T05:51:48.880+0000] {logging_mixin.py:190} INFO - [2024-10-20T05:51:48.879+0000] {dagbag.py:588} INFO - Filling up the DagBag from /opt/airflow/dags/python_files/lib/sql_folder.py
[2024-10-20T05:51:48.886+0000] {processor.py:927} WARNING - No viable dags retrieved from /opt/airflow/dags/python_files/lib/sql_folder.py
[2024-10-20T05:51:48.926+0000] {processor.py:208} INFO - Processing /opt/airflow/dags/python_files/lib/sql_folder.py took 0.063 seconds
[2024-10-20T05:52:19.603+0000] {processor.py:186} INFO - Started process (PID=1489) to work on /opt/airflow/dags/python_files/lib/sql_folder.py
[2024-10-20T05:52:19.604+0000] {processor.py:914} INFO - Processing file /opt/airflow/dags/python_files/lib/sql_folder.py for tasks to queue
[2024-10-20T05:52:19.608+0000] {logging_mixin.py:190} INFO - [2024-10-20T05:52:19.606+0000] {dagbag.py:588} INFO - Filling up the DagBag from /opt/airflow/dags/python_files/lib/sql_folder.py
[2024-10-20T05:52:19.612+0000] {processor.py:927} WARNING - No viable dags retrieved from /opt/airflow/dags/python_files/lib/sql_folder.py
[2024-10-20T05:52:19.631+0000] {processor.py:208} INFO - Processing /opt/airflow/dags/python_files/lib/sql_folder.py took 0.051 seconds
[2024-10-20T05:52:49.993+0000] {processor.py:186} INFO - Started process (PID=1498) to work on /opt/airflow/dags/python_files/lib/sql_folder.py
[2024-10-20T05:52:49.995+0000] {processor.py:914} INFO - Processing file /opt/airflow/dags/python_files/lib/sql_folder.py for tasks to queue
[2024-10-20T05:52:49.997+0000] {logging_mixin.py:190} INFO - [2024-10-20T05:52:49.996+0000] {dagbag.py:588} INFO - Filling up the DagBag from /opt/airflow/dags/python_files/lib/sql_folder.py
[2024-10-20T05:52:50.004+0000] {processor.py:927} WARNING - No viable dags retrieved from /opt/airflow/dags/python_files/lib/sql_folder.py
[2024-10-20T05:52:50.020+0000] {processor.py:208} INFO - Processing /opt/airflow/dags/python_files/lib/sql_folder.py took 0.061 seconds
[2024-10-20T05:53:20.521+0000] {processor.py:186} INFO - Started process (PID=1507) to work on /opt/airflow/dags/python_files/lib/sql_folder.py
[2024-10-20T05:53:20.525+0000] {processor.py:914} INFO - Processing file /opt/airflow/dags/python_files/lib/sql_folder.py for tasks to queue
[2024-10-20T05:53:20.526+0000] {logging_mixin.py:190} INFO - [2024-10-20T05:53:20.526+0000] {dagbag.py:588} INFO - Filling up the DagBag from /opt/airflow/dags/python_files/lib/sql_folder.py
[2024-10-20T05:53:20.531+0000] {processor.py:927} WARNING - No viable dags retrieved from /opt/airflow/dags/python_files/lib/sql_folder.py
[2024-10-20T05:53:20.548+0000] {processor.py:208} INFO - Processing /opt/airflow/dags/python_files/lib/sql_folder.py took 0.070 seconds
[2024-10-20T05:53:50.977+0000] {processor.py:186} INFO - Started process (PID=1516) to work on /opt/airflow/dags/python_files/lib/sql_folder.py
[2024-10-20T05:53:50.980+0000] {processor.py:914} INFO - Processing file /opt/airflow/dags/python_files/lib/sql_folder.py for tasks to queue
[2024-10-20T05:53:50.981+0000] {logging_mixin.py:190} INFO - [2024-10-20T05:53:50.981+0000] {dagbag.py:588} INFO - Filling up the DagBag from /opt/airflow/dags/python_files/lib/sql_folder.py
[2024-10-20T05:53:50.985+0000] {processor.py:927} WARNING - No viable dags retrieved from /opt/airflow/dags/python_files/lib/sql_folder.py
[2024-10-20T05:53:51.002+0000] {processor.py:208} INFO - Processing /opt/airflow/dags/python_files/lib/sql_folder.py took 0.040 seconds
[2024-10-20T05:54:21.756+0000] {processor.py:186} INFO - Started process (PID=1525) to work on /opt/airflow/dags/python_files/lib/sql_folder.py
[2024-10-20T05:54:21.757+0000] {processor.py:914} INFO - Processing file /opt/airflow/dags/python_files/lib/sql_folder.py for tasks to queue
[2024-10-20T05:54:21.761+0000] {logging_mixin.py:190} INFO - [2024-10-20T05:54:21.760+0000] {dagbag.py:588} INFO - Filling up the DagBag from /opt/airflow/dags/python_files/lib/sql_folder.py
[2024-10-20T05:54:21.778+0000] {processor.py:927} WARNING - No viable dags retrieved from /opt/airflow/dags/python_files/lib/sql_folder.py
[2024-10-20T05:54:21.805+0000] {processor.py:208} INFO - Processing /opt/airflow/dags/python_files/lib/sql_folder.py took 0.060 seconds
[2024-10-20T05:54:52.520+0000] {processor.py:186} INFO - Started process (PID=1534) to work on /opt/airflow/dags/python_files/lib/sql_folder.py
[2024-10-20T05:54:52.523+0000] {processor.py:914} INFO - Processing file /opt/airflow/dags/python_files/lib/sql_folder.py for tasks to queue
[2024-10-20T05:54:52.525+0000] {logging_mixin.py:190} INFO - [2024-10-20T05:54:52.524+0000] {dagbag.py:588} INFO - Filling up the DagBag from /opt/airflow/dags/python_files/lib/sql_folder.py
[2024-10-20T05:54:52.529+0000] {processor.py:927} WARNING - No viable dags retrieved from /opt/airflow/dags/python_files/lib/sql_folder.py
[2024-10-20T05:54:52.545+0000] {processor.py:208} INFO - Processing /opt/airflow/dags/python_files/lib/sql_folder.py took 0.044 seconds
[2024-10-20T05:55:23.474+0000] {processor.py:186} INFO - Started process (PID=1543) to work on /opt/airflow/dags/python_files/lib/sql_folder.py
[2024-10-20T05:55:23.476+0000] {processor.py:914} INFO - Processing file /opt/airflow/dags/python_files/lib/sql_folder.py for tasks to queue
[2024-10-20T05:55:23.478+0000] {logging_mixin.py:190} INFO - [2024-10-20T05:55:23.478+0000] {dagbag.py:588} INFO - Filling up the DagBag from /opt/airflow/dags/python_files/lib/sql_folder.py
[2024-10-20T05:55:23.485+0000] {processor.py:927} WARNING - No viable dags retrieved from /opt/airflow/dags/python_files/lib/sql_folder.py
[2024-10-20T05:55:23.550+0000] {processor.py:208} INFO - Processing /opt/airflow/dags/python_files/lib/sql_folder.py took 0.114 seconds
[2024-10-20T05:55:53.964+0000] {processor.py:186} INFO - Started process (PID=1552) to work on /opt/airflow/dags/python_files/lib/sql_folder.py
[2024-10-20T05:55:53.971+0000] {processor.py:914} INFO - Processing file /opt/airflow/dags/python_files/lib/sql_folder.py for tasks to queue
[2024-10-20T05:55:53.974+0000] {logging_mixin.py:190} INFO - [2024-10-20T05:55:53.973+0000] {dagbag.py:588} INFO - Filling up the DagBag from /opt/airflow/dags/python_files/lib/sql_folder.py
[2024-10-20T05:55:53.984+0000] {processor.py:927} WARNING - No viable dags retrieved from /opt/airflow/dags/python_files/lib/sql_folder.py
[2024-10-20T05:55:54.027+0000] {processor.py:208} INFO - Processing /opt/airflow/dags/python_files/lib/sql_folder.py took 0.085 seconds
[2024-10-20T05:56:24.239+0000] {processor.py:186} INFO - Started process (PID=1561) to work on /opt/airflow/dags/python_files/lib/sql_folder.py
[2024-10-20T05:56:24.241+0000] {processor.py:914} INFO - Processing file /opt/airflow/dags/python_files/lib/sql_folder.py for tasks to queue
[2024-10-20T05:56:24.243+0000] {logging_mixin.py:190} INFO - [2024-10-20T05:56:24.242+0000] {dagbag.py:588} INFO - Filling up the DagBag from /opt/airflow/dags/python_files/lib/sql_folder.py
[2024-10-20T05:56:24.248+0000] {processor.py:927} WARNING - No viable dags retrieved from /opt/airflow/dags/python_files/lib/sql_folder.py
[2024-10-20T05:56:24.301+0000] {processor.py:208} INFO - Processing /opt/airflow/dags/python_files/lib/sql_folder.py took 0.079 seconds
[2024-10-20T05:56:54.503+0000] {processor.py:186} INFO - Started process (PID=1570) to work on /opt/airflow/dags/python_files/lib/sql_folder.py
[2024-10-20T05:56:54.521+0000] {processor.py:914} INFO - Processing file /opt/airflow/dags/python_files/lib/sql_folder.py for tasks to queue
[2024-10-20T05:56:54.535+0000] {logging_mixin.py:190} INFO - [2024-10-20T05:56:54.533+0000] {dagbag.py:588} INFO - Filling up the DagBag from /opt/airflow/dags/python_files/lib/sql_folder.py
[2024-10-20T05:56:54.541+0000] {processor.py:927} WARNING - No viable dags retrieved from /opt/airflow/dags/python_files/lib/sql_folder.py
[2024-10-20T05:56:54.621+0000] {processor.py:208} INFO - Processing /opt/airflow/dags/python_files/lib/sql_folder.py took 0.167 seconds
[2024-10-20T05:57:25.001+0000] {processor.py:186} INFO - Started process (PID=1579) to work on /opt/airflow/dags/python_files/lib/sql_folder.py
[2024-10-20T05:57:25.003+0000] {processor.py:914} INFO - Processing file /opt/airflow/dags/python_files/lib/sql_folder.py for tasks to queue
[2024-10-20T05:57:25.005+0000] {logging_mixin.py:190} INFO - [2024-10-20T05:57:25.004+0000] {dagbag.py:588} INFO - Filling up the DagBag from /opt/airflow/dags/python_files/lib/sql_folder.py
[2024-10-20T05:57:25.009+0000] {processor.py:927} WARNING - No viable dags retrieved from /opt/airflow/dags/python_files/lib/sql_folder.py
[2024-10-20T05:57:25.041+0000] {processor.py:208} INFO - Processing /opt/airflow/dags/python_files/lib/sql_folder.py took 0.054 seconds
[2024-10-20T05:57:55.199+0000] {processor.py:186} INFO - Started process (PID=1588) to work on /opt/airflow/dags/python_files/lib/sql_folder.py
[2024-10-20T05:57:55.201+0000] {processor.py:914} INFO - Processing file /opt/airflow/dags/python_files/lib/sql_folder.py for tasks to queue
[2024-10-20T05:57:55.203+0000] {logging_mixin.py:190} INFO - [2024-10-20T05:57:55.202+0000] {dagbag.py:588} INFO - Filling up the DagBag from /opt/airflow/dags/python_files/lib/sql_folder.py
[2024-10-20T05:57:55.207+0000] {processor.py:927} WARNING - No viable dags retrieved from /opt/airflow/dags/python_files/lib/sql_folder.py
[2024-10-20T05:57:55.223+0000] {processor.py:208} INFO - Processing /opt/airflow/dags/python_files/lib/sql_folder.py took 0.040 seconds
[2024-10-20T05:58:25.249+0000] {processor.py:186} INFO - Started process (PID=1597) to work on /opt/airflow/dags/python_files/lib/sql_folder.py
[2024-10-20T05:58:25.250+0000] {processor.py:914} INFO - Processing file /opt/airflow/dags/python_files/lib/sql_folder.py for tasks to queue
[2024-10-20T05:58:25.251+0000] {logging_mixin.py:190} INFO - [2024-10-20T05:58:25.251+0000] {dagbag.py:588} INFO - Filling up the DagBag from /opt/airflow/dags/python_files/lib/sql_folder.py
[2024-10-20T05:58:25.256+0000] {processor.py:927} WARNING - No viable dags retrieved from /opt/airflow/dags/python_files/lib/sql_folder.py
[2024-10-20T05:58:25.316+0000] {processor.py:208} INFO - Processing /opt/airflow/dags/python_files/lib/sql_folder.py took 0.072 seconds
[2024-10-20T05:58:55.870+0000] {processor.py:186} INFO - Started process (PID=1605) to work on /opt/airflow/dags/python_files/lib/sql_folder.py
[2024-10-20T05:58:55.876+0000] {processor.py:914} INFO - Processing file /opt/airflow/dags/python_files/lib/sql_folder.py for tasks to queue
[2024-10-20T05:58:55.880+0000] {logging_mixin.py:190} INFO - [2024-10-20T05:58:55.879+0000] {dagbag.py:588} INFO - Filling up the DagBag from /opt/airflow/dags/python_files/lib/sql_folder.py
[2024-10-20T05:58:55.884+0000] {processor.py:927} WARNING - No viable dags retrieved from /opt/airflow/dags/python_files/lib/sql_folder.py
[2024-10-20T05:58:55.928+0000] {processor.py:208} INFO - Processing /opt/airflow/dags/python_files/lib/sql_folder.py took 0.083 seconds
[2024-10-20T05:59:26.357+0000] {processor.py:186} INFO - Started process (PID=1613) to work on /opt/airflow/dags/python_files/lib/sql_folder.py
[2024-10-20T05:59:26.359+0000] {processor.py:914} INFO - Processing file /opt/airflow/dags/python_files/lib/sql_folder.py for tasks to queue
[2024-10-20T05:59:26.362+0000] {logging_mixin.py:190} INFO - [2024-10-20T05:59:26.361+0000] {dagbag.py:588} INFO - Filling up the DagBag from /opt/airflow/dags/python_files/lib/sql_folder.py
[2024-10-20T05:59:26.374+0000] {processor.py:927} WARNING - No viable dags retrieved from /opt/airflow/dags/python_files/lib/sql_folder.py
[2024-10-20T05:59:26.411+0000] {processor.py:208} INFO - Processing /opt/airflow/dags/python_files/lib/sql_folder.py took 0.066 seconds
[2024-10-20T05:59:56.514+0000] {processor.py:186} INFO - Started process (PID=1622) to work on /opt/airflow/dags/python_files/lib/sql_folder.py
[2024-10-20T05:59:56.516+0000] {processor.py:914} INFO - Processing file /opt/airflow/dags/python_files/lib/sql_folder.py for tasks to queue
[2024-10-20T05:59:56.520+0000] {logging_mixin.py:190} INFO - [2024-10-20T05:59:56.518+0000] {dagbag.py:588} INFO - Filling up the DagBag from /opt/airflow/dags/python_files/lib/sql_folder.py
[2024-10-20T05:59:56.528+0000] {processor.py:927} WARNING - No viable dags retrieved from /opt/airflow/dags/python_files/lib/sql_folder.py
[2024-10-20T05:59:56.551+0000] {processor.py:208} INFO - Processing /opt/airflow/dags/python_files/lib/sql_folder.py took 0.073 seconds
[2024-10-20T06:00:26.769+0000] {processor.py:186} INFO - Started process (PID=1631) to work on /opt/airflow/dags/python_files/lib/sql_folder.py
[2024-10-20T06:00:26.771+0000] {processor.py:914} INFO - Processing file /opt/airflow/dags/python_files/lib/sql_folder.py for tasks to queue
[2024-10-20T06:00:26.773+0000] {logging_mixin.py:190} INFO - [2024-10-20T06:00:26.772+0000] {dagbag.py:588} INFO - Filling up the DagBag from /opt/airflow/dags/python_files/lib/sql_folder.py
[2024-10-20T06:00:26.777+0000] {processor.py:927} WARNING - No viable dags retrieved from /opt/airflow/dags/python_files/lib/sql_folder.py
[2024-10-20T06:00:26.797+0000] {processor.py:208} INFO - Processing /opt/airflow/dags/python_files/lib/sql_folder.py took 0.061 seconds
[2024-10-20T06:00:57.667+0000] {processor.py:186} INFO - Started process (PID=1640) to work on /opt/airflow/dags/python_files/lib/sql_folder.py
[2024-10-20T06:00:57.669+0000] {processor.py:914} INFO - Processing file /opt/airflow/dags/python_files/lib/sql_folder.py for tasks to queue
[2024-10-20T06:00:57.671+0000] {logging_mixin.py:190} INFO - [2024-10-20T06:00:57.670+0000] {dagbag.py:588} INFO - Filling up the DagBag from /opt/airflow/dags/python_files/lib/sql_folder.py
[2024-10-20T06:00:57.675+0000] {processor.py:927} WARNING - No viable dags retrieved from /opt/airflow/dags/python_files/lib/sql_folder.py
[2024-10-20T06:00:57.707+0000] {processor.py:208} INFO - Processing /opt/airflow/dags/python_files/lib/sql_folder.py took 0.050 seconds
[2024-10-20T06:01:28.199+0000] {processor.py:186} INFO - Started process (PID=1649) to work on /opt/airflow/dags/python_files/lib/sql_folder.py
[2024-10-20T06:01:28.200+0000] {processor.py:914} INFO - Processing file /opt/airflow/dags/python_files/lib/sql_folder.py for tasks to queue
[2024-10-20T06:01:28.202+0000] {logging_mixin.py:190} INFO - [2024-10-20T06:01:28.202+0000] {dagbag.py:588} INFO - Filling up the DagBag from /opt/airflow/dags/python_files/lib/sql_folder.py
[2024-10-20T06:01:28.207+0000] {processor.py:927} WARNING - No viable dags retrieved from /opt/airflow/dags/python_files/lib/sql_folder.py
[2024-10-20T06:01:28.245+0000] {processor.py:208} INFO - Processing /opt/airflow/dags/python_files/lib/sql_folder.py took 0.054 seconds
[2024-10-20T06:01:32.352+0000] {processor.py:186} INFO - Started process (PID=1652) to work on /opt/airflow/dags/python_files/lib/sql_folder.py
[2024-10-20T06:01:32.354+0000] {processor.py:914} INFO - Processing file /opt/airflow/dags/python_files/lib/sql_folder.py for tasks to queue
[2024-10-20T06:01:32.356+0000] {logging_mixin.py:190} INFO - [2024-10-20T06:01:32.355+0000] {dagbag.py:588} INFO - Filling up the DagBag from /opt/airflow/dags/python_files/lib/sql_folder.py
[2024-10-20T06:01:32.364+0000] {processor.py:927} WARNING - No viable dags retrieved from /opt/airflow/dags/python_files/lib/sql_folder.py
[2024-10-20T06:01:32.381+0000] {processor.py:208} INFO - Processing /opt/airflow/dags/python_files/lib/sql_folder.py took 0.070 seconds
[2024-10-20T06:02:03.134+0000] {processor.py:186} INFO - Started process (PID=1665) to work on /opt/airflow/dags/python_files/lib/sql_folder.py
[2024-10-20T06:02:03.141+0000] {processor.py:914} INFO - Processing file /opt/airflow/dags/python_files/lib/sql_folder.py for tasks to queue
[2024-10-20T06:02:03.148+0000] {logging_mixin.py:190} INFO - [2024-10-20T06:02:03.145+0000] {dagbag.py:588} INFO - Filling up the DagBag from /opt/airflow/dags/python_files/lib/sql_folder.py
[2024-10-20T06:02:03.168+0000] {processor.py:927} WARNING - No viable dags retrieved from /opt/airflow/dags/python_files/lib/sql_folder.py
[2024-10-20T06:02:03.229+0000] {processor.py:208} INFO - Processing /opt/airflow/dags/python_files/lib/sql_folder.py took 0.121 seconds
[2024-10-20T06:02:33.464+0000] {processor.py:186} INFO - Started process (PID=1674) to work on /opt/airflow/dags/python_files/lib/sql_folder.py
[2024-10-20T06:02:33.467+0000] {processor.py:914} INFO - Processing file /opt/airflow/dags/python_files/lib/sql_folder.py for tasks to queue
[2024-10-20T06:02:33.473+0000] {logging_mixin.py:190} INFO - [2024-10-20T06:02:33.471+0000] {dagbag.py:588} INFO - Filling up the DagBag from /opt/airflow/dags/python_files/lib/sql_folder.py
[2024-10-20T06:02:33.488+0000] {processor.py:927} WARNING - No viable dags retrieved from /opt/airflow/dags/python_files/lib/sql_folder.py
[2024-10-20T06:02:33.517+0000] {processor.py:208} INFO - Processing /opt/airflow/dags/python_files/lib/sql_folder.py took 0.067 seconds
[2024-10-20T06:03:04.268+0000] {processor.py:186} INFO - Started process (PID=1683) to work on /opt/airflow/dags/python_files/lib/sql_folder.py
[2024-10-20T06:03:04.271+0000] {processor.py:914} INFO - Processing file /opt/airflow/dags/python_files/lib/sql_folder.py for tasks to queue
[2024-10-20T06:03:04.273+0000] {logging_mixin.py:190} INFO - [2024-10-20T06:03:04.272+0000] {dagbag.py:588} INFO - Filling up the DagBag from /opt/airflow/dags/python_files/lib/sql_folder.py
[2024-10-20T06:03:04.280+0000] {processor.py:927} WARNING - No viable dags retrieved from /opt/airflow/dags/python_files/lib/sql_folder.py
[2024-10-20T06:03:04.315+0000] {processor.py:208} INFO - Processing /opt/airflow/dags/python_files/lib/sql_folder.py took 0.072 seconds
[2024-10-20T06:03:34.902+0000] {processor.py:186} INFO - Started process (PID=1692) to work on /opt/airflow/dags/python_files/lib/sql_folder.py
[2024-10-20T06:03:34.904+0000] {processor.py:914} INFO - Processing file /opt/airflow/dags/python_files/lib/sql_folder.py for tasks to queue
[2024-10-20T06:03:34.909+0000] {logging_mixin.py:190} INFO - [2024-10-20T06:03:34.906+0000] {dagbag.py:588} INFO - Filling up the DagBag from /opt/airflow/dags/python_files/lib/sql_folder.py
[2024-10-20T06:03:34.917+0000] {processor.py:927} WARNING - No viable dags retrieved from /opt/airflow/dags/python_files/lib/sql_folder.py
[2024-10-20T06:03:34.952+0000] {processor.py:208} INFO - Processing /opt/airflow/dags/python_files/lib/sql_folder.py took 0.062 seconds
[2024-10-20T06:04:05.476+0000] {processor.py:186} INFO - Started process (PID=1705) to work on /opt/airflow/dags/python_files/lib/sql_folder.py
[2024-10-20T06:04:05.478+0000] {processor.py:914} INFO - Processing file /opt/airflow/dags/python_files/lib/sql_folder.py for tasks to queue
[2024-10-20T06:04:05.480+0000] {logging_mixin.py:190} INFO - [2024-10-20T06:04:05.480+0000] {dagbag.py:588} INFO - Filling up the DagBag from /opt/airflow/dags/python_files/lib/sql_folder.py
[2024-10-20T06:04:05.486+0000] {processor.py:927} WARNING - No viable dags retrieved from /opt/airflow/dags/python_files/lib/sql_folder.py
[2024-10-20T06:04:05.506+0000] {processor.py:208} INFO - Processing /opt/airflow/dags/python_files/lib/sql_folder.py took 0.038 seconds
[2024-10-20T06:04:36.023+0000] {processor.py:186} INFO - Started process (PID=1713) to work on /opt/airflow/dags/python_files/lib/sql_folder.py
[2024-10-20T06:04:36.026+0000] {processor.py:914} INFO - Processing file /opt/airflow/dags/python_files/lib/sql_folder.py for tasks to queue
[2024-10-20T06:04:36.028+0000] {logging_mixin.py:190} INFO - [2024-10-20T06:04:36.027+0000] {dagbag.py:588} INFO - Filling up the DagBag from /opt/airflow/dags/python_files/lib/sql_folder.py
[2024-10-20T06:04:36.032+0000] {processor.py:927} WARNING - No viable dags retrieved from /opt/airflow/dags/python_files/lib/sql_folder.py
[2024-10-20T06:04:36.060+0000] {processor.py:208} INFO - Processing /opt/airflow/dags/python_files/lib/sql_folder.py took 0.046 seconds
[2024-10-20T06:05:07.003+0000] {processor.py:186} INFO - Started process (PID=1722) to work on /opt/airflow/dags/python_files/lib/sql_folder.py
[2024-10-20T06:05:07.232+0000] {processor.py:914} INFO - Processing file /opt/airflow/dags/python_files/lib/sql_folder.py for tasks to queue
[2024-10-20T06:05:07.257+0000] {logging_mixin.py:190} INFO - [2024-10-20T06:05:07.246+0000] {dagbag.py:588} INFO - Filling up the DagBag from /opt/airflow/dags/python_files/lib/sql_folder.py
[2024-10-20T06:05:07.309+0000] {processor.py:927} WARNING - No viable dags retrieved from /opt/airflow/dags/python_files/lib/sql_folder.py
[2024-10-20T06:05:07.524+0000] {processor.py:208} INFO - Processing /opt/airflow/dags/python_files/lib/sql_folder.py took 0.655 seconds
[2024-10-20T06:05:38.788+0000] {processor.py:186} INFO - Started process (PID=1731) to work on /opt/airflow/dags/python_files/lib/sql_folder.py
[2024-10-20T06:05:38.808+0000] {processor.py:914} INFO - Processing file /opt/airflow/dags/python_files/lib/sql_folder.py for tasks to queue
[2024-10-20T06:05:38.848+0000] {logging_mixin.py:190} INFO - [2024-10-20T06:05:38.835+0000] {dagbag.py:588} INFO - Filling up the DagBag from /opt/airflow/dags/python_files/lib/sql_folder.py
[2024-10-20T06:05:38.889+0000] {processor.py:927} WARNING - No viable dags retrieved from /opt/airflow/dags/python_files/lib/sql_folder.py
[2024-10-20T06:05:38.997+0000] {processor.py:208} INFO - Processing /opt/airflow/dags/python_files/lib/sql_folder.py took 0.430 seconds
[2024-10-20T06:06:10.931+0000] {processor.py:186} INFO - Started process (PID=1739) to work on /opt/airflow/dags/python_files/lib/sql_folder.py
[2024-10-20T06:06:10.938+0000] {processor.py:914} INFO - Processing file /opt/airflow/dags/python_files/lib/sql_folder.py for tasks to queue
[2024-10-20T06:06:10.967+0000] {logging_mixin.py:190} INFO - [2024-10-20T06:06:10.953+0000] {dagbag.py:588} INFO - Filling up the DagBag from /opt/airflow/dags/python_files/lib/sql_folder.py
[2024-10-20T06:06:11.051+0000] {processor.py:927} WARNING - No viable dags retrieved from /opt/airflow/dags/python_files/lib/sql_folder.py
[2024-10-20T06:06:11.261+0000] {processor.py:208} INFO - Processing /opt/airflow/dags/python_files/lib/sql_folder.py took 0.449 seconds
[2024-10-20T06:06:42.087+0000] {processor.py:186} INFO - Started process (PID=1748) to work on /opt/airflow/dags/python_files/lib/sql_folder.py
[2024-10-20T06:06:42.089+0000] {processor.py:914} INFO - Processing file /opt/airflow/dags/python_files/lib/sql_folder.py for tasks to queue
[2024-10-20T06:06:42.094+0000] {logging_mixin.py:190} INFO - [2024-10-20T06:06:42.092+0000] {dagbag.py:588} INFO - Filling up the DagBag from /opt/airflow/dags/python_files/lib/sql_folder.py
[2024-10-20T06:06:42.104+0000] {processor.py:927} WARNING - No viable dags retrieved from /opt/airflow/dags/python_files/lib/sql_folder.py
[2024-10-20T06:06:42.130+0000] {processor.py:208} INFO - Processing /opt/airflow/dags/python_files/lib/sql_folder.py took 0.059 seconds
[2024-10-20T06:07:12.789+0000] {processor.py:186} INFO - Started process (PID=1757) to work on /opt/airflow/dags/python_files/lib/sql_folder.py
[2024-10-20T06:07:12.796+0000] {processor.py:914} INFO - Processing file /opt/airflow/dags/python_files/lib/sql_folder.py for tasks to queue
[2024-10-20T06:07:12.805+0000] {logging_mixin.py:190} INFO - [2024-10-20T06:07:12.802+0000] {dagbag.py:588} INFO - Filling up the DagBag from /opt/airflow/dags/python_files/lib/sql_folder.py
[2024-10-20T06:07:12.821+0000] {processor.py:927} WARNING - No viable dags retrieved from /opt/airflow/dags/python_files/lib/sql_folder.py
[2024-10-20T06:07:12.869+0000] {processor.py:208} INFO - Processing /opt/airflow/dags/python_files/lib/sql_folder.py took 0.123 seconds
[2024-10-20T06:07:43.512+0000] {processor.py:186} INFO - Started process (PID=1766) to work on /opt/airflow/dags/python_files/lib/sql_folder.py
[2024-10-20T06:07:43.518+0000] {processor.py:914} INFO - Processing file /opt/airflow/dags/python_files/lib/sql_folder.py for tasks to queue
[2024-10-20T06:07:43.519+0000] {logging_mixin.py:190} INFO - [2024-10-20T06:07:43.519+0000] {dagbag.py:588} INFO - Filling up the DagBag from /opt/airflow/dags/python_files/lib/sql_folder.py
[2024-10-20T06:07:43.525+0000] {processor.py:927} WARNING - No viable dags retrieved from /opt/airflow/dags/python_files/lib/sql_folder.py
[2024-10-20T06:07:43.543+0000] {processor.py:208} INFO - Processing /opt/airflow/dags/python_files/lib/sql_folder.py took 0.042 seconds
[2024-10-20T06:08:13.744+0000] {processor.py:186} INFO - Started process (PID=1775) to work on /opt/airflow/dags/python_files/lib/sql_folder.py
[2024-10-20T06:08:13.746+0000] {processor.py:914} INFO - Processing file /opt/airflow/dags/python_files/lib/sql_folder.py for tasks to queue
[2024-10-20T06:08:13.749+0000] {logging_mixin.py:190} INFO - [2024-10-20T06:08:13.748+0000] {dagbag.py:588} INFO - Filling up the DagBag from /opt/airflow/dags/python_files/lib/sql_folder.py
[2024-10-20T06:08:13.753+0000] {processor.py:927} WARNING - No viable dags retrieved from /opt/airflow/dags/python_files/lib/sql_folder.py
[2024-10-20T06:08:13.771+0000] {processor.py:208} INFO - Processing /opt/airflow/dags/python_files/lib/sql_folder.py took 0.056 seconds
[2024-10-20T06:08:43.901+0000] {processor.py:186} INFO - Started process (PID=1784) to work on /opt/airflow/dags/python_files/lib/sql_folder.py
[2024-10-20T06:08:43.904+0000] {processor.py:914} INFO - Processing file /opt/airflow/dags/python_files/lib/sql_folder.py for tasks to queue
[2024-10-20T06:08:43.907+0000] {logging_mixin.py:190} INFO - [2024-10-20T06:08:43.906+0000] {dagbag.py:588} INFO - Filling up the DagBag from /opt/airflow/dags/python_files/lib/sql_folder.py
[2024-10-20T06:08:43.911+0000] {processor.py:927} WARNING - No viable dags retrieved from /opt/airflow/dags/python_files/lib/sql_folder.py
[2024-10-20T06:08:43.950+0000] {processor.py:208} INFO - Processing /opt/airflow/dags/python_files/lib/sql_folder.py took 0.076 seconds
[2024-10-20T06:09:14.405+0000] {processor.py:186} INFO - Started process (PID=1793) to work on /opt/airflow/dags/python_files/lib/sql_folder.py
[2024-10-20T06:09:14.413+0000] {processor.py:914} INFO - Processing file /opt/airflow/dags/python_files/lib/sql_folder.py for tasks to queue
[2024-10-20T06:09:14.419+0000] {logging_mixin.py:190} INFO - [2024-10-20T06:09:14.417+0000] {dagbag.py:588} INFO - Filling up the DagBag from /opt/airflow/dags/python_files/lib/sql_folder.py
[2024-10-20T06:09:14.424+0000] {processor.py:927} WARNING - No viable dags retrieved from /opt/airflow/dags/python_files/lib/sql_folder.py
[2024-10-20T06:09:14.443+0000] {processor.py:208} INFO - Processing /opt/airflow/dags/python_files/lib/sql_folder.py took 0.058 seconds
[2024-10-20T06:09:44.665+0000] {processor.py:186} INFO - Started process (PID=1802) to work on /opt/airflow/dags/python_files/lib/sql_folder.py
[2024-10-20T06:09:44.667+0000] {processor.py:914} INFO - Processing file /opt/airflow/dags/python_files/lib/sql_folder.py for tasks to queue
[2024-10-20T06:09:44.669+0000] {logging_mixin.py:190} INFO - [2024-10-20T06:09:44.668+0000] {dagbag.py:588} INFO - Filling up the DagBag from /opt/airflow/dags/python_files/lib/sql_folder.py
[2024-10-20T06:09:44.673+0000] {processor.py:927} WARNING - No viable dags retrieved from /opt/airflow/dags/python_files/lib/sql_folder.py
[2024-10-20T06:09:44.708+0000] {processor.py:208} INFO - Processing /opt/airflow/dags/python_files/lib/sql_folder.py took 0.052 seconds
[2024-10-20T06:10:15.286+0000] {processor.py:186} INFO - Started process (PID=1811) to work on /opt/airflow/dags/python_files/lib/sql_folder.py
[2024-10-20T06:10:15.288+0000] {processor.py:914} INFO - Processing file /opt/airflow/dags/python_files/lib/sql_folder.py for tasks to queue
[2024-10-20T06:10:15.290+0000] {logging_mixin.py:190} INFO - [2024-10-20T06:10:15.290+0000] {dagbag.py:588} INFO - Filling up the DagBag from /opt/airflow/dags/python_files/lib/sql_folder.py
[2024-10-20T06:10:15.295+0000] {processor.py:927} WARNING - No viable dags retrieved from /opt/airflow/dags/python_files/lib/sql_folder.py
[2024-10-20T06:10:15.330+0000] {processor.py:208} INFO - Processing /opt/airflow/dags/python_files/lib/sql_folder.py took 0.059 seconds
[2024-10-20T06:10:45.547+0000] {processor.py:186} INFO - Started process (PID=1820) to work on /opt/airflow/dags/python_files/lib/sql_folder.py
[2024-10-20T06:10:45.549+0000] {processor.py:914} INFO - Processing file /opt/airflow/dags/python_files/lib/sql_folder.py for tasks to queue
[2024-10-20T06:10:45.550+0000] {logging_mixin.py:190} INFO - [2024-10-20T06:10:45.549+0000] {dagbag.py:588} INFO - Filling up the DagBag from /opt/airflow/dags/python_files/lib/sql_folder.py
[2024-10-20T06:10:45.553+0000] {processor.py:927} WARNING - No viable dags retrieved from /opt/airflow/dags/python_files/lib/sql_folder.py
[2024-10-20T06:10:45.570+0000] {processor.py:208} INFO - Processing /opt/airflow/dags/python_files/lib/sql_folder.py took 0.045 seconds
[2024-10-20T06:11:15.884+0000] {processor.py:186} INFO - Started process (PID=1829) to work on /opt/airflow/dags/python_files/lib/sql_folder.py
[2024-10-20T06:11:15.886+0000] {processor.py:914} INFO - Processing file /opt/airflow/dags/python_files/lib/sql_folder.py for tasks to queue
[2024-10-20T06:11:15.893+0000] {logging_mixin.py:190} INFO - [2024-10-20T06:11:15.887+0000] {dagbag.py:588} INFO - Filling up the DagBag from /opt/airflow/dags/python_files/lib/sql_folder.py
[2024-10-20T06:11:15.910+0000] {processor.py:927} WARNING - No viable dags retrieved from /opt/airflow/dags/python_files/lib/sql_folder.py
[2024-10-20T06:11:15.929+0000] {processor.py:208} INFO - Processing /opt/airflow/dags/python_files/lib/sql_folder.py took 0.056 seconds
[2024-10-20T06:11:46.250+0000] {processor.py:186} INFO - Started process (PID=1838) to work on /opt/airflow/dags/python_files/lib/sql_folder.py
[2024-10-20T06:11:46.252+0000] {processor.py:914} INFO - Processing file /opt/airflow/dags/python_files/lib/sql_folder.py for tasks to queue
[2024-10-20T06:11:46.253+0000] {logging_mixin.py:190} INFO - [2024-10-20T06:11:46.253+0000] {dagbag.py:588} INFO - Filling up the DagBag from /opt/airflow/dags/python_files/lib/sql_folder.py
[2024-10-20T06:11:46.256+0000] {processor.py:927} WARNING - No viable dags retrieved from /opt/airflow/dags/python_files/lib/sql_folder.py
[2024-10-20T06:11:46.269+0000] {processor.py:208} INFO - Processing /opt/airflow/dags/python_files/lib/sql_folder.py took 0.025 seconds
[2024-10-20T06:12:16.623+0000] {processor.py:186} INFO - Started process (PID=1847) to work on /opt/airflow/dags/python_files/lib/sql_folder.py
[2024-10-20T06:12:16.625+0000] {processor.py:914} INFO - Processing file /opt/airflow/dags/python_files/lib/sql_folder.py for tasks to queue
[2024-10-20T06:12:16.627+0000] {logging_mixin.py:190} INFO - [2024-10-20T06:12:16.626+0000] {dagbag.py:588} INFO - Filling up the DagBag from /opt/airflow/dags/python_files/lib/sql_folder.py
[2024-10-20T06:12:16.633+0000] {processor.py:927} WARNING - No viable dags retrieved from /opt/airflow/dags/python_files/lib/sql_folder.py
[2024-10-20T06:12:16.650+0000] {processor.py:208} INFO - Processing /opt/airflow/dags/python_files/lib/sql_folder.py took 0.042 seconds
[2024-10-20T06:12:47.306+0000] {processor.py:186} INFO - Started process (PID=1856) to work on /opt/airflow/dags/python_files/lib/sql_folder.py
[2024-10-20T06:12:47.308+0000] {processor.py:914} INFO - Processing file /opt/airflow/dags/python_files/lib/sql_folder.py for tasks to queue
[2024-10-20T06:12:47.310+0000] {logging_mixin.py:190} INFO - [2024-10-20T06:12:47.309+0000] {dagbag.py:588} INFO - Filling up the DagBag from /opt/airflow/dags/python_files/lib/sql_folder.py
[2024-10-20T06:12:47.315+0000] {processor.py:927} WARNING - No viable dags retrieved from /opt/airflow/dags/python_files/lib/sql_folder.py
[2024-10-20T06:12:47.335+0000] {processor.py:208} INFO - Processing /opt/airflow/dags/python_files/lib/sql_folder.py took 0.044 seconds
[2024-10-20T06:13:17.363+0000] {processor.py:186} INFO - Started process (PID=1865) to work on /opt/airflow/dags/python_files/lib/sql_folder.py
[2024-10-20T06:13:17.363+0000] {processor.py:914} INFO - Processing file /opt/airflow/dags/python_files/lib/sql_folder.py for tasks to queue
[2024-10-20T06:13:17.365+0000] {logging_mixin.py:190} INFO - [2024-10-20T06:13:17.365+0000] {dagbag.py:588} INFO - Filling up the DagBag from /opt/airflow/dags/python_files/lib/sql_folder.py
[2024-10-20T06:13:17.367+0000] {processor.py:927} WARNING - No viable dags retrieved from /opt/airflow/dags/python_files/lib/sql_folder.py
[2024-10-20T06:13:17.377+0000] {processor.py:208} INFO - Processing /opt/airflow/dags/python_files/lib/sql_folder.py took 0.020 seconds
[2024-10-20T06:13:47.977+0000] {processor.py:186} INFO - Started process (PID=1873) to work on /opt/airflow/dags/python_files/lib/sql_folder.py
[2024-10-20T06:13:47.979+0000] {processor.py:914} INFO - Processing file /opt/airflow/dags/python_files/lib/sql_folder.py for tasks to queue
[2024-10-20T06:13:47.984+0000] {logging_mixin.py:190} INFO - [2024-10-20T06:13:47.984+0000] {dagbag.py:588} INFO - Filling up the DagBag from /opt/airflow/dags/python_files/lib/sql_folder.py
[2024-10-20T06:13:47.995+0000] {processor.py:927} WARNING - No viable dags retrieved from /opt/airflow/dags/python_files/lib/sql_folder.py
[2024-10-20T06:13:48.029+0000] {processor.py:208} INFO - Processing /opt/airflow/dags/python_files/lib/sql_folder.py took 0.064 seconds
[2024-10-20T06:14:18.577+0000] {processor.py:186} INFO - Started process (PID=1881) to work on /opt/airflow/dags/python_files/lib/sql_folder.py
[2024-10-20T06:14:18.578+0000] {processor.py:914} INFO - Processing file /opt/airflow/dags/python_files/lib/sql_folder.py for tasks to queue
[2024-10-20T06:14:18.580+0000] {logging_mixin.py:190} INFO - [2024-10-20T06:14:18.579+0000] {dagbag.py:588} INFO - Filling up the DagBag from /opt/airflow/dags/python_files/lib/sql_folder.py
[2024-10-20T06:14:18.584+0000] {processor.py:927} WARNING - No viable dags retrieved from /opt/airflow/dags/python_files/lib/sql_folder.py
[2024-10-20T06:14:18.601+0000] {processor.py:208} INFO - Processing /opt/airflow/dags/python_files/lib/sql_folder.py took 0.035 seconds
[2024-10-20T06:14:49.160+0000] {processor.py:186} INFO - Started process (PID=1891) to work on /opt/airflow/dags/python_files/lib/sql_folder.py
[2024-10-20T06:14:49.164+0000] {processor.py:914} INFO - Processing file /opt/airflow/dags/python_files/lib/sql_folder.py for tasks to queue
[2024-10-20T06:14:49.166+0000] {logging_mixin.py:190} INFO - [2024-10-20T06:14:49.165+0000] {dagbag.py:588} INFO - Filling up the DagBag from /opt/airflow/dags/python_files/lib/sql_folder.py
[2024-10-20T06:14:49.175+0000] {processor.py:927} WARNING - No viable dags retrieved from /opt/airflow/dags/python_files/lib/sql_folder.py
[2024-10-20T06:14:49.223+0000] {processor.py:208} INFO - Processing /opt/airflow/dags/python_files/lib/sql_folder.py took 0.077 seconds
[2024-10-20T06:15:19.740+0000] {processor.py:186} INFO - Started process (PID=1899) to work on /opt/airflow/dags/python_files/lib/sql_folder.py
[2024-10-20T06:15:19.742+0000] {processor.py:914} INFO - Processing file /opt/airflow/dags/python_files/lib/sql_folder.py for tasks to queue
[2024-10-20T06:15:19.745+0000] {logging_mixin.py:190} INFO - [2024-10-20T06:15:19.744+0000] {dagbag.py:588} INFO - Filling up the DagBag from /opt/airflow/dags/python_files/lib/sql_folder.py
[2024-10-20T06:15:19.750+0000] {processor.py:927} WARNING - No viable dags retrieved from /opt/airflow/dags/python_files/lib/sql_folder.py
[2024-10-20T06:15:19.773+0000] {processor.py:208} INFO - Processing /opt/airflow/dags/python_files/lib/sql_folder.py took 0.045 seconds
[2024-10-20T06:15:50.409+0000] {processor.py:186} INFO - Started process (PID=1910) to work on /opt/airflow/dags/python_files/lib/sql_folder.py
[2024-10-20T06:15:50.414+0000] {processor.py:914} INFO - Processing file /opt/airflow/dags/python_files/lib/sql_folder.py for tasks to queue
[2024-10-20T06:15:50.437+0000] {logging_mixin.py:190} INFO - [2024-10-20T06:15:50.432+0000] {dagbag.py:588} INFO - Filling up the DagBag from /opt/airflow/dags/python_files/lib/sql_folder.py
[2024-10-20T06:15:50.457+0000] {processor.py:927} WARNING - No viable dags retrieved from /opt/airflow/dags/python_files/lib/sql_folder.py
[2024-10-20T06:15:50.536+0000] {processor.py:208} INFO - Processing /opt/airflow/dags/python_files/lib/sql_folder.py took 0.158 seconds
[2024-10-20T06:16:20.675+0000] {processor.py:186} INFO - Started process (PID=1919) to work on /opt/airflow/dags/python_files/lib/sql_folder.py
[2024-10-20T06:16:20.677+0000] {processor.py:914} INFO - Processing file /opt/airflow/dags/python_files/lib/sql_folder.py for tasks to queue
[2024-10-20T06:16:20.685+0000] {logging_mixin.py:190} INFO - [2024-10-20T06:16:20.679+0000] {dagbag.py:588} INFO - Filling up the DagBag from /opt/airflow/dags/python_files/lib/sql_folder.py
[2024-10-20T06:16:20.701+0000] {processor.py:927} WARNING - No viable dags retrieved from /opt/airflow/dags/python_files/lib/sql_folder.py
[2024-10-20T06:16:20.726+0000] {processor.py:208} INFO - Processing /opt/airflow/dags/python_files/lib/sql_folder.py took 0.066 seconds
[2024-10-20T06:16:51.965+0000] {processor.py:186} INFO - Started process (PID=1928) to work on /opt/airflow/dags/python_files/lib/sql_folder.py
[2024-10-20T06:16:51.971+0000] {processor.py:914} INFO - Processing file /opt/airflow/dags/python_files/lib/sql_folder.py for tasks to queue
[2024-10-20T06:16:51.980+0000] {logging_mixin.py:190} INFO - [2024-10-20T06:16:51.978+0000] {dagbag.py:588} INFO - Filling up the DagBag from /opt/airflow/dags/python_files/lib/sql_folder.py
[2024-10-20T06:16:52.012+0000] {processor.py:927} WARNING - No viable dags retrieved from /opt/airflow/dags/python_files/lib/sql_folder.py
[2024-10-20T06:16:52.081+0000] {processor.py:208} INFO - Processing /opt/airflow/dags/python_files/lib/sql_folder.py took 0.163 seconds
[2024-10-20T06:17:22.389+0000] {processor.py:186} INFO - Started process (PID=1937) to work on /opt/airflow/dags/python_files/lib/sql_folder.py
[2024-10-20T06:17:22.392+0000] {processor.py:914} INFO - Processing file /opt/airflow/dags/python_files/lib/sql_folder.py for tasks to queue
[2024-10-20T06:17:22.394+0000] {logging_mixin.py:190} INFO - [2024-10-20T06:17:22.394+0000] {dagbag.py:588} INFO - Filling up the DagBag from /opt/airflow/dags/python_files/lib/sql_folder.py
[2024-10-20T06:17:22.400+0000] {processor.py:927} WARNING - No viable dags retrieved from /opt/airflow/dags/python_files/lib/sql_folder.py
[2024-10-20T06:17:22.423+0000] {processor.py:208} INFO - Processing /opt/airflow/dags/python_files/lib/sql_folder.py took 0.048 seconds
[2024-10-20T06:17:52.719+0000] {processor.py:186} INFO - Started process (PID=1946) to work on /opt/airflow/dags/python_files/lib/sql_folder.py
[2024-10-20T06:17:52.722+0000] {processor.py:914} INFO - Processing file /opt/airflow/dags/python_files/lib/sql_folder.py for tasks to queue
[2024-10-20T06:17:52.724+0000] {logging_mixin.py:190} INFO - [2024-10-20T06:17:52.723+0000] {dagbag.py:588} INFO - Filling up the DagBag from /opt/airflow/dags/python_files/lib/sql_folder.py
[2024-10-20T06:17:52.731+0000] {processor.py:927} WARNING - No viable dags retrieved from /opt/airflow/dags/python_files/lib/sql_folder.py
[2024-10-20T06:17:52.752+0000] {processor.py:208} INFO - Processing /opt/airflow/dags/python_files/lib/sql_folder.py took 0.063 seconds
[2024-10-20T06:18:23.144+0000] {processor.py:186} INFO - Started process (PID=1955) to work on /opt/airflow/dags/python_files/lib/sql_folder.py
[2024-10-20T06:18:23.146+0000] {processor.py:914} INFO - Processing file /opt/airflow/dags/python_files/lib/sql_folder.py for tasks to queue
[2024-10-20T06:18:23.147+0000] {logging_mixin.py:190} INFO - [2024-10-20T06:18:23.147+0000] {dagbag.py:588} INFO - Filling up the DagBag from /opt/airflow/dags/python_files/lib/sql_folder.py
[2024-10-20T06:18:23.151+0000] {processor.py:927} WARNING - No viable dags retrieved from /opt/airflow/dags/python_files/lib/sql_folder.py
[2024-10-20T06:18:23.191+0000] {processor.py:208} INFO - Processing /opt/airflow/dags/python_files/lib/sql_folder.py took 0.058 seconds
[2024-10-20T06:18:54.072+0000] {processor.py:186} INFO - Started process (PID=1964) to work on /opt/airflow/dags/python_files/lib/sql_folder.py
[2024-10-20T06:18:54.074+0000] {processor.py:914} INFO - Processing file /opt/airflow/dags/python_files/lib/sql_folder.py for tasks to queue
[2024-10-20T06:18:54.076+0000] {logging_mixin.py:190} INFO - [2024-10-20T06:18:54.075+0000] {dagbag.py:588} INFO - Filling up the DagBag from /opt/airflow/dags/python_files/lib/sql_folder.py
[2024-10-20T06:18:54.080+0000] {processor.py:927} WARNING - No viable dags retrieved from /opt/airflow/dags/python_files/lib/sql_folder.py
[2024-10-20T06:18:54.109+0000] {processor.py:208} INFO - Processing /opt/airflow/dags/python_files/lib/sql_folder.py took 0.073 seconds
[2024-10-20T06:19:24.373+0000] {processor.py:186} INFO - Started process (PID=1975) to work on /opt/airflow/dags/python_files/lib/sql_folder.py
[2024-10-20T06:19:24.375+0000] {processor.py:914} INFO - Processing file /opt/airflow/dags/python_files/lib/sql_folder.py for tasks to queue
[2024-10-20T06:19:24.377+0000] {logging_mixin.py:190} INFO - [2024-10-20T06:19:24.377+0000] {dagbag.py:588} INFO - Filling up the DagBag from /opt/airflow/dags/python_files/lib/sql_folder.py
[2024-10-20T06:19:24.382+0000] {processor.py:927} WARNING - No viable dags retrieved from /opt/airflow/dags/python_files/lib/sql_folder.py
[2024-10-20T06:19:24.425+0000] {processor.py:208} INFO - Processing /opt/airflow/dags/python_files/lib/sql_folder.py took 0.065 seconds
[2024-10-20T06:19:42.803+0000] {processor.py:186} INFO - Started process (PID=1988) to work on /opt/airflow/dags/python_files/lib/sql_folder.py
[2024-10-20T06:19:42.813+0000] {processor.py:914} INFO - Processing file /opt/airflow/dags/python_files/lib/sql_folder.py for tasks to queue
[2024-10-20T06:19:42.824+0000] {logging_mixin.py:190} INFO - [2024-10-20T06:19:42.820+0000] {dagbag.py:588} INFO - Filling up the DagBag from /opt/airflow/dags/python_files/lib/sql_folder.py
[2024-10-20T06:19:42.843+0000] {processor.py:927} WARNING - No viable dags retrieved from /opt/airflow/dags/python_files/lib/sql_folder.py
[2024-10-20T06:19:42.865+0000] {processor.py:208} INFO - Processing /opt/airflow/dags/python_files/lib/sql_folder.py took 0.077 seconds
[2024-10-20T06:20:13.694+0000] {processor.py:186} INFO - Started process (PID=1997) to work on /opt/airflow/dags/python_files/lib/sql_folder.py
[2024-10-20T06:20:13.697+0000] {processor.py:914} INFO - Processing file /opt/airflow/dags/python_files/lib/sql_folder.py for tasks to queue
[2024-10-20T06:20:13.699+0000] {logging_mixin.py:190} INFO - [2024-10-20T06:20:13.698+0000] {dagbag.py:588} INFO - Filling up the DagBag from /opt/airflow/dags/python_files/lib/sql_folder.py
[2024-10-20T06:20:13.703+0000] {processor.py:927} WARNING - No viable dags retrieved from /opt/airflow/dags/python_files/lib/sql_folder.py
[2024-10-20T06:20:13.732+0000] {processor.py:208} INFO - Processing /opt/airflow/dags/python_files/lib/sql_folder.py took 0.070 seconds
[2024-10-20T06:20:44.358+0000] {processor.py:186} INFO - Started process (PID=2006) to work on /opt/airflow/dags/python_files/lib/sql_folder.py
[2024-10-20T06:20:44.361+0000] {processor.py:914} INFO - Processing file /opt/airflow/dags/python_files/lib/sql_folder.py for tasks to queue
[2024-10-20T06:20:44.362+0000] {logging_mixin.py:190} INFO - [2024-10-20T06:20:44.362+0000] {dagbag.py:588} INFO - Filling up the DagBag from /opt/airflow/dags/python_files/lib/sql_folder.py
[2024-10-20T06:20:44.365+0000] {processor.py:927} WARNING - No viable dags retrieved from /opt/airflow/dags/python_files/lib/sql_folder.py
[2024-10-20T06:20:44.383+0000] {processor.py:208} INFO - Processing /opt/airflow/dags/python_files/lib/sql_folder.py took 0.032 seconds
[2024-10-20T06:21:14.954+0000] {processor.py:186} INFO - Started process (PID=2013) to work on /opt/airflow/dags/python_files/lib/sql_folder.py
[2024-10-20T06:21:14.957+0000] {processor.py:914} INFO - Processing file /opt/airflow/dags/python_files/lib/sql_folder.py for tasks to queue
[2024-10-20T06:21:14.962+0000] {logging_mixin.py:190} INFO - [2024-10-20T06:21:14.962+0000] {dagbag.py:588} INFO - Filling up the DagBag from /opt/airflow/dags/python_files/lib/sql_folder.py
[2024-10-20T06:21:14.967+0000] {processor.py:927} WARNING - No viable dags retrieved from /opt/airflow/dags/python_files/lib/sql_folder.py
[2024-10-20T06:21:15.010+0000] {processor.py:208} INFO - Processing /opt/airflow/dags/python_files/lib/sql_folder.py took 0.082 seconds
[2024-10-20T06:21:45.477+0000] {processor.py:186} INFO - Started process (PID=2022) to work on /opt/airflow/dags/python_files/lib/sql_folder.py
[2024-10-20T06:21:45.480+0000] {processor.py:914} INFO - Processing file /opt/airflow/dags/python_files/lib/sql_folder.py for tasks to queue
[2024-10-20T06:21:45.482+0000] {logging_mixin.py:190} INFO - [2024-10-20T06:21:45.481+0000] {dagbag.py:588} INFO - Filling up the DagBag from /opt/airflow/dags/python_files/lib/sql_folder.py
[2024-10-20T06:21:45.488+0000] {processor.py:927} WARNING - No viable dags retrieved from /opt/airflow/dags/python_files/lib/sql_folder.py
[2024-10-20T06:21:45.521+0000] {processor.py:208} INFO - Processing /opt/airflow/dags/python_files/lib/sql_folder.py took 0.075 seconds
[2024-10-20T06:22:16.103+0000] {processor.py:186} INFO - Started process (PID=2031) to work on /opt/airflow/dags/python_files/lib/sql_folder.py
[2024-10-20T06:22:16.104+0000] {processor.py:914} INFO - Processing file /opt/airflow/dags/python_files/lib/sql_folder.py for tasks to queue
[2024-10-20T06:22:16.107+0000] {logging_mixin.py:190} INFO - [2024-10-20T06:22:16.107+0000] {dagbag.py:588} INFO - Filling up the DagBag from /opt/airflow/dags/python_files/lib/sql_folder.py
[2024-10-20T06:22:16.113+0000] {processor.py:927} WARNING - No viable dags retrieved from /opt/airflow/dags/python_files/lib/sql_folder.py
[2024-10-20T06:22:16.140+0000] {processor.py:208} INFO - Processing /opt/airflow/dags/python_files/lib/sql_folder.py took 0.051 seconds
[2024-10-20T06:22:46.696+0000] {processor.py:186} INFO - Started process (PID=2042) to work on /opt/airflow/dags/python_files/lib/sql_folder.py
[2024-10-20T06:22:46.699+0000] {processor.py:914} INFO - Processing file /opt/airflow/dags/python_files/lib/sql_folder.py for tasks to queue
[2024-10-20T06:22:46.702+0000] {logging_mixin.py:190} INFO - [2024-10-20T06:22:46.701+0000] {dagbag.py:588} INFO - Filling up the DagBag from /opt/airflow/dags/python_files/lib/sql_folder.py
[2024-10-20T06:22:46.708+0000] {processor.py:927} WARNING - No viable dags retrieved from /opt/airflow/dags/python_files/lib/sql_folder.py
[2024-10-20T06:22:46.736+0000] {processor.py:208} INFO - Processing /opt/airflow/dags/python_files/lib/sql_folder.py took 0.077 seconds
[2024-10-20T06:23:17.242+0000] {processor.py:186} INFO - Started process (PID=2051) to work on /opt/airflow/dags/python_files/lib/sql_folder.py
[2024-10-20T06:23:17.244+0000] {processor.py:914} INFO - Processing file /opt/airflow/dags/python_files/lib/sql_folder.py for tasks to queue
[2024-10-20T06:23:17.246+0000] {logging_mixin.py:190} INFO - [2024-10-20T06:23:17.245+0000] {dagbag.py:588} INFO - Filling up the DagBag from /opt/airflow/dags/python_files/lib/sql_folder.py
[2024-10-20T06:23:17.251+0000] {processor.py:927} WARNING - No viable dags retrieved from /opt/airflow/dags/python_files/lib/sql_folder.py
[2024-10-20T06:23:17.272+0000] {processor.py:208} INFO - Processing /opt/airflow/dags/python_files/lib/sql_folder.py took 0.067 seconds
[2024-10-20T06:23:48.298+0000] {processor.py:186} INFO - Started process (PID=2059) to work on /opt/airflow/dags/python_files/lib/sql_folder.py
[2024-10-20T06:23:48.300+0000] {processor.py:914} INFO - Processing file /opt/airflow/dags/python_files/lib/sql_folder.py for tasks to queue
[2024-10-20T06:23:48.302+0000] {logging_mixin.py:190} INFO - [2024-10-20T06:23:48.301+0000] {dagbag.py:588} INFO - Filling up the DagBag from /opt/airflow/dags/python_files/lib/sql_folder.py
[2024-10-20T06:23:48.308+0000] {processor.py:927} WARNING - No viable dags retrieved from /opt/airflow/dags/python_files/lib/sql_folder.py
[2024-10-20T06:23:48.328+0000] {processor.py:208} INFO - Processing /opt/airflow/dags/python_files/lib/sql_folder.py took 0.061 seconds
[2024-10-20T06:24:19.438+0000] {processor.py:186} INFO - Started process (PID=2068) to work on /opt/airflow/dags/python_files/lib/sql_folder.py
[2024-10-20T06:24:19.440+0000] {processor.py:914} INFO - Processing file /opt/airflow/dags/python_files/lib/sql_folder.py for tasks to queue
[2024-10-20T06:24:19.442+0000] {logging_mixin.py:190} INFO - [2024-10-20T06:24:19.442+0000] {dagbag.py:588} INFO - Filling up the DagBag from /opt/airflow/dags/python_files/lib/sql_folder.py
[2024-10-20T06:24:19.447+0000] {processor.py:927} WARNING - No viable dags retrieved from /opt/airflow/dags/python_files/lib/sql_folder.py
[2024-10-20T06:24:19.480+0000] {processor.py:208} INFO - Processing /opt/airflow/dags/python_files/lib/sql_folder.py took 0.054 seconds
[2024-10-20T06:24:49.619+0000] {processor.py:186} INFO - Started process (PID=2076) to work on /opt/airflow/dags/python_files/lib/sql_folder.py
[2024-10-20T06:24:49.621+0000] {processor.py:914} INFO - Processing file /opt/airflow/dags/python_files/lib/sql_folder.py for tasks to queue
[2024-10-20T06:24:49.625+0000] {logging_mixin.py:190} INFO - [2024-10-20T06:24:49.625+0000] {dagbag.py:588} INFO - Filling up the DagBag from /opt/airflow/dags/python_files/lib/sql_folder.py
[2024-10-20T06:24:49.633+0000] {processor.py:927} WARNING - No viable dags retrieved from /opt/airflow/dags/python_files/lib/sql_folder.py
[2024-10-20T06:24:49.652+0000] {processor.py:208} INFO - Processing /opt/airflow/dags/python_files/lib/sql_folder.py took 0.065 seconds
[2024-10-20T06:25:19.732+0000] {processor.py:186} INFO - Started process (PID=2085) to work on /opt/airflow/dags/python_files/lib/sql_folder.py
[2024-10-20T06:25:19.733+0000] {processor.py:914} INFO - Processing file /opt/airflow/dags/python_files/lib/sql_folder.py for tasks to queue
[2024-10-20T06:25:19.735+0000] {logging_mixin.py:190} INFO - [2024-10-20T06:25:19.734+0000] {dagbag.py:588} INFO - Filling up the DagBag from /opt/airflow/dags/python_files/lib/sql_folder.py
[2024-10-20T06:25:19.739+0000] {processor.py:927} WARNING - No viable dags retrieved from /opt/airflow/dags/python_files/lib/sql_folder.py
[2024-10-20T06:25:19.764+0000] {processor.py:208} INFO - Processing /opt/airflow/dags/python_files/lib/sql_folder.py took 0.059 seconds
[2024-10-20T06:25:47.694+0000] {processor.py:186} INFO - Started process (PID=2094) to work on /opt/airflow/dags/python_files/lib/sql_folder.py
[2024-10-20T06:25:47.699+0000] {processor.py:914} INFO - Processing file /opt/airflow/dags/python_files/lib/sql_folder.py for tasks to queue
[2024-10-20T06:25:47.720+0000] {logging_mixin.py:190} INFO - [2024-10-20T06:25:47.718+0000] {dagbag.py:588} INFO - Filling up the DagBag from /opt/airflow/dags/python_files/lib/sql_folder.py
[2024-10-20T06:25:47.724+0000] {logging_mixin.py:190} INFO - [2024-10-20T06:25:47.724+0000] {dagbag.py:366} INFO - File /opt/airflow/dags/python_files/lib/sql_folder.py assumed to contain no DAGs. Skipping.
[2024-10-20T06:25:47.724+0000] {processor.py:927} WARNING - No viable dags retrieved from /opt/airflow/dags/python_files/lib/sql_folder.py
[2024-10-20T06:25:47.790+0000] {processor.py:208} INFO - Processing /opt/airflow/dags/python_files/lib/sql_folder.py took 0.114 seconds
[2024-10-20T06:25:48.727+0000] {processor.py:186} INFO - Started process (PID=2095) to work on /opt/airflow/dags/python_files/lib/sql_folder.py
[2024-10-20T06:25:48.728+0000] {processor.py:914} INFO - Processing file /opt/airflow/dags/python_files/lib/sql_folder.py for tasks to queue
[2024-10-20T06:25:48.730+0000] {logging_mixin.py:190} INFO - [2024-10-20T06:25:48.730+0000] {dagbag.py:588} INFO - Filling up the DagBag from /opt/airflow/dags/python_files/lib/sql_folder.py
[2024-10-20T06:25:48.733+0000] {logging_mixin.py:190} INFO - [2024-10-20T06:25:48.733+0000] {dagbag.py:366} INFO - File /opt/airflow/dags/python_files/lib/sql_folder.py assumed to contain no DAGs. Skipping.
[2024-10-20T06:25:48.733+0000] {processor.py:927} WARNING - No viable dags retrieved from /opt/airflow/dags/python_files/lib/sql_folder.py
[2024-10-20T06:25:48.792+0000] {processor.py:208} INFO - Processing /opt/airflow/dags/python_files/lib/sql_folder.py took 0.085 seconds
