[2024-10-20T04:29:33.131+0000] {local_task_job_runner.py:123} INFO - ::group::Pre task execution logs
[2024-10-20T04:29:33.147+0000] {taskinstance.py:2612} INFO - Dependencies all met for dep_context=non-requeueable deps ti=<TaskInstance: elt.extract_load_data.create_table_prices manual__2024-10-20T04:29:30.475772+00:00 [queued]>
[2024-10-20T04:29:33.154+0000] {taskinstance.py:2612} INFO - Dependencies all met for dep_context=requeueable deps ti=<TaskInstance: elt.extract_load_data.create_table_prices manual__2024-10-20T04:29:30.475772+00:00 [queued]>
[2024-10-20T04:29:33.155+0000] {taskinstance.py:2865} INFO - Starting attempt 1 of 2
[2024-10-20T04:29:33.169+0000] {taskinstance.py:2888} INFO - Executing <Task(PostgresOperator): extract_load_data.create_table_prices> on 2024-10-20 04:29:30.475772+00:00
[2024-10-20T04:29:33.176+0000] {warnings.py:112} WARNING - /home/***/.local/lib/python3.12/site-packages/***/task/task_runner/standard_task_runner.py:70: DeprecationWarning: This process (pid=157) is multi-threaded, use of fork() may lead to deadlocks in the child.
  pid = os.fork()

[2024-10-20T04:29:33.178+0000] {standard_task_runner.py:72} INFO - Started process 161 to run task
[2024-10-20T04:29:33.186+0000] {standard_task_runner.py:104} INFO - Running: ['***', 'tasks', 'run', 'elt', 'extract_load_data.create_table_prices', 'manual__2024-10-20T04:29:30.475772+00:00', '--job-id', '222', '--raw', '--subdir', 'DAGS_FOLDER/elt.py', '--cfg-path', '/tmp/tmpgw8885ih']
[2024-10-20T04:29:33.198+0000] {standard_task_runner.py:105} INFO - Job 222: Subtask extract_load_data.create_table_prices
[2024-10-20T04:29:34.655+0000] {task_command.py:467} INFO - Running <TaskInstance: elt.extract_load_data.create_table_prices manual__2024-10-20T04:29:30.475772+00:00 [running]> on host 3b0481c80fd2
[2024-10-20T04:29:35.090+0000] {taskinstance.py:3131} INFO - Exporting env vars: AIRFLOW_CTX_DAG_OWNER='mherszage' AIRFLOW_CTX_DAG_ID='elt' AIRFLOW_CTX_TASK_ID='extract_load_data.create_table_prices' AIRFLOW_CTX_EXECUTION_DATE='2024-10-20T04:29:30.475772+00:00' AIRFLOW_CTX_TRY_NUMBER='1' AIRFLOW_CTX_DAG_RUN_ID='manual__2024-10-20T04:29:30.475772+00:00'
[2024-10-20T04:29:35.132+0000] {taskinstance.py:731} INFO - ::endgroup::
[2024-10-20T04:29:35.206+0000] {sql.py:266} INFO - Executing: CREATE TABLE IF NOT EXISTS "2024_melissa_herszage_schema".l1_item_prices
(
    item_id            varchar(256),
    condition          varchar(256),
    price              int,
    currency           varchar(256),
    available_quantity int,
    created_at         timestamp
)
[2024-10-20T04:29:35.417+0000] {base.py:84} INFO - Retrieving connection 'redshift_default'
[2024-10-20T04:29:35.531+0000] {base.py:84} INFO - Retrieving connection 'redshift_default'
[2024-10-20T04:29:36.828+0000] {sql.py:509} INFO - Running statement: CREATE TABLE IF NOT EXISTS "2024_melissa_herszage_schema".l1_item_prices
(
    item_id            varchar(256),
    condition          varchar(256),
    price              int,
    currency           varchar(256),
    available_quantity int,
    created_at         timestamp
), parameters: None
[2024-10-20T04:29:37.414+0000] {taskinstance.py:340} INFO - ::group::Post task execution logs
[2024-10-20T04:29:37.415+0000] {taskinstance.py:352} INFO - Marking task as SUCCESS. dag_id=elt, task_id=extract_load_data.create_table_prices, run_id=manual__2024-10-20T04:29:30.475772+00:00, execution_date=20241020T042930, start_date=20241020T042933, end_date=20241020T042937
[2024-10-20T04:29:37.524+0000] {local_task_job_runner.py:266} INFO - Task exited with return code 0
[2024-10-20T04:29:37.591+0000] {warnings.py:112} WARNING - /home/***/.local/lib/python3.12/site-packages/***/models/baseoperator.py:1378: AirflowProviderDeprecationWarning: Call to deprecated class PostgresOperator. (Please use `***.providers.common.sql.operators.sql.SQLExecuteQueryOperator`.Also, you can provide `hook_params={'schema': <database>}`.)
  result = cls.__new__(cls)

[2024-10-20T04:29:38.402+0000] {standard_task_runner.py:217} INFO - Process not found (most likely exited), stop collecting metrics
[2024-10-20T04:29:38.473+0000] {taskinstance.py:3900} INFO - 1 downstream tasks scheduled from follow-on schedule check
[2024-10-20T04:29:38.476+0000] {local_task_job_runner.py:245} INFO - ::endgroup::
