[2024-10-18T05:09:24.904+0000] {local_task_job_runner.py:123} INFO - ::group::Pre task execution logs
[2024-10-18T05:09:24.922+0000] {taskinstance.py:2612} INFO - Dependencies all met for dep_context=non-requeueable deps ti=<TaskInstance: elt.extract_load_data.create_table_items manual__2024-10-18T05:09:19.059272+00:00 [queued]>
[2024-10-18T05:09:24.930+0000] {taskinstance.py:2612} INFO - Dependencies all met for dep_context=requeueable deps ti=<TaskInstance: elt.extract_load_data.create_table_items manual__2024-10-18T05:09:19.059272+00:00 [queued]>
[2024-10-18T05:09:24.930+0000] {taskinstance.py:2865} INFO - Starting attempt 1 of 2
[2024-10-18T05:09:24.949+0000] {taskinstance.py:2888} INFO - Executing <Task(PostgresOperator): extract_load_data.create_table_items> on 2024-10-18 05:09:19.059272+00:00
[2024-10-18T05:09:24.965+0000] {warnings.py:112} WARNING - /home/***/.local/lib/python3.12/site-packages/***/task/task_runner/standard_task_runner.py:70: DeprecationWarning: This process (pid=1907) is multi-threaded, use of fork() may lead to deadlocks in the child.
  pid = os.fork()

[2024-10-18T05:09:24.969+0000] {standard_task_runner.py:72} INFO - Started process 1911 to run task
[2024-10-18T05:09:24.967+0000] {standard_task_runner.py:104} INFO - Running: ['***', 'tasks', 'run', 'elt', 'extract_load_data.create_table_items', 'manual__2024-10-18T05:09:19.059272+00:00', '--job-id', '189', '--raw', '--subdir', 'DAGS_FOLDER/elt.py', '--cfg-path', '/tmp/tmpivu_oz8r']
[2024-10-18T05:09:24.971+0000] {standard_task_runner.py:105} INFO - Job 189: Subtask extract_load_data.create_table_items
[2024-10-18T05:09:26.872+0000] {task_command.py:467} INFO - Running <TaskInstance: elt.extract_load_data.create_table_items manual__2024-10-18T05:09:19.059272+00:00 [running]> on host a414d3516fe8
[2024-10-18T05:09:27.023+0000] {taskinstance.py:3131} INFO - Exporting env vars: AIRFLOW_CTX_DAG_OWNER='mherszage' AIRFLOW_CTX_DAG_ID='elt' AIRFLOW_CTX_TASK_ID='extract_load_data.create_table_items' AIRFLOW_CTX_EXECUTION_DATE='2024-10-18T05:09:19.059272+00:00' AIRFLOW_CTX_TRY_NUMBER='1' AIRFLOW_CTX_DAG_RUN_ID='manual__2024-10-18T05:09:19.059272+00:00'
[2024-10-18T05:09:27.027+0000] {taskinstance.py:731} INFO - ::endgroup::
[2024-10-18T05:09:27.045+0000] {sql.py:266} INFO - Executing: CREATE TABLE IF NOT EXISTS "2024_melissa_herszage_schema".l1_items
(
    id    varchar(256),
    title varchar(256),
    created_at timestamp
);
[2024-10-18T05:09:27.054+0000] {base.py:84} INFO - Retrieving connection 'redshift_default'
[2024-10-18T05:09:27.071+0000] {base.py:84} INFO - Retrieving connection 'redshift_default'
[2024-10-18T05:09:28.309+0000] {sql.py:509} INFO - Running statement: CREATE TABLE IF NOT EXISTS "2024_melissa_herszage_schema".l1_items
(
    id    varchar(256),
    title varchar(256),
    created_at timestamp
);, parameters: None
[2024-10-18T05:09:28.928+0000] {taskinstance.py:340} INFO - ::group::Post task execution logs
[2024-10-18T05:09:28.933+0000] {taskinstance.py:352} INFO - Marking task as SUCCESS. dag_id=elt, task_id=extract_load_data.create_table_items, run_id=manual__2024-10-18T05:09:19.059272+00:00, execution_date=20241018T050919, start_date=20241018T050924, end_date=20241018T050928
[2024-10-18T05:09:29.020+0000] {local_task_job_runner.py:266} INFO - Task exited with return code 0
[2024-10-18T05:09:29.103+0000] {local_task_job_runner.py:245} INFO - ::endgroup::
