[2024-10-18T04:13:40.782+0000] {local_task_job_runner.py:123} INFO - ::group::Pre task execution logs
[2024-10-18T04:13:40.793+0000] {taskinstance.py:2612} INFO - Dependencies all met for dep_context=non-requeueable deps ti=<TaskInstance: insert_items.extract_data.create_table_items manual__2024-10-18T04:13:38.058893+00:00 [queued]>
[2024-10-18T04:13:40.797+0000] {taskinstance.py:2612} INFO - Dependencies all met for dep_context=requeueable deps ti=<TaskInstance: insert_items.extract_data.create_table_items manual__2024-10-18T04:13:38.058893+00:00 [queued]>
[2024-10-18T04:13:40.797+0000] {taskinstance.py:2865} INFO - Starting attempt 1 of 2
[2024-10-18T04:13:40.805+0000] {taskinstance.py:2888} INFO - Executing <Task(PostgresOperator): extract_data.create_table_items> on 2024-10-18 04:13:38.058893+00:00
[2024-10-18T04:13:40.811+0000] {warnings.py:112} WARNING - /home/***/.local/lib/python3.12/site-packages/***/task/task_runner/standard_task_runner.py:70: DeprecationWarning: This process (pid=1157) is multi-threaded, use of fork() may lead to deadlocks in the child.
  pid = os.fork()

[2024-10-18T04:13:40.817+0000] {standard_task_runner.py:72} INFO - Started process 1161 to run task
[2024-10-18T04:13:40.827+0000] {standard_task_runner.py:104} INFO - Running: ['***', 'tasks', 'run', 'insert_items', 'extract_data.create_table_items', 'manual__2024-10-18T04:13:38.058893+00:00', '--job-id', '175', '--raw', '--subdir', 'DAGS_FOLDER/insert_items.py', '--cfg-path', '/tmp/tmp3k0oj1q7']
[2024-10-18T04:13:40.833+0000] {standard_task_runner.py:105} INFO - Job 175: Subtask extract_data.create_table_items
[2024-10-18T04:13:41.503+0000] {task_command.py:467} INFO - Running <TaskInstance: insert_items.extract_data.create_table_items manual__2024-10-18T04:13:38.058893+00:00 [running]> on host a414d3516fe8
[2024-10-18T04:13:41.595+0000] {taskinstance.py:3131} INFO - Exporting env vars: AIRFLOW_CTX_DAG_OWNER='mherszage' AIRFLOW_CTX_DAG_ID='insert_items' AIRFLOW_CTX_TASK_ID='extract_data.create_table_items' AIRFLOW_CTX_EXECUTION_DATE='2024-10-18T04:13:38.058893+00:00' AIRFLOW_CTX_TRY_NUMBER='1' AIRFLOW_CTX_DAG_RUN_ID='manual__2024-10-18T04:13:38.058893+00:00'
[2024-10-18T04:13:41.598+0000] {taskinstance.py:731} INFO - ::endgroup::
[2024-10-18T04:13:41.627+0000] {sql.py:266} INFO - Executing: CREATE TABLE IF NOT EXISTS items
(
    id    varchar(256),
    title varchar(256)
);
[2024-10-18T04:13:41.730+0000] {base.py:84} INFO - Retrieving connection 'redshift_default'
[2024-10-18T04:13:41.979+0000] {base.py:84} INFO - Retrieving connection 'redshift_default'
[2024-10-18T04:13:43.472+0000] {sql.py:509} INFO - Running statement: CREATE TABLE IF NOT EXISTS items
(
    id    varchar(256),
    title varchar(256)
);, parameters: None
[2024-10-18T04:13:44.129+0000] {taskinstance.py:340} INFO - ::group::Post task execution logs
[2024-10-18T04:13:44.132+0000] {taskinstance.py:352} INFO - Marking task as SUCCESS. dag_id=insert_items, task_id=extract_data.create_table_items, run_id=manual__2024-10-18T04:13:38.058893+00:00, execution_date=20241018T041338, start_date=20241018T041340, end_date=20241018T041344
[2024-10-18T04:13:44.646+0000] {local_task_job_runner.py:266} INFO - Task exited with return code 0
[2024-10-18T04:13:44.729+0000] {warnings.py:112} WARNING - /home/***/.local/lib/python3.12/site-packages/***/models/baseoperator.py:1378: AirflowProviderDeprecationWarning: Call to deprecated class PostgresOperator. (Please use `***.providers.common.sql.operators.sql.SQLExecuteQueryOperator`.Also, you can provide `hook_params={'schema': <database>}`.)
  result = cls.__new__(cls)

[2024-10-18T04:13:45.085+0000] {taskinstance.py:3900} INFO - 0 downstream tasks scheduled from follow-on schedule check
[2024-10-18T04:13:45.088+0000] {local_task_job_runner.py:245} INFO - ::endgroup::
