[2024-10-16T19:27:43.655+0000] {local_task_job_runner.py:123} INFO - ::group::Pre task execution logs
[2024-10-16T19:27:43.687+0000] {taskinstance.py:2612} INFO - Dependencies all met for dep_context=non-requeueable deps ti=<TaskInstance: insert_items.inserts.insert_prices manual__2024-10-16T19:27:29.702372+00:00 [queued]>
[2024-10-16T19:27:43.713+0000] {taskinstance.py:2612} INFO - Dependencies all met for dep_context=requeueable deps ti=<TaskInstance: insert_items.inserts.insert_prices manual__2024-10-16T19:27:29.702372+00:00 [queued]>
[2024-10-16T19:27:43.716+0000] {taskinstance.py:2865} INFO - Starting attempt 1 of 2
[2024-10-16T19:27:43.736+0000] {taskinstance.py:2888} INFO - Executing <Task(PythonOperator): inserts.insert_prices> on 2024-10-16 19:27:29.702372+00:00
[2024-10-16T19:27:43.824+0000] {warnings.py:112} WARNING - /home/***/.local/lib/python3.12/site-packages/***/task/task_runner/standard_task_runner.py:70: DeprecationWarning: This process (pid=63) is multi-threaded, use of fork() may lead to deadlocks in the child.
  pid = os.fork()

[2024-10-16T19:27:43.830+0000] {standard_task_runner.py:72} INFO - Started process 74 to run task
[2024-10-16T19:27:43.828+0000] {standard_task_runner.py:104} INFO - Running: ['***', 'tasks', 'run', 'insert_items', 'inserts.insert_prices', 'manual__2024-10-16T19:27:29.702372+00:00', '--job-id', '79', '--raw', '--subdir', 'DAGS_FOLDER/insert_items.py', '--cfg-path', '/tmp/tmp3xmn6wzl']
[2024-10-16T19:27:43.842+0000] {standard_task_runner.py:105} INFO - Job 79: Subtask inserts.insert_prices
[2024-10-16T19:27:43.969+0000] {task_command.py:467} INFO - Running <TaskInstance: insert_items.inserts.insert_prices manual__2024-10-16T19:27:29.702372+00:00 [running]> on host 2109dd405c1b
[2024-10-16T19:27:44.131+0000] {taskinstance.py:3131} INFO - Exporting env vars: AIRFLOW_CTX_DAG_OWNER='mherszage' AIRFLOW_CTX_DAG_ID='insert_items' AIRFLOW_CTX_TASK_ID='inserts.insert_prices' AIRFLOW_CTX_EXECUTION_DATE='2024-10-16T19:27:29.702372+00:00' AIRFLOW_CTX_TRY_NUMBER='1' AIRFLOW_CTX_DAG_RUN_ID='manual__2024-10-16T19:27:29.702372+00:00'
[2024-10-16T19:27:44.133+0000] {taskinstance.py:731} INFO - ::endgroup::
[2024-10-16T19:27:46.334+0000] {logging_mixin.py:190} INFO - Query items_query executed
[2024-10-16T19:27:46.337+0000] {logging_mixin.py:190} INFO - MLA1420542199
[2024-10-16T19:27:46.927+0000] {logging_mixin.py:190} INFO - Error: 401
[2024-10-16T19:27:46.928+0000] {logging_mixin.py:190} INFO - MLA1513783534
[2024-10-16T19:27:47.455+0000] {logging_mixin.py:190} INFO - Error: 401
[2024-10-16T19:27:47.457+0000] {logging_mixin.py:190} INFO - MLA1455028687
[2024-10-16T19:27:48.068+0000] {logging_mixin.py:190} INFO - Error: 401
[2024-10-16T19:27:48.069+0000] {logging_mixin.py:190} INFO - MLA1642598964
[2024-10-16T19:27:48.677+0000] {logging_mixin.py:190} INFO - Error: 401
[2024-10-16T19:27:48.678+0000] {logging_mixin.py:190} INFO - MLA1425634379
[2024-10-16T19:27:48.950+0000] {job.py:229} INFO - Heartbeat recovered after 14.20 seconds
[2024-10-16T19:27:49.235+0000] {logging_mixin.py:190} INFO - Error: 401
[2024-10-16T19:27:49.236+0000] {logging_mixin.py:190} INFO - MLA1771015420
[2024-10-16T19:27:50.179+0000] {logging_mixin.py:190} INFO - Error: 401
[2024-10-16T19:27:50.184+0000] {logging_mixin.py:190} INFO - MLA1438316301
[2024-10-16T19:27:50.858+0000] {logging_mixin.py:190} INFO - Error: 401
[2024-10-16T19:27:50.872+0000] {logging_mixin.py:190} INFO - MLA1923504016
[2024-10-16T19:27:51.488+0000] {logging_mixin.py:190} INFO - Error: 401
[2024-10-16T19:27:51.492+0000] {logging_mixin.py:190} INFO - MLA1363095617
[2024-10-16T19:27:52.152+0000] {logging_mixin.py:190} INFO - Error: 401
[2024-10-16T19:27:52.162+0000] {logging_mixin.py:190} INFO - MLA1443618427
[2024-10-16T19:27:52.866+0000] {logging_mixin.py:190} INFO - Error: 401
[2024-10-16T19:27:52.927+0000] {logging_mixin.py:190} INFO - MLA1452539243
[2024-10-16T19:27:53.504+0000] {logging_mixin.py:190} INFO - Error: 401
[2024-10-16T19:27:53.505+0000] {logging_mixin.py:190} INFO - MLA1934620406
[2024-10-16T19:27:54.059+0000] {logging_mixin.py:190} INFO - Error: 401
[2024-10-16T19:27:54.063+0000] {logging_mixin.py:190} INFO - MLA1454525447
[2024-10-16T19:27:54.629+0000] {logging_mixin.py:190} INFO - Error: 401
[2024-10-16T19:27:54.629+0000] {logging_mixin.py:190} INFO - MLA1422452531
[2024-10-16T19:27:55.161+0000] {logging_mixin.py:190} INFO - Error: 401
[2024-10-16T19:27:55.163+0000] {logging_mixin.py:190} INFO - MLA1420491095
[2024-10-16T19:27:55.738+0000] {logging_mixin.py:190} INFO - Error: 401
[2024-10-16T19:27:55.743+0000] {logging_mixin.py:190} INFO - MLA1932107420
[2024-10-16T19:27:56.333+0000] {logging_mixin.py:190} INFO - Error: 401
[2024-10-16T19:27:56.340+0000] {logging_mixin.py:190} INFO - MLA934064691
[2024-10-16T19:27:56.960+0000] {logging_mixin.py:190} INFO - Error: 401
[2024-10-16T19:27:56.963+0000] {logging_mixin.py:190} INFO - MLA1422491335
[2024-10-16T19:27:57.522+0000] {logging_mixin.py:190} INFO - Error: 401
[2024-10-16T19:27:57.523+0000] {logging_mixin.py:190} INFO - MLA1824905578
[2024-10-16T19:27:58.082+0000] {logging_mixin.py:190} INFO - Error: 401
[2024-10-16T19:27:58.083+0000] {logging_mixin.py:190} INFO - MLA1723436604
[2024-10-16T19:27:58.627+0000] {logging_mixin.py:190} INFO - Error: 401
[2024-10-16T19:27:58.628+0000] {logging_mixin.py:190} INFO - MLA1735236438
[2024-10-16T19:27:59.209+0000] {logging_mixin.py:190} INFO - Error: 401
[2024-10-16T19:27:59.211+0000] {logging_mixin.py:190} INFO - MLA1918224392
[2024-10-16T19:27:59.755+0000] {logging_mixin.py:190} INFO - Error: 401
[2024-10-16T19:27:59.759+0000] {logging_mixin.py:190} INFO - MLA1814734538
[2024-10-16T19:28:00.313+0000] {logging_mixin.py:190} INFO - Error: 401
[2024-10-16T19:28:00.314+0000] {logging_mixin.py:190} INFO - MLA1389166937
[2024-10-16T19:28:00.873+0000] {logging_mixin.py:190} INFO - Error: 401
[2024-10-16T19:28:00.875+0000] {logging_mixin.py:190} INFO - MLA1409364971
[2024-10-16T19:28:01.443+0000] {logging_mixin.py:190} INFO - Error: 401
[2024-10-16T19:28:01.446+0000] {logging_mixin.py:190} INFO - MLA1363379415
[2024-10-16T19:28:02.044+0000] {logging_mixin.py:190} INFO - Error: 401
[2024-10-16T19:28:02.047+0000] {logging_mixin.py:190} INFO - MLA1403544371
[2024-10-16T19:28:02.639+0000] {logging_mixin.py:190} INFO - Error: 401
[2024-10-16T19:28:02.640+0000] {logging_mixin.py:190} INFO - MLA1933005728
[2024-10-16T19:28:03.189+0000] {logging_mixin.py:190} INFO - Error: 401
[2024-10-16T19:28:03.191+0000] {logging_mixin.py:190} INFO - MLA1902022692
[2024-10-16T19:28:03.774+0000] {logging_mixin.py:190} INFO - Error: 401
[2024-10-16T19:28:03.779+0000] {logging_mixin.py:190} INFO - MLA1876554140
[2024-10-16T19:28:04.314+0000] {logging_mixin.py:190} INFO - Error: 401
[2024-10-16T19:28:04.315+0000] {logging_mixin.py:190} INFO - MLA1896057314
[2024-10-16T19:28:04.882+0000] {logging_mixin.py:190} INFO - Error: 401
[2024-10-16T19:28:04.886+0000] {logging_mixin.py:190} INFO - MLA1433388441
[2024-10-16T19:28:05.453+0000] {logging_mixin.py:190} INFO - Error: 401
[2024-10-16T19:28:05.455+0000] {logging_mixin.py:190} INFO - MLA1915925398
[2024-10-16T19:28:05.997+0000] {logging_mixin.py:190} INFO - Error: 401
[2024-10-16T19:28:05.997+0000] {logging_mixin.py:190} INFO - MLA1848666858
[2024-10-16T19:28:06.566+0000] {logging_mixin.py:190} INFO - Error: 401
[2024-10-16T19:28:06.572+0000] {logging_mixin.py:190} INFO - MLA1854941032
[2024-10-16T19:28:07.145+0000] {logging_mixin.py:190} INFO - Error: 401
[2024-10-16T19:28:07.147+0000] {logging_mixin.py:190} INFO - MLA1933058072
[2024-10-16T19:28:07.695+0000] {logging_mixin.py:190} INFO - Error: 401
[2024-10-16T19:28:07.695+0000] {logging_mixin.py:190} INFO - MLA1876044426
[2024-10-16T19:28:08.234+0000] {logging_mixin.py:190} INFO - Error: 401
[2024-10-16T19:28:08.235+0000] {logging_mixin.py:190} INFO - MLA1413189069
[2024-10-16T19:28:08.792+0000] {logging_mixin.py:190} INFO - Error: 401
[2024-10-16T19:28:08.793+0000] {logging_mixin.py:190} INFO - MLA1800918872
[2024-10-16T19:28:09.326+0000] {logging_mixin.py:190} INFO - Error: 401
[2024-10-16T19:28:09.327+0000] {logging_mixin.py:190} INFO - MLA1451984191
[2024-10-16T19:28:09.867+0000] {logging_mixin.py:190} INFO - Error: 401
[2024-10-16T19:28:09.867+0000] {logging_mixin.py:190} INFO - MLA1869209536
[2024-10-16T19:28:10.403+0000] {logging_mixin.py:190} INFO - Error: 401
[2024-10-16T19:28:10.406+0000] {logging_mixin.py:190} INFO - MLA1470966770
[2024-10-16T19:28:10.965+0000] {logging_mixin.py:190} INFO - Error: 401
[2024-10-16T19:28:10.965+0000] {logging_mixin.py:190} INFO - MLA1876671498
[2024-10-16T19:28:11.513+0000] {logging_mixin.py:190} INFO - Error: 401
[2024-10-16T19:28:11.514+0000] {logging_mixin.py:190} INFO - MLA1425892217
[2024-10-16T19:28:12.048+0000] {logging_mixin.py:190} INFO - Error: 401
[2024-10-16T19:28:12.049+0000] {logging_mixin.py:190} INFO - MLA1771013260
[2024-10-16T19:28:12.624+0000] {logging_mixin.py:190} INFO - Error: 401
[2024-10-16T19:28:12.632+0000] {logging_mixin.py:190} INFO - MLA1417840319
[2024-10-16T19:28:13.226+0000] {logging_mixin.py:190} INFO - Error: 401
[2024-10-16T19:28:13.228+0000] {logging_mixin.py:190} INFO - MLA1452087571
[2024-10-16T19:28:13.771+0000] {logging_mixin.py:190} INFO - Error: 401
[2024-10-16T19:28:13.772+0000] {logging_mixin.py:190} INFO - MLA1436556685
[2024-10-16T19:28:14.330+0000] {logging_mixin.py:190} INFO - Error: 401
[2024-10-16T19:28:14.332+0000] {logging_mixin.py:190} INFO - MLA1426112753
[2024-10-16T19:28:14.867+0000] {logging_mixin.py:190} INFO - Error: 401
[2024-10-16T19:28:14.869+0000] {logging_mixin.py:190} INFO - MLA1439039201
[2024-10-16T19:28:15.441+0000] {logging_mixin.py:190} INFO - Error: 401
[2024-10-16T19:28:15.444+0000] {logging_mixin.py:190} INFO - MLA1429767130
[2024-10-16T19:28:16.006+0000] {logging_mixin.py:190} INFO - Error: 401
[2024-10-16T19:28:16.007+0000] {logging_mixin.py:190} INFO - MLA1440271167
[2024-10-16T19:28:16.575+0000] {logging_mixin.py:190} INFO - Error: 401
[2024-10-16T19:28:16.578+0000] {logging_mixin.py:190} INFO - MLA934055466
[2024-10-16T19:28:17.137+0000] {logging_mixin.py:190} INFO - Error: 401
[2024-10-16T19:28:17.138+0000] {logging_mixin.py:190} INFO - MLA1444880845
[2024-10-16T19:28:17.668+0000] {logging_mixin.py:190} INFO - Error: 401
[2024-10-16T19:28:17.669+0000] {logging_mixin.py:190} INFO - MLA1422439293
[2024-10-16T19:28:18.218+0000] {logging_mixin.py:190} INFO - Error: 401
[2024-10-16T19:28:18.219+0000] {logging_mixin.py:190} INFO - MLA1735248328
[2024-10-16T19:28:18.774+0000] {logging_mixin.py:190} INFO - Error: 401
[2024-10-16T19:28:18.775+0000] {logging_mixin.py:190} INFO - MLA1402640681
[2024-10-16T19:28:19.317+0000] {logging_mixin.py:190} INFO - Error: 401
[2024-10-16T19:28:19.318+0000] {logging_mixin.py:190} INFO - MLA1126675691
[2024-10-16T19:28:19.862+0000] {logging_mixin.py:190} INFO - Error: 401
[2024-10-16T19:28:19.863+0000] {logging_mixin.py:190} INFO - MLA897209769
[2024-10-16T19:28:20.401+0000] {logging_mixin.py:190} INFO - Error: 401
[2024-10-16T19:28:20.402+0000] {logging_mixin.py:190} INFO - MLA1924986116
[2024-10-16T19:28:20.966+0000] {logging_mixin.py:190} INFO - Error: 401
[2024-10-16T19:28:20.967+0000] {logging_mixin.py:190} INFO - MLA1866922458
[2024-10-16T19:28:21.531+0000] {logging_mixin.py:190} INFO - Error: 401
[2024-10-16T19:28:21.540+0000] {python.py:240} INFO - Done. Returned value was: None
[2024-10-16T19:28:21.600+0000] {taskinstance.py:340} INFO - ::group::Post task execution logs
[2024-10-16T19:28:21.601+0000] {taskinstance.py:352} INFO - Marking task as SUCCESS. dag_id=insert_items, task_id=inserts.insert_prices, run_id=manual__2024-10-16T19:27:29.702372+00:00, execution_date=20241016T192729, start_date=20241016T192743, end_date=20241016T192821
[2024-10-16T19:28:21.700+0000] {local_task_job_runner.py:266} INFO - Task exited with return code 0
[2024-10-16T19:28:21.756+0000] {taskinstance.py:3900} INFO - 0 downstream tasks scheduled from follow-on schedule check
[2024-10-16T19:28:21.758+0000] {local_task_job_runner.py:245} INFO - ::endgroup::
