[2024-10-18T05:08:18.723+0000] {local_task_job_runner.py:123} INFO - ::group::Pre task execution logs
[2024-10-18T05:08:18.791+0000] {taskinstance.py:2612} INFO - Dependencies all met for dep_context=non-requeueable deps ti=<TaskInstance: elt.extract_load_data.create_table_items scheduled__2024-10-16T12:00:00+00:00 [queued]>
[2024-10-18T05:08:18.836+0000] {taskinstance.py:2612} INFO - Dependencies all met for dep_context=requeueable deps ti=<TaskInstance: elt.extract_load_data.create_table_items scheduled__2024-10-16T12:00:00+00:00 [queued]>
[2024-10-18T05:08:18.837+0000] {taskinstance.py:2865} INFO - Starting attempt 1 of 2
[2024-10-18T05:08:18.878+0000] {taskinstance.py:2888} INFO - Executing <Task(PostgresOperator): extract_load_data.create_table_items> on 2024-10-16 12:00:00+00:00
[2024-10-18T05:08:18.905+0000] {warnings.py:112} WARNING - /home/***/.local/lib/python3.12/site-packages/***/task/task_runner/standard_task_runner.py:70: DeprecationWarning: This process (pid=1873) is multi-threaded, use of fork() may lead to deadlocks in the child.
  pid = os.fork()

[2024-10-18T05:08:18.929+0000] {standard_task_runner.py:72} INFO - Started process 1886 to run task
[2024-10-18T05:08:18.927+0000] {standard_task_runner.py:104} INFO - Running: ['***', 'tasks', 'run', 'elt', 'extract_load_data.create_table_items', 'scheduled__2024-10-16T12:00:00+00:00', '--job-id', '185', '--raw', '--subdir', 'DAGS_FOLDER/elt.py', '--cfg-path', '/tmp/tmpr6tkrepx']
[2024-10-18T05:08:18.937+0000] {standard_task_runner.py:105} INFO - Job 185: Subtask extract_load_data.create_table_items
[2024-10-18T05:08:23.948+0000] {task_command.py:467} INFO - Running <TaskInstance: elt.extract_load_data.create_table_items scheduled__2024-10-16T12:00:00+00:00 [running]> on host a414d3516fe8
[2024-10-18T05:08:24.398+0000] {taskinstance.py:3131} INFO - Exporting env vars: AIRFLOW_CTX_DAG_OWNER='mherszage' AIRFLOW_CTX_DAG_ID='elt' AIRFLOW_CTX_TASK_ID='extract_load_data.create_table_items' AIRFLOW_CTX_EXECUTION_DATE='2024-10-16T12:00:00+00:00' AIRFLOW_CTX_TRY_NUMBER='1' AIRFLOW_CTX_DAG_RUN_ID='scheduled__2024-10-16T12:00:00+00:00'
[2024-10-18T05:08:24.409+0000] {taskinstance.py:731} INFO - ::endgroup::
[2024-10-18T05:08:24.476+0000] {sql.py:266} INFO - Executing: CREATE TABLE IF NOT EXISTS "2024_melissa_herszage_schema".l1_items
(
    id    varchar(256),
    title varchar(256),
    created_at timestamp
);
[2024-10-18T05:08:24.493+0000] {base.py:84} INFO - Retrieving connection 'redshift_default'
[2024-10-18T05:08:24.520+0000] {base.py:84} INFO - Retrieving connection 'redshift_default'
[2024-10-18T05:08:26.016+0000] {sql.py:509} INFO - Running statement: CREATE TABLE IF NOT EXISTS "2024_melissa_herszage_schema".l1_items
(
    id    varchar(256),
    title varchar(256),
    created_at timestamp
);, parameters: None
[2024-10-18T05:08:26.644+0000] {taskinstance.py:340} INFO - ::group::Post task execution logs
[2024-10-18T05:08:26.649+0000] {taskinstance.py:352} INFO - Marking task as SUCCESS. dag_id=elt, task_id=extract_load_data.create_table_items, run_id=scheduled__2024-10-16T12:00:00+00:00, execution_date=20241016T120000, start_date=20241018T050818, end_date=20241018T050826
[2024-10-18T05:08:26.799+0000] {local_task_job_runner.py:266} INFO - Task exited with return code 0
[2024-10-18T05:08:26.892+0000] {local_task_job_runner.py:245} INFO - ::endgroup::
