[2024-10-18T04:16:23.545+0000] {local_task_job_runner.py:123} INFO - ::group::Pre task execution logs
[2024-10-18T04:16:23.588+0000] {taskinstance.py:2612} INFO - Dependencies all met for dep_context=non-requeueable deps ti=<TaskInstance: insert_items.extract_data.create_table_prices manual__2024-10-18T04:16:19.077923+00:00 [queued]>
[2024-10-18T04:16:23.599+0000] {taskinstance.py:2612} INFO - Dependencies all met for dep_context=requeueable deps ti=<TaskInstance: insert_items.extract_data.create_table_prices manual__2024-10-18T04:16:19.077923+00:00 [queued]>
[2024-10-18T04:16:23.603+0000] {taskinstance.py:2865} INFO - Starting attempt 1 of 2
[2024-10-18T04:16:23.620+0000] {taskinstance.py:2888} INFO - Executing <Task(PostgresOperator): extract_data.create_table_prices> on 2024-10-18 04:16:19.077923+00:00
[2024-10-18T04:16:23.632+0000] {warnings.py:112} WARNING - /home/***/.local/lib/python3.12/site-packages/***/task/task_runner/standard_task_runner.py:70: DeprecationWarning: This process (pid=1213) is multi-threaded, use of fork() may lead to deadlocks in the child.
  pid = os.fork()

[2024-10-18T04:16:23.638+0000] {standard_task_runner.py:72} INFO - Started process 1217 to run task
[2024-10-18T04:16:23.637+0000] {standard_task_runner.py:104} INFO - Running: ['***', 'tasks', 'run', 'insert_items', 'extract_data.create_table_prices', 'manual__2024-10-18T04:16:19.077923+00:00', '--job-id', '180', '--raw', '--subdir', 'DAGS_FOLDER/insert_items.py', '--cfg-path', '/tmp/tmpfuajuxnp']
[2024-10-18T04:16:23.660+0000] {standard_task_runner.py:105} INFO - Job 180: Subtask extract_data.create_table_prices
[2024-10-18T04:16:25.461+0000] {task_command.py:467} INFO - Running <TaskInstance: insert_items.extract_data.create_table_prices manual__2024-10-18T04:16:19.077923+00:00 [running]> on host a414d3516fe8
[2024-10-18T04:16:29.927+0000] {taskinstance.py:3131} INFO - Exporting env vars: AIRFLOW_CTX_DAG_OWNER='mherszage' AIRFLOW_CTX_DAG_ID='insert_items' AIRFLOW_CTX_TASK_ID='extract_data.create_table_prices' AIRFLOW_CTX_EXECUTION_DATE='2024-10-18T04:16:19.077923+00:00' AIRFLOW_CTX_TRY_NUMBER='1' AIRFLOW_CTX_DAG_RUN_ID='manual__2024-10-18T04:16:19.077923+00:00'
[2024-10-18T04:16:29.984+0000] {taskinstance.py:731} INFO - ::endgroup::
[2024-10-18T04:16:30.554+0000] {sql.py:266} INFO - Executing: CREATE TABLE IF NOT EXISTS public.item_prices
(
    item_id            varchar(256),
    condition          varchar(256),
    price              int,
    currency           varchar(256),
    available_quantity int,
    created_at         timestamp
)
[2024-10-18T04:16:32.087+0000] {base.py:84} INFO - Retrieving connection 'redshift_default'
[2024-10-18T04:16:32.477+0000] {base.py:84} INFO - Retrieving connection 'redshift_default'
[2024-10-18T04:16:34.208+0000] {sql.py:509} INFO - Running statement: CREATE TABLE IF NOT EXISTS public.item_prices
(
    item_id            varchar(256),
    condition          varchar(256),
    price              int,
    currency           varchar(256),
    available_quantity int,
    created_at         timestamp
), parameters: None
[2024-10-18T04:16:34.898+0000] {taskinstance.py:340} INFO - ::group::Post task execution logs
[2024-10-18T04:16:34.907+0000] {taskinstance.py:352} INFO - Marking task as SUCCESS. dag_id=insert_items, task_id=extract_data.create_table_prices, run_id=manual__2024-10-18T04:16:19.077923+00:00, execution_date=20241018T041619, start_date=20241018T041623, end_date=20241018T041634
[2024-10-18T04:16:35.101+0000] {local_task_job_runner.py:266} INFO - Task exited with return code 0
[2024-10-18T04:16:35.114+0000] {local_task_job_runner.py:245} INFO - ::endgroup::
