[2024-10-21T03:09:44.106+0000] {local_task_job_runner.py:123} INFO - ::group::Pre task execution logs
[2024-10-21T03:09:44.139+0000] {taskinstance.py:2612} INFO - Dependencies all met for dep_context=non-requeueable deps ti=<TaskInstance: elt.extract_load_data.create_table_prices manual__2024-10-21T03:09:40.637302+00:00 [queued]>
[2024-10-21T03:09:44.150+0000] {taskinstance.py:2612} INFO - Dependencies all met for dep_context=requeueable deps ti=<TaskInstance: elt.extract_load_data.create_table_prices manual__2024-10-21T03:09:40.637302+00:00 [queued]>
[2024-10-21T03:09:44.151+0000] {taskinstance.py:2865} INFO - Starting attempt 1 of 2
[2024-10-21T03:09:44.164+0000] {taskinstance.py:2888} INFO - Executing <Task(PostgresOperator): extract_load_data.create_table_prices> on 2024-10-21 03:09:40.637302+00:00
[2024-10-21T03:09:44.189+0000] {warnings.py:112} WARNING - /home/***/.local/lib/python3.12/site-packages/***/task/task_runner/standard_task_runner.py:70: DeprecationWarning: This process (pid=277) is multi-threaded, use of fork() may lead to deadlocks in the child.
  pid = os.fork()

[2024-10-21T03:09:44.196+0000] {standard_task_runner.py:72} INFO - Started process 280 to run task
[2024-10-21T03:09:44.196+0000] {standard_task_runner.py:104} INFO - Running: ['***', 'tasks', 'run', 'elt', 'extract_load_data.create_table_prices', 'manual__2024-10-21T03:09:40.637302+00:00', '--job-id', '118', '--raw', '--subdir', 'DAGS_FOLDER/elt.py', '--cfg-path', '/tmp/tmpnlertq8r']
[2024-10-21T03:09:44.207+0000] {standard_task_runner.py:105} INFO - Job 118: Subtask extract_load_data.create_table_prices
[2024-10-21T03:09:46.133+0000] {task_command.py:467} INFO - Running <TaskInstance: elt.extract_load_data.create_table_prices manual__2024-10-21T03:09:40.637302+00:00 [running]> on host 6c3793bbe9c9
[2024-10-21T03:09:46.203+0000] {taskinstance.py:3131} INFO - Exporting env vars: AIRFLOW_CTX_DAG_OWNER='mherszage' AIRFLOW_CTX_DAG_ID='elt' AIRFLOW_CTX_TASK_ID='extract_load_data.create_table_prices' AIRFLOW_CTX_EXECUTION_DATE='2024-10-21T03:09:40.637302+00:00' AIRFLOW_CTX_TRY_NUMBER='1' AIRFLOW_CTX_DAG_RUN_ID='manual__2024-10-21T03:09:40.637302+00:00'
[2024-10-21T03:09:46.204+0000] {taskinstance.py:731} INFO - ::endgroup::
[2024-10-21T03:09:46.219+0000] {sql.py:266} INFO - Executing: CREATE TABLE IF NOT EXISTS "2024_melissa_herszage_schema".l1_item_prices
(
    item_id            varchar(256),
    condition          varchar(256),
    price              int,
    currency           varchar(256),
    available_quantity int,
    created_at         timestamp
)
[2024-10-21T03:09:46.226+0000] {base.py:84} INFO - Retrieving connection 'redshift_default'
[2024-10-21T03:09:46.498+0000] {base.py:84} INFO - Retrieving connection 'redshift_default'
[2024-10-21T03:09:48.598+0000] {sql.py:509} INFO - Running statement: CREATE TABLE IF NOT EXISTS "2024_melissa_herszage_schema".l1_item_prices
(
    item_id            varchar(256),
    condition          varchar(256),
    price              int,
    currency           varchar(256),
    available_quantity int,
    created_at         timestamp
), parameters: None
[2024-10-21T03:09:58.164+0000] {taskinstance.py:340} INFO - ::group::Post task execution logs
[2024-10-21T03:09:58.186+0000] {taskinstance.py:352} INFO - Marking task as SUCCESS. dag_id=elt, task_id=extract_load_data.create_table_prices, run_id=manual__2024-10-21T03:09:40.637302+00:00, execution_date=20241021T030940, start_date=20241021T030944, end_date=20241021T030958
[2024-10-21T03:10:01.094+0000] {local_task_job_runner.py:266} INFO - Task exited with return code 0
[2024-10-21T03:10:01.126+0000] {warnings.py:112} WARNING - /home/***/.local/lib/python3.12/site-packages/***/models/baseoperator.py:1378: AirflowProviderDeprecationWarning: Call to deprecated class PostgresOperator. (Please use `***.providers.common.sql.operators.sql.SQLExecuteQueryOperator`.Also, you can provide `hook_params={'schema': <database>}`.)
  result = cls.__new__(cls)

[2024-10-21T03:10:01.143+0000] {taskinstance.py:3900} INFO - 0 downstream tasks scheduled from follow-on schedule check
[2024-10-21T03:10:01.144+0000] {local_task_job_runner.py:245} INFO - ::endgroup::
