[2024-10-21T02:00:48.931+0000] {local_task_job_runner.py:123} INFO - ::group::Pre task execution logs
[2024-10-21T02:00:48.979+0000] {taskinstance.py:2612} INFO - Dependencies all met for dep_context=non-requeueable deps ti=<TaskInstance: elt.extract_load_data.create_table_items manual__2024-10-21T02:00:46.612677+00:00 [queued]>
[2024-10-21T02:00:48.991+0000] {taskinstance.py:2612} INFO - Dependencies all met for dep_context=requeueable deps ti=<TaskInstance: elt.extract_load_data.create_table_items manual__2024-10-21T02:00:46.612677+00:00 [queued]>
[2024-10-21T02:00:48.993+0000] {taskinstance.py:2865} INFO - Starting attempt 1 of 2
[2024-10-21T02:00:49.003+0000] {taskinstance.py:2888} INFO - Executing <Task(PostgresOperator): extract_load_data.create_table_items> on 2024-10-21 02:00:46.612677+00:00
[2024-10-21T02:00:49.014+0000] {warnings.py:112} WARNING - /home/***/.local/lib/python3.12/site-packages/***/task/task_runner/standard_task_runner.py:70: DeprecationWarning: This process (pid=731) is multi-threaded, use of fork() may lead to deadlocks in the child.
  pid = os.fork()

[2024-10-21T02:00:49.016+0000] {standard_task_runner.py:72} INFO - Started process 742 to run task
[2024-10-21T02:00:49.017+0000] {standard_task_runner.py:104} INFO - Running: ['***', 'tasks', 'run', 'elt', 'extract_load_data.create_table_items', 'manual__2024-10-21T02:00:46.612677+00:00', '--job-id', '35', '--raw', '--subdir', 'DAGS_FOLDER/elt.py', '--cfg-path', '/tmp/tmpc3nj09oh']
[2024-10-21T02:00:49.030+0000] {standard_task_runner.py:105} INFO - Job 35: Subtask extract_load_data.create_table_items
[2024-10-21T02:00:50.065+0000] {task_command.py:467} INFO - Running <TaskInstance: elt.extract_load_data.create_table_items manual__2024-10-21T02:00:46.612677+00:00 [running]> on host acebe3f59a66
[2024-10-21T02:00:50.186+0000] {taskinstance.py:3131} INFO - Exporting env vars: AIRFLOW_CTX_DAG_OWNER='mherszage' AIRFLOW_CTX_DAG_ID='elt' AIRFLOW_CTX_TASK_ID='extract_load_data.create_table_items' AIRFLOW_CTX_EXECUTION_DATE='2024-10-21T02:00:46.612677+00:00' AIRFLOW_CTX_TRY_NUMBER='1' AIRFLOW_CTX_DAG_RUN_ID='manual__2024-10-21T02:00:46.612677+00:00'
[2024-10-21T02:00:50.188+0000] {taskinstance.py:731} INFO - ::endgroup::
[2024-10-21T02:00:50.212+0000] {sql.py:266} INFO - Executing: CREATE TABLE IF NOT EXISTS "2024_melissa_herszage_schema".l1_items
(
    id    varchar(256),
    title varchar(256),
    created_at timestamp
);
[2024-10-21T02:00:50.229+0000] {base.py:84} INFO - Retrieving connection 'redshift_default'
[2024-10-21T02:00:51.013+0000] {base.py:84} INFO - Retrieving connection 'redshift_default'
[2024-10-21T02:01:05.129+0000] {job.py:229} INFO - Heartbeat recovered after 16.26 seconds
[2024-10-21T02:01:06.133+0000] {sql.py:509} INFO - Running statement: CREATE TABLE IF NOT EXISTS "2024_melissa_herszage_schema".l1_items
(
    id    varchar(256),
    title varchar(256),
    created_at timestamp
);, parameters: None
[2024-10-21T02:01:07.604+0000] {taskinstance.py:340} INFO - ::group::Post task execution logs
[2024-10-21T02:01:07.612+0000] {taskinstance.py:352} INFO - Marking task as SUCCESS. dag_id=elt, task_id=extract_load_data.create_table_items, run_id=manual__2024-10-21T02:00:46.612677+00:00, execution_date=20241021T020046, start_date=20241021T020048, end_date=20241021T020107
[2024-10-21T02:01:07.882+0000] {local_task_job_runner.py:266} INFO - Task exited with return code 0
[2024-10-21T02:01:08.031+0000] {warnings.py:112} WARNING - /home/***/.local/lib/python3.12/site-packages/***/models/baseoperator.py:1378: AirflowProviderDeprecationWarning: Call to deprecated class PostgresOperator. (Please use `***.providers.common.sql.operators.sql.SQLExecuteQueryOperator`.Also, you can provide `hook_params={'schema': <database>}`.)
  result = cls.__new__(cls)

[2024-10-21T02:01:08.085+0000] {taskinstance.py:3900} INFO - 0 downstream tasks scheduled from follow-on schedule check
[2024-10-21T02:01:08.087+0000] {local_task_job_runner.py:245} INFO - ::endgroup::
