[2024-10-16T19:07:09.148+0000] {local_task_job_runner.py:123} INFO - ::group::Pre task execution logs
[2024-10-16T19:07:09.160+0000] {taskinstance.py:2612} INFO - Dependencies all met for dep_context=non-requeueable deps ti=<TaskInstance: insert_items.inserts.insert_prices manual__2024-10-16T19:07:04.499896+00:00 [queued]>
[2024-10-16T19:07:09.165+0000] {taskinstance.py:2612} INFO - Dependencies all met for dep_context=requeueable deps ti=<TaskInstance: insert_items.inserts.insert_prices manual__2024-10-16T19:07:04.499896+00:00 [queued]>
[2024-10-16T19:07:09.167+0000] {taskinstance.py:2865} INFO - Starting attempt 1 of 2
[2024-10-16T19:07:09.181+0000] {taskinstance.py:2888} INFO - Executing <Task(PythonOperator): inserts.insert_prices> on 2024-10-16 19:07:04.499896+00:00
[2024-10-16T19:07:09.192+0000] {warnings.py:112} WARNING - /home/***/.local/lib/python3.12/site-packages/***/task/task_runner/standard_task_runner.py:70: DeprecationWarning: This process (pid=123) is multi-threaded, use of fork() may lead to deadlocks in the child.
  pid = os.fork()

[2024-10-16T19:07:09.195+0000] {standard_task_runner.py:72} INFO - Started process 126 to run task
[2024-10-16T19:07:09.212+0000] {standard_task_runner.py:104} INFO - Running: ['***', 'tasks', 'run', 'insert_items', 'inserts.insert_prices', 'manual__2024-10-16T19:07:04.499896+00:00', '--job-id', '71', '--raw', '--subdir', 'DAGS_FOLDER/insert_items.py', '--cfg-path', '/tmp/tmphysuxw8c']
[2024-10-16T19:07:09.215+0000] {standard_task_runner.py:105} INFO - Job 71: Subtask inserts.insert_prices
[2024-10-16T19:07:09.281+0000] {task_command.py:467} INFO - Running <TaskInstance: insert_items.inserts.insert_prices manual__2024-10-16T19:07:04.499896+00:00 [running]> on host 2109dd405c1b
[2024-10-16T19:07:09.391+0000] {taskinstance.py:3131} INFO - Exporting env vars: AIRFLOW_CTX_DAG_OWNER='mherszage' AIRFLOW_CTX_DAG_ID='insert_items' AIRFLOW_CTX_TASK_ID='inserts.insert_prices' AIRFLOW_CTX_EXECUTION_DATE='2024-10-16T19:07:04.499896+00:00' AIRFLOW_CTX_TRY_NUMBER='1' AIRFLOW_CTX_DAG_RUN_ID='manual__2024-10-16T19:07:04.499896+00:00'
[2024-10-16T19:07:09.394+0000] {taskinstance.py:731} INFO - ::endgroup::
[2024-10-16T19:07:11.338+0000] {logging_mixin.py:190} INFO - Query items_query executed
[2024-10-16T19:07:11.944+0000] {logging_mixin.py:190} INFO - Error: 404
[2024-10-16T19:07:12.505+0000] {logging_mixin.py:190} INFO - Error: 404
[2024-10-16T19:07:13.069+0000] {logging_mixin.py:190} INFO - Error: 404
[2024-10-16T19:07:13.613+0000] {logging_mixin.py:190} INFO - Error: 404
[2024-10-16T19:07:14.177+0000] {logging_mixin.py:190} INFO - Error: 404
[2024-10-16T19:07:14.725+0000] {logging_mixin.py:190} INFO - Error: 404
[2024-10-16T19:07:15.262+0000] {logging_mixin.py:190} INFO - Error: 404
[2024-10-16T19:07:15.812+0000] {logging_mixin.py:190} INFO - Error: 404
[2024-10-16T19:07:16.367+0000] {logging_mixin.py:190} INFO - Error: 404
[2024-10-16T19:07:16.891+0000] {logging_mixin.py:190} INFO - Error: 404
[2024-10-16T19:07:17.441+0000] {logging_mixin.py:190} INFO - Error: 404
[2024-10-16T19:07:17.983+0000] {logging_mixin.py:190} INFO - Error: 404
[2024-10-16T19:07:18.551+0000] {logging_mixin.py:190} INFO - Error: 404
[2024-10-16T19:07:19.086+0000] {logging_mixin.py:190} INFO - Error: 404
[2024-10-16T19:07:19.608+0000] {logging_mixin.py:190} INFO - Error: 404
[2024-10-16T19:07:20.159+0000] {logging_mixin.py:190} INFO - Error: 404
[2024-10-16T19:07:20.709+0000] {logging_mixin.py:190} INFO - Error: 404
[2024-10-16T19:07:21.286+0000] {logging_mixin.py:190} INFO - Error: 404
[2024-10-16T19:07:21.839+0000] {logging_mixin.py:190} INFO - Error: 404
[2024-10-16T19:07:22.407+0000] {logging_mixin.py:190} INFO - Error: 404
[2024-10-16T19:07:22.954+0000] {logging_mixin.py:190} INFO - Error: 404
[2024-10-16T19:07:23.516+0000] {logging_mixin.py:190} INFO - Error: 404
[2024-10-16T19:07:24.075+0000] {logging_mixin.py:190} INFO - Error: 404
[2024-10-16T19:07:24.630+0000] {logging_mixin.py:190} INFO - Error: 404
[2024-10-16T19:07:25.213+0000] {logging_mixin.py:190} INFO - Error: 404
[2024-10-16T19:07:25.767+0000] {logging_mixin.py:190} INFO - Error: 404
[2024-10-16T19:07:26.318+0000] {logging_mixin.py:190} INFO - Error: 404
[2024-10-16T19:07:26.874+0000] {logging_mixin.py:190} INFO - Error: 404
[2024-10-16T19:07:27.416+0000] {logging_mixin.py:190} INFO - Error: 404
[2024-10-16T19:07:27.955+0000] {logging_mixin.py:190} INFO - Error: 404
[2024-10-16T19:07:28.524+0000] {logging_mixin.py:190} INFO - Error: 404
[2024-10-16T19:07:29.063+0000] {logging_mixin.py:190} INFO - Error: 404
[2024-10-16T19:07:29.642+0000] {logging_mixin.py:190} INFO - Error: 404
[2024-10-16T19:07:30.260+0000] {logging_mixin.py:190} INFO - Error: 404
[2024-10-16T19:07:30.813+0000] {logging_mixin.py:190} INFO - Error: 404
[2024-10-16T19:07:31.374+0000] {logging_mixin.py:190} INFO - Error: 404
[2024-10-16T19:07:31.936+0000] {logging_mixin.py:190} INFO - Error: 404
[2024-10-16T19:07:32.505+0000] {logging_mixin.py:190} INFO - Error: 404
[2024-10-16T19:07:33.054+0000] {logging_mixin.py:190} INFO - Error: 404
[2024-10-16T19:07:33.623+0000] {logging_mixin.py:190} INFO - Error: 404
[2024-10-16T19:07:34.173+0000] {logging_mixin.py:190} INFO - Error: 404
[2024-10-16T19:07:34.708+0000] {logging_mixin.py:190} INFO - Error: 404
[2024-10-16T19:07:35.270+0000] {logging_mixin.py:190} INFO - Error: 404
[2024-10-16T19:07:35.815+0000] {logging_mixin.py:190} INFO - Error: 404
[2024-10-16T19:07:36.364+0000] {logging_mixin.py:190} INFO - Error: 404
[2024-10-16T19:07:36.908+0000] {logging_mixin.py:190} INFO - Error: 404
[2024-10-16T19:07:37.451+0000] {logging_mixin.py:190} INFO - Error: 404
[2024-10-16T19:07:38.014+0000] {logging_mixin.py:190} INFO - Error: 404
[2024-10-16T19:07:38.580+0000] {logging_mixin.py:190} INFO - Error: 404
[2024-10-16T19:07:39.125+0000] {logging_mixin.py:190} INFO - Error: 404
[2024-10-16T19:07:39.673+0000] {logging_mixin.py:190} INFO - Error: 404
[2024-10-16T19:07:40.224+0000] {logging_mixin.py:190} INFO - Error: 404
[2024-10-16T19:07:40.789+0000] {logging_mixin.py:190} INFO - Error: 404
[2024-10-16T19:07:41.323+0000] {logging_mixin.py:190} INFO - Error: 404
[2024-10-16T19:07:41.865+0000] {logging_mixin.py:190} INFO - Error: 404
[2024-10-16T19:07:42.406+0000] {logging_mixin.py:190} INFO - Error: 404
[2024-10-16T19:07:42.947+0000] {logging_mixin.py:190} INFO - Error: 404
[2024-10-16T19:07:43.491+0000] {logging_mixin.py:190} INFO - Error: 404
[2024-10-16T19:07:44.034+0000] {logging_mixin.py:190} INFO - Error: 404
[2024-10-16T19:07:44.224+0000] {python.py:240} INFO - Done. Returned value was: None
[2024-10-16T19:07:44.263+0000] {taskinstance.py:340} INFO - ::group::Post task execution logs
[2024-10-16T19:07:44.264+0000] {taskinstance.py:352} INFO - Marking task as SUCCESS. dag_id=insert_items, task_id=inserts.insert_prices, run_id=manual__2024-10-16T19:07:04.499896+00:00, execution_date=20241016T190704, start_date=20241016T190709, end_date=20241016T190744
[2024-10-16T19:07:44.337+0000] {local_task_job_runner.py:266} INFO - Task exited with return code 0
[2024-10-16T19:07:44.367+0000] {taskinstance.py:3900} INFO - 0 downstream tasks scheduled from follow-on schedule check
[2024-10-16T19:07:44.368+0000] {local_task_job_runner.py:245} INFO - ::endgroup::
