[2024-10-18T03:55:27.156+0000] {local_task_job_runner.py:123} INFO - ::group::Pre task execution logs
[2024-10-18T03:55:27.196+0000] {taskinstance.py:2612} INFO - Dependencies all met for dep_context=non-requeueable deps ti=<TaskInstance: insert_items.extract_data.create_table_items manual__2024-10-18T03:55:24.054717+00:00 [queued]>
[2024-10-18T03:55:27.207+0000] {taskinstance.py:2612} INFO - Dependencies all met for dep_context=requeueable deps ti=<TaskInstance: insert_items.extract_data.create_table_items manual__2024-10-18T03:55:24.054717+00:00 [queued]>
[2024-10-18T03:55:27.208+0000] {taskinstance.py:2865} INFO - Starting attempt 1 of 2
[2024-10-18T03:55:27.237+0000] {taskinstance.py:2888} INFO - Executing <Task(PostgresOperator): extract_data.create_table_items> on 2024-10-18 03:55:24.054717+00:00
[2024-10-18T03:55:27.248+0000] {warnings.py:112} WARNING - /home/***/.local/lib/python3.12/site-packages/***/task/task_runner/standard_task_runner.py:70: DeprecationWarning: This process (pid=900) is multi-threaded, use of fork() may lead to deadlocks in the child.
  pid = os.fork()

[2024-10-18T03:55:27.251+0000] {standard_task_runner.py:72} INFO - Started process 903 to run task
[2024-10-18T03:55:27.250+0000] {standard_task_runner.py:104} INFO - Running: ['***', 'tasks', 'run', 'insert_items', 'extract_data.create_table_items', 'manual__2024-10-18T03:55:24.054717+00:00', '--job-id', '166', '--raw', '--subdir', 'DAGS_FOLDER/insert_items.py', '--cfg-path', '/tmp/tmpsz0a_a40']
[2024-10-18T03:55:27.259+0000] {standard_task_runner.py:105} INFO - Job 166: Subtask extract_data.create_table_items
[2024-10-18T03:55:30.157+0000] {task_command.py:467} INFO - Running <TaskInstance: insert_items.extract_data.create_table_items manual__2024-10-18T03:55:24.054717+00:00 [running]> on host a414d3516fe8
[2024-10-18T03:55:30.461+0000] {taskinstance.py:3131} INFO - Exporting env vars: AIRFLOW_CTX_DAG_OWNER='mherszage' AIRFLOW_CTX_DAG_ID='insert_items' AIRFLOW_CTX_TASK_ID='extract_data.create_table_items' AIRFLOW_CTX_EXECUTION_DATE='2024-10-18T03:55:24.054717+00:00' AIRFLOW_CTX_TRY_NUMBER='1' AIRFLOW_CTX_DAG_RUN_ID='manual__2024-10-18T03:55:24.054717+00:00'
[2024-10-18T03:55:30.466+0000] {taskinstance.py:731} INFO - ::endgroup::
[2024-10-18T03:55:30.498+0000] {sql.py:266} INFO - Executing: CREATE TABLE IF NOT EXISTS items
(
    id    varchar(256),
    title varchar(256)
);
[2024-10-18T03:55:30.527+0000] {base.py:84} INFO - Retrieving connection 'redshift_default'
[2024-10-18T03:55:30.614+0000] {base.py:84} INFO - Retrieving connection 'redshift_default'
[2024-10-18T03:55:32.060+0000] {sql.py:509} INFO - Running statement: CREATE TABLE IF NOT EXISTS items
(
    id    varchar(256),
    title varchar(256)
);, parameters: None
[2024-10-18T03:55:32.864+0000] {taskinstance.py:340} INFO - ::group::Post task execution logs
[2024-10-18T03:55:32.875+0000] {taskinstance.py:352} INFO - Marking task as SUCCESS. dag_id=insert_items, task_id=extract_data.create_table_items, run_id=manual__2024-10-18T03:55:24.054717+00:00, execution_date=20241018T035524, start_date=20241018T035527, end_date=20241018T035532
[2024-10-18T03:55:35.377+0000] {local_task_job_runner.py:266} INFO - Task exited with return code 0
[2024-10-18T03:55:35.479+0000] {warnings.py:112} WARNING - /home/***/.local/lib/python3.12/site-packages/***/models/baseoperator.py:1378: AirflowProviderDeprecationWarning: Call to deprecated class PostgresOperator. (Please use `***.providers.common.sql.operators.sql.SQLExecuteQueryOperator`.Also, you can provide `hook_params={'schema': <database>}`.)
  result = cls.__new__(cls)

[2024-10-18T03:55:35.541+0000] {taskinstance.py:3900} INFO - 0 downstream tasks scheduled from follow-on schedule check
[2024-10-18T03:55:35.553+0000] {local_task_job_runner.py:245} INFO - ::endgroup::
