[2024-10-20T04:27:59.886+0000] {local_task_job_runner.py:123} INFO - ::group::Pre task execution logs
[2024-10-20T04:27:59.894+0000] {taskinstance.py:2612} INFO - Dependencies all met for dep_context=non-requeueable deps ti=<TaskInstance: elt.transform_data.l2_dim_item manual__2024-10-20T04:27:27.193622+00:00 [queued]>
[2024-10-20T04:27:59.898+0000] {taskinstance.py:2612} INFO - Dependencies all met for dep_context=requeueable deps ti=<TaskInstance: elt.transform_data.l2_dim_item manual__2024-10-20T04:27:27.193622+00:00 [queued]>
[2024-10-20T04:27:59.898+0000] {taskinstance.py:2865} INFO - Starting attempt 1 of 2
[2024-10-20T04:27:59.905+0000] {taskinstance.py:2888} INFO - Executing <Task(PostgresOperator): transform_data.l2_dim_item> on 2024-10-20 04:27:27.193622+00:00
[2024-10-20T04:27:59.910+0000] {warnings.py:112} WARNING - /home/***/.local/lib/python3.12/site-packages/***/task/task_runner/standard_task_runner.py:70: DeprecationWarning: This process (pid=132) is multi-threaded, use of fork() may lead to deadlocks in the child.
  pid = os.fork()

[2024-10-20T04:27:59.911+0000] {standard_task_runner.py:72} INFO - Started process 134 to run task
[2024-10-20T04:27:59.913+0000] {standard_task_runner.py:104} INFO - Running: ['***', 'tasks', 'run', 'elt', 'transform_data.l2_dim_item', 'manual__2024-10-20T04:27:27.193622+00:00', '--job-id', '221', '--raw', '--subdir', 'DAGS_FOLDER/elt.py', '--cfg-path', '/tmp/tmpz1w06twk']
[2024-10-20T04:27:59.915+0000] {standard_task_runner.py:105} INFO - Job 221: Subtask transform_data.l2_dim_item
[2024-10-20T04:28:00.133+0000] {task_command.py:467} INFO - Running <TaskInstance: elt.transform_data.l2_dim_item manual__2024-10-20T04:27:27.193622+00:00 [running]> on host 3b0481c80fd2
[2024-10-20T04:28:00.180+0000] {taskinstance.py:3131} INFO - Exporting env vars: AIRFLOW_CTX_DAG_OWNER='mherszage' AIRFLOW_CTX_DAG_ID='elt' AIRFLOW_CTX_TASK_ID='transform_data.l2_dim_item' AIRFLOW_CTX_EXECUTION_DATE='2024-10-20T04:27:27.193622+00:00' AIRFLOW_CTX_TRY_NUMBER='1' AIRFLOW_CTX_DAG_RUN_ID='manual__2024-10-20T04:27:27.193622+00:00'
[2024-10-20T04:28:00.181+0000] {taskinstance.py:731} INFO - ::endgroup::
[2024-10-20T04:28:00.188+0000] {sql.py:266} INFO - Executing: BEGIN TRANSACTION
;

CREATE TEMPORARY TABLE staging_dim_item AS
(
WITH filter_variables AS
(SELECT COALESCE(MAX(_dim_item_audit_time), '2024-10-16'::timestamp) AS last_updated FROM "2024_melissa_herszage_schema".l2_dim_item)

    SELECT id as item_id,
        title,
        created_at as _l1_audit_time,
        current_timestamp as _dim_item_audit_time
    FROM "2024_melissa_herszage_schema".l1_items as i
    CROSS JOIN filter_variables fv
    WHERE i.created_at > last_updated
    )
;

DELETE FROM "2024_melissa_herszage_schema".l2_dim_item
WHERE item_id IN (SELECT item_id FROM staging_dim_item)
;

INSERT INTO "2024_melissa_herszage_schema".l2_dim_item
(SELECT * FROM staging_dim_item)
;

END TRANSACTION
;
[2024-10-20T04:28:00.195+0000] {base.py:84} INFO - Retrieving connection 'redshift_default'
[2024-10-20T04:28:00.199+0000] {base.py:84} INFO - Retrieving connection 'redshift_default'
[2024-10-20T04:28:01.386+0000] {sql.py:509} INFO - Running statement: BEGIN TRANSACTION
;

CREATE TEMPORARY TABLE staging_dim_item AS
(
WITH filter_variables AS
(SELECT COALESCE(MAX(_dim_item_audit_time), '2024-10-16'::timestamp) AS last_updated FROM "2024_melissa_herszage_schema".l2_dim_item)

    SELECT id as item_id,
        title,
        created_at as _l1_audit_time,
        current_timestamp as _dim_item_audit_time
    FROM "2024_melissa_herszage_schema".l1_items as i
    CROSS JOIN filter_variables fv
    WHERE i.created_at > last_updated
    )
;

DELETE FROM "2024_melissa_herszage_schema".l2_dim_item
WHERE item_id IN (SELECT item_id FROM staging_dim_item)
;

INSERT INTO "2024_melissa_herszage_schema".l2_dim_item
(SELECT * FROM staging_dim_item)
;

END TRANSACTION
;, parameters: None
[2024-10-20T04:28:07.215+0000] {taskinstance.py:340} INFO - ::group::Post task execution logs
[2024-10-20T04:28:07.217+0000] {taskinstance.py:352} INFO - Marking task as SUCCESS. dag_id=elt, task_id=transform_data.l2_dim_item, run_id=manual__2024-10-20T04:27:27.193622+00:00, execution_date=20241020T042727, start_date=20241020T042759, end_date=20241020T042807
[2024-10-20T04:28:07.288+0000] {local_task_job_runner.py:266} INFO - Task exited with return code 0
[2024-10-20T04:28:07.313+0000] {taskinstance.py:3900} INFO - 0 downstream tasks scheduled from follow-on schedule check
[2024-10-20T04:28:07.314+0000] {local_task_job_runner.py:245} INFO - ::endgroup::
