[2024-10-18T03:55:27.185+0000] {local_task_job_runner.py:123} INFO - ::group::Pre task execution logs
[2024-10-18T03:55:27.216+0000] {taskinstance.py:2612} INFO - Dependencies all met for dep_context=non-requeueable deps ti=<TaskInstance: insert_items.extract_data.create_table_prices manual__2024-10-18T03:55:24.054717+00:00 [queued]>
[2024-10-18T03:55:27.244+0000] {taskinstance.py:2612} INFO - Dependencies all met for dep_context=requeueable deps ti=<TaskInstance: insert_items.extract_data.create_table_prices manual__2024-10-18T03:55:24.054717+00:00 [queued]>
[2024-10-18T03:55:27.247+0000] {taskinstance.py:2865} INFO - Starting attempt 1 of 2
[2024-10-18T03:55:27.269+0000] {taskinstance.py:2888} INFO - Executing <Task(PostgresOperator): extract_data.create_table_prices> on 2024-10-18 03:55:24.054717+00:00
[2024-10-18T03:55:27.279+0000] {warnings.py:112} WARNING - /home/***/.local/lib/python3.12/site-packages/***/task/task_runner/standard_task_runner.py:70: DeprecationWarning: This process (pid=899) is multi-threaded, use of fork() may lead to deadlocks in the child.
  pid = os.fork()

[2024-10-18T03:55:27.285+0000] {standard_task_runner.py:72} INFO - Started process 905 to run task
[2024-10-18T03:55:27.283+0000] {standard_task_runner.py:104} INFO - Running: ['***', 'tasks', 'run', 'insert_items', 'extract_data.create_table_prices', 'manual__2024-10-18T03:55:24.054717+00:00', '--job-id', '167', '--raw', '--subdir', 'DAGS_FOLDER/insert_items.py', '--cfg-path', '/tmp/tmpwoybiiyw']
[2024-10-18T03:55:27.290+0000] {standard_task_runner.py:105} INFO - Job 167: Subtask extract_data.create_table_prices
[2024-10-18T03:55:30.143+0000] {task_command.py:467} INFO - Running <TaskInstance: insert_items.extract_data.create_table_prices manual__2024-10-18T03:55:24.054717+00:00 [running]> on host a414d3516fe8
[2024-10-18T03:55:30.462+0000] {taskinstance.py:3131} INFO - Exporting env vars: AIRFLOW_CTX_DAG_OWNER='mherszage' AIRFLOW_CTX_DAG_ID='insert_items' AIRFLOW_CTX_TASK_ID='extract_data.create_table_prices' AIRFLOW_CTX_EXECUTION_DATE='2024-10-18T03:55:24.054717+00:00' AIRFLOW_CTX_TRY_NUMBER='1' AIRFLOW_CTX_DAG_RUN_ID='manual__2024-10-18T03:55:24.054717+00:00'
[2024-10-18T03:55:30.466+0000] {taskinstance.py:731} INFO - ::endgroup::
[2024-10-18T03:55:30.498+0000] {sql.py:266} INFO - Executing: CREATE TABLE IF NOT EXISTS item_prices
(
    item_id            varchar(256),
    price              integer,
    currency           varchar(256),
    available_quantity integer,
    created_at         timestamp
);
[2024-10-18T03:55:30.530+0000] {base.py:84} INFO - Retrieving connection 'redshift_default'
[2024-10-18T03:55:30.578+0000] {base.py:84} INFO - Retrieving connection 'redshift_default'
[2024-10-18T03:55:32.081+0000] {sql.py:509} INFO - Running statement: CREATE TABLE IF NOT EXISTS item_prices
(
    item_id            varchar(256),
    price              integer,
    currency           varchar(256),
    available_quantity integer,
    created_at         timestamp
);, parameters: None
[2024-10-18T03:55:32.872+0000] {taskinstance.py:340} INFO - ::group::Post task execution logs
[2024-10-18T03:55:32.882+0000] {taskinstance.py:352} INFO - Marking task as SUCCESS. dag_id=insert_items, task_id=extract_data.create_table_prices, run_id=manual__2024-10-18T03:55:24.054717+00:00, execution_date=20241018T035524, start_date=20241018T035527, end_date=20241018T035532
[2024-10-18T03:55:35.388+0000] {local_task_job_runner.py:266} INFO - Task exited with return code 0
[2024-10-18T03:55:35.466+0000] {local_task_job_runner.py:245} INFO - ::endgroup::
