[2024-10-18T02:59:12.623+0000] {local_task_job_runner.py:123} INFO - ::group::Pre task execution logs
[2024-10-18T02:59:12.731+0000] {taskinstance.py:2612} INFO - Dependencies all met for dep_context=non-requeueable deps ti=<TaskInstance: insert_items.inserts.insert_prices scheduled__2024-10-18T02:05:00+00:00 [queued]>
[2024-10-18T02:59:12.752+0000] {taskinstance.py:2612} INFO - Dependencies all met for dep_context=requeueable deps ti=<TaskInstance: insert_items.inserts.insert_prices scheduled__2024-10-18T02:05:00+00:00 [queued]>
[2024-10-18T02:59:12.752+0000] {taskinstance.py:2865} INFO - Starting attempt 2 of 2
[2024-10-18T02:59:12.802+0000] {taskinstance.py:2888} INFO - Executing <Task(PythonOperator): inserts.insert_prices> on 2024-10-18 02:05:00+00:00
[2024-10-18T02:59:12.863+0000] {warnings.py:112} WARNING - /home/***/.local/lib/python3.12/site-packages/***/task/task_runner/standard_task_runner.py:70: DeprecationWarning: This process (pid=107) is multi-threaded, use of fork() may lead to deadlocks in the child.
  pid = os.fork()

[2024-10-18T02:59:12.867+0000] {standard_task_runner.py:72} INFO - Started process 109 to run task
[2024-10-18T02:59:12.865+0000] {standard_task_runner.py:104} INFO - Running: ['***', 'tasks', 'run', 'insert_items', 'inserts.insert_prices', 'scheduled__2024-10-18T02:05:00+00:00', '--job-id', '145', '--raw', '--subdir', 'DAGS_FOLDER/insert_items.py', '--cfg-path', '/tmp/tmp54fy36m7']
[2024-10-18T02:59:12.871+0000] {standard_task_runner.py:105} INFO - Job 145: Subtask inserts.insert_prices
[2024-10-18T02:59:13.323+0000] {task_command.py:467} INFO - Running <TaskInstance: insert_items.inserts.insert_prices scheduled__2024-10-18T02:05:00+00:00 [running]> on host a414d3516fe8
[2024-10-18T02:59:13.445+0000] {taskinstance.py:3131} INFO - Exporting env vars: AIRFLOW_CTX_DAG_OWNER='mherszage' AIRFLOW_CTX_DAG_ID='insert_items' AIRFLOW_CTX_TASK_ID='inserts.insert_prices' AIRFLOW_CTX_EXECUTION_DATE='2024-10-18T02:05:00+00:00' AIRFLOW_CTX_TRY_NUMBER='2' AIRFLOW_CTX_DAG_RUN_ID='scheduled__2024-10-18T02:05:00+00:00'
[2024-10-18T02:59:13.451+0000] {taskinstance.py:731} INFO - ::endgroup::
[2024-10-18T02:59:15.033+0000] {logging_mixin.py:190} INFO - 2024-10-18
[2024-10-18T02:59:15.061+0000] {python.py:240} INFO - Done. Returned value was: None
[2024-10-18T02:59:15.157+0000] {taskinstance.py:340} INFO - ::group::Post task execution logs
[2024-10-18T02:59:15.158+0000] {taskinstance.py:352} INFO - Marking task as SUCCESS. dag_id=insert_items, task_id=inserts.insert_prices, run_id=scheduled__2024-10-18T02:05:00+00:00, execution_date=20241018T020500, start_date=20241018T025912, end_date=20241018T025915
[2024-10-18T02:59:15.315+0000] {local_task_job_runner.py:266} INFO - Task exited with return code 0
[2024-10-18T02:59:15.380+0000] {taskinstance.py:3900} INFO - 0 downstream tasks scheduled from follow-on schedule check
[2024-10-18T02:59:15.386+0000] {local_task_job_runner.py:245} INFO - ::endgroup::
