[2024-10-16T19:21:54.612+0000] {local_task_job_runner.py:123} INFO - ::group::Pre task execution logs
[2024-10-16T19:21:54.623+0000] {taskinstance.py:2612} INFO - Dependencies all met for dep_context=non-requeueable deps ti=<TaskInstance: insert_items.inserts.insert_prices manual__2024-10-16T19:21:51.415721+00:00 [queued]>
[2024-10-16T19:21:54.628+0000] {taskinstance.py:2612} INFO - Dependencies all met for dep_context=requeueable deps ti=<TaskInstance: insert_items.inserts.insert_prices manual__2024-10-16T19:21:51.415721+00:00 [queued]>
[2024-10-16T19:21:54.628+0000] {taskinstance.py:2865} INFO - Starting attempt 1 of 2
[2024-10-16T19:21:54.636+0000] {taskinstance.py:2888} INFO - Executing <Task(PythonOperator): inserts.insert_prices> on 2024-10-16 19:21:51.415721+00:00
[2024-10-16T19:21:54.647+0000] {warnings.py:112} WARNING - /home/***/.local/lib/python3.12/site-packages/***/task/task_runner/standard_task_runner.py:70: DeprecationWarning: This process (pid=84) is multi-threaded, use of fork() may lead to deadlocks in the child.
  pid = os.fork()

[2024-10-16T19:21:54.646+0000] {standard_task_runner.py:104} INFO - Running: ['***', 'tasks', 'run', 'insert_items', 'inserts.insert_prices', 'manual__2024-10-16T19:21:51.415721+00:00', '--job-id', '75', '--raw', '--subdir', 'DAGS_FOLDER/insert_items.py', '--cfg-path', '/tmp/tmp5nfainbb']
[2024-10-16T19:21:54.648+0000] {standard_task_runner.py:72} INFO - Started process 88 to run task
[2024-10-16T19:21:54.649+0000] {standard_task_runner.py:105} INFO - Job 75: Subtask inserts.insert_prices
[2024-10-16T19:21:54.909+0000] {task_command.py:467} INFO - Running <TaskInstance: insert_items.inserts.insert_prices manual__2024-10-16T19:21:51.415721+00:00 [running]> on host 2109dd405c1b
[2024-10-16T19:21:55.079+0000] {taskinstance.py:3131} INFO - Exporting env vars: AIRFLOW_CTX_DAG_OWNER='mherszage' AIRFLOW_CTX_DAG_ID='insert_items' AIRFLOW_CTX_TASK_ID='inserts.insert_prices' AIRFLOW_CTX_EXECUTION_DATE='2024-10-16T19:21:51.415721+00:00' AIRFLOW_CTX_TRY_NUMBER='1' AIRFLOW_CTX_DAG_RUN_ID='manual__2024-10-16T19:21:51.415721+00:00'
[2024-10-16T19:21:55.093+0000] {taskinstance.py:731} INFO - ::endgroup::
[2024-10-16T19:21:57.180+0000] {logging_mixin.py:190} INFO - Query items_query executed
[2024-10-16T19:21:57.183+0000] {logging_mixin.py:190} INFO - MLA1420542199
[2024-10-16T19:21:57.780+0000] {logging_mixin.py:190} INFO - Error: 404
[2024-10-16T19:21:57.781+0000] {logging_mixin.py:190} INFO - MLA1513783534
[2024-10-16T19:21:58.333+0000] {logging_mixin.py:190} INFO - Error: 404
[2024-10-16T19:21:58.342+0000] {logging_mixin.py:190} INFO - MLA1455028687
[2024-10-16T19:21:58.887+0000] {logging_mixin.py:190} INFO - Error: 404
[2024-10-16T19:21:58.888+0000] {logging_mixin.py:190} INFO - MLA1642598964
[2024-10-16T19:21:59.450+0000] {logging_mixin.py:190} INFO - Error: 404
[2024-10-16T19:21:59.455+0000] {logging_mixin.py:190} INFO - MLA1425634379
[2024-10-16T19:22:00.017+0000] {logging_mixin.py:190} INFO - Error: 404
[2024-10-16T19:22:00.018+0000] {logging_mixin.py:190} INFO - MLA1771015420
[2024-10-16T19:22:00.545+0000] {logging_mixin.py:190} INFO - Error: 404
[2024-10-16T19:22:00.547+0000] {logging_mixin.py:190} INFO - MLA1438316301
[2024-10-16T19:22:01.098+0000] {logging_mixin.py:190} INFO - Error: 404
[2024-10-16T19:22:01.099+0000] {logging_mixin.py:190} INFO - MLA1923504016
[2024-10-16T19:22:01.653+0000] {logging_mixin.py:190} INFO - Error: 404
[2024-10-16T19:22:01.655+0000] {logging_mixin.py:190} INFO - MLA1363095617
[2024-10-16T19:22:02.224+0000] {logging_mixin.py:190} INFO - Error: 404
[2024-10-16T19:22:02.224+0000] {logging_mixin.py:190} INFO - MLA1443618427
[2024-10-16T19:22:02.774+0000] {logging_mixin.py:190} INFO - Error: 404
[2024-10-16T19:22:02.777+0000] {logging_mixin.py:190} INFO - MLA1452539243
[2024-10-16T19:22:03.343+0000] {logging_mixin.py:190} INFO - Error: 404
[2024-10-16T19:22:03.349+0000] {logging_mixin.py:190} INFO - MLA1934620406
[2024-10-16T19:22:03.901+0000] {logging_mixin.py:190} INFO - Error: 404
[2024-10-16T19:22:03.902+0000] {logging_mixin.py:190} INFO - MLA1454525447
[2024-10-16T19:22:04.459+0000] {logging_mixin.py:190} INFO - Error: 404
[2024-10-16T19:22:04.460+0000] {logging_mixin.py:190} INFO - MLA1422452531
[2024-10-16T19:22:05.044+0000] {logging_mixin.py:190} INFO - Error: 404
[2024-10-16T19:22:05.045+0000] {logging_mixin.py:190} INFO - MLA1420491095
[2024-10-16T19:22:05.596+0000] {logging_mixin.py:190} INFO - Error: 404
[2024-10-16T19:22:05.598+0000] {logging_mixin.py:190} INFO - MLA1932107420
[2024-10-16T19:22:06.170+0000] {logging_mixin.py:190} INFO - Error: 404
[2024-10-16T19:22:06.173+0000] {logging_mixin.py:190} INFO - MLA934064691
[2024-10-16T19:22:06.750+0000] {logging_mixin.py:190} INFO - Error: 404
[2024-10-16T19:22:06.751+0000] {logging_mixin.py:190} INFO - MLA1422491335
[2024-10-16T19:22:07.299+0000] {logging_mixin.py:190} INFO - Error: 404
[2024-10-16T19:22:07.300+0000] {logging_mixin.py:190} INFO - MLA1824905578
[2024-10-16T19:22:07.864+0000] {logging_mixin.py:190} INFO - Error: 404
[2024-10-16T19:22:07.867+0000] {logging_mixin.py:190} INFO - MLA1723436604
[2024-10-16T19:22:08.435+0000] {logging_mixin.py:190} INFO - Error: 404
[2024-10-16T19:22:08.436+0000] {logging_mixin.py:190} INFO - MLA1735236438
[2024-10-16T19:22:09.001+0000] {logging_mixin.py:190} INFO - Error: 404
[2024-10-16T19:22:09.002+0000] {logging_mixin.py:190} INFO - MLA1918224392
[2024-10-16T19:22:09.544+0000] {logging_mixin.py:190} INFO - Error: 404
[2024-10-16T19:22:09.548+0000] {logging_mixin.py:190} INFO - MLA1814734538
[2024-10-16T19:22:10.103+0000] {logging_mixin.py:190} INFO - Error: 404
[2024-10-16T19:22:10.105+0000] {logging_mixin.py:190} INFO - MLA1389166937
[2024-10-16T19:22:10.668+0000] {logging_mixin.py:190} INFO - Error: 404
[2024-10-16T19:22:10.669+0000] {logging_mixin.py:190} INFO - MLA1409364971
[2024-10-16T19:22:11.215+0000] {logging_mixin.py:190} INFO - Error: 404
[2024-10-16T19:22:11.216+0000] {logging_mixin.py:190} INFO - MLA1363379415
[2024-10-16T19:22:11.756+0000] {logging_mixin.py:190} INFO - Error: 404
[2024-10-16T19:22:11.757+0000] {logging_mixin.py:190} INFO - MLA1403544371
[2024-10-16T19:22:12.306+0000] {logging_mixin.py:190} INFO - Error: 404
[2024-10-16T19:22:12.308+0000] {logging_mixin.py:190} INFO - MLA1933005728
[2024-10-16T19:22:12.847+0000] {logging_mixin.py:190} INFO - Error: 404
[2024-10-16T19:22:12.852+0000] {logging_mixin.py:190} INFO - MLA1902022692
[2024-10-16T19:22:13.409+0000] {logging_mixin.py:190} INFO - Error: 404
[2024-10-16T19:22:13.412+0000] {logging_mixin.py:190} INFO - MLA1876554140
[2024-10-16T19:22:13.979+0000] {logging_mixin.py:190} INFO - Error: 404
[2024-10-16T19:22:13.985+0000] {logging_mixin.py:190} INFO - MLA1896057314
[2024-10-16T19:22:14.554+0000] {logging_mixin.py:190} INFO - Error: 404
[2024-10-16T19:22:14.556+0000] {logging_mixin.py:190} INFO - MLA1433388441
[2024-10-16T19:22:15.108+0000] {logging_mixin.py:190} INFO - Error: 404
[2024-10-16T19:22:15.109+0000] {logging_mixin.py:190} INFO - MLA1915925398
[2024-10-16T19:22:15.662+0000] {logging_mixin.py:190} INFO - Error: 404
[2024-10-16T19:22:15.667+0000] {logging_mixin.py:190} INFO - MLA1848666858
[2024-10-16T19:22:16.230+0000] {logging_mixin.py:190} INFO - Error: 404
[2024-10-16T19:22:16.231+0000] {logging_mixin.py:190} INFO - MLA1854941032
[2024-10-16T19:22:16.767+0000] {logging_mixin.py:190} INFO - Error: 404
[2024-10-16T19:22:16.771+0000] {logging_mixin.py:190} INFO - MLA1933058072
[2024-10-16T19:22:17.304+0000] {logging_mixin.py:190} INFO - Error: 404
[2024-10-16T19:22:17.312+0000] {logging_mixin.py:190} INFO - MLA1876044426
[2024-10-16T19:22:17.861+0000] {logging_mixin.py:190} INFO - Error: 404
[2024-10-16T19:22:17.862+0000] {logging_mixin.py:190} INFO - MLA1413189069
[2024-10-16T19:22:18.403+0000] {logging_mixin.py:190} INFO - Error: 404
[2024-10-16T19:22:18.405+0000] {logging_mixin.py:190} INFO - MLA1800918872
[2024-10-16T19:22:18.967+0000] {logging_mixin.py:190} INFO - Error: 404
[2024-10-16T19:22:18.969+0000] {logging_mixin.py:190} INFO - MLA1451984191
[2024-10-16T19:22:19.501+0000] {logging_mixin.py:190} INFO - Error: 404
[2024-10-16T19:22:19.502+0000] {logging_mixin.py:190} INFO - MLA1869209536
[2024-10-16T19:22:20.054+0000] {logging_mixin.py:190} INFO - Error: 404
[2024-10-16T19:22:20.055+0000] {logging_mixin.py:190} INFO - MLA1470966770
[2024-10-16T19:22:20.622+0000] {logging_mixin.py:190} INFO - Error: 404
[2024-10-16T19:22:20.624+0000] {logging_mixin.py:190} INFO - MLA1876671498
[2024-10-16T19:22:21.168+0000] {logging_mixin.py:190} INFO - Error: 404
[2024-10-16T19:22:21.169+0000] {logging_mixin.py:190} INFO - MLA1425892217
[2024-10-16T19:22:21.721+0000] {logging_mixin.py:190} INFO - Error: 404
[2024-10-16T19:22:21.722+0000] {logging_mixin.py:190} INFO - MLA1771013260
[2024-10-16T19:22:22.293+0000] {logging_mixin.py:190} INFO - Error: 404
[2024-10-16T19:22:22.294+0000] {logging_mixin.py:190} INFO - MLA1417840319
[2024-10-16T19:22:22.844+0000] {logging_mixin.py:190} INFO - Error: 404
[2024-10-16T19:22:22.848+0000] {logging_mixin.py:190} INFO - MLA1452087571
[2024-10-16T19:22:23.404+0000] {logging_mixin.py:190} INFO - Error: 404
[2024-10-16T19:22:23.405+0000] {logging_mixin.py:190} INFO - MLA1436556685
[2024-10-16T19:22:23.961+0000] {logging_mixin.py:190} INFO - Error: 404
[2024-10-16T19:22:23.963+0000] {logging_mixin.py:190} INFO - MLA1426112753
[2024-10-16T19:22:24.512+0000] {logging_mixin.py:190} INFO - Error: 404
[2024-10-16T19:22:24.513+0000] {logging_mixin.py:190} INFO - MLA1439039201
[2024-10-16T19:22:25.052+0000] {logging_mixin.py:190} INFO - Error: 404
[2024-10-16T19:22:25.054+0000] {logging_mixin.py:190} INFO - MLA1429767130
[2024-10-16T19:22:25.586+0000] {logging_mixin.py:190} INFO - Error: 404
[2024-10-16T19:22:25.588+0000] {logging_mixin.py:190} INFO - MLA1440271167
[2024-10-16T19:22:26.140+0000] {logging_mixin.py:190} INFO - Error: 404
[2024-10-16T19:22:26.141+0000] {logging_mixin.py:190} INFO - MLA934055466
[2024-10-16T19:22:26.691+0000] {logging_mixin.py:190} INFO - Error: 404
[2024-10-16T19:22:26.694+0000] {logging_mixin.py:190} INFO - MLA1444880845
[2024-10-16T19:22:27.254+0000] {logging_mixin.py:190} INFO - Error: 404
[2024-10-16T19:22:27.255+0000] {logging_mixin.py:190} INFO - MLA1422439293
[2024-10-16T19:22:27.811+0000] {logging_mixin.py:190} INFO - Error: 404
[2024-10-16T19:22:27.815+0000] {logging_mixin.py:190} INFO - MLA1735248328
[2024-10-16T19:22:28.353+0000] {logging_mixin.py:190} INFO - Error: 404
[2024-10-16T19:22:28.353+0000] {logging_mixin.py:190} INFO - MLA1402640681
[2024-10-16T19:22:28.894+0000] {logging_mixin.py:190} INFO - Error: 404
[2024-10-16T19:22:28.897+0000] {logging_mixin.py:190} INFO - MLA1126675691
[2024-10-16T19:22:29.446+0000] {logging_mixin.py:190} INFO - Error: 404
[2024-10-16T19:22:29.447+0000] {logging_mixin.py:190} INFO - MLA897209769
[2024-10-16T19:22:29.993+0000] {logging_mixin.py:190} INFO - Error: 404
[2024-10-16T19:22:29.999+0000] {python.py:240} INFO - Done. Returned value was: None
[2024-10-16T19:22:30.045+0000] {taskinstance.py:340} INFO - ::group::Post task execution logs
[2024-10-16T19:22:30.046+0000] {taskinstance.py:352} INFO - Marking task as SUCCESS. dag_id=insert_items, task_id=inserts.insert_prices, run_id=manual__2024-10-16T19:21:51.415721+00:00, execution_date=20241016T192151, start_date=20241016T192154, end_date=20241016T192230
[2024-10-16T19:22:30.096+0000] {local_task_job_runner.py:266} INFO - Task exited with return code 0
[2024-10-16T19:22:30.147+0000] {taskinstance.py:3900} INFO - 0 downstream tasks scheduled from follow-on schedule check
[2024-10-16T19:22:30.149+0000] {local_task_job_runner.py:245} INFO - ::endgroup::
