[2024-10-16T19:35:15.898+0000] {local_task_job_runner.py:123} INFO - ::group::Pre task execution logs
[2024-10-16T19:35:15.942+0000] {taskinstance.py:2612} INFO - Dependencies all met for dep_context=non-requeueable deps ti=<TaskInstance: insert_items.inserts.insert_items scheduled__2024-10-16T19:05:00+00:00 [queued]>
[2024-10-16T19:35:15.959+0000] {taskinstance.py:2612} INFO - Dependencies all met for dep_context=requeueable deps ti=<TaskInstance: insert_items.inserts.insert_items scheduled__2024-10-16T19:05:00+00:00 [queued]>
[2024-10-16T19:35:15.960+0000] {taskinstance.py:2865} INFO - Starting attempt 1 of 2
[2024-10-16T19:35:16.207+0000] {taskinstance.py:2888} INFO - Executing <Task(PythonOperator): inserts.insert_items> on 2024-10-16 19:05:00+00:00
[2024-10-16T19:35:16.282+0000] {warnings.py:112} WARNING - /home/***/.local/lib/python3.12/site-packages/***/task/task_runner/standard_task_runner.py:70: DeprecationWarning: This process (pid=168) is multi-threaded, use of fork() may lead to deadlocks in the child.
  pid = os.fork()

[2024-10-16T19:35:16.311+0000] {standard_task_runner.py:72} INFO - Started process 180 to run task
[2024-10-16T19:35:16.346+0000] {standard_task_runner.py:104} INFO - Running: ['***', 'tasks', 'run', 'insert_items', 'inserts.insert_items', 'scheduled__2024-10-16T19:05:00+00:00', '--job-id', '82', '--raw', '--subdir', 'DAGS_FOLDER/insert_items.py', '--cfg-path', '/tmp/tmp0z_urj75']
[2024-10-16T19:35:16.415+0000] {standard_task_runner.py:105} INFO - Job 82: Subtask inserts.insert_items
[2024-10-16T19:35:17.740+0000] {task_command.py:467} INFO - Running <TaskInstance: insert_items.inserts.insert_items scheduled__2024-10-16T19:05:00+00:00 [running]> on host 2109dd405c1b
[2024-10-16T19:35:18.001+0000] {taskinstance.py:3131} INFO - Exporting env vars: AIRFLOW_CTX_DAG_OWNER='mherszage' AIRFLOW_CTX_DAG_ID='insert_items' AIRFLOW_CTX_TASK_ID='inserts.insert_items' AIRFLOW_CTX_EXECUTION_DATE='2024-10-16T19:05:00+00:00' AIRFLOW_CTX_TRY_NUMBER='1' AIRFLOW_CTX_DAG_RUN_ID='scheduled__2024-10-16T19:05:00+00:00'
[2024-10-16T19:35:18.014+0000] {taskinstance.py:731} INFO - ::endgroup::
[2024-10-16T19:35:21.779+0000] {job.py:229} INFO - Heartbeat recovered after 13.31 seconds
[2024-10-16T19:35:22.890+0000] {logging_mixin.py:190} INFO - Id: MLA1420542199, Title: Sony Playstation Dualsense Cfi-zct1w Joystick Inalámbrico Midnight Black, Price: 169999
[2024-10-16T19:35:23.639+0000] {logging_mixin.py:190} INFO - Query executed
[2024-10-16T19:35:23.652+0000] {logging_mixin.py:190} INFO - Id: MLA1513783534, Title: Consola Playstation Ps4 1tb God Of War Ragnarok Bundle, Price: 771999
[2024-10-16T19:35:23.997+0000] {logging_mixin.py:190} INFO - Query executed
[2024-10-16T19:35:24.001+0000] {logging_mixin.py:190} INFO - Id: MLA1455028687, Title: Gamepad Redragon Harrow Pro Wireless G808pro Joystick Pc Ps3 Color Negro, Price: 72569
[2024-10-16T19:35:24.350+0000] {logging_mixin.py:190} INFO - Query executed
[2024-10-16T19:35:24.354+0000] {logging_mixin.py:190} INFO - Id: MLA1642598964, Title: Cable Tcon Carga Rapida Joystick Ps4 Usb Solucion Pin Carga, Price: 4001
[2024-10-16T19:35:24.687+0000] {logging_mixin.py:190} INFO - Query executed
[2024-10-16T19:35:24.696+0000] {logging_mixin.py:190} INFO - Id: MLA1413189069, Title: Sony Playstation 5 825gb Standard Color Blanco Y Negro, Price: 1354999
[2024-10-16T19:35:25.032+0000] {logging_mixin.py:190} INFO - Query executed
[2024-10-16T19:35:25.050+0000] {logging_mixin.py:190} INFO - Id: MLA1771013260, Title: Joystick Redragon Saturn G807 Negro, Price: 34288.98
[2024-10-16T19:35:25.427+0000] {logging_mixin.py:190} INFO - Query executed
[2024-10-16T19:35:25.440+0000] {logging_mixin.py:190} INFO - Id: MLA1417840319, Title: Auriculares Bluetooth In-ear F9-5 Negro Inalámbricos, Price: 14240.5
[2024-10-16T19:35:25.801+0000] {logging_mixin.py:190} INFO - Query executed
[2024-10-16T19:35:25.832+0000] {logging_mixin.py:190} INFO - Id: MLA1425634379, Title: Consola Sony Ps4 1tb + Juego God Of War Ragnarok, Price: 657999
[2024-10-16T19:35:26.207+0000] {logging_mixin.py:190} INFO - Query executed
[2024-10-16T19:35:26.214+0000] {logging_mixin.py:190} INFO - Id: MLA1771015420, Title: Joystick Inalámbrico Redragon Harrow G808 Negro, Price: 54608.51
[2024-10-16T19:35:26.591+0000] {logging_mixin.py:190} INFO - Query executed
[2024-10-16T19:35:26.596+0000] {logging_mixin.py:190} INFO - Id: MLA1876671498, Title: Control Inalámbrico Dualsense Para Ps5 Gray Camouflage, Price: 169999
[2024-10-16T19:35:26.942+0000] {logging_mixin.py:190} INFO - Query executed
[2024-10-16T19:35:26.947+0000] {logging_mixin.py:190} INFO - Id: MLA1438316301, Title: Consola Ps5 Slim Estándar + Juego Ratchet & Clank Y Returnal Color Blanco, Price: 1519999
[2024-10-16T19:35:27.297+0000] {logging_mixin.py:190} INFO - Query executed
[2024-10-16T19:35:27.307+0000] {logging_mixin.py:190} INFO - Id: MLA1923504016, Title: Auriculares Inalámbricos Jbl Tune 520bt Negro, Price: 106499
[2024-10-16T19:35:27.648+0000] {logging_mixin.py:190} INFO - Query executed
[2024-10-16T19:35:27.658+0000] {logging_mixin.py:190} INFO - Id: MLA1436556685, Title: Nintendo Switch Oled 64gb Standard  Color Neón, Price: 849999
[2024-10-16T19:35:28.036+0000] {logging_mixin.py:190} INFO - Query executed
[2024-10-16T19:35:28.039+0000] {logging_mixin.py:190} INFO - Id: MLA1363095617, Title: Joystick Gamer Inalámbrico Netmak 5en1 Pc Ps3 Ps4 Danger Color Negro, Price: 28199
[2024-10-16T19:35:28.417+0000] {logging_mixin.py:190} INFO - Query executed
[2024-10-16T19:35:28.434+0000] {logging_mixin.py:190} INFO - Id: MLA1824905578, Title: Kit 2 Microfonos Inalambricos Boya By-v20  2.4ghz Usb Tipo C Color Negro, Price: 135000
[2024-10-16T19:35:28.771+0000] {logging_mixin.py:190} INFO - Query executed
[2024-10-16T19:35:28.773+0000] {logging_mixin.py:190} INFO - Id: MLA1422452531, Title: Consola Xbox Series S 512gb Digital Blanco, Price: 919999
[2024-10-16T19:35:29.103+0000] {logging_mixin.py:190} INFO - Query executed
[2024-10-16T19:35:29.106+0000] {logging_mixin.py:190} INFO - Id: MLA1389166937, Title: Adaptador Conversor Playstation2 A Hdmi C/audio 1422b, Price: 7505
[2024-10-16T19:35:29.436+0000] {logging_mixin.py:190} INFO - Query executed
[2024-10-16T19:35:29.438+0000] {logging_mixin.py:190} INFO - Id: MLA1932107420, Title: Consola Brick Game 9999 In 1 Standard  Color Rojo 1980, Price: 5999
[2024-10-16T19:35:29.768+0000] {logging_mixin.py:190} INFO - Query executed
[2024-10-16T19:35:29.768+0000] {logging_mixin.py:190} INFO - Id: MLA1420491095, Title: Joystick Inalámbrico Dualsense Ps5 Original Cosmic Red, Price: 169999
[2024-10-16T19:35:30.120+0000] {logging_mixin.py:190} INFO - Query executed
[2024-10-16T19:35:30.122+0000] {logging_mixin.py:190} INFO - Id: MLA1934620406, Title: Microsoft Xbox 360 Controller For Windows - Usb, Price: 31570
[2024-10-16T19:35:30.480+0000] {logging_mixin.py:190} INFO - Query executed
[2024-10-16T19:35:30.481+0000] {logging_mixin.py:190} INFO - Id: MLA1422491335, Title: Sony Playstation 5 Slim 1tb Extra Dualsense Controller  Color Blanco 2023, Price: 1644999
[2024-10-16T19:35:30.820+0000] {logging_mixin.py:190} INFO - Query executed
[2024-10-16T19:35:30.822+0000] {logging_mixin.py:190} INFO - Id: MLA934064691, Title: Joystick Redragon Saturn G807 Negro, Price: 26999
[2024-10-16T19:35:31.153+0000] {logging_mixin.py:190} INFO - Query executed
[2024-10-16T19:35:31.153+0000] {logging_mixin.py:190} INFO - Id: MLA1426112753, Title: Soporte Base Vertical Para Ps5 Slim Con Rejillas Ventilación, Price: 7139.44
[2024-10-16T19:35:31.488+0000] {logging_mixin.py:190} INFO - Query executed
[2024-10-16T19:35:31.489+0000] {logging_mixin.py:190} INFO - Id: MLA1439039201, Title: Joystick Pc Usb Gamepad Usb-208 Pc Notebook Color Negro, Price: 10499
[2024-10-16T19:35:31.814+0000] {logging_mixin.py:190} INFO - Query executed
[2024-10-16T19:35:31.820+0000] {logging_mixin.py:190} INFO - Id: MLA1723436604, Title: Sony Playstation 5 825gb God Of War Ragnarok Bundle Color Blanco/negro, Price: 1374999
[2024-10-16T19:35:32.162+0000] {logging_mixin.py:190} INFO - Query executed
[2024-10-16T19:35:32.163+0000] {logging_mixin.py:190} INFO - Id: MLA1409364971, Title: Auriculares Inalámbricos Jbl Tune  520bt Blanco, Price: 89999
[2024-10-16T19:35:32.524+0000] {logging_mixin.py:190} INFO - Query executed
[2024-10-16T19:35:32.525+0000] {logging_mixin.py:190} INFO - Id: MLA1918224392, Title: Consola Noga Dos Joystick Y Pistola Ng-fg01 8bit Color Negro, Price: 27999
[2024-10-16T19:35:32.894+0000] {logging_mixin.py:190} INFO - Query executed
[2024-10-16T19:35:32.906+0000] {logging_mixin.py:190} INFO - Id: MLA1429767130, Title: Joystick Inalámbrico Para Xbox 360 Con Receptor Usb Y Bluetooth Compatible Con Ps3 Android Pc Seisa Njx312, Price: 34513.22
[2024-10-16T19:35:33.234+0000] {logging_mixin.py:190} INFO - Query executed
[2024-10-16T19:35:33.235+0000] {logging_mixin.py:190} INFO - Id: MLA1735236438, Title: Joystick Inalámbrico Dualsense Ps5 Original Galactic Purple, Price: 169999
[2024-10-16T19:35:33.581+0000] {logging_mixin.py:190} INFO - Query executed
[2024-10-16T19:35:33.581+0000] {logging_mixin.py:190} INFO - Id: MLA1814734538, Title: Sony Playstation 5 Slim 1tb Standard  Color Blanco 2022, Price: 1499000
[2024-10-16T19:35:33.950+0000] {logging_mixin.py:190} INFO - Query executed
[2024-10-16T19:35:33.951+0000] {logging_mixin.py:190} INFO - Id: MLA1933058072, Title: Joystick Inalámbrico Compatible Con Ps4 Doubleshock 4 Negro Con Cable De Carga, Price: 29700
[2024-10-16T19:35:34.282+0000] {logging_mixin.py:190} INFO - Query executed
[2024-10-16T19:35:34.282+0000] {logging_mixin.py:190} INFO - Id: MLA934055466, Title: Joystick Inalámbrico Redragon Harrow G808 Negro, Price: 42999
[2024-10-16T19:35:34.612+0000] {logging_mixin.py:190} INFO - Query executed
[2024-10-16T19:35:34.614+0000] {logging_mixin.py:190} INFO - Id: MLA1363379415, Title: Consola Playstation 4 Ps4 Standard + God Of War Ragnarök, Price: 598499.37
[2024-10-16T19:35:34.970+0000] {logging_mixin.py:190} INFO - Query executed
[2024-10-16T19:35:34.974+0000] {logging_mixin.py:190} INFO - Id: MLA1454525447, Title: Joystick Inalámbrico Sony Playstation Dualshock 4 Ps4 Jet Black, Price: 69999.3
[2024-10-16T19:35:35.329+0000] {logging_mixin.py:190} INFO - Query executed
[2024-10-16T19:35:35.329+0000] {logging_mixin.py:190} INFO - Id: MLA1444880845, Title: Joystick Inalámbrico Dualsense Ps5 Sterling Silver, Price: 145999
[2024-10-16T19:35:35.684+0000] {logging_mixin.py:190} INFO - Query executed
[2024-10-16T19:35:35.685+0000] {logging_mixin.py:190} INFO - Id: MLA1422439293, Title: Microsoft Xbox Series X 1tb Ssd 120 Hz 4k Color Negro, Price: 1599457
[2024-10-16T19:35:36.033+0000] {logging_mixin.py:190} INFO - Query executed
[2024-10-16T19:35:36.034+0000] {logging_mixin.py:190} INFO - Id: MLA1876044426, Title: Auriculares In-ear Gamer Inalámbricos Tws  F9-5 Bth-f9-5 Negro Con Luz Led, Price: 12000
[2024-10-16T19:35:36.384+0000] {logging_mixin.py:190} INFO - Query executed
[2024-10-16T19:35:36.386+0000] {logging_mixin.py:190} INFO - Id: MLA1902022692, Title: Consola Video Juegos Apevtech 16 Bit  Color Negro, Price: 67999
[2024-10-16T19:35:36.713+0000] {logging_mixin.py:190} INFO - Query executed
[2024-10-16T19:35:36.714+0000] {logging_mixin.py:190} INFO - Id: MLA1735248328, Title: Controle Sony Dualsense Ps5 Sem Fio - Starlight Blue Cfi-zct1j02 , Price: 174999
[2024-10-16T19:35:37.045+0000] {logging_mixin.py:190} INFO - Query executed
[2024-10-16T19:35:37.046+0000] {logging_mixin.py:190} INFO - Id: MLA1876554140, Title: Volante Con Pedalera Profesional  Logitech G29 Playstation 5 / Playstation 4 / Pc, Price: 870198
[2024-10-16T19:35:37.397+0000] {logging_mixin.py:190} INFO - Query executed
[2024-10-16T19:35:37.397+0000] {logging_mixin.py:190} INFO - Id: MLA1924986116, Title: Joystick Inalámbrico Compatible Con Ps4 Negro, Price: 30861
[2024-10-16T19:35:37.723+0000] {logging_mixin.py:190} INFO - Query executed
[2024-10-16T19:35:37.724+0000] {logging_mixin.py:190} INFO - Id: MLA1433388441, Title: Nintendo Switch Oled 64gb Standard Color Blanco/negro, Price: 789999
[2024-10-16T19:35:38.055+0000] {logging_mixin.py:190} INFO - Query executed
[2024-10-16T19:35:38.055+0000] {logging_mixin.py:190} INFO - Id: MLA1915925398, Title: Joystick Inalámbrico Para P4 Bluetooth Netmak P401 Negro, Price: 39899.05
[2024-10-16T19:35:38.450+0000] {logging_mixin.py:190} INFO - Query executed
[2024-10-16T19:35:38.461+0000] {logging_mixin.py:190} INFO - Id: MLA1848666858, Title: Memoria Micro Sd 128 Gb Hiksemi Con Adaptador Hs-tf-c1, Price: 11849
[2024-10-16T19:35:38.826+0000] {logging_mixin.py:190} INFO - Query executed
[2024-10-16T19:35:38.838+0000] {logging_mixin.py:190} INFO - Id: MLA1402640681, Title: Consola Para Cartuchos Sega 16 Bits + 2 Joysticks 6 Botones, Price: 47740
[2024-10-16T19:35:39.175+0000] {logging_mixin.py:190} INFO - Query executed
[2024-10-16T19:35:39.176+0000] {logging_mixin.py:190} INFO - Id: MLA1126675691, Title: Joystick Inalámbrico Noganet Ng-2go1 Negro, Price: 20677.5
[2024-10-16T19:35:39.512+0000] {logging_mixin.py:190} INFO - Query executed
[2024-10-16T19:35:39.536+0000] {logging_mixin.py:190} INFO - Id: MLA1705302302, Title: Tarjeta De Memoria Imou Microsd Sdhc S1 C10 Interior 64gb, Price: 9899
[2024-10-16T19:35:39.900+0000] {logging_mixin.py:190} INFO - Query executed
[2024-10-16T19:35:39.901+0000] {logging_mixin.py:190} INFO - Id: MLA1470966770, Title: Pop It Electronico Consola Juguete Push Quick Original Mixio, Price: 11249.25
[2024-10-16T19:35:40.249+0000] {logging_mixin.py:190} INFO - Query executed
[2024-10-16T19:35:40.253+0000] {logging_mixin.py:190} INFO - Id: MLA1854941032, Title: Joystick Inalámbrico Sony Playstation Dualsense Cfi-zct1w Nova Pink, Price: 169999
[2024-10-16T19:35:40.589+0000] {logging_mixin.py:190} INFO - Query executed
[2024-10-16T19:35:40.591+0000] {logging_mixin.py:190} INFO - Id: MLA897209769, Title: Joystick Seisa Sj-703 Negro, Price: 10330
[2024-10-16T19:35:40.959+0000] {logging_mixin.py:190} INFO - Query executed
[2024-10-16T19:35:41.148+0000] {logging_mixin.py:190} INFO - Results committed
[2024-10-16T19:35:41.197+0000] {python.py:240} INFO - Done. Returned value was: None
[2024-10-16T19:35:41.347+0000] {taskinstance.py:340} INFO - ::group::Post task execution logs
[2024-10-16T19:35:41.351+0000] {taskinstance.py:352} INFO - Marking task as SUCCESS. dag_id=insert_items, task_id=inserts.insert_items, run_id=scheduled__2024-10-16T19:05:00+00:00, execution_date=20241016T190500, start_date=20241016T193515, end_date=20241016T193541
[2024-10-16T19:35:41.452+0000] {local_task_job_runner.py:266} INFO - Task exited with return code 0
[2024-10-16T19:35:41.553+0000] {taskinstance.py:3900} INFO - 0 downstream tasks scheduled from follow-on schedule check
[2024-10-16T19:35:41.555+0000] {local_task_job_runner.py:245} INFO - ::endgroup::
[2024-10-16T19:35:41.615+0000] {standard_task_runner.py:217} INFO - Process not found (most likely exited), stop collecting metrics
