[2024-10-20T04:26:37.988+0000] {local_task_job_runner.py:123} INFO - ::group::Pre task execution logs
[2024-10-20T04:26:38.016+0000] {taskinstance.py:2612} INFO - Dependencies all met for dep_context=non-requeueable deps ti=<TaskInstance: elt.extract_load_data.insert_prices scheduled__2024-10-18T12:00:00+00:00 [queued]>
[2024-10-20T04:26:38.029+0000] {taskinstance.py:2612} INFO - Dependencies all met for dep_context=requeueable deps ti=<TaskInstance: elt.extract_load_data.insert_prices scheduled__2024-10-18T12:00:00+00:00 [queued]>
[2024-10-20T04:26:38.031+0000] {taskinstance.py:2865} INFO - Starting attempt 1 of 2
[2024-10-20T04:26:38.060+0000] {taskinstance.py:2888} INFO - Executing <Task(PythonOperator): extract_load_data.insert_prices> on 2024-10-18 12:00:00+00:00
[2024-10-20T04:26:38.087+0000] {warnings.py:112} WARNING - /home/***/.local/lib/python3.12/site-packages/***/task/task_runner/standard_task_runner.py:70: DeprecationWarning: This process (pid=95) is multi-threaded, use of fork() may lead to deadlocks in the child.
  pid = os.fork()

[2024-10-20T04:26:38.119+0000] {standard_task_runner.py:72} INFO - Started process 98 to run task
[2024-10-20T04:26:38.136+0000] {standard_task_runner.py:104} INFO - Running: ['***', 'tasks', 'run', 'elt', 'extract_load_data.insert_prices', 'scheduled__2024-10-18T12:00:00+00:00', '--job-id', '216', '--raw', '--subdir', 'DAGS_FOLDER/elt.py', '--cfg-path', '/tmp/tmpnqzx0wgw']
[2024-10-20T04:26:38.158+0000] {standard_task_runner.py:105} INFO - Job 216: Subtask extract_load_data.insert_prices
[2024-10-20T04:26:39.040+0000] {task_command.py:467} INFO - Running <TaskInstance: elt.extract_load_data.insert_prices scheduled__2024-10-18T12:00:00+00:00 [running]> on host 3b0481c80fd2
[2024-10-20T04:26:39.120+0000] {taskinstance.py:3131} INFO - Exporting env vars: AIRFLOW_CTX_DAG_OWNER='mherszage' AIRFLOW_CTX_DAG_ID='elt' AIRFLOW_CTX_TASK_ID='extract_load_data.insert_prices' AIRFLOW_CTX_EXECUTION_DATE='2024-10-18T12:00:00+00:00' AIRFLOW_CTX_TRY_NUMBER='1' AIRFLOW_CTX_DAG_RUN_ID='scheduled__2024-10-18T12:00:00+00:00'
[2024-10-20T04:26:39.121+0000] {taskinstance.py:731} INFO - ::endgroup::
[2024-10-20T04:26:39.152+0000] {base.py:84} INFO - Retrieving connection 'redshift_default'
[2024-10-20T04:26:40.806+0000] {logging_mixin.py:190} INFO - 2024-10-19
[2024-10-20T04:26:41.480+0000] {logging_mixin.py:190} INFO - 
                    INSERT INTO "2024_melissa_herszage_schema".l1_item_prices (item_id, condition, price, currency, available_quantity, created_at) VALUES
                    ('MLA1464746128', 'new', 146999, 'ARS', 500, current_timestamp);
                    
[2024-10-20T04:26:52.117+0000] {logging_mixin.py:190} INFO - Query executed
[2024-10-20T04:26:52.138+0000] {logging_mixin.py:190} INFO - 
                    INSERT INTO "2024_melissa_herszage_schema".l1_item_prices (item_id, condition, price, currency, available_quantity, created_at) VALUES
                    ('MLA1513783534', 'new', 771999, 'ARS', 100, current_timestamp);
                    
[2024-10-20T04:26:52.350+0000] {logging_mixin.py:190} INFO - Query executed
[2024-10-20T04:26:52.352+0000] {logging_mixin.py:190} INFO - 
                    INSERT INTO "2024_melissa_herszage_schema".l1_item_prices (item_id, condition, price, currency, available_quantity, created_at) VALUES
                    ('MLA1771013260', 'new', 34288.98, 'ARS', 1, current_timestamp);
                    
[2024-10-20T04:26:52.560+0000] {logging_mixin.py:190} INFO - Query executed
[2024-10-20T04:26:52.561+0000] {logging_mixin.py:190} INFO - 
                    INSERT INTO "2024_melissa_herszage_schema".l1_item_prices (item_id, condition, price, currency, available_quantity, created_at) VALUES
                    ('MLA1480985544', 'new', 9629.1, 'ARS', 50, current_timestamp);
                    
[2024-10-20T04:26:52.784+0000] {logging_mixin.py:190} INFO - Query executed
[2024-10-20T04:26:52.787+0000] {logging_mixin.py:190} INFO - 
                    INSERT INTO "2024_melissa_herszage_schema".l1_item_prices (item_id, condition, price, currency, available_quantity, created_at) VALUES
                    ('MLA1425892217', 'new', 1374999, 'ARS', 50, current_timestamp);
                    
[2024-10-20T04:26:53.001+0000] {logging_mixin.py:190} INFO - Query executed
[2024-10-20T04:26:53.006+0000] {logging_mixin.py:190} INFO - 
                    INSERT INTO "2024_melissa_herszage_schema".l1_item_prices (item_id, condition, price, currency, available_quantity, created_at) VALUES
                    ('MLA1771015420', 'new', 54608.51, 'ARS', 1, current_timestamp);
                    
[2024-10-20T04:26:53.214+0000] {logging_mixin.py:190} INFO - Query executed
[2024-10-20T04:26:53.215+0000] {logging_mixin.py:190} INFO - 
                    INSERT INTO "2024_melissa_herszage_schema".l1_item_prices (item_id, condition, price, currency, available_quantity, created_at) VALUES
                    ('MLA1389166937', 'new', 7505, 'ARS', 50, current_timestamp);
                    
[2024-10-20T04:26:53.419+0000] {logging_mixin.py:190} INFO - Query executed
[2024-10-20T04:26:53.420+0000] {logging_mixin.py:190} INFO - 
                    INSERT INTO "2024_melissa_herszage_schema".l1_item_prices (item_id, condition, price, currency, available_quantity, created_at) VALUES
                    ('MLA1425634379', 'new', 657999, 'ARS', 100, current_timestamp);
                    
[2024-10-20T04:26:53.623+0000] {logging_mixin.py:190} INFO - Query executed
[2024-10-20T04:26:53.625+0000] {logging_mixin.py:190} INFO - 
                    INSERT INTO "2024_melissa_herszage_schema".l1_item_prices (item_id, condition, price, currency, available_quantity, created_at) VALUES
                    ('MLA1682367026', 'new', 9299, 'ARS', 1, current_timestamp);
                    
[2024-10-20T04:26:53.827+0000] {logging_mixin.py:190} INFO - Query executed
[2024-10-20T04:26:53.828+0000] {logging_mixin.py:190} INFO - 
                    INSERT INTO "2024_melissa_herszage_schema".l1_item_prices (item_id, condition, price, currency, available_quantity, created_at) VALUES
                    ('MLA1363095617', 'new', 28199, 'ARS', 1, current_timestamp);
                    
[2024-10-20T04:26:54.044+0000] {logging_mixin.py:190} INFO - Query executed
[2024-10-20T04:26:54.045+0000] {logging_mixin.py:190} INFO - 
                    INSERT INTO "2024_melissa_herszage_schema".l1_item_prices (item_id, condition, price, currency, available_quantity, created_at) VALUES
                    ('MLA1723436604', 'new', 1374999, 'ARS', 250, current_timestamp);
                    
[2024-10-20T04:26:54.246+0000] {logging_mixin.py:190} INFO - Query executed
[2024-10-20T04:26:54.249+0000] {logging_mixin.py:190} INFO - 
                    INSERT INTO "2024_melissa_herszage_schema".l1_item_prices (item_id, condition, price, currency, available_quantity, created_at) VALUES
                    ('MLA1420491095', 'new', 169999, 'ARS', 250, current_timestamp);
                    
[2024-10-20T04:26:54.456+0000] {logging_mixin.py:190} INFO - Query executed
[2024-10-20T04:26:54.457+0000] {logging_mixin.py:190} INFO - 
                    INSERT INTO "2024_melissa_herszage_schema".l1_item_prices (item_id, condition, price, currency, available_quantity, created_at) VALUES
                    ('MLA1422491335', 'new', 1684999, 'ARS', 1, current_timestamp);
                    
[2024-10-20T04:26:54.660+0000] {logging_mixin.py:190} INFO - Query executed
[2024-10-20T04:26:54.664+0000] {logging_mixin.py:190} INFO - 
                    INSERT INTO "2024_melissa_herszage_schema".l1_item_prices (item_id, condition, price, currency, available_quantity, created_at) VALUES
                    ('MLA1412433221', 'new', 74990, 'ARS', 50, current_timestamp);
                    
[2024-10-20T04:26:54.865+0000] {logging_mixin.py:190} INFO - Query executed
[2024-10-20T04:26:54.866+0000] {logging_mixin.py:190} INFO - 
                    INSERT INTO "2024_melissa_herszage_schema".l1_item_prices (item_id, condition, price, currency, available_quantity, created_at) VALUES
                    ('MLA1438316301', 'new', 1519999, 'ARS', 1, current_timestamp);
                    
[2024-10-20T04:26:55.077+0000] {logging_mixin.py:190} INFO - Query executed
[2024-10-20T04:26:55.078+0000] {logging_mixin.py:190} INFO - 
                    INSERT INTO "2024_melissa_herszage_schema".l1_item_prices (item_id, condition, price, currency, available_quantity, created_at) VALUES
                    ('MLA1434935465', 'new', 9900, 'ARS', 1, current_timestamp);
                    
[2024-10-20T04:26:55.284+0000] {logging_mixin.py:190} INFO - Query executed
[2024-10-20T04:26:55.291+0000] {logging_mixin.py:190} INFO - 
                    INSERT INTO "2024_melissa_herszage_schema".l1_item_prices (item_id, condition, price, currency, available_quantity, created_at) VALUES
                    ('MLA1915925398', 'new', 38999, 'ARS', 50, current_timestamp);
                    
[2024-10-20T04:26:55.503+0000] {logging_mixin.py:190} INFO - Query executed
[2024-10-20T04:26:55.507+0000] {logging_mixin.py:190} INFO - 
                    INSERT INTO "2024_melissa_herszage_schema".l1_item_prices (item_id, condition, price, currency, available_quantity, created_at) VALUES
                    ('MLA1432857511', 'new', 784236, 'ARS', 1, current_timestamp);
                    
[2024-10-20T04:26:55.709+0000] {logging_mixin.py:190} INFO - Query executed
[2024-10-20T04:26:55.710+0000] {logging_mixin.py:190} INFO - 
                    INSERT INTO "2024_melissa_herszage_schema".l1_item_prices (item_id, condition, price, currency, available_quantity, created_at) VALUES
                    ('MLA1390377885', 'new', 162999, 'ARS', 1, current_timestamp);
                    
[2024-10-20T04:26:55.916+0000] {logging_mixin.py:190} INFO - Query executed
[2024-10-20T04:26:55.917+0000] {logging_mixin.py:190} INFO - 
                    INSERT INTO "2024_melissa_herszage_schema".l1_item_prices (item_id, condition, price, currency, available_quantity, created_at) VALUES
                    ('MLA1609200050', 'new', 3896.9, 'ARS', 50, current_timestamp);
                    
[2024-10-20T04:26:56.123+0000] {logging_mixin.py:190} INFO - Query executed
[2024-10-20T04:26:56.125+0000] {logging_mixin.py:190} INFO - 
                    INSERT INTO "2024_melissa_herszage_schema".l1_item_prices (item_id, condition, price, currency, available_quantity, created_at) VALUES
                    ('MLA897209769', 'new', 10330, 'ARS', 1, current_timestamp);
                    
[2024-10-20T04:26:56.326+0000] {logging_mixin.py:190} INFO - Query executed
[2024-10-20T04:26:56.328+0000] {logging_mixin.py:190} INFO - 
                    INSERT INTO "2024_melissa_herszage_schema".l1_item_prices (item_id, condition, price, currency, available_quantity, created_at) VALUES
                    ('MLA934064691', 'new', 26999, 'ARS', 1, current_timestamp);
                    
[2024-10-20T04:26:56.532+0000] {logging_mixin.py:190} INFO - Query executed
[2024-10-20T04:26:56.533+0000] {logging_mixin.py:190} INFO - 
                    INSERT INTO "2024_melissa_herszage_schema".l1_item_prices (item_id, condition, price, currency, available_quantity, created_at) VALUES
                    ('MLA934055466', 'new', 42999, 'ARS', 1, current_timestamp);
                    
[2024-10-20T04:26:56.736+0000] {logging_mixin.py:190} INFO - Query executed
[2024-10-20T04:26:56.737+0000] {logging_mixin.py:190} INFO - 
                    INSERT INTO "2024_melissa_herszage_schema".l1_item_prices (item_id, condition, price, currency, available_quantity, created_at) VALUES
                    ('MLA1363379415', 'new', 598499.37, 'ARS', 100, current_timestamp);
                    
[2024-10-20T04:26:56.941+0000] {logging_mixin.py:190} INFO - Query executed
[2024-10-20T04:26:56.942+0000] {logging_mixin.py:190} INFO - 
                    INSERT INTO "2024_melissa_herszage_schema".l1_item_prices (item_id, condition, price, currency, available_quantity, created_at) VALUES
                    ('MLA1432568059', 'new', 6906.5, 'ARS', 1, current_timestamp);
                    
[2024-10-20T04:26:57.147+0000] {logging_mixin.py:190} INFO - Query executed
[2024-10-20T04:26:57.149+0000] {logging_mixin.py:190} INFO - 
                    INSERT INTO "2024_melissa_herszage_schema".l1_item_prices (item_id, condition, price, currency, available_quantity, created_at) VALUES
                    ('MLA1902022692', 'new', 67999, 'ARS', 1, current_timestamp);
                    
[2024-10-20T04:26:57.358+0000] {logging_mixin.py:190} INFO - Query executed
[2024-10-20T04:26:57.359+0000] {logging_mixin.py:190} INFO - 
                    INSERT INTO "2024_melissa_herszage_schema".l1_item_prices (item_id, condition, price, currency, available_quantity, created_at) VALUES
                    ('MLA1928752756', 'new', 14500, 'ARS', 1, current_timestamp);
                    
[2024-10-20T04:26:57.562+0000] {logging_mixin.py:190} INFO - Query executed
[2024-10-20T04:26:57.563+0000] {logging_mixin.py:190} INFO - 
                    INSERT INTO "2024_melissa_herszage_schema".l1_item_prices (item_id, condition, price, currency, available_quantity, created_at) VALUES
                    ('MLA1422439293', 'new', 1599457, 'ARS', 1, current_timestamp);
                    
[2024-10-20T04:26:57.765+0000] {logging_mixin.py:190} INFO - Query executed
[2024-10-20T04:26:57.767+0000] {logging_mixin.py:190} INFO - 
                    INSERT INTO "2024_melissa_herszage_schema".l1_item_prices (item_id, condition, price, currency, available_quantity, created_at) VALUES
                    ('MLA1735236438', 'new', 169999, 'ARS', 250, current_timestamp);
                    
[2024-10-20T04:26:57.970+0000] {logging_mixin.py:190} INFO - Query executed
[2024-10-20T04:26:57.979+0000] {logging_mixin.py:190} INFO - 
                    INSERT INTO "2024_melissa_herszage_schema".l1_item_prices (item_id, condition, price, currency, available_quantity, created_at) VALUES
                    ('MLA1444880845', 'new', 145999, 'ARS', 200, current_timestamp);
                    
[2024-10-20T04:26:58.182+0000] {logging_mixin.py:190} INFO - Query executed
[2024-10-20T04:26:58.183+0000] {logging_mixin.py:190} INFO - 
                    INSERT INTO "2024_melissa_herszage_schema".l1_item_prices (item_id, condition, price, currency, available_quantity, created_at) VALUES
                    ('MLA1796880754', 'new', 1439999, 'ARS', 500, current_timestamp);
                    
[2024-10-20T04:26:58.385+0000] {logging_mixin.py:190} INFO - Query executed
[2024-10-20T04:26:58.387+0000] {logging_mixin.py:190} INFO - 
                    INSERT INTO "2024_melissa_herszage_schema".l1_item_prices (item_id, condition, price, currency, available_quantity, created_at) VALUES
                    ('MLA1126675691', 'new', 20677.5, 'ARS', 1, current_timestamp);
                    
[2024-10-20T04:26:58.590+0000] {logging_mixin.py:190} INFO - Query executed
[2024-10-20T04:26:58.590+0000] {logging_mixin.py:190} INFO - 
                    INSERT INTO "2024_melissa_herszage_schema".l1_item_prices (item_id, condition, price, currency, available_quantity, created_at) VALUES
                    ('MLA1824905578', 'new', 135000, 'ARS', 1, current_timestamp);
                    
[2024-10-20T04:26:58.792+0000] {logging_mixin.py:190} INFO - Query executed
[2024-10-20T04:26:58.793+0000] {logging_mixin.py:190} INFO - 
                    INSERT INTO "2024_melissa_herszage_schema".l1_item_prices (item_id, condition, price, currency, available_quantity, created_at) VALUES
                    ('MLA1429227849', 'new', 1489999, 'ARS', 1, current_timestamp);
                    
[2024-10-20T04:26:59.026+0000] {logging_mixin.py:190} INFO - Query executed
[2024-10-20T04:26:59.027+0000] {logging_mixin.py:190} INFO - 
                    INSERT INTO "2024_melissa_herszage_schema".l1_item_prices (item_id, condition, price, currency, available_quantity, created_at) VALUES
                    ('MLA1928714282', 'new', 35105, 'ARS', 50, current_timestamp);
                    
[2024-10-20T04:26:59.230+0000] {logging_mixin.py:190} INFO - Query executed
[2024-10-20T04:26:59.231+0000] {logging_mixin.py:190} INFO - 
                    INSERT INTO "2024_melissa_herszage_schema".l1_item_prices (item_id, condition, price, currency, available_quantity, created_at) VALUES
                    ('MLA1392125591', 'new', 17999.2, 'ARS', 1, current_timestamp);
                    
[2024-10-20T04:26:59.433+0000] {logging_mixin.py:190} INFO - Query executed
[2024-10-20T04:26:59.434+0000] {logging_mixin.py:190} INFO - 
                    INSERT INTO "2024_melissa_herszage_schema".l1_item_prices (item_id, condition, price, currency, available_quantity, created_at) VALUES
                    ('MLA1932107420', 'new', 5999, 'ARS', 50, current_timestamp);
                    
[2024-10-20T04:26:59.635+0000] {logging_mixin.py:190} INFO - Query executed
[2024-10-20T04:26:59.635+0000] {logging_mixin.py:190} INFO - 
                    INSERT INTO "2024_melissa_herszage_schema".l1_item_prices (item_id, condition, price, currency, available_quantity, created_at) VALUES
                    ('MLA1452470525', 'new', 150920.8, 'ARS', 1, current_timestamp);
                    
[2024-10-20T04:26:59.836+0000] {logging_mixin.py:190} INFO - Query executed
[2024-10-20T04:26:59.836+0000] {logging_mixin.py:190} INFO - 
                    INSERT INTO "2024_melissa_herszage_schema".l1_item_prices (item_id, condition, price, currency, available_quantity, created_at) VALUES
                    ('MLA820599600', 'new', 42848.8, 'ARS', 100, current_timestamp);
                    
[2024-10-20T04:27:00.038+0000] {logging_mixin.py:190} INFO - Query executed
[2024-10-20T04:27:00.040+0000] {logging_mixin.py:190} INFO - 
                    INSERT INTO "2024_melissa_herszage_schema".l1_item_prices (item_id, condition, price, currency, available_quantity, created_at) VALUES
                    ('MLA1439241257', 'new', 35990, 'ARS', 1, current_timestamp);
                    
[2024-10-20T04:27:00.252+0000] {logging_mixin.py:190} INFO - Query executed
[2024-10-20T04:27:00.255+0000] {logging_mixin.py:190} INFO - 
                    INSERT INTO "2024_melissa_herszage_schema".l1_item_prices (item_id, condition, price, currency, available_quantity, created_at) VALUES
                    ('MLA1412394365', 'new', 74990, 'ARS', 1, current_timestamp);
                    
[2024-10-20T04:27:00.459+0000] {logging_mixin.py:190} INFO - Query executed
[2024-10-20T04:27:00.459+0000] {logging_mixin.py:190} INFO - 
                    INSERT INTO "2024_melissa_herszage_schema".l1_item_prices (item_id, condition, price, currency, available_quantity, created_at) VALUES
                    ('MLA1367473676', 'new', 120792, 'ARS', 1, current_timestamp);
                    
[2024-10-20T04:27:00.674+0000] {logging_mixin.py:190} INFO - Query executed
[2024-10-20T04:27:00.675+0000] {logging_mixin.py:190} INFO - 
                    INSERT INTO "2024_melissa_herszage_schema".l1_item_prices (item_id, condition, price, currency, available_quantity, created_at) VALUES
                    ('MLA1402640681', 'new', 47740, 'ARS', 1, current_timestamp);
                    
[2024-10-20T04:27:00.900+0000] {logging_mixin.py:190} INFO - Query executed
[2024-10-20T04:27:00.903+0000] {logging_mixin.py:190} INFO - 
                    INSERT INTO "2024_melissa_herszage_schema".l1_item_prices (item_id, condition, price, currency, available_quantity, created_at) VALUES
                    ('MLA1392798127', 'new', 17669, 'ARS', 1, current_timestamp);
                    
[2024-10-20T04:27:01.126+0000] {logging_mixin.py:190} INFO - Query executed
[2024-10-20T04:27:01.127+0000] {logging_mixin.py:190} INFO - 
                    INSERT INTO "2024_melissa_herszage_schema".l1_item_prices (item_id, condition, price, currency, available_quantity, created_at) VALUES
                    ('MLA1426112753', 'new', 7139.44, 'ARS', 1, current_timestamp);
                    
[2024-10-20T04:27:01.331+0000] {logging_mixin.py:190} INFO - Query executed
[2024-10-20T04:27:01.332+0000] {logging_mixin.py:190} INFO - 
                    INSERT INTO "2024_melissa_herszage_schema".l1_item_prices (item_id, condition, price, currency, available_quantity, created_at) VALUES
                    ('MLA1470966770', 'new', 11249.25, 'ARS', 500, current_timestamp);
                    
[2024-10-20T04:27:01.551+0000] {logging_mixin.py:190} INFO - Query executed
[2024-10-20T04:27:01.552+0000] {logging_mixin.py:190} INFO - 
                    INSERT INTO "2024_melissa_herszage_schema".l1_item_prices (item_id, condition, price, currency, available_quantity, created_at) VALUES
                    ('MLA1885211198', 'new', 56999.05, 'ARS', 1, current_timestamp);
                    
[2024-10-20T04:27:01.754+0000] {logging_mixin.py:190} INFO - Query executed
[2024-10-20T04:27:01.755+0000] {logging_mixin.py:190} INFO - 
                    INSERT INTO "2024_melissa_herszage_schema".l1_item_prices (item_id, condition, price, currency, available_quantity, created_at) VALUES
                    ('MLA1444815701', 'new', 145999, 'ARS', 250, current_timestamp);
                    
[2024-10-20T04:27:01.958+0000] {logging_mixin.py:190} INFO - Query executed
[2024-10-20T04:27:01.959+0000] {logging_mixin.py:190} INFO - 
                    INSERT INTO "2024_melissa_herszage_schema".l1_item_prices (item_id, condition, price, currency, available_quantity, created_at) VALUES
                    ('MLA1422452531', 'new', 1029999, 'ARS', 1, current_timestamp);
                    
[2024-10-20T04:27:02.163+0000] {logging_mixin.py:190} INFO - Query executed
[2024-10-20T04:27:02.164+0000] {logging_mixin.py:190} INFO - 
                    INSERT INTO "2024_melissa_herszage_schema".l1_item_prices (item_id, condition, price, currency, available_quantity, created_at) VALUES
                    ('MLA1425088191', 'new', 77999, 'ARS', 500, current_timestamp);
                    
[2024-10-20T04:27:02.368+0000] {logging_mixin.py:190} INFO - Query executed
[2024-10-20T04:27:03.041+0000] {logging_mixin.py:190} INFO - 
                    INSERT INTO "2024_melissa_herszage_schema".l1_item_prices (item_id, condition, price, currency, available_quantity, created_at) VALUES
                    ('MLA1464746128', 'new', 146999, 'ARS', 500, current_timestamp);
                    
[2024-10-20T04:27:03.046+0000] {taskinstance.py:3310} ERROR - Task failed with exception
Traceback (most recent call last):
  File "/home/airflow/.local/lib/python3.12/site-packages/airflow/models/taskinstance.py", line 767, in _execute_task
    result = _execute_callable(context=context, **execute_callable_kwargs)
             ^^^^^^^^^^^^^^^^^^^^^^^^^^^^^^^^^^^^^^^^^^^^^^^^^^^^^^^^^^^^^
  File "/home/airflow/.local/lib/python3.12/site-packages/airflow/models/taskinstance.py", line 733, in _execute_callable
    return ExecutionCallableRunner(
           ^^^^^^^^^^^^^^^^^^^^^^^^
  File "/home/airflow/.local/lib/python3.12/site-packages/airflow/utils/operator_helpers.py", line 252, in run
    return self.func(*args, **kwargs)
           ^^^^^^^^^^^^^^^^^^^^^^^^^^
  File "/home/airflow/.local/lib/python3.12/site-packages/airflow/models/baseoperator.py", line 406, in wrapper
    return func(self, *args, **kwargs)
           ^^^^^^^^^^^^^^^^^^^^^^^^^^^
  File "/home/airflow/.local/lib/python3.12/site-packages/airflow/operators/python.py", line 238, in execute
    return_value = self.execute_callable()
                   ^^^^^^^^^^^^^^^^^^^^^^^
  File "/home/airflow/.local/lib/python3.12/site-packages/airflow/operators/python.py", line 256, in execute_callable
    return runner.run(*self.op_args, **self.op_kwargs)
           ^^^^^^^^^^^^^^^^^^^^^^^^^^^^^^^^^^^^^^^^^^^
  File "/home/airflow/.local/lib/python3.12/site-packages/airflow/utils/operator_helpers.py", line 252, in run
    return self.func(*args, **kwargs)
           ^^^^^^^^^^^^^^^^^^^^^^^^^^
  File "/opt/airflow/dags/python_files/l1/prices/prices.py", line 55, in insert_prices
    cursor = conn.cursor()
             ^^^^^^^^^^^^^
psycopg2.InterfaceError: connection already closed
[2024-10-20T04:27:03.115+0000] {taskinstance.py:1225} INFO - Marking task as UP_FOR_RETRY. dag_id=elt, task_id=extract_load_data.insert_prices, run_id=scheduled__2024-10-18T12:00:00+00:00, execution_date=20241018T120000, start_date=20241020T042638, end_date=20241020T042703
[2024-10-20T04:27:03.135+0000] {taskinstance.py:340} INFO - ::group::Post task execution logs
[2024-10-20T04:27:03.136+0000] {standard_task_runner.py:124} ERROR - Failed to execute job 216 for task extract_load_data.insert_prices (connection already closed; 98)
Traceback (most recent call last):
  File "/home/airflow/.local/lib/python3.12/site-packages/airflow/task/task_runner/standard_task_runner.py", line 117, in _start_by_fork
    ret = args.func(args, dag=self.dag)
          ^^^^^^^^^^^^^^^^^^^^^^^^^^^^^
  File "/home/airflow/.local/lib/python3.12/site-packages/airflow/cli/cli_config.py", line 49, in command
    return func(*args, **kwargs)
           ^^^^^^^^^^^^^^^^^^^^^
  File "/home/airflow/.local/lib/python3.12/site-packages/airflow/utils/cli.py", line 115, in wrapper
    return f(*args, **kwargs)
           ^^^^^^^^^^^^^^^^^^
  File "/home/airflow/.local/lib/python3.12/site-packages/airflow/cli/commands/task_command.py", line 483, in task_run
    task_return_code = _run_task_by_selected_method(args, _dag, ti)
                       ^^^^^^^^^^^^^^^^^^^^^^^^^^^^^^^^^^^^^^^^^^^^
  File "/home/airflow/.local/lib/python3.12/site-packages/airflow/cli/commands/task_command.py", line 256, in _run_task_by_selected_method
    return _run_raw_task(args, ti)
           ^^^^^^^^^^^^^^^^^^^^^^^
  File "/home/airflow/.local/lib/python3.12/site-packages/airflow/cli/commands/task_command.py", line 341, in _run_raw_task
    return ti._run_raw_task(
           ^^^^^^^^^^^^^^^^^
  File "/home/airflow/.local/lib/python3.12/site-packages/airflow/utils/session.py", line 97, in wrapper
    return func(*args, session=session, **kwargs)
           ^^^^^^^^^^^^^^^^^^^^^^^^^^^^^^^^^^^^^^
  File "/home/airflow/.local/lib/python3.12/site-packages/airflow/models/taskinstance.py", line 3004, in _run_raw_task
    return _run_raw_task(
           ^^^^^^^^^^^^^^
  File "/home/airflow/.local/lib/python3.12/site-packages/airflow/models/taskinstance.py", line 273, in _run_raw_task
    TaskInstance._execute_task_with_callbacks(
  File "/home/airflow/.local/lib/python3.12/site-packages/airflow/models/taskinstance.py", line 3158, in _execute_task_with_callbacks
    result = self._execute_task(context, task_orig)
             ^^^^^^^^^^^^^^^^^^^^^^^^^^^^^^^^^^^^^^
  File "/home/airflow/.local/lib/python3.12/site-packages/airflow/models/taskinstance.py", line 3182, in _execute_task
    return _execute_task(self, context, task_orig)
           ^^^^^^^^^^^^^^^^^^^^^^^^^^^^^^^^^^^^^^^
  File "/home/airflow/.local/lib/python3.12/site-packages/airflow/models/taskinstance.py", line 767, in _execute_task
    result = _execute_callable(context=context, **execute_callable_kwargs)
             ^^^^^^^^^^^^^^^^^^^^^^^^^^^^^^^^^^^^^^^^^^^^^^^^^^^^^^^^^^^^^
  File "/home/airflow/.local/lib/python3.12/site-packages/airflow/models/taskinstance.py", line 733, in _execute_callable
    return ExecutionCallableRunner(
           ^^^^^^^^^^^^^^^^^^^^^^^^
  File "/home/airflow/.local/lib/python3.12/site-packages/airflow/utils/operator_helpers.py", line 252, in run
    return self.func(*args, **kwargs)
           ^^^^^^^^^^^^^^^^^^^^^^^^^^
  File "/home/airflow/.local/lib/python3.12/site-packages/airflow/models/baseoperator.py", line 406, in wrapper
    return func(self, *args, **kwargs)
           ^^^^^^^^^^^^^^^^^^^^^^^^^^^
  File "/home/airflow/.local/lib/python3.12/site-packages/airflow/operators/python.py", line 238, in execute
    return_value = self.execute_callable()
                   ^^^^^^^^^^^^^^^^^^^^^^^
  File "/home/airflow/.local/lib/python3.12/site-packages/airflow/operators/python.py", line 256, in execute_callable
    return runner.run(*self.op_args, **self.op_kwargs)
           ^^^^^^^^^^^^^^^^^^^^^^^^^^^^^^^^^^^^^^^^^^^
  File "/home/airflow/.local/lib/python3.12/site-packages/airflow/utils/operator_helpers.py", line 252, in run
    return self.func(*args, **kwargs)
           ^^^^^^^^^^^^^^^^^^^^^^^^^^
  File "/opt/airflow/dags/python_files/l1/prices/prices.py", line 55, in insert_prices
    cursor = conn.cursor()
             ^^^^^^^^^^^^^
psycopg2.InterfaceError: connection already closed
[2024-10-20T04:27:03.172+0000] {local_task_job_runner.py:266} INFO - Task exited with return code 1
[2024-10-20T04:27:03.197+0000] {warnings.py:112} WARNING - /home/***/.local/lib/python3.12/site-packages/***/models/baseoperator.py:1378: AirflowProviderDeprecationWarning: Call to deprecated class PostgresOperator. (Please use `***.providers.common.sql.operators.sql.SQLExecuteQueryOperator`.Also, you can provide `hook_params={'schema': <database>}`.)
  result = cls.__new__(cls)

[2024-10-20T04:27:03.251+0000] {taskinstance.py:3900} INFO - 0 downstream tasks scheduled from follow-on schedule check
[2024-10-20T04:27:03.252+0000] {local_task_job_runner.py:245} INFO - ::endgroup::
