[2024-10-17T02:29:54.611+0000] {processor.py:186} INFO - Started process (PID=46) to work on /opt/airflow/dags/insert_items.py
[2024-10-17T02:29:54.614+0000] {processor.py:914} INFO - Processing file /opt/airflow/dags/insert_items.py for tasks to queue
[2024-10-17T02:29:54.621+0000] {logging_mixin.py:190} INFO - [2024-10-17T02:29:54.620+0000] {dagbag.py:588} INFO - Filling up the DagBag from /opt/airflow/dags/insert_items.py
[2024-10-17T02:29:55.903+0000] {processor.py:925} INFO - DAG(s) 'insert_items' retrieved from /opt/airflow/dags/insert_items.py
[2024-10-17T02:29:56.017+0000] {logging_mixin.py:190} INFO - [2024-10-17T02:29:56.015+0000] {dag.py:3239} INFO - Sync 1 DAGs
[2024-10-17T02:29:56.079+0000] {logging_mixin.py:190} INFO - [2024-10-17T02:29:56.079+0000] {dag.py:4180} INFO - Setting next_dagrun for insert_items to 2024-10-17 02:05:00+00:00, run_after=2024-10-17 02:35:00+00:00
[2024-10-17T02:29:56.149+0000] {processor.py:208} INFO - Processing /opt/airflow/dags/insert_items.py took 1.551 seconds
[2024-10-17T02:32:22.248+0000] {processor.py:186} INFO - Started process (PID=59) to work on /opt/airflow/dags/insert_items.py
[2024-10-17T02:32:22.256+0000] {processor.py:914} INFO - Processing file /opt/airflow/dags/insert_items.py for tasks to queue
[2024-10-17T02:32:22.276+0000] {logging_mixin.py:190} INFO - [2024-10-17T02:32:22.274+0000] {dagbag.py:588} INFO - Filling up the DagBag from /opt/airflow/dags/insert_items.py
[2024-10-17T02:32:26.491+0000] {processor.py:925} INFO - DAG(s) 'insert_items' retrieved from /opt/airflow/dags/insert_items.py
[2024-10-17T02:32:26.523+0000] {logging_mixin.py:190} INFO - [2024-10-17T02:32:26.523+0000] {dag.py:3239} INFO - Sync 1 DAGs
[2024-10-17T02:32:26.557+0000] {logging_mixin.py:190} INFO - [2024-10-17T02:32:26.557+0000] {dag.py:4180} INFO - Setting next_dagrun for insert_items to 2024-10-17 02:05:00+00:00, run_after=2024-10-17 02:35:00+00:00
[2024-10-17T02:32:26.572+0000] {processor.py:208} INFO - Processing /opt/airflow/dags/insert_items.py took 4.367 seconds
[2024-10-17T02:32:57.288+0000] {processor.py:186} INFO - Started process (PID=76) to work on /opt/airflow/dags/insert_items.py
[2024-10-17T02:32:57.292+0000] {processor.py:914} INFO - Processing file /opt/airflow/dags/insert_items.py for tasks to queue
[2024-10-17T02:32:57.347+0000] {logging_mixin.py:190} INFO - [2024-10-17T02:32:57.313+0000] {dagbag.py:588} INFO - Filling up the DagBag from /opt/airflow/dags/insert_items.py
[2024-10-17T02:33:02.117+0000] {processor.py:925} INFO - DAG(s) 'insert_items' retrieved from /opt/airflow/dags/insert_items.py
[2024-10-17T02:33:02.155+0000] {logging_mixin.py:190} INFO - [2024-10-17T02:33:02.154+0000] {dag.py:3239} INFO - Sync 1 DAGs
[2024-10-17T02:33:02.173+0000] {logging_mixin.py:190} INFO - [2024-10-17T02:33:02.172+0000] {dag.py:4180} INFO - Setting next_dagrun for insert_items to 2024-10-17 02:05:00+00:00, run_after=2024-10-17 02:35:00+00:00
[2024-10-17T02:33:02.184+0000] {processor.py:208} INFO - Processing /opt/airflow/dags/insert_items.py took 4.991 seconds
[2024-10-17T02:33:32.905+0000] {processor.py:186} INFO - Started process (PID=88) to work on /opt/airflow/dags/insert_items.py
[2024-10-17T02:33:32.908+0000] {processor.py:914} INFO - Processing file /opt/airflow/dags/insert_items.py for tasks to queue
[2024-10-17T02:33:32.920+0000] {logging_mixin.py:190} INFO - [2024-10-17T02:33:32.919+0000] {dagbag.py:588} INFO - Filling up the DagBag from /opt/airflow/dags/insert_items.py
[2024-10-17T02:33:34.439+0000] {processor.py:925} INFO - DAG(s) 'insert_items' retrieved from /opt/airflow/dags/insert_items.py
[2024-10-17T02:33:34.473+0000] {logging_mixin.py:190} INFO - [2024-10-17T02:33:34.473+0000] {dag.py:3239} INFO - Sync 1 DAGs
[2024-10-17T02:33:34.492+0000] {logging_mixin.py:190} INFO - [2024-10-17T02:33:34.492+0000] {dag.py:4180} INFO - Setting next_dagrun for insert_items to 2024-10-17 02:05:00+00:00, run_after=2024-10-17 02:35:00+00:00
[2024-10-17T02:33:34.503+0000] {processor.py:208} INFO - Processing /opt/airflow/dags/insert_items.py took 1.641 seconds
[2024-10-17T02:34:05.044+0000] {processor.py:186} INFO - Started process (PID=96) to work on /opt/airflow/dags/insert_items.py
[2024-10-17T02:34:05.046+0000] {processor.py:914} INFO - Processing file /opt/airflow/dags/insert_items.py for tasks to queue
[2024-10-17T02:34:05.052+0000] {logging_mixin.py:190} INFO - [2024-10-17T02:34:05.051+0000] {dagbag.py:588} INFO - Filling up the DagBag from /opt/airflow/dags/insert_items.py
[2024-10-17T02:34:05.566+0000] {processor.py:925} INFO - DAG(s) 'insert_items' retrieved from /opt/airflow/dags/insert_items.py
[2024-10-17T02:34:05.596+0000] {logging_mixin.py:190} INFO - [2024-10-17T02:34:05.595+0000] {dag.py:3239} INFO - Sync 1 DAGs
[2024-10-17T02:34:05.608+0000] {logging_mixin.py:190} INFO - [2024-10-17T02:34:05.608+0000] {dag.py:4180} INFO - Setting next_dagrun for insert_items to 2024-10-17 02:05:00+00:00, run_after=2024-10-17 02:35:00+00:00
[2024-10-17T02:34:05.616+0000] {processor.py:208} INFO - Processing /opt/airflow/dags/insert_items.py took 0.600 seconds
[2024-10-17T02:34:36.191+0000] {processor.py:186} INFO - Started process (PID=104) to work on /opt/airflow/dags/insert_items.py
[2024-10-17T02:34:36.196+0000] {processor.py:914} INFO - Processing file /opt/airflow/dags/insert_items.py for tasks to queue
[2024-10-17T02:34:36.206+0000] {logging_mixin.py:190} INFO - [2024-10-17T02:34:36.204+0000] {dagbag.py:588} INFO - Filling up the DagBag from /opt/airflow/dags/insert_items.py
[2024-10-17T02:34:37.326+0000] {processor.py:925} INFO - DAG(s) 'insert_items' retrieved from /opt/airflow/dags/insert_items.py
[2024-10-17T02:34:37.378+0000] {logging_mixin.py:190} INFO - [2024-10-17T02:34:37.378+0000] {dag.py:3239} INFO - Sync 1 DAGs
[2024-10-17T02:34:37.400+0000] {logging_mixin.py:190} INFO - [2024-10-17T02:34:37.400+0000] {dag.py:4180} INFO - Setting next_dagrun for insert_items to 2024-10-17 02:05:00+00:00, run_after=2024-10-17 02:35:00+00:00
[2024-10-17T02:34:37.410+0000] {processor.py:208} INFO - Processing /opt/airflow/dags/insert_items.py took 1.265 seconds
[2024-10-17T02:35:30.398+0000] {processor.py:186} INFO - Started process (PID=66) to work on /opt/airflow/dags/insert_items.py
[2024-10-17T02:35:30.399+0000] {processor.py:914} INFO - Processing file /opt/airflow/dags/insert_items.py for tasks to queue
[2024-10-17T02:35:30.401+0000] {logging_mixin.py:190} INFO - [2024-10-17T02:35:30.401+0000] {dagbag.py:588} INFO - Filling up the DagBag from /opt/airflow/dags/insert_items.py
[2024-10-17T02:35:32.966+0000] {processor.py:925} INFO - DAG(s) 'insert_items' retrieved from /opt/airflow/dags/insert_items.py
[2024-10-17T02:35:33.080+0000] {logging_mixin.py:190} INFO - [2024-10-17T02:35:33.078+0000] {dag.py:3239} INFO - Sync 1 DAGs
[2024-10-17T02:35:33.212+0000] {logging_mixin.py:190} INFO - [2024-10-17T02:35:33.211+0000] {dag.py:4180} INFO - Setting next_dagrun for insert_items to 2024-10-17 02:35:00+00:00, run_after=2024-10-17 03:05:00+00:00
[2024-10-17T02:35:33.280+0000] {processor.py:208} INFO - Processing /opt/airflow/dags/insert_items.py took 2.908 seconds
[2024-10-17T02:36:03.688+0000] {processor.py:186} INFO - Started process (PID=94) to work on /opt/airflow/dags/insert_items.py
[2024-10-17T02:36:03.702+0000] {processor.py:914} INFO - Processing file /opt/airflow/dags/insert_items.py for tasks to queue
[2024-10-17T02:36:03.735+0000] {logging_mixin.py:190} INFO - [2024-10-17T02:36:03.731+0000] {dagbag.py:588} INFO - Filling up the DagBag from /opt/airflow/dags/insert_items.py
[2024-10-17T02:36:06.707+0000] {processor.py:925} INFO - DAG(s) 'insert_items' retrieved from /opt/airflow/dags/insert_items.py
[2024-10-17T02:36:06.829+0000] {logging_mixin.py:190} INFO - [2024-10-17T02:36:06.827+0000] {dag.py:3239} INFO - Sync 1 DAGs
[2024-10-17T02:36:06.866+0000] {logging_mixin.py:190} INFO - [2024-10-17T02:36:06.866+0000] {dag.py:4180} INFO - Setting next_dagrun for insert_items to 2024-10-17 02:35:00+00:00, run_after=2024-10-17 03:05:00+00:00
[2024-10-17T02:36:06.916+0000] {processor.py:208} INFO - Processing /opt/airflow/dags/insert_items.py took 3.376 seconds
[2024-10-17T02:36:37.987+0000] {processor.py:186} INFO - Started process (PID=101) to work on /opt/airflow/dags/insert_items.py
[2024-10-17T02:36:37.990+0000] {processor.py:914} INFO - Processing file /opt/airflow/dags/insert_items.py for tasks to queue
[2024-10-17T02:36:38.024+0000] {logging_mixin.py:190} INFO - [2024-10-17T02:36:38.016+0000] {dagbag.py:588} INFO - Filling up the DagBag from /opt/airflow/dags/insert_items.py
[2024-10-17T02:36:39.771+0000] {processor.py:925} INFO - DAG(s) 'insert_items' retrieved from /opt/airflow/dags/insert_items.py
[2024-10-17T02:36:39.858+0000] {logging_mixin.py:190} INFO - [2024-10-17T02:36:39.858+0000] {dag.py:3239} INFO - Sync 1 DAGs
[2024-10-17T02:36:39.929+0000] {logging_mixin.py:190} INFO - [2024-10-17T02:36:39.928+0000] {dag.py:4180} INFO - Setting next_dagrun for insert_items to 2024-10-17 02:35:00+00:00, run_after=2024-10-17 03:05:00+00:00
[2024-10-17T02:36:39.978+0000] {processor.py:208} INFO - Processing /opt/airflow/dags/insert_items.py took 2.080 seconds
[2024-10-17T02:37:10.919+0000] {processor.py:186} INFO - Started process (PID=109) to work on /opt/airflow/dags/insert_items.py
[2024-10-17T02:37:10.921+0000] {processor.py:914} INFO - Processing file /opt/airflow/dags/insert_items.py for tasks to queue
[2024-10-17T02:37:10.931+0000] {logging_mixin.py:190} INFO - [2024-10-17T02:37:10.929+0000] {dagbag.py:588} INFO - Filling up the DagBag from /opt/airflow/dags/insert_items.py
[2024-10-17T02:37:11.754+0000] {processor.py:925} INFO - DAG(s) 'insert_items' retrieved from /opt/airflow/dags/insert_items.py
[2024-10-17T02:37:11.781+0000] {logging_mixin.py:190} INFO - [2024-10-17T02:37:11.781+0000] {dag.py:3239} INFO - Sync 1 DAGs
[2024-10-17T02:37:11.798+0000] {logging_mixin.py:190} INFO - [2024-10-17T02:37:11.798+0000] {dag.py:4180} INFO - Setting next_dagrun for insert_items to 2024-10-17 02:35:00+00:00, run_after=2024-10-17 03:05:00+00:00
[2024-10-17T02:37:11.808+0000] {processor.py:208} INFO - Processing /opt/airflow/dags/insert_items.py took 0.908 seconds
[2024-10-17T02:37:43.078+0000] {processor.py:186} INFO - Started process (PID=117) to work on /opt/airflow/dags/insert_items.py
[2024-10-17T02:37:43.082+0000] {processor.py:914} INFO - Processing file /opt/airflow/dags/insert_items.py for tasks to queue
[2024-10-17T02:37:43.095+0000] {logging_mixin.py:190} INFO - [2024-10-17T02:37:43.093+0000] {dagbag.py:588} INFO - Filling up the DagBag from /opt/airflow/dags/insert_items.py
[2024-10-17T02:37:46.076+0000] {processor.py:925} INFO - DAG(s) 'insert_items' retrieved from /opt/airflow/dags/insert_items.py
[2024-10-17T02:37:46.188+0000] {logging_mixin.py:190} INFO - [2024-10-17T02:37:46.187+0000] {dag.py:3239} INFO - Sync 1 DAGs
[2024-10-17T02:37:46.272+0000] {logging_mixin.py:190} INFO - [2024-10-17T02:37:46.271+0000] {dag.py:4180} INFO - Setting next_dagrun for insert_items to 2024-10-17 02:35:00+00:00, run_after=2024-10-17 03:05:00+00:00
[2024-10-17T02:37:46.379+0000] {processor.py:208} INFO - Processing /opt/airflow/dags/insert_items.py took 3.419 seconds
[2024-10-17T02:38:17.105+0000] {processor.py:186} INFO - Started process (PID=125) to work on /opt/airflow/dags/insert_items.py
[2024-10-17T02:38:17.120+0000] {processor.py:914} INFO - Processing file /opt/airflow/dags/insert_items.py for tasks to queue
[2024-10-17T02:38:17.153+0000] {logging_mixin.py:190} INFO - [2024-10-17T02:38:17.152+0000] {dagbag.py:588} INFO - Filling up the DagBag from /opt/airflow/dags/insert_items.py
[2024-10-17T02:38:18.804+0000] {processor.py:925} INFO - DAG(s) 'insert_items' retrieved from /opt/airflow/dags/insert_items.py
[2024-10-17T02:38:18.883+0000] {logging_mixin.py:190} INFO - [2024-10-17T02:38:18.882+0000] {dag.py:3239} INFO - Sync 1 DAGs
[2024-10-17T02:38:18.906+0000] {logging_mixin.py:190} INFO - [2024-10-17T02:38:18.906+0000] {dag.py:4180} INFO - Setting next_dagrun for insert_items to 2024-10-17 02:35:00+00:00, run_after=2024-10-17 03:05:00+00:00
[2024-10-17T02:38:18.931+0000] {processor.py:208} INFO - Processing /opt/airflow/dags/insert_items.py took 1.877 seconds
[2024-10-17T02:38:49.493+0000] {processor.py:186} INFO - Started process (PID=133) to work on /opt/airflow/dags/insert_items.py
[2024-10-17T02:38:49.498+0000] {processor.py:914} INFO - Processing file /opt/airflow/dags/insert_items.py for tasks to queue
[2024-10-17T02:38:49.530+0000] {logging_mixin.py:190} INFO - [2024-10-17T02:38:49.525+0000] {dagbag.py:588} INFO - Filling up the DagBag from /opt/airflow/dags/insert_items.py
[2024-10-17T02:38:50.306+0000] {processor.py:925} INFO - DAG(s) 'insert_items' retrieved from /opt/airflow/dags/insert_items.py
[2024-10-17T02:38:50.330+0000] {logging_mixin.py:190} INFO - [2024-10-17T02:38:50.330+0000] {dag.py:3239} INFO - Sync 1 DAGs
[2024-10-17T02:38:50.347+0000] {logging_mixin.py:190} INFO - [2024-10-17T02:38:50.347+0000] {dag.py:4180} INFO - Setting next_dagrun for insert_items to 2024-10-17 02:35:00+00:00, run_after=2024-10-17 03:05:00+00:00
[2024-10-17T02:38:50.356+0000] {processor.py:208} INFO - Processing /opt/airflow/dags/insert_items.py took 0.889 seconds
[2024-10-17T02:39:21.094+0000] {processor.py:186} INFO - Started process (PID=141) to work on /opt/airflow/dags/insert_items.py
[2024-10-17T02:39:21.104+0000] {processor.py:914} INFO - Processing file /opt/airflow/dags/insert_items.py for tasks to queue
[2024-10-17T02:39:21.114+0000] {logging_mixin.py:190} INFO - [2024-10-17T02:39:21.113+0000] {dagbag.py:588} INFO - Filling up the DagBag from /opt/airflow/dags/insert_items.py
[2024-10-17T02:39:21.737+0000] {processor.py:925} INFO - DAG(s) 'insert_items' retrieved from /opt/airflow/dags/insert_items.py
[2024-10-17T02:39:21.791+0000] {logging_mixin.py:190} INFO - [2024-10-17T02:39:21.791+0000] {dag.py:3239} INFO - Sync 1 DAGs
[2024-10-17T02:39:21.810+0000] {logging_mixin.py:190} INFO - [2024-10-17T02:39:21.810+0000] {dag.py:4180} INFO - Setting next_dagrun for insert_items to 2024-10-17 02:35:00+00:00, run_after=2024-10-17 03:05:00+00:00
[2024-10-17T02:39:21.830+0000] {processor.py:208} INFO - Processing /opt/airflow/dags/insert_items.py took 0.749 seconds
[2024-10-17T02:39:52.449+0000] {processor.py:186} INFO - Started process (PID=149) to work on /opt/airflow/dags/insert_items.py
[2024-10-17T02:39:52.451+0000] {processor.py:914} INFO - Processing file /opt/airflow/dags/insert_items.py for tasks to queue
[2024-10-17T02:39:52.459+0000] {logging_mixin.py:190} INFO - [2024-10-17T02:39:52.459+0000] {dagbag.py:588} INFO - Filling up the DagBag from /opt/airflow/dags/insert_items.py
[2024-10-17T02:39:52.973+0000] {processor.py:925} INFO - DAG(s) 'insert_items' retrieved from /opt/airflow/dags/insert_items.py
[2024-10-17T02:39:53.006+0000] {logging_mixin.py:190} INFO - [2024-10-17T02:39:53.006+0000] {dag.py:3239} INFO - Sync 1 DAGs
[2024-10-17T02:39:53.019+0000] {logging_mixin.py:190} INFO - [2024-10-17T02:39:53.019+0000] {dag.py:4180} INFO - Setting next_dagrun for insert_items to 2024-10-17 02:35:00+00:00, run_after=2024-10-17 03:05:00+00:00
[2024-10-17T02:39:53.030+0000] {processor.py:208} INFO - Processing /opt/airflow/dags/insert_items.py took 0.595 seconds
[2024-10-17T02:40:24.206+0000] {processor.py:186} INFO - Started process (PID=156) to work on /opt/airflow/dags/insert_items.py
[2024-10-17T02:40:24.208+0000] {processor.py:914} INFO - Processing file /opt/airflow/dags/insert_items.py for tasks to queue
[2024-10-17T02:40:24.213+0000] {logging_mixin.py:190} INFO - [2024-10-17T02:40:24.213+0000] {dagbag.py:588} INFO - Filling up the DagBag from /opt/airflow/dags/insert_items.py
[2024-10-17T02:40:24.798+0000] {processor.py:925} INFO - DAG(s) 'insert_items' retrieved from /opt/airflow/dags/insert_items.py
[2024-10-17T02:40:24.819+0000] {logging_mixin.py:190} INFO - [2024-10-17T02:40:24.819+0000] {dag.py:3239} INFO - Sync 1 DAGs
[2024-10-17T02:40:24.840+0000] {logging_mixin.py:190} INFO - [2024-10-17T02:40:24.839+0000] {dag.py:4180} INFO - Setting next_dagrun for insert_items to 2024-10-17 02:35:00+00:00, run_after=2024-10-17 03:05:00+00:00
[2024-10-17T02:40:24.851+0000] {processor.py:208} INFO - Processing /opt/airflow/dags/insert_items.py took 0.679 seconds
[2024-10-17T02:40:55.742+0000] {processor.py:186} INFO - Started process (PID=164) to work on /opt/airflow/dags/insert_items.py
[2024-10-17T02:40:55.744+0000] {processor.py:914} INFO - Processing file /opt/airflow/dags/insert_items.py for tasks to queue
[2024-10-17T02:40:55.758+0000] {logging_mixin.py:190} INFO - [2024-10-17T02:40:55.757+0000] {dagbag.py:588} INFO - Filling up the DagBag from /opt/airflow/dags/insert_items.py
[2024-10-17T02:40:56.057+0000] {processor.py:925} INFO - DAG(s) 'insert_items' retrieved from /opt/airflow/dags/insert_items.py
[2024-10-17T02:40:56.083+0000] {logging_mixin.py:190} INFO - [2024-10-17T02:40:56.083+0000] {dag.py:3239} INFO - Sync 1 DAGs
[2024-10-17T02:40:56.100+0000] {logging_mixin.py:190} INFO - [2024-10-17T02:40:56.099+0000] {dag.py:4180} INFO - Setting next_dagrun for insert_items to 2024-10-17 02:35:00+00:00, run_after=2024-10-17 03:05:00+00:00
[2024-10-17T02:40:56.110+0000] {processor.py:208} INFO - Processing /opt/airflow/dags/insert_items.py took 0.379 seconds
[2024-10-17T02:41:26.251+0000] {processor.py:186} INFO - Started process (PID=172) to work on /opt/airflow/dags/insert_items.py
[2024-10-17T02:41:26.253+0000] {processor.py:914} INFO - Processing file /opt/airflow/dags/insert_items.py for tasks to queue
[2024-10-17T02:41:26.258+0000] {logging_mixin.py:190} INFO - [2024-10-17T02:41:26.257+0000] {dagbag.py:588} INFO - Filling up the DagBag from /opt/airflow/dags/insert_items.py
[2024-10-17T02:41:26.580+0000] {processor.py:925} INFO - DAG(s) 'insert_items' retrieved from /opt/airflow/dags/insert_items.py
[2024-10-17T02:41:26.627+0000] {logging_mixin.py:190} INFO - [2024-10-17T02:41:26.627+0000] {dag.py:3239} INFO - Sync 1 DAGs
[2024-10-17T02:41:26.645+0000] {logging_mixin.py:190} INFO - [2024-10-17T02:41:26.645+0000] {dag.py:4180} INFO - Setting next_dagrun for insert_items to 2024-10-17 02:35:00+00:00, run_after=2024-10-17 03:05:00+00:00
[2024-10-17T02:41:26.654+0000] {processor.py:208} INFO - Processing /opt/airflow/dags/insert_items.py took 0.430 seconds
[2024-10-17T02:41:57.326+0000] {processor.py:186} INFO - Started process (PID=179) to work on /opt/airflow/dags/insert_items.py
[2024-10-17T02:41:57.331+0000] {processor.py:914} INFO - Processing file /opt/airflow/dags/insert_items.py for tasks to queue
[2024-10-17T02:41:57.341+0000] {logging_mixin.py:190} INFO - [2024-10-17T02:41:57.340+0000] {dagbag.py:588} INFO - Filling up the DagBag from /opt/airflow/dags/insert_items.py
[2024-10-17T02:41:57.814+0000] {processor.py:925} INFO - DAG(s) 'insert_items' retrieved from /opt/airflow/dags/insert_items.py
[2024-10-17T02:41:57.877+0000] {logging_mixin.py:190} INFO - [2024-10-17T02:41:57.877+0000] {dag.py:3239} INFO - Sync 1 DAGs
[2024-10-17T02:41:57.897+0000] {logging_mixin.py:190} INFO - [2024-10-17T02:41:57.897+0000] {dag.py:4180} INFO - Setting next_dagrun for insert_items to 2024-10-17 02:35:00+00:00, run_after=2024-10-17 03:05:00+00:00
[2024-10-17T02:41:57.908+0000] {processor.py:208} INFO - Processing /opt/airflow/dags/insert_items.py took 0.620 seconds
[2024-10-17T02:42:28.534+0000] {processor.py:186} INFO - Started process (PID=187) to work on /opt/airflow/dags/insert_items.py
[2024-10-17T02:42:28.537+0000] {processor.py:914} INFO - Processing file /opt/airflow/dags/insert_items.py for tasks to queue
[2024-10-17T02:42:28.560+0000] {logging_mixin.py:190} INFO - [2024-10-17T02:42:28.557+0000] {dagbag.py:588} INFO - Filling up the DagBag from /opt/airflow/dags/insert_items.py
[2024-10-17T02:42:29.101+0000] {processor.py:925} INFO - DAG(s) 'insert_items' retrieved from /opt/airflow/dags/insert_items.py
[2024-10-17T02:42:29.229+0000] {logging_mixin.py:190} INFO - [2024-10-17T02:42:29.226+0000] {dag.py:3239} INFO - Sync 1 DAGs
[2024-10-17T02:42:29.324+0000] {logging_mixin.py:190} INFO - [2024-10-17T02:42:29.323+0000] {dag.py:4180} INFO - Setting next_dagrun for insert_items to 2024-10-17 02:35:00+00:00, run_after=2024-10-17 03:05:00+00:00
[2024-10-17T02:42:29.347+0000] {processor.py:208} INFO - Processing /opt/airflow/dags/insert_items.py took 0.837 seconds
[2024-10-17T02:42:59.933+0000] {processor.py:186} INFO - Started process (PID=201) to work on /opt/airflow/dags/insert_items.py
[2024-10-17T02:42:59.935+0000] {processor.py:914} INFO - Processing file /opt/airflow/dags/insert_items.py for tasks to queue
[2024-10-17T02:42:59.942+0000] {logging_mixin.py:190} INFO - [2024-10-17T02:42:59.941+0000] {dagbag.py:588} INFO - Filling up the DagBag from /opt/airflow/dags/insert_items.py
[2024-10-17T02:43:00.264+0000] {processor.py:925} INFO - DAG(s) 'insert_items' retrieved from /opt/airflow/dags/insert_items.py
[2024-10-17T02:43:00.291+0000] {logging_mixin.py:190} INFO - [2024-10-17T02:43:00.291+0000] {dag.py:3239} INFO - Sync 1 DAGs
[2024-10-17T02:43:00.319+0000] {logging_mixin.py:190} INFO - [2024-10-17T02:43:00.319+0000] {dag.py:4180} INFO - Setting next_dagrun for insert_items to 2024-10-17 02:35:00+00:00, run_after=2024-10-17 03:05:00+00:00
[2024-10-17T02:43:00.330+0000] {processor.py:208} INFO - Processing /opt/airflow/dags/insert_items.py took 0.413 seconds
[2024-10-17T02:43:54.959+0000] {processor.py:186} INFO - Started process (PID=59) to work on /opt/airflow/dags/insert_items.py
[2024-10-17T02:43:54.962+0000] {processor.py:914} INFO - Processing file /opt/airflow/dags/insert_items.py for tasks to queue
[2024-10-17T02:43:54.971+0000] {logging_mixin.py:190} INFO - [2024-10-17T02:43:54.971+0000] {dagbag.py:588} INFO - Filling up the DagBag from /opt/airflow/dags/insert_items.py
[2024-10-17T02:43:57.398+0000] {processor.py:925} INFO - DAG(s) 'insert_items' retrieved from /opt/airflow/dags/insert_items.py
[2024-10-17T02:43:57.486+0000] {logging_mixin.py:190} INFO - [2024-10-17T02:43:57.485+0000] {dag.py:3239} INFO - Sync 1 DAGs
[2024-10-17T02:43:57.536+0000] {logging_mixin.py:190} INFO - [2024-10-17T02:43:57.536+0000] {dag.py:4180} INFO - Setting next_dagrun for insert_items to 2024-10-17 02:35:00+00:00, run_after=2024-10-17 03:05:00+00:00
[2024-10-17T02:43:57.574+0000] {processor.py:208} INFO - Processing /opt/airflow/dags/insert_items.py took 2.624 seconds
[2024-10-17T02:44:28.207+0000] {processor.py:186} INFO - Started process (PID=67) to work on /opt/airflow/dags/insert_items.py
[2024-10-17T02:44:28.214+0000] {processor.py:914} INFO - Processing file /opt/airflow/dags/insert_items.py for tasks to queue
[2024-10-17T02:44:28.241+0000] {logging_mixin.py:190} INFO - [2024-10-17T02:44:28.238+0000] {dagbag.py:588} INFO - Filling up the DagBag from /opt/airflow/dags/insert_items.py
[2024-10-17T02:44:30.346+0000] {processor.py:925} INFO - DAG(s) 'insert_items' retrieved from /opt/airflow/dags/insert_items.py
[2024-10-17T02:44:30.389+0000] {logging_mixin.py:190} INFO - [2024-10-17T02:44:30.388+0000] {dag.py:3239} INFO - Sync 1 DAGs
[2024-10-17T02:44:30.423+0000] {logging_mixin.py:190} INFO - [2024-10-17T02:44:30.422+0000] {dag.py:4180} INFO - Setting next_dagrun for insert_items to 2024-10-17 02:35:00+00:00, run_after=2024-10-17 03:05:00+00:00
[2024-10-17T02:44:30.438+0000] {processor.py:208} INFO - Processing /opt/airflow/dags/insert_items.py took 2.333 seconds
[2024-10-17T02:45:00.808+0000] {processor.py:186} INFO - Started process (PID=81) to work on /opt/airflow/dags/insert_items.py
[2024-10-17T02:45:00.810+0000] {processor.py:914} INFO - Processing file /opt/airflow/dags/insert_items.py for tasks to queue
[2024-10-17T02:45:00.814+0000] {logging_mixin.py:190} INFO - [2024-10-17T02:45:00.814+0000] {dagbag.py:588} INFO - Filling up the DagBag from /opt/airflow/dags/insert_items.py
[2024-10-17T02:45:01.734+0000] {processor.py:925} INFO - DAG(s) 'insert_items' retrieved from /opt/airflow/dags/insert_items.py
[2024-10-17T02:45:01.757+0000] {logging_mixin.py:190} INFO - [2024-10-17T02:45:01.756+0000] {dag.py:3239} INFO - Sync 1 DAGs
[2024-10-17T02:45:01.770+0000] {logging_mixin.py:190} INFO - [2024-10-17T02:45:01.769+0000] {dag.py:4180} INFO - Setting next_dagrun for insert_items to 2024-10-17 02:35:00+00:00, run_after=2024-10-17 03:05:00+00:00
[2024-10-17T02:45:01.778+0000] {processor.py:208} INFO - Processing /opt/airflow/dags/insert_items.py took 0.993 seconds
[2024-10-17T02:45:32.297+0000] {processor.py:186} INFO - Started process (PID=89) to work on /opt/airflow/dags/insert_items.py
[2024-10-17T02:45:32.299+0000] {processor.py:914} INFO - Processing file /opt/airflow/dags/insert_items.py for tasks to queue
[2024-10-17T02:45:32.304+0000] {logging_mixin.py:190} INFO - [2024-10-17T02:45:32.304+0000] {dagbag.py:588} INFO - Filling up the DagBag from /opt/airflow/dags/insert_items.py
[2024-10-17T02:45:33.119+0000] {processor.py:925} INFO - DAG(s) 'insert_items' retrieved from /opt/airflow/dags/insert_items.py
[2024-10-17T02:45:33.142+0000] {logging_mixin.py:190} INFO - [2024-10-17T02:45:33.142+0000] {dag.py:3239} INFO - Sync 1 DAGs
[2024-10-17T02:45:33.171+0000] {logging_mixin.py:190} INFO - [2024-10-17T02:45:33.171+0000] {dag.py:4180} INFO - Setting next_dagrun for insert_items to 2024-10-17 02:35:00+00:00, run_after=2024-10-17 03:05:00+00:00
[2024-10-17T02:45:33.182+0000] {processor.py:208} INFO - Processing /opt/airflow/dags/insert_items.py took 0.896 seconds
[2024-10-17T02:46:04.207+0000] {processor.py:186} INFO - Started process (PID=101) to work on /opt/airflow/dags/insert_items.py
[2024-10-17T02:46:04.212+0000] {processor.py:914} INFO - Processing file /opt/airflow/dags/insert_items.py for tasks to queue
[2024-10-17T02:46:04.265+0000] {logging_mixin.py:190} INFO - [2024-10-17T02:46:04.249+0000] {dagbag.py:588} INFO - Filling up the DagBag from /opt/airflow/dags/insert_items.py
[2024-10-17T02:46:09.114+0000] {processor.py:925} INFO - DAG(s) 'insert_items' retrieved from /opt/airflow/dags/insert_items.py
[2024-10-17T02:46:09.211+0000] {logging_mixin.py:190} INFO - [2024-10-17T02:46:09.207+0000] {dag.py:3239} INFO - Sync 1 DAGs
[2024-10-17T02:46:09.252+0000] {logging_mixin.py:190} INFO - [2024-10-17T02:46:09.251+0000] {dag.py:4180} INFO - Setting next_dagrun for insert_items to 2024-10-17 02:35:00+00:00, run_after=2024-10-17 03:05:00+00:00
[2024-10-17T02:46:09.268+0000] {processor.py:208} INFO - Processing /opt/airflow/dags/insert_items.py took 5.168 seconds
[2024-10-17T02:46:40.354+0000] {processor.py:186} INFO - Started process (PID=109) to work on /opt/airflow/dags/insert_items.py
[2024-10-17T02:46:40.408+0000] {processor.py:914} INFO - Processing file /opt/airflow/dags/insert_items.py for tasks to queue
[2024-10-17T02:46:41.930+0000] {logging_mixin.py:190} INFO - [2024-10-17T02:46:41.898+0000] {dagbag.py:588} INFO - Filling up the DagBag from /opt/airflow/dags/insert_items.py
[2024-10-17T02:46:45.029+0000] {processor.py:925} INFO - DAG(s) 'insert_items' retrieved from /opt/airflow/dags/insert_items.py
[2024-10-17T02:46:45.078+0000] {logging_mixin.py:190} INFO - [2024-10-17T02:46:45.077+0000] {dag.py:3239} INFO - Sync 1 DAGs
[2024-10-17T02:46:45.101+0000] {logging_mixin.py:190} INFO - [2024-10-17T02:46:45.100+0000] {dag.py:4180} INFO - Setting next_dagrun for insert_items to 2024-10-17 02:35:00+00:00, run_after=2024-10-17 03:05:00+00:00
[2024-10-17T02:46:45.112+0000] {processor.py:208} INFO - Processing /opt/airflow/dags/insert_items.py took 4.949 seconds
[2024-10-17T02:47:15.304+0000] {processor.py:186} INFO - Started process (PID=117) to work on /opt/airflow/dags/insert_items.py
[2024-10-17T02:47:15.305+0000] {processor.py:914} INFO - Processing file /opt/airflow/dags/insert_items.py for tasks to queue
[2024-10-17T02:47:15.316+0000] {logging_mixin.py:190} INFO - [2024-10-17T02:47:15.315+0000] {dagbag.py:588} INFO - Filling up the DagBag from /opt/airflow/dags/insert_items.py
[2024-10-17T02:47:16.206+0000] {processor.py:925} INFO - DAG(s) 'insert_items' retrieved from /opt/airflow/dags/insert_items.py
[2024-10-17T02:47:16.268+0000] {logging_mixin.py:190} INFO - [2024-10-17T02:47:16.267+0000] {dag.py:3239} INFO - Sync 1 DAGs
[2024-10-17T02:47:16.299+0000] {logging_mixin.py:190} INFO - [2024-10-17T02:47:16.299+0000] {dag.py:4180} INFO - Setting next_dagrun for insert_items to 2024-10-17 02:35:00+00:00, run_after=2024-10-17 03:05:00+00:00
[2024-10-17T02:47:16.312+0000] {processor.py:208} INFO - Processing /opt/airflow/dags/insert_items.py took 1.023 seconds
[2024-10-17T02:47:47.277+0000] {processor.py:186} INFO - Started process (PID=125) to work on /opt/airflow/dags/insert_items.py
[2024-10-17T02:47:47.279+0000] {processor.py:914} INFO - Processing file /opt/airflow/dags/insert_items.py for tasks to queue
[2024-10-17T02:47:47.284+0000] {logging_mixin.py:190} INFO - [2024-10-17T02:47:47.283+0000] {dagbag.py:588} INFO - Filling up the DagBag from /opt/airflow/dags/insert_items.py
[2024-10-17T02:47:48.406+0000] {processor.py:925} INFO - DAG(s) 'insert_items' retrieved from /opt/airflow/dags/insert_items.py
[2024-10-17T02:47:48.552+0000] {logging_mixin.py:190} INFO - [2024-10-17T02:47:48.544+0000] {dag.py:3239} INFO - Sync 1 DAGs
[2024-10-17T02:47:48.642+0000] {logging_mixin.py:190} INFO - [2024-10-17T02:47:48.641+0000] {dag.py:4180} INFO - Setting next_dagrun for insert_items to 2024-10-17 02:35:00+00:00, run_after=2024-10-17 03:05:00+00:00
[2024-10-17T02:47:48.666+0000] {processor.py:208} INFO - Processing /opt/airflow/dags/insert_items.py took 1.400 seconds
[2024-10-17T02:48:45.275+0000] {processor.py:186} INFO - Started process (PID=59) to work on /opt/airflow/dags/insert_items.py
[2024-10-17T02:48:45.289+0000] {processor.py:914} INFO - Processing file /opt/airflow/dags/insert_items.py for tasks to queue
[2024-10-17T02:48:45.318+0000] {logging_mixin.py:190} INFO - [2024-10-17T02:48:45.315+0000] {dagbag.py:588} INFO - Filling up the DagBag from /opt/airflow/dags/insert_items.py
[2024-10-17T02:48:48.580+0000] {processor.py:925} INFO - DAG(s) 'insert_items' retrieved from /opt/airflow/dags/insert_items.py
[2024-10-17T02:48:48.699+0000] {logging_mixin.py:190} INFO - [2024-10-17T02:48:48.698+0000] {dag.py:3239} INFO - Sync 1 DAGs
[2024-10-17T02:48:48.803+0000] {logging_mixin.py:190} INFO - [2024-10-17T02:48:48.803+0000] {dag.py:4180} INFO - Setting next_dagrun for insert_items to 2024-10-17 02:35:00+00:00, run_after=2024-10-17 03:05:00+00:00
[2024-10-17T02:48:48.857+0000] {processor.py:208} INFO - Processing /opt/airflow/dags/insert_items.py took 3.630 seconds
[2024-10-17T02:49:19.258+0000] {processor.py:186} INFO - Started process (PID=73) to work on /opt/airflow/dags/insert_items.py
[2024-10-17T02:49:19.262+0000] {processor.py:914} INFO - Processing file /opt/airflow/dags/insert_items.py for tasks to queue
[2024-10-17T02:49:19.286+0000] {logging_mixin.py:190} INFO - [2024-10-17T02:49:19.282+0000] {dagbag.py:588} INFO - Filling up the DagBag from /opt/airflow/dags/insert_items.py
[2024-10-17T02:49:22.920+0000] {processor.py:925} INFO - DAG(s) 'insert_items' retrieved from /opt/airflow/dags/insert_items.py
[2024-10-17T02:49:23.147+0000] {logging_mixin.py:190} INFO - [2024-10-17T02:49:23.147+0000] {dag.py:3239} INFO - Sync 1 DAGs
[2024-10-17T02:49:23.200+0000] {logging_mixin.py:190} INFO - [2024-10-17T02:49:23.199+0000] {dag.py:4180} INFO - Setting next_dagrun for insert_items to 2024-10-17 02:35:00+00:00, run_after=2024-10-17 03:05:00+00:00
[2024-10-17T02:49:23.233+0000] {processor.py:208} INFO - Processing /opt/airflow/dags/insert_items.py took 4.012 seconds
[2024-10-17T02:49:53.732+0000] {processor.py:186} INFO - Started process (PID=85) to work on /opt/airflow/dags/insert_items.py
[2024-10-17T02:49:53.738+0000] {processor.py:914} INFO - Processing file /opt/airflow/dags/insert_items.py for tasks to queue
[2024-10-17T02:49:53.767+0000] {logging_mixin.py:190} INFO - [2024-10-17T02:49:53.764+0000] {dagbag.py:588} INFO - Filling up the DagBag from /opt/airflow/dags/insert_items.py
[2024-10-17T02:49:54.815+0000] {processor.py:925} INFO - DAG(s) 'insert_items' retrieved from /opt/airflow/dags/insert_items.py
[2024-10-17T02:49:54.830+0000] {logging_mixin.py:190} INFO - [2024-10-17T02:49:54.830+0000] {dag.py:3239} INFO - Sync 1 DAGs
[2024-10-17T02:49:54.843+0000] {logging_mixin.py:190} INFO - [2024-10-17T02:49:54.843+0000] {dag.py:4180} INFO - Setting next_dagrun for insert_items to 2024-10-17 02:35:00+00:00, run_after=2024-10-17 03:05:00+00:00
[2024-10-17T02:49:54.851+0000] {processor.py:208} INFO - Processing /opt/airflow/dags/insert_items.py took 1.140 seconds
[2024-10-17T02:50:25.234+0000] {processor.py:186} INFO - Started process (PID=92) to work on /opt/airflow/dags/insert_items.py
[2024-10-17T02:50:25.236+0000] {processor.py:914} INFO - Processing file /opt/airflow/dags/insert_items.py for tasks to queue
[2024-10-17T02:50:25.239+0000] {logging_mixin.py:190} INFO - [2024-10-17T02:50:25.239+0000] {dagbag.py:588} INFO - Filling up the DagBag from /opt/airflow/dags/insert_items.py
[2024-10-17T02:50:25.763+0000] {processor.py:925} INFO - DAG(s) 'insert_items' retrieved from /opt/airflow/dags/insert_items.py
[2024-10-17T02:50:25.792+0000] {logging_mixin.py:190} INFO - [2024-10-17T02:50:25.791+0000] {dag.py:3239} INFO - Sync 1 DAGs
[2024-10-17T02:50:25.804+0000] {logging_mixin.py:190} INFO - [2024-10-17T02:50:25.804+0000] {dag.py:4180} INFO - Setting next_dagrun for insert_items to 2024-10-17 02:35:00+00:00, run_after=2024-10-17 03:05:00+00:00
[2024-10-17T02:50:25.812+0000] {processor.py:208} INFO - Processing /opt/airflow/dags/insert_items.py took 0.597 seconds
[2024-10-17T02:50:56.454+0000] {processor.py:186} INFO - Started process (PID=100) to work on /opt/airflow/dags/insert_items.py
[2024-10-17T02:50:56.457+0000] {processor.py:914} INFO - Processing file /opt/airflow/dags/insert_items.py for tasks to queue
[2024-10-17T02:50:56.462+0000] {logging_mixin.py:190} INFO - [2024-10-17T02:50:56.462+0000] {dagbag.py:588} INFO - Filling up the DagBag from /opt/airflow/dags/insert_items.py
[2024-10-17T02:50:57.136+0000] {processor.py:925} INFO - DAG(s) 'insert_items' retrieved from /opt/airflow/dags/insert_items.py
[2024-10-17T02:50:57.166+0000] {logging_mixin.py:190} INFO - [2024-10-17T02:50:57.165+0000] {dag.py:3239} INFO - Sync 1 DAGs
[2024-10-17T02:50:57.198+0000] {logging_mixin.py:190} INFO - [2024-10-17T02:50:57.198+0000] {dag.py:4180} INFO - Setting next_dagrun for insert_items to 2024-10-17 02:35:00+00:00, run_after=2024-10-17 03:05:00+00:00
[2024-10-17T02:50:57.225+0000] {processor.py:208} INFO - Processing /opt/airflow/dags/insert_items.py took 0.787 seconds
[2024-10-17T02:51:28.145+0000] {processor.py:186} INFO - Started process (PID=111) to work on /opt/airflow/dags/insert_items.py
[2024-10-17T02:51:28.154+0000] {processor.py:914} INFO - Processing file /opt/airflow/dags/insert_items.py for tasks to queue
[2024-10-17T02:51:28.188+0000] {logging_mixin.py:190} INFO - [2024-10-17T02:51:28.186+0000] {dagbag.py:588} INFO - Filling up the DagBag from /opt/airflow/dags/insert_items.py
[2024-10-17T02:51:31.898+0000] {processor.py:925} INFO - DAG(s) 'insert_items' retrieved from /opt/airflow/dags/insert_items.py
[2024-10-17T02:51:32.057+0000] {logging_mixin.py:190} INFO - [2024-10-17T02:51:32.053+0000] {dag.py:3239} INFO - Sync 1 DAGs
[2024-10-17T02:51:32.181+0000] {logging_mixin.py:190} INFO - [2024-10-17T02:51:32.180+0000] {dag.py:4180} INFO - Setting next_dagrun for insert_items to 2024-10-17 02:35:00+00:00, run_after=2024-10-17 03:05:00+00:00
[2024-10-17T02:51:32.243+0000] {processor.py:208} INFO - Processing /opt/airflow/dags/insert_items.py took 4.155 seconds
[2024-10-17T02:52:03.426+0000] {processor.py:186} INFO - Started process (PID=119) to work on /opt/airflow/dags/insert_items.py
[2024-10-17T02:52:03.436+0000] {processor.py:914} INFO - Processing file /opt/airflow/dags/insert_items.py for tasks to queue
[2024-10-17T02:52:03.531+0000] {logging_mixin.py:190} INFO - [2024-10-17T02:52:03.525+0000] {dagbag.py:588} INFO - Filling up the DagBag from /opt/airflow/dags/insert_items.py
[2024-10-17T02:52:06.636+0000] {processor.py:925} INFO - DAG(s) 'insert_items' retrieved from /opt/airflow/dags/insert_items.py
[2024-10-17T02:52:06.675+0000] {logging_mixin.py:190} INFO - [2024-10-17T02:52:06.674+0000] {dag.py:3239} INFO - Sync 1 DAGs
[2024-10-17T02:52:06.692+0000] {logging_mixin.py:190} INFO - [2024-10-17T02:52:06.692+0000] {dag.py:4180} INFO - Setting next_dagrun for insert_items to 2024-10-17 02:35:00+00:00, run_after=2024-10-17 03:05:00+00:00
[2024-10-17T02:52:06.701+0000] {processor.py:208} INFO - Processing /opt/airflow/dags/insert_items.py took 3.399 seconds
[2024-10-17T02:52:37.410+0000] {processor.py:186} INFO - Started process (PID=131) to work on /opt/airflow/dags/insert_items.py
[2024-10-17T02:52:37.414+0000] {processor.py:914} INFO - Processing file /opt/airflow/dags/insert_items.py for tasks to queue
[2024-10-17T02:52:37.436+0000] {logging_mixin.py:190} INFO - [2024-10-17T02:52:37.433+0000] {dagbag.py:588} INFO - Filling up the DagBag from /opt/airflow/dags/insert_items.py
[2024-10-17T02:52:38.859+0000] {processor.py:925} INFO - DAG(s) 'insert_items' retrieved from /opt/airflow/dags/insert_items.py
[2024-10-17T02:52:38.900+0000] {logging_mixin.py:190} INFO - [2024-10-17T02:52:38.900+0000] {dag.py:3239} INFO - Sync 1 DAGs
[2024-10-17T02:52:38.918+0000] {logging_mixin.py:190} INFO - [2024-10-17T02:52:38.918+0000] {dag.py:4180} INFO - Setting next_dagrun for insert_items to 2024-10-17 02:35:00+00:00, run_after=2024-10-17 03:05:00+00:00
[2024-10-17T02:52:38.930+0000] {processor.py:208} INFO - Processing /opt/airflow/dags/insert_items.py took 1.560 seconds
[2024-10-17T02:53:09.937+0000] {processor.py:186} INFO - Started process (PID=139) to work on /opt/airflow/dags/insert_items.py
[2024-10-17T02:53:09.939+0000] {processor.py:914} INFO - Processing file /opt/airflow/dags/insert_items.py for tasks to queue
[2024-10-17T02:53:09.953+0000] {logging_mixin.py:190} INFO - [2024-10-17T02:53:09.951+0000] {dagbag.py:588} INFO - Filling up the DagBag from /opt/airflow/dags/insert_items.py
[2024-10-17T02:53:11.353+0000] {processor.py:925} INFO - DAG(s) 'insert_items' retrieved from /opt/airflow/dags/insert_items.py
[2024-10-17T02:53:11.410+0000] {logging_mixin.py:190} INFO - [2024-10-17T02:53:11.409+0000] {dag.py:3239} INFO - Sync 1 DAGs
[2024-10-17T02:53:11.430+0000] {logging_mixin.py:190} INFO - [2024-10-17T02:53:11.430+0000] {dag.py:4180} INFO - Setting next_dagrun for insert_items to 2024-10-17 02:35:00+00:00, run_after=2024-10-17 03:05:00+00:00
[2024-10-17T02:53:11.442+0000] {processor.py:208} INFO - Processing /opt/airflow/dags/insert_items.py took 1.525 seconds
[2024-10-17T02:53:42.008+0000] {processor.py:186} INFO - Started process (PID=147) to work on /opt/airflow/dags/insert_items.py
[2024-10-17T02:53:42.012+0000] {processor.py:914} INFO - Processing file /opt/airflow/dags/insert_items.py for tasks to queue
[2024-10-17T02:53:42.509+0000] {logging_mixin.py:190} INFO - [2024-10-17T02:53:42.509+0000] {dagbag.py:588} INFO - Filling up the DagBag from /opt/airflow/dags/insert_items.py
[2024-10-17T02:53:42.878+0000] {processor.py:925} INFO - DAG(s) 'insert_items' retrieved from /opt/airflow/dags/insert_items.py
[2024-10-17T02:53:42.904+0000] {logging_mixin.py:190} INFO - [2024-10-17T02:53:42.904+0000] {dag.py:3239} INFO - Sync 1 DAGs
[2024-10-17T02:53:42.921+0000] {logging_mixin.py:190} INFO - [2024-10-17T02:53:42.921+0000] {dag.py:4180} INFO - Setting next_dagrun for insert_items to 2024-10-17 02:35:00+00:00, run_after=2024-10-17 03:05:00+00:00
[2024-10-17T02:53:42.949+0000] {processor.py:208} INFO - Processing /opt/airflow/dags/insert_items.py took 0.965 seconds
[2024-10-17T02:54:13.870+0000] {processor.py:186} INFO - Started process (PID=155) to work on /opt/airflow/dags/insert_items.py
[2024-10-17T02:54:13.872+0000] {processor.py:914} INFO - Processing file /opt/airflow/dags/insert_items.py for tasks to queue
[2024-10-17T02:54:13.876+0000] {logging_mixin.py:190} INFO - [2024-10-17T02:54:13.875+0000] {dagbag.py:588} INFO - Filling up the DagBag from /opt/airflow/dags/insert_items.py
[2024-10-17T02:54:14.175+0000] {processor.py:925} INFO - DAG(s) 'insert_items' retrieved from /opt/airflow/dags/insert_items.py
[2024-10-17T02:54:14.205+0000] {logging_mixin.py:190} INFO - [2024-10-17T02:54:14.205+0000] {dag.py:3239} INFO - Sync 1 DAGs
[2024-10-17T02:54:14.238+0000] {logging_mixin.py:190} INFO - [2024-10-17T02:54:14.238+0000] {dag.py:4180} INFO - Setting next_dagrun for insert_items to 2024-10-17 02:35:00+00:00, run_after=2024-10-17 03:05:00+00:00
[2024-10-17T02:54:14.252+0000] {processor.py:208} INFO - Processing /opt/airflow/dags/insert_items.py took 0.393 seconds
[2024-10-17T02:54:44.678+0000] {processor.py:186} INFO - Started process (PID=163) to work on /opt/airflow/dags/insert_items.py
[2024-10-17T02:54:44.680+0000] {processor.py:914} INFO - Processing file /opt/airflow/dags/insert_items.py for tasks to queue
[2024-10-17T02:54:44.685+0000] {logging_mixin.py:190} INFO - [2024-10-17T02:54:44.684+0000] {dagbag.py:588} INFO - Filling up the DagBag from /opt/airflow/dags/insert_items.py
[2024-10-17T02:54:44.963+0000] {processor.py:925} INFO - DAG(s) 'insert_items' retrieved from /opt/airflow/dags/insert_items.py
[2024-10-17T02:54:44.992+0000] {logging_mixin.py:190} INFO - [2024-10-17T02:54:44.991+0000] {dag.py:3239} INFO - Sync 1 DAGs
[2024-10-17T02:54:45.035+0000] {logging_mixin.py:190} INFO - [2024-10-17T02:54:45.035+0000] {dag.py:4180} INFO - Setting next_dagrun for insert_items to 2024-10-17 02:35:00+00:00, run_after=2024-10-17 03:05:00+00:00
[2024-10-17T02:54:45.048+0000] {processor.py:208} INFO - Processing /opt/airflow/dags/insert_items.py took 0.397 seconds
[2024-10-17T02:55:15.282+0000] {processor.py:186} INFO - Started process (PID=171) to work on /opt/airflow/dags/insert_items.py
[2024-10-17T02:55:15.284+0000] {processor.py:914} INFO - Processing file /opt/airflow/dags/insert_items.py for tasks to queue
[2024-10-17T02:55:15.294+0000] {logging_mixin.py:190} INFO - [2024-10-17T02:55:15.293+0000] {dagbag.py:588} INFO - Filling up the DagBag from /opt/airflow/dags/insert_items.py
[2024-10-17T02:55:15.861+0000] {processor.py:925} INFO - DAG(s) 'insert_items' retrieved from /opt/airflow/dags/insert_items.py
[2024-10-17T02:55:15.965+0000] {logging_mixin.py:190} INFO - [2024-10-17T02:55:15.964+0000] {dag.py:3239} INFO - Sync 1 DAGs
[2024-10-17T02:55:16.033+0000] {logging_mixin.py:190} INFO - [2024-10-17T02:55:16.033+0000] {dag.py:4180} INFO - Setting next_dagrun for insert_items to 2024-10-17 02:35:00+00:00, run_after=2024-10-17 03:05:00+00:00
[2024-10-17T02:55:16.082+0000] {processor.py:208} INFO - Processing /opt/airflow/dags/insert_items.py took 0.812 seconds
[2024-10-17T02:55:46.733+0000] {processor.py:186} INFO - Started process (PID=183) to work on /opt/airflow/dags/insert_items.py
[2024-10-17T02:55:46.736+0000] {processor.py:914} INFO - Processing file /opt/airflow/dags/insert_items.py for tasks to queue
[2024-10-17T02:55:46.744+0000] {logging_mixin.py:190} INFO - [2024-10-17T02:55:46.743+0000] {dagbag.py:588} INFO - Filling up the DagBag from /opt/airflow/dags/insert_items.py
[2024-10-17T02:55:47.135+0000] {processor.py:925} INFO - DAG(s) 'insert_items' retrieved from /opt/airflow/dags/insert_items.py
[2024-10-17T02:55:47.162+0000] {logging_mixin.py:190} INFO - [2024-10-17T02:55:47.162+0000] {dag.py:3239} INFO - Sync 1 DAGs
[2024-10-17T02:55:47.183+0000] {logging_mixin.py:190} INFO - [2024-10-17T02:55:47.182+0000] {dag.py:4180} INFO - Setting next_dagrun for insert_items to 2024-10-17 02:35:00+00:00, run_after=2024-10-17 03:05:00+00:00
[2024-10-17T02:55:47.208+0000] {processor.py:208} INFO - Processing /opt/airflow/dags/insert_items.py took 0.490 seconds
[2024-10-17T02:56:17.556+0000] {processor.py:186} INFO - Started process (PID=191) to work on /opt/airflow/dags/insert_items.py
[2024-10-17T02:56:17.559+0000] {processor.py:914} INFO - Processing file /opt/airflow/dags/insert_items.py for tasks to queue
[2024-10-17T02:56:17.563+0000] {logging_mixin.py:190} INFO - [2024-10-17T02:56:17.563+0000] {dagbag.py:588} INFO - Filling up the DagBag from /opt/airflow/dags/insert_items.py
[2024-10-17T02:56:17.862+0000] {processor.py:925} INFO - DAG(s) 'insert_items' retrieved from /opt/airflow/dags/insert_items.py
[2024-10-17T02:56:17.909+0000] {logging_mixin.py:190} INFO - [2024-10-17T02:56:17.909+0000] {dag.py:3239} INFO - Sync 1 DAGs
[2024-10-17T02:56:17.940+0000] {logging_mixin.py:190} INFO - [2024-10-17T02:56:17.940+0000] {dag.py:4180} INFO - Setting next_dagrun for insert_items to 2024-10-17 02:35:00+00:00, run_after=2024-10-17 03:05:00+00:00
[2024-10-17T02:56:17.955+0000] {processor.py:208} INFO - Processing /opt/airflow/dags/insert_items.py took 0.414 seconds
