[2024-10-18T05:13:56.690+0000] {local_task_job_runner.py:123} INFO - ::group::Pre task execution logs
[2024-10-18T05:13:56.714+0000] {taskinstance.py:2612} INFO - Dependencies all met for dep_context=non-requeueable deps ti=<TaskInstance: elt.extract_load_data.create_table_items manual__2024-10-18T05:13:53.719759+00:00 [queued]>
[2024-10-18T05:13:56.747+0000] {taskinstance.py:2612} INFO - Dependencies all met for dep_context=requeueable deps ti=<TaskInstance: elt.extract_load_data.create_table_items manual__2024-10-18T05:13:53.719759+00:00 [queued]>
[2024-10-18T05:13:56.748+0000] {taskinstance.py:2865} INFO - Starting attempt 1 of 2
[2024-10-18T05:13:56.768+0000] {taskinstance.py:2888} INFO - Executing <Task(PostgresOperator): extract_load_data.create_table_items> on 2024-10-18 05:13:53.719759+00:00
[2024-10-18T05:13:56.787+0000] {warnings.py:112} WARNING - /home/***/.local/lib/python3.12/site-packages/***/task/task_runner/standard_task_runner.py:70: DeprecationWarning: This process (pid=1983) is multi-threaded, use of fork() may lead to deadlocks in the child.
  pid = os.fork()

[2024-10-18T05:13:56.791+0000] {standard_task_runner.py:72} INFO - Started process 1987 to run task
[2024-10-18T05:13:56.792+0000] {standard_task_runner.py:104} INFO - Running: ['***', 'tasks', 'run', 'elt', 'extract_load_data.create_table_items', 'manual__2024-10-18T05:13:53.719759+00:00', '--job-id', '196', '--raw', '--subdir', 'DAGS_FOLDER/elt.py', '--cfg-path', '/tmp/tmp_e_fv0i7']
[2024-10-18T05:13:56.794+0000] {standard_task_runner.py:105} INFO - Job 196: Subtask extract_load_data.create_table_items
[2024-10-18T05:13:59.001+0000] {task_command.py:467} INFO - Running <TaskInstance: elt.extract_load_data.create_table_items manual__2024-10-18T05:13:53.719759+00:00 [running]> on host a414d3516fe8
[2024-10-18T05:13:59.104+0000] {taskinstance.py:3131} INFO - Exporting env vars: AIRFLOW_CTX_DAG_OWNER='mherszage' AIRFLOW_CTX_DAG_ID='elt' AIRFLOW_CTX_TASK_ID='extract_load_data.create_table_items' AIRFLOW_CTX_EXECUTION_DATE='2024-10-18T05:13:53.719759+00:00' AIRFLOW_CTX_TRY_NUMBER='1' AIRFLOW_CTX_DAG_RUN_ID='manual__2024-10-18T05:13:53.719759+00:00'
[2024-10-18T05:13:59.105+0000] {taskinstance.py:731} INFO - ::endgroup::
[2024-10-18T05:13:59.122+0000] {sql.py:266} INFO - Executing: CREATE TABLE IF NOT EXISTS "2024_melissa_herszage_schema".l1_items
(
    id    varchar(256),
    title varchar(256),
    created_at timestamp
);
[2024-10-18T05:13:59.128+0000] {base.py:84} INFO - Retrieving connection 'redshift_default'
[2024-10-18T05:13:59.137+0000] {base.py:84} INFO - Retrieving connection 'redshift_default'
[2024-10-18T05:14:00.357+0000] {sql.py:509} INFO - Running statement: CREATE TABLE IF NOT EXISTS "2024_melissa_herszage_schema".l1_items
(
    id    varchar(256),
    title varchar(256),
    created_at timestamp
);, parameters: None
[2024-10-18T05:14:00.965+0000] {taskinstance.py:340} INFO - ::group::Post task execution logs
[2024-10-18T05:14:00.966+0000] {taskinstance.py:352} INFO - Marking task as SUCCESS. dag_id=elt, task_id=extract_load_data.create_table_items, run_id=manual__2024-10-18T05:13:53.719759+00:00, execution_date=20241018T051353, start_date=20241018T051356, end_date=20241018T051400
[2024-10-18T05:14:01.027+0000] {local_task_job_runner.py:266} INFO - Task exited with return code 0
[2024-10-18T05:14:01.089+0000] {local_task_job_runner.py:245} INFO - ::endgroup::
