[2024-10-20T04:26:37.987+0000] {local_task_job_runner.py:123} INFO - ::group::Pre task execution logs
[2024-10-20T04:26:38.021+0000] {taskinstance.py:2612} INFO - Dependencies all met for dep_context=non-requeueable deps ti=<TaskInstance: elt.extract_load_data.insert_prices scheduled__2024-10-17T12:00:00+00:00 [queued]>
[2024-10-20T04:26:38.045+0000] {taskinstance.py:2612} INFO - Dependencies all met for dep_context=requeueable deps ti=<TaskInstance: elt.extract_load_data.insert_prices scheduled__2024-10-17T12:00:00+00:00 [queued]>
[2024-10-20T04:26:38.048+0000] {taskinstance.py:2865} INFO - Starting attempt 1 of 2
[2024-10-20T04:26:38.065+0000] {taskinstance.py:2888} INFO - Executing <Task(PythonOperator): extract_load_data.insert_prices> on 2024-10-17 12:00:00+00:00
[2024-10-20T04:26:38.074+0000] {warnings.py:112} WARNING - /home/***/.local/lib/python3.12/site-packages/***/task/task_runner/standard_task_runner.py:70: DeprecationWarning: This process (pid=94) is multi-threaded, use of fork() may lead to deadlocks in the child.
  pid = os.fork()

[2024-10-20T04:26:38.089+0000] {standard_task_runner.py:72} INFO - Started process 99 to run task
[2024-10-20T04:26:38.146+0000] {standard_task_runner.py:104} INFO - Running: ['***', 'tasks', 'run', 'elt', 'extract_load_data.insert_prices', 'scheduled__2024-10-17T12:00:00+00:00', '--job-id', '215', '--raw', '--subdir', 'DAGS_FOLDER/elt.py', '--cfg-path', '/tmp/tmpwpzcdpm5']
[2024-10-20T04:26:38.185+0000] {standard_task_runner.py:105} INFO - Job 215: Subtask extract_load_data.insert_prices
[2024-10-20T04:26:39.023+0000] {task_command.py:467} INFO - Running <TaskInstance: elt.extract_load_data.insert_prices scheduled__2024-10-17T12:00:00+00:00 [running]> on host 3b0481c80fd2
[2024-10-20T04:26:39.108+0000] {taskinstance.py:3131} INFO - Exporting env vars: AIRFLOW_CTX_DAG_OWNER='mherszage' AIRFLOW_CTX_DAG_ID='elt' AIRFLOW_CTX_TASK_ID='extract_load_data.insert_prices' AIRFLOW_CTX_EXECUTION_DATE='2024-10-17T12:00:00+00:00' AIRFLOW_CTX_TRY_NUMBER='1' AIRFLOW_CTX_DAG_RUN_ID='scheduled__2024-10-17T12:00:00+00:00'
[2024-10-20T04:26:39.109+0000] {taskinstance.py:731} INFO - ::endgroup::
[2024-10-20T04:26:39.137+0000] {base.py:84} INFO - Retrieving connection 'redshift_default'
[2024-10-20T04:26:40.806+0000] {logging_mixin.py:190} INFO - 2024-10-19
[2024-10-20T04:26:41.338+0000] {logging_mixin.py:190} INFO - 
                    INSERT INTO "2024_melissa_herszage_schema".l1_item_prices (item_id, condition, price, currency, available_quantity, created_at) VALUES
                    ('MLA1464746128', 'new', 146999, 'ARS', 500, current_timestamp);
                    
[2024-10-20T04:26:41.546+0000] {logging_mixin.py:190} INFO - Query executed
[2024-10-20T04:26:41.550+0000] {logging_mixin.py:190} INFO - 
                    INSERT INTO "2024_melissa_herszage_schema".l1_item_prices (item_id, condition, price, currency, available_quantity, created_at) VALUES
                    ('MLA1513783534', 'new', 771999, 'ARS', 100, current_timestamp);
                    
[2024-10-20T04:26:41.749+0000] {logging_mixin.py:190} INFO - Query executed
[2024-10-20T04:26:41.750+0000] {logging_mixin.py:190} INFO - 
                    INSERT INTO "2024_melissa_herszage_schema".l1_item_prices (item_id, condition, price, currency, available_quantity, created_at) VALUES
                    ('MLA1771013260', 'new', 34288.98, 'ARS', 1, current_timestamp);
                    
[2024-10-20T04:26:41.960+0000] {logging_mixin.py:190} INFO - Query executed
[2024-10-20T04:26:41.961+0000] {logging_mixin.py:190} INFO - 
                    INSERT INTO "2024_melissa_herszage_schema".l1_item_prices (item_id, condition, price, currency, available_quantity, created_at) VALUES
                    ('MLA1480985544', 'new', 9629.1, 'ARS', 50, current_timestamp);
                    
[2024-10-20T04:26:42.166+0000] {logging_mixin.py:190} INFO - Query executed
[2024-10-20T04:26:42.166+0000] {logging_mixin.py:190} INFO - 
                    INSERT INTO "2024_melissa_herszage_schema".l1_item_prices (item_id, condition, price, currency, available_quantity, created_at) VALUES
                    ('MLA1425892217', 'new', 1374999, 'ARS', 50, current_timestamp);
                    
[2024-10-20T04:26:42.372+0000] {logging_mixin.py:190} INFO - Query executed
[2024-10-20T04:26:42.374+0000] {logging_mixin.py:190} INFO - 
                    INSERT INTO "2024_melissa_herszage_schema".l1_item_prices (item_id, condition, price, currency, available_quantity, created_at) VALUES
                    ('MLA1771015420', 'new', 54608.51, 'ARS', 1, current_timestamp);
                    
[2024-10-20T04:26:42.582+0000] {logging_mixin.py:190} INFO - Query executed
[2024-10-20T04:26:42.583+0000] {logging_mixin.py:190} INFO - 
                    INSERT INTO "2024_melissa_herszage_schema".l1_item_prices (item_id, condition, price, currency, available_quantity, created_at) VALUES
                    ('MLA1389166937', 'new', 7505, 'ARS', 50, current_timestamp);
                    
[2024-10-20T04:26:42.784+0000] {logging_mixin.py:190} INFO - Query executed
[2024-10-20T04:26:42.786+0000] {logging_mixin.py:190} INFO - 
                    INSERT INTO "2024_melissa_herszage_schema".l1_item_prices (item_id, condition, price, currency, available_quantity, created_at) VALUES
                    ('MLA1425634379', 'new', 657999, 'ARS', 100, current_timestamp);
                    
[2024-10-20T04:26:42.986+0000] {logging_mixin.py:190} INFO - Query executed
[2024-10-20T04:26:42.988+0000] {logging_mixin.py:190} INFO - 
                    INSERT INTO "2024_melissa_herszage_schema".l1_item_prices (item_id, condition, price, currency, available_quantity, created_at) VALUES
                    ('MLA1682367026', 'new', 9299, 'ARS', 1, current_timestamp);
                    
[2024-10-20T04:26:43.191+0000] {logging_mixin.py:190} INFO - Query executed
[2024-10-20T04:26:43.194+0000] {logging_mixin.py:190} INFO - 
                    INSERT INTO "2024_melissa_herszage_schema".l1_item_prices (item_id, condition, price, currency, available_quantity, created_at) VALUES
                    ('MLA1363095617', 'new', 28199, 'ARS', 1, current_timestamp);
                    
[2024-10-20T04:26:43.414+0000] {logging_mixin.py:190} INFO - Query executed
[2024-10-20T04:26:43.416+0000] {logging_mixin.py:190} INFO - 
                    INSERT INTO "2024_melissa_herszage_schema".l1_item_prices (item_id, condition, price, currency, available_quantity, created_at) VALUES
                    ('MLA1723436604', 'new', 1374999, 'ARS', 250, current_timestamp);
                    
[2024-10-20T04:26:43.621+0000] {logging_mixin.py:190} INFO - Query executed
[2024-10-20T04:26:43.625+0000] {logging_mixin.py:190} INFO - 
                    INSERT INTO "2024_melissa_herszage_schema".l1_item_prices (item_id, condition, price, currency, available_quantity, created_at) VALUES
                    ('MLA1420491095', 'new', 169999, 'ARS', 250, current_timestamp);
                    
[2024-10-20T04:26:43.836+0000] {logging_mixin.py:190} INFO - Query executed
[2024-10-20T04:26:43.837+0000] {logging_mixin.py:190} INFO - 
                    INSERT INTO "2024_melissa_herszage_schema".l1_item_prices (item_id, condition, price, currency, available_quantity, created_at) VALUES
                    ('MLA1422491335', 'new', 1684999, 'ARS', 1, current_timestamp);
                    
[2024-10-20T04:26:44.042+0000] {logging_mixin.py:190} INFO - Query executed
[2024-10-20T04:26:44.043+0000] {logging_mixin.py:190} INFO - 
                    INSERT INTO "2024_melissa_herszage_schema".l1_item_prices (item_id, condition, price, currency, available_quantity, created_at) VALUES
                    ('MLA1412433221', 'new', 74990, 'ARS', 50, current_timestamp);
                    
[2024-10-20T04:26:44.247+0000] {logging_mixin.py:190} INFO - Query executed
[2024-10-20T04:26:44.249+0000] {logging_mixin.py:190} INFO - 
                    INSERT INTO "2024_melissa_herszage_schema".l1_item_prices (item_id, condition, price, currency, available_quantity, created_at) VALUES
                    ('MLA1438316301', 'new', 1519999, 'ARS', 1, current_timestamp);
                    
[2024-10-20T04:26:44.454+0000] {logging_mixin.py:190} INFO - Query executed
[2024-10-20T04:26:44.455+0000] {logging_mixin.py:190} INFO - 
                    INSERT INTO "2024_melissa_herszage_schema".l1_item_prices (item_id, condition, price, currency, available_quantity, created_at) VALUES
                    ('MLA1434935465', 'new', 9900, 'ARS', 1, current_timestamp);
                    
[2024-10-20T04:26:44.658+0000] {logging_mixin.py:190} INFO - Query executed
[2024-10-20T04:26:44.660+0000] {logging_mixin.py:190} INFO - 
                    INSERT INTO "2024_melissa_herszage_schema".l1_item_prices (item_id, condition, price, currency, available_quantity, created_at) VALUES
                    ('MLA1915925398', 'new', 38999, 'ARS', 50, current_timestamp);
                    
[2024-10-20T04:26:44.869+0000] {logging_mixin.py:190} INFO - Query executed
[2024-10-20T04:26:44.871+0000] {logging_mixin.py:190} INFO - 
                    INSERT INTO "2024_melissa_herszage_schema".l1_item_prices (item_id, condition, price, currency, available_quantity, created_at) VALUES
                    ('MLA1432857511', 'new', 784236, 'ARS', 1, current_timestamp);
                    
[2024-10-20T04:26:45.077+0000] {logging_mixin.py:190} INFO - Query executed
[2024-10-20T04:26:45.078+0000] {logging_mixin.py:190} INFO - 
                    INSERT INTO "2024_melissa_herszage_schema".l1_item_prices (item_id, condition, price, currency, available_quantity, created_at) VALUES
                    ('MLA1390377885', 'new', 162999, 'ARS', 1, current_timestamp);
                    
[2024-10-20T04:26:45.282+0000] {logging_mixin.py:190} INFO - Query executed
[2024-10-20T04:26:45.285+0000] {logging_mixin.py:190} INFO - 
                    INSERT INTO "2024_melissa_herszage_schema".l1_item_prices (item_id, condition, price, currency, available_quantity, created_at) VALUES
                    ('MLA1609200050', 'new', 3896.9, 'ARS', 50, current_timestamp);
                    
[2024-10-20T04:26:45.492+0000] {logging_mixin.py:190} INFO - Query executed
[2024-10-20T04:26:45.492+0000] {logging_mixin.py:190} INFO - 
                    INSERT INTO "2024_melissa_herszage_schema".l1_item_prices (item_id, condition, price, currency, available_quantity, created_at) VALUES
                    ('MLA897209769', 'new', 10330, 'ARS', 1, current_timestamp);
                    
[2024-10-20T04:26:45.699+0000] {logging_mixin.py:190} INFO - Query executed
[2024-10-20T04:26:45.703+0000] {logging_mixin.py:190} INFO - 
                    INSERT INTO "2024_melissa_herszage_schema".l1_item_prices (item_id, condition, price, currency, available_quantity, created_at) VALUES
                    ('MLA934064691', 'new', 26999, 'ARS', 1, current_timestamp);
                    
[2024-10-20T04:26:45.907+0000] {logging_mixin.py:190} INFO - Query executed
[2024-10-20T04:26:45.909+0000] {logging_mixin.py:190} INFO - 
                    INSERT INTO "2024_melissa_herszage_schema".l1_item_prices (item_id, condition, price, currency, available_quantity, created_at) VALUES
                    ('MLA934055466', 'new', 42999, 'ARS', 1, current_timestamp);
                    
[2024-10-20T04:26:46.109+0000] {logging_mixin.py:190} INFO - Query executed
[2024-10-20T04:26:46.111+0000] {logging_mixin.py:190} INFO - 
                    INSERT INTO "2024_melissa_herszage_schema".l1_item_prices (item_id, condition, price, currency, available_quantity, created_at) VALUES
                    ('MLA1363379415', 'new', 598499.37, 'ARS', 100, current_timestamp);
                    
[2024-10-20T04:26:46.313+0000] {logging_mixin.py:190} INFO - Query executed
[2024-10-20T04:26:46.314+0000] {logging_mixin.py:190} INFO - 
                    INSERT INTO "2024_melissa_herszage_schema".l1_item_prices (item_id, condition, price, currency, available_quantity, created_at) VALUES
                    ('MLA1432568059', 'new', 6906.5, 'ARS', 1, current_timestamp);
                    
[2024-10-20T04:26:46.522+0000] {logging_mixin.py:190} INFO - Query executed
[2024-10-20T04:26:46.524+0000] {logging_mixin.py:190} INFO - 
                    INSERT INTO "2024_melissa_herszage_schema".l1_item_prices (item_id, condition, price, currency, available_quantity, created_at) VALUES
                    ('MLA1902022692', 'new', 67999, 'ARS', 1, current_timestamp);
                    
[2024-10-20T04:26:46.728+0000] {logging_mixin.py:190} INFO - Query executed
[2024-10-20T04:26:46.729+0000] {logging_mixin.py:190} INFO - 
                    INSERT INTO "2024_melissa_herszage_schema".l1_item_prices (item_id, condition, price, currency, available_quantity, created_at) VALUES
                    ('MLA1928752756', 'new', 14500, 'ARS', 1, current_timestamp);
                    
[2024-10-20T04:26:46.961+0000] {logging_mixin.py:190} INFO - Query executed
[2024-10-20T04:26:46.962+0000] {logging_mixin.py:190} INFO - 
                    INSERT INTO "2024_melissa_herszage_schema".l1_item_prices (item_id, condition, price, currency, available_quantity, created_at) VALUES
                    ('MLA1422439293', 'new', 1599457, 'ARS', 1, current_timestamp);
                    
[2024-10-20T04:26:47.183+0000] {logging_mixin.py:190} INFO - Query executed
[2024-10-20T04:26:47.184+0000] {logging_mixin.py:190} INFO - 
                    INSERT INTO "2024_melissa_herszage_schema".l1_item_prices (item_id, condition, price, currency, available_quantity, created_at) VALUES
                    ('MLA1735236438', 'new', 169999, 'ARS', 250, current_timestamp);
                    
[2024-10-20T04:26:47.400+0000] {logging_mixin.py:190} INFO - Query executed
[2024-10-20T04:26:47.401+0000] {logging_mixin.py:190} INFO - 
                    INSERT INTO "2024_melissa_herszage_schema".l1_item_prices (item_id, condition, price, currency, available_quantity, created_at) VALUES
                    ('MLA1444880845', 'new', 145999, 'ARS', 200, current_timestamp);
                    
[2024-10-20T04:26:47.629+0000] {logging_mixin.py:190} INFO - Query executed
[2024-10-20T04:26:47.634+0000] {logging_mixin.py:190} INFO - 
                    INSERT INTO "2024_melissa_herszage_schema".l1_item_prices (item_id, condition, price, currency, available_quantity, created_at) VALUES
                    ('MLA1796880754', 'new', 1439999, 'ARS', 500, current_timestamp);
                    
[2024-10-20T04:26:47.845+0000] {logging_mixin.py:190} INFO - Query executed
[2024-10-20T04:26:47.847+0000] {logging_mixin.py:190} INFO - 
                    INSERT INTO "2024_melissa_herszage_schema".l1_item_prices (item_id, condition, price, currency, available_quantity, created_at) VALUES
                    ('MLA1126675691', 'new', 20677.5, 'ARS', 1, current_timestamp);
                    
[2024-10-20T04:26:48.050+0000] {logging_mixin.py:190} INFO - Query executed
[2024-10-20T04:26:48.051+0000] {logging_mixin.py:190} INFO - 
                    INSERT INTO "2024_melissa_herszage_schema".l1_item_prices (item_id, condition, price, currency, available_quantity, created_at) VALUES
                    ('MLA1824905578', 'new', 135000, 'ARS', 1, current_timestamp);
                    
[2024-10-20T04:26:48.254+0000] {logging_mixin.py:190} INFO - Query executed
[2024-10-20T04:26:48.255+0000] {logging_mixin.py:190} INFO - 
                    INSERT INTO "2024_melissa_herszage_schema".l1_item_prices (item_id, condition, price, currency, available_quantity, created_at) VALUES
                    ('MLA1429227849', 'new', 1489999, 'ARS', 1, current_timestamp);
                    
[2024-10-20T04:26:48.462+0000] {logging_mixin.py:190} INFO - Query executed
[2024-10-20T04:26:48.470+0000] {logging_mixin.py:190} INFO - 
                    INSERT INTO "2024_melissa_herszage_schema".l1_item_prices (item_id, condition, price, currency, available_quantity, created_at) VALUES
                    ('MLA1928714282', 'new', 35105, 'ARS', 50, current_timestamp);
                    
[2024-10-20T04:26:48.675+0000] {logging_mixin.py:190} INFO - Query executed
[2024-10-20T04:26:48.676+0000] {logging_mixin.py:190} INFO - 
                    INSERT INTO "2024_melissa_herszage_schema".l1_item_prices (item_id, condition, price, currency, available_quantity, created_at) VALUES
                    ('MLA1392125591', 'new', 17999.2, 'ARS', 1, current_timestamp);
                    
[2024-10-20T04:26:48.879+0000] {logging_mixin.py:190} INFO - Query executed
[2024-10-20T04:26:48.879+0000] {logging_mixin.py:190} INFO - 
                    INSERT INTO "2024_melissa_herszage_schema".l1_item_prices (item_id, condition, price, currency, available_quantity, created_at) VALUES
                    ('MLA1932107420', 'new', 5999, 'ARS', 50, current_timestamp);
                    
[2024-10-20T04:26:49.091+0000] {logging_mixin.py:190} INFO - Query executed
[2024-10-20T04:26:49.092+0000] {logging_mixin.py:190} INFO - 
                    INSERT INTO "2024_melissa_herszage_schema".l1_item_prices (item_id, condition, price, currency, available_quantity, created_at) VALUES
                    ('MLA1452470525', 'new', 150920.8, 'ARS', 1, current_timestamp);
                    
[2024-10-20T04:26:49.295+0000] {logging_mixin.py:190} INFO - Query executed
[2024-10-20T04:26:49.296+0000] {logging_mixin.py:190} INFO - 
                    INSERT INTO "2024_melissa_herszage_schema".l1_item_prices (item_id, condition, price, currency, available_quantity, created_at) VALUES
                    ('MLA820599600', 'new', 42848.8, 'ARS', 100, current_timestamp);
                    
[2024-10-20T04:26:49.498+0000] {logging_mixin.py:190} INFO - Query executed
[2024-10-20T04:26:49.500+0000] {logging_mixin.py:190} INFO - 
                    INSERT INTO "2024_melissa_herszage_schema".l1_item_prices (item_id, condition, price, currency, available_quantity, created_at) VALUES
                    ('MLA1439241257', 'new', 35990, 'ARS', 1, current_timestamp);
                    
[2024-10-20T04:26:49.721+0000] {logging_mixin.py:190} INFO - Query executed
[2024-10-20T04:26:49.724+0000] {logging_mixin.py:190} INFO - 
                    INSERT INTO "2024_melissa_herszage_schema".l1_item_prices (item_id, condition, price, currency, available_quantity, created_at) VALUES
                    ('MLA1412394365', 'new', 74990, 'ARS', 1, current_timestamp);
                    
[2024-10-20T04:26:49.928+0000] {logging_mixin.py:190} INFO - Query executed
[2024-10-20T04:26:49.931+0000] {logging_mixin.py:190} INFO - 
                    INSERT INTO "2024_melissa_herszage_schema".l1_item_prices (item_id, condition, price, currency, available_quantity, created_at) VALUES
                    ('MLA1367473676', 'new', 120792, 'ARS', 1, current_timestamp);
                    
[2024-10-20T04:26:50.149+0000] {logging_mixin.py:190} INFO - Query executed
[2024-10-20T04:26:50.151+0000] {logging_mixin.py:190} INFO - 
                    INSERT INTO "2024_melissa_herszage_schema".l1_item_prices (item_id, condition, price, currency, available_quantity, created_at) VALUES
                    ('MLA1402640681', 'new', 47740, 'ARS', 1, current_timestamp);
                    
[2024-10-20T04:26:50.366+0000] {logging_mixin.py:190} INFO - Query executed
[2024-10-20T04:26:50.368+0000] {logging_mixin.py:190} INFO - 
                    INSERT INTO "2024_melissa_herszage_schema".l1_item_prices (item_id, condition, price, currency, available_quantity, created_at) VALUES
                    ('MLA1392798127', 'new', 17669, 'ARS', 1, current_timestamp);
                    
[2024-10-20T04:26:50.573+0000] {logging_mixin.py:190} INFO - Query executed
[2024-10-20T04:26:50.574+0000] {logging_mixin.py:190} INFO - 
                    INSERT INTO "2024_melissa_herszage_schema".l1_item_prices (item_id, condition, price, currency, available_quantity, created_at) VALUES
                    ('MLA1426112753', 'new', 7139.44, 'ARS', 1, current_timestamp);
                    
[2024-10-20T04:26:50.778+0000] {logging_mixin.py:190} INFO - Query executed
[2024-10-20T04:26:50.779+0000] {logging_mixin.py:190} INFO - 
                    INSERT INTO "2024_melissa_herszage_schema".l1_item_prices (item_id, condition, price, currency, available_quantity, created_at) VALUES
                    ('MLA1470966770', 'new', 11249.25, 'ARS', 500, current_timestamp);
                    
[2024-10-20T04:26:50.982+0000] {logging_mixin.py:190} INFO - Query executed
[2024-10-20T04:26:50.983+0000] {logging_mixin.py:190} INFO - 
                    INSERT INTO "2024_melissa_herszage_schema".l1_item_prices (item_id, condition, price, currency, available_quantity, created_at) VALUES
                    ('MLA1885211198', 'new', 56999.05, 'ARS', 1, current_timestamp);
                    
[2024-10-20T04:26:51.187+0000] {logging_mixin.py:190} INFO - Query executed
[2024-10-20T04:26:51.188+0000] {logging_mixin.py:190} INFO - 
                    INSERT INTO "2024_melissa_herszage_schema".l1_item_prices (item_id, condition, price, currency, available_quantity, created_at) VALUES
                    ('MLA1444815701', 'new', 145999, 'ARS', 250, current_timestamp);
                    
[2024-10-20T04:26:51.390+0000] {logging_mixin.py:190} INFO - Query executed
[2024-10-20T04:26:51.391+0000] {logging_mixin.py:190} INFO - 
                    INSERT INTO "2024_melissa_herszage_schema".l1_item_prices (item_id, condition, price, currency, available_quantity, created_at) VALUES
                    ('MLA1422452531', 'new', 1029999, 'ARS', 1, current_timestamp);
                    
[2024-10-20T04:26:51.595+0000] {logging_mixin.py:190} INFO - Query executed
[2024-10-20T04:26:51.596+0000] {logging_mixin.py:190} INFO - 
                    INSERT INTO "2024_melissa_herszage_schema".l1_item_prices (item_id, condition, price, currency, available_quantity, created_at) VALUES
                    ('MLA1425088191', 'new', 77999, 'ARS', 500, current_timestamp);
                    
[2024-10-20T04:26:51.802+0000] {logging_mixin.py:190} INFO - Query executed
[2024-10-20T04:26:52.576+0000] {logging_mixin.py:190} INFO - 
                    INSERT INTO "2024_melissa_herszage_schema".l1_item_prices (item_id, condition, price, currency, available_quantity, created_at) VALUES
                    ('MLA1464746128', 'new', 146999, 'ARS', 500, current_timestamp);
                    
[2024-10-20T04:26:52.588+0000] {taskinstance.py:3310} ERROR - Task failed with exception
Traceback (most recent call last):
  File "/home/airflow/.local/lib/python3.12/site-packages/airflow/models/taskinstance.py", line 767, in _execute_task
    result = _execute_callable(context=context, **execute_callable_kwargs)
             ^^^^^^^^^^^^^^^^^^^^^^^^^^^^^^^^^^^^^^^^^^^^^^^^^^^^^^^^^^^^^
  File "/home/airflow/.local/lib/python3.12/site-packages/airflow/models/taskinstance.py", line 733, in _execute_callable
    return ExecutionCallableRunner(
           ^^^^^^^^^^^^^^^^^^^^^^^^
  File "/home/airflow/.local/lib/python3.12/site-packages/airflow/utils/operator_helpers.py", line 252, in run
    return self.func(*args, **kwargs)
           ^^^^^^^^^^^^^^^^^^^^^^^^^^
  File "/home/airflow/.local/lib/python3.12/site-packages/airflow/models/baseoperator.py", line 406, in wrapper
    return func(self, *args, **kwargs)
           ^^^^^^^^^^^^^^^^^^^^^^^^^^^
  File "/home/airflow/.local/lib/python3.12/site-packages/airflow/operators/python.py", line 238, in execute
    return_value = self.execute_callable()
                   ^^^^^^^^^^^^^^^^^^^^^^^
  File "/home/airflow/.local/lib/python3.12/site-packages/airflow/operators/python.py", line 256, in execute_callable
    return runner.run(*self.op_args, **self.op_kwargs)
           ^^^^^^^^^^^^^^^^^^^^^^^^^^^^^^^^^^^^^^^^^^^
  File "/home/airflow/.local/lib/python3.12/site-packages/airflow/utils/operator_helpers.py", line 252, in run
    return self.func(*args, **kwargs)
           ^^^^^^^^^^^^^^^^^^^^^^^^^^
  File "/opt/airflow/dags/python_files/l1/prices/prices.py", line 55, in insert_prices
    cursor = conn.cursor()
             ^^^^^^^^^^^^^
psycopg2.InterfaceError: connection already closed
[2024-10-20T04:26:52.674+0000] {taskinstance.py:1225} INFO - Marking task as UP_FOR_RETRY. dag_id=elt, task_id=extract_load_data.insert_prices, run_id=scheduled__2024-10-17T12:00:00+00:00, execution_date=20241017T120000, start_date=20241020T042638, end_date=20241020T042652
[2024-10-20T04:26:52.707+0000] {taskinstance.py:340} INFO - ::group::Post task execution logs
[2024-10-20T04:26:52.709+0000] {standard_task_runner.py:124} ERROR - Failed to execute job 215 for task extract_load_data.insert_prices (connection already closed; 99)
Traceback (most recent call last):
  File "/home/airflow/.local/lib/python3.12/site-packages/airflow/task/task_runner/standard_task_runner.py", line 117, in _start_by_fork
    ret = args.func(args, dag=self.dag)
          ^^^^^^^^^^^^^^^^^^^^^^^^^^^^^
  File "/home/airflow/.local/lib/python3.12/site-packages/airflow/cli/cli_config.py", line 49, in command
    return func(*args, **kwargs)
           ^^^^^^^^^^^^^^^^^^^^^
  File "/home/airflow/.local/lib/python3.12/site-packages/airflow/utils/cli.py", line 115, in wrapper
    return f(*args, **kwargs)
           ^^^^^^^^^^^^^^^^^^
  File "/home/airflow/.local/lib/python3.12/site-packages/airflow/cli/commands/task_command.py", line 483, in task_run
    task_return_code = _run_task_by_selected_method(args, _dag, ti)
                       ^^^^^^^^^^^^^^^^^^^^^^^^^^^^^^^^^^^^^^^^^^^^
  File "/home/airflow/.local/lib/python3.12/site-packages/airflow/cli/commands/task_command.py", line 256, in _run_task_by_selected_method
    return _run_raw_task(args, ti)
           ^^^^^^^^^^^^^^^^^^^^^^^
  File "/home/airflow/.local/lib/python3.12/site-packages/airflow/cli/commands/task_command.py", line 341, in _run_raw_task
    return ti._run_raw_task(
           ^^^^^^^^^^^^^^^^^
  File "/home/airflow/.local/lib/python3.12/site-packages/airflow/utils/session.py", line 97, in wrapper
    return func(*args, session=session, **kwargs)
           ^^^^^^^^^^^^^^^^^^^^^^^^^^^^^^^^^^^^^^
  File "/home/airflow/.local/lib/python3.12/site-packages/airflow/models/taskinstance.py", line 3004, in _run_raw_task
    return _run_raw_task(
           ^^^^^^^^^^^^^^
  File "/home/airflow/.local/lib/python3.12/site-packages/airflow/models/taskinstance.py", line 273, in _run_raw_task
    TaskInstance._execute_task_with_callbacks(
  File "/home/airflow/.local/lib/python3.12/site-packages/airflow/models/taskinstance.py", line 3158, in _execute_task_with_callbacks
    result = self._execute_task(context, task_orig)
             ^^^^^^^^^^^^^^^^^^^^^^^^^^^^^^^^^^^^^^
  File "/home/airflow/.local/lib/python3.12/site-packages/airflow/models/taskinstance.py", line 3182, in _execute_task
    return _execute_task(self, context, task_orig)
           ^^^^^^^^^^^^^^^^^^^^^^^^^^^^^^^^^^^^^^^
  File "/home/airflow/.local/lib/python3.12/site-packages/airflow/models/taskinstance.py", line 767, in _execute_task
    result = _execute_callable(context=context, **execute_callable_kwargs)
             ^^^^^^^^^^^^^^^^^^^^^^^^^^^^^^^^^^^^^^^^^^^^^^^^^^^^^^^^^^^^^
  File "/home/airflow/.local/lib/python3.12/site-packages/airflow/models/taskinstance.py", line 733, in _execute_callable
    return ExecutionCallableRunner(
           ^^^^^^^^^^^^^^^^^^^^^^^^
  File "/home/airflow/.local/lib/python3.12/site-packages/airflow/utils/operator_helpers.py", line 252, in run
    return self.func(*args, **kwargs)
           ^^^^^^^^^^^^^^^^^^^^^^^^^^
  File "/home/airflow/.local/lib/python3.12/site-packages/airflow/models/baseoperator.py", line 406, in wrapper
    return func(self, *args, **kwargs)
           ^^^^^^^^^^^^^^^^^^^^^^^^^^^
  File "/home/airflow/.local/lib/python3.12/site-packages/airflow/operators/python.py", line 238, in execute
    return_value = self.execute_callable()
                   ^^^^^^^^^^^^^^^^^^^^^^^
  File "/home/airflow/.local/lib/python3.12/site-packages/airflow/operators/python.py", line 256, in execute_callable
    return runner.run(*self.op_args, **self.op_kwargs)
           ^^^^^^^^^^^^^^^^^^^^^^^^^^^^^^^^^^^^^^^^^^^
  File "/home/airflow/.local/lib/python3.12/site-packages/airflow/utils/operator_helpers.py", line 252, in run
    return self.func(*args, **kwargs)
           ^^^^^^^^^^^^^^^^^^^^^^^^^^
  File "/opt/airflow/dags/python_files/l1/prices/prices.py", line 55, in insert_prices
    cursor = conn.cursor()
             ^^^^^^^^^^^^^
psycopg2.InterfaceError: connection already closed
[2024-10-20T04:26:52.765+0000] {local_task_job_runner.py:266} INFO - Task exited with return code 1
[2024-10-20T04:26:52.795+0000] {warnings.py:112} WARNING - /home/***/.local/lib/python3.12/site-packages/***/models/baseoperator.py:1378: AirflowProviderDeprecationWarning: Call to deprecated class PostgresOperator. (Please use `***.providers.common.sql.operators.sql.SQLExecuteQueryOperator`.Also, you can provide `hook_params={'schema': <database>}`.)
  result = cls.__new__(cls)

[2024-10-20T04:26:52.827+0000] {taskinstance.py:3900} INFO - 0 downstream tasks scheduled from follow-on schedule check
[2024-10-20T04:26:52.830+0000] {local_task_job_runner.py:245} INFO - ::endgroup::
