[2024-10-21T02:21:49.574+0000] {local_task_job_runner.py:123} INFO - ::group::Pre task execution logs
[2024-10-21T02:21:49.587+0000] {taskinstance.py:2612} INFO - Dependencies all met for dep_context=non-requeueable deps ti=<TaskInstance: elt.extract_load_data.create_table_prices manual__2024-10-21T02:21:44.527947+00:00 [queued]>
[2024-10-21T02:21:50.097+0000] {taskinstance.py:2612} INFO - Dependencies all met for dep_context=requeueable deps ti=<TaskInstance: elt.extract_load_data.create_table_prices manual__2024-10-21T02:21:44.527947+00:00 [queued]>
[2024-10-21T02:21:50.098+0000] {taskinstance.py:2865} INFO - Starting attempt 1 of 2
[2024-10-21T02:21:50.106+0000] {taskinstance.py:2888} INFO - Executing <Task(PostgresOperator): extract_load_data.create_table_prices> on 2024-10-21 02:21:44.527947+00:00
[2024-10-21T02:21:50.119+0000] {warnings.py:112} WARNING - /home/***/.local/lib/python3.12/site-packages/***/task/task_runner/standard_task_runner.py:70: DeprecationWarning: This process (pid=66) is multi-threaded, use of fork() may lead to deadlocks in the child.
  pid = os.fork()

[2024-10-21T02:21:50.122+0000] {standard_task_runner.py:72} INFO - Started process 70 to run task
[2024-10-21T02:21:50.123+0000] {standard_task_runner.py:104} INFO - Running: ['***', 'tasks', 'run', 'elt', 'extract_load_data.create_table_prices', 'manual__2024-10-21T02:21:44.527947+00:00', '--job-id', '63', '--raw', '--subdir', 'DAGS_FOLDER/elt.py', '--cfg-path', '/tmp/tmpd369vxbf']
[2024-10-21T02:21:50.129+0000] {standard_task_runner.py:105} INFO - Job 63: Subtask extract_load_data.create_table_prices
[2024-10-21T02:21:50.188+0000] {task_command.py:467} INFO - Running <TaskInstance: elt.extract_load_data.create_table_prices manual__2024-10-21T02:21:44.527947+00:00 [running]> on host 7ff52c8aab83
[2024-10-21T02:21:50.287+0000] {taskinstance.py:3131} INFO - Exporting env vars: AIRFLOW_CTX_DAG_OWNER='mherszage' AIRFLOW_CTX_DAG_ID='elt' AIRFLOW_CTX_TASK_ID='extract_load_data.create_table_prices' AIRFLOW_CTX_EXECUTION_DATE='2024-10-21T02:21:44.527947+00:00' AIRFLOW_CTX_TRY_NUMBER='1' AIRFLOW_CTX_DAG_RUN_ID='manual__2024-10-21T02:21:44.527947+00:00'
[2024-10-21T02:21:50.292+0000] {taskinstance.py:731} INFO - ::endgroup::
[2024-10-21T02:21:50.312+0000] {sql.py:266} INFO - Executing: CREATE TABLE IF NOT EXISTS "2024_melissa_herszage_schema".l1_item_prices
(
    item_id            varchar(256),
    condition          varchar(256),
    price              int,
    currency           varchar(256),
    available_quantity int,
    created_at         timestamp
)
[2024-10-21T02:21:50.319+0000] {base.py:84} INFO - Retrieving connection 'redshift_default'
[2024-10-21T02:21:50.868+0000] {base.py:84} INFO - Retrieving connection 'redshift_default'
[2024-10-21T02:21:52.590+0000] {sql.py:509} INFO - Running statement: CREATE TABLE IF NOT EXISTS "2024_melissa_herszage_schema".l1_item_prices
(
    item_id            varchar(256),
    condition          varchar(256),
    price              int,
    currency           varchar(256),
    available_quantity int,
    created_at         timestamp
), parameters: None
[2024-10-21T02:21:53.969+0000] {taskinstance.py:340} INFO - ::group::Post task execution logs
[2024-10-21T02:21:53.983+0000] {taskinstance.py:352} INFO - Marking task as SUCCESS. dag_id=elt, task_id=extract_load_data.create_table_prices, run_id=manual__2024-10-21T02:21:44.527947+00:00, execution_date=20241021T022144, start_date=20241021T022149, end_date=20241021T022153
[2024-10-21T02:21:54.132+0000] {local_task_job_runner.py:266} INFO - Task exited with return code 0
[2024-10-21T02:21:54.198+0000] {local_task_job_runner.py:245} INFO - ::endgroup::
