[2024-10-16T18:08:29.928+0000] {local_task_job_runner.py:123} INFO - ::group::Pre task execution logs
[2024-10-16T18:08:29.944+0000] {taskinstance.py:2612} INFO - Dependencies all met for dep_context=non-requeueable deps ti=<TaskInstance: insert_items.inserts.insert_items manual__2024-10-16T18:08:25.519313+00:00 [queued]>
[2024-10-16T18:08:29.962+0000] {taskinstance.py:2612} INFO - Dependencies all met for dep_context=requeueable deps ti=<TaskInstance: insert_items.inserts.insert_items manual__2024-10-16T18:08:25.519313+00:00 [queued]>
[2024-10-16T18:08:29.962+0000] {taskinstance.py:2865} INFO - Starting attempt 1 of 2
[2024-10-16T18:08:29.990+0000] {taskinstance.py:2888} INFO - Executing <Task(PythonOperator): inserts.insert_items> on 2024-10-16 18:08:25.519313+00:00
[2024-10-16T18:08:30.049+0000] {warnings.py:112} WARNING - /home/***/.local/lib/python3.12/site-packages/***/task/task_runner/standard_task_runner.py:70: DeprecationWarning: This process (pid=110) is multi-threaded, use of fork() may lead to deadlocks in the child.
  pid = os.fork()

[2024-10-16T18:08:30.059+0000] {standard_task_runner.py:72} INFO - Started process 114 to run task
[2024-10-16T18:08:30.051+0000] {standard_task_runner.py:104} INFO - Running: ['***', 'tasks', 'run', 'insert_items', 'inserts.insert_items', 'manual__2024-10-16T18:08:25.519313+00:00', '--job-id', '49', '--raw', '--subdir', 'DAGS_FOLDER/insert_items.py', '--cfg-path', '/tmp/tmpz9wvv91r']
[2024-10-16T18:08:30.062+0000] {standard_task_runner.py:105} INFO - Job 49: Subtask inserts.insert_items
[2024-10-16T18:08:30.133+0000] {task_command.py:467} INFO - Running <TaskInstance: insert_items.inserts.insert_items manual__2024-10-16T18:08:25.519313+00:00 [running]> on host 2109dd405c1b
[2024-10-16T18:08:30.212+0000] {taskinstance.py:3131} INFO - Exporting env vars: AIRFLOW_CTX_DAG_OWNER='mherszage' AIRFLOW_CTX_DAG_ID='insert_items' AIRFLOW_CTX_TASK_ID='inserts.insert_items' AIRFLOW_CTX_EXECUTION_DATE='2024-10-16T18:08:25.519313+00:00' AIRFLOW_CTX_TRY_NUMBER='1' AIRFLOW_CTX_DAG_RUN_ID='manual__2024-10-16T18:08:25.519313+00:00'
[2024-10-16T18:08:30.214+0000] {taskinstance.py:731} INFO - ::endgroup::
[2024-10-16T18:08:33.519+0000] {logging_mixin.py:190} INFO - Id: MLA1420542199, Title: Sony Playstation Dualsense Cfi-zct1w Joystick Inalámbrico Midnight Black, Price: 169999
[2024-10-16T18:08:34.046+0000] {logging_mixin.py:190} INFO - Query executed
[2024-10-16T18:08:34.048+0000] {logging_mixin.py:190} INFO - Id: MLA1513783534, Title: Consola Playstation Ps4 1tb God Of War Ragnarok Bundle, Price: 771999
[2024-10-16T18:08:34.386+0000] {logging_mixin.py:190} INFO - Query executed
[2024-10-16T18:08:34.389+0000] {logging_mixin.py:190} INFO - Id: MLA1455028687, Title: Gamepad Redragon Harrow Pro Wireless G808pro Joystick Pc Ps3 Color Negro, Price: 72569
[2024-10-16T18:08:34.717+0000] {logging_mixin.py:190} INFO - Query executed
[2024-10-16T18:08:34.718+0000] {logging_mixin.py:190} INFO - Id: MLA1642598964, Title: Cable Tcon Carga Rapida Joystick Ps4 Usb Solucion Pin Carga, Price: 4001
[2024-10-16T18:08:35.061+0000] {logging_mixin.py:190} INFO - Query executed
[2024-10-16T18:08:35.062+0000] {logging_mixin.py:190} INFO - Id: MLA1413189069, Title: Sony Playstation 5 825gb Standard Color Blanco Y Negro, Price: 1354999
[2024-10-16T18:08:35.413+0000] {logging_mixin.py:190} INFO - Query executed
[2024-10-16T18:08:35.415+0000] {logging_mixin.py:190} INFO - Id: MLA1771013260, Title: Joystick Redragon Saturn G807 Negro, Price: 34288.98
[2024-10-16T18:08:35.750+0000] {logging_mixin.py:190} INFO - Query executed
[2024-10-16T18:08:35.751+0000] {logging_mixin.py:190} INFO - Id: MLA1417840319, Title: Auriculares Bluetooth In-ear F9-5 Negro Inalámbricos, Price: 14240.5
[2024-10-16T18:08:36.103+0000] {logging_mixin.py:190} INFO - Query executed
[2024-10-16T18:08:36.104+0000] {logging_mixin.py:190} INFO - Id: MLA1425634379, Title: Consola Sony Ps4 1tb + Juego God Of War Ragnarok, Price: 657999
[2024-10-16T18:08:36.438+0000] {logging_mixin.py:190} INFO - Query executed
[2024-10-16T18:08:36.439+0000] {logging_mixin.py:190} INFO - Id: MLA1771015420, Title: Joystick Inalámbrico Redragon Harrow G808 Negro, Price: 54608.51
[2024-10-16T18:08:36.785+0000] {logging_mixin.py:190} INFO - Query executed
[2024-10-16T18:08:36.787+0000] {logging_mixin.py:190} INFO - Id: MLA1452087571, Title: Control Inalámbrico Dualsense Para Ps5 Gray Camouflage, Price: 119999
[2024-10-16T18:08:37.146+0000] {logging_mixin.py:190} INFO - Query executed
[2024-10-16T18:08:37.153+0000] {logging_mixin.py:190} INFO - Id: MLA1438316301, Title: Consola Ps5 Slim Estándar + Juego Ratchet & Clank Y Returnal Color Blanco, Price: 1519999
[2024-10-16T18:08:37.484+0000] {logging_mixin.py:190} INFO - Query executed
[2024-10-16T18:08:37.485+0000] {logging_mixin.py:190} INFO - Id: MLA1923504016, Title: Auriculares Inalámbricos Jbl Tune 520bt Negro, Price: 106499
[2024-10-16T18:08:37.815+0000] {logging_mixin.py:190} INFO - Query executed
[2024-10-16T18:08:37.817+0000] {logging_mixin.py:190} INFO - Id: MLA1436556685, Title: Nintendo Switch Oled 64gb Standard  Color Neón, Price: 849999
[2024-10-16T18:08:38.190+0000] {logging_mixin.py:190} INFO - Query executed
[2024-10-16T18:08:38.192+0000] {logging_mixin.py:190} INFO - Id: MLA1363095617, Title: Joystick Gamer Inalámbrico Netmak 5en1 Pc Ps3 Ps4 Danger Color Negro, Price: 28199
[2024-10-16T18:08:38.540+0000] {logging_mixin.py:190} INFO - Query executed
[2024-10-16T18:08:38.541+0000] {logging_mixin.py:190} INFO - Id: MLA1443618427, Title: Joystick Inalámbrico Compatible Con Pc P3 Mando Color Negro, Price: 14710
[2024-10-16T18:08:38.881+0000] {logging_mixin.py:190} INFO - Query executed
[2024-10-16T18:08:38.881+0000] {logging_mixin.py:190} INFO - Id: MLA1422452531, Title: Consola Xbox Series S 512gb Digital Blanco, Price: 919999
[2024-10-16T18:08:39.226+0000] {logging_mixin.py:190} INFO - Query executed
[2024-10-16T18:08:39.228+0000] {logging_mixin.py:190} INFO - Id: MLA1934620406, Title: Microsoft Xbox 360 Controller For Windows - Usb, Price: 31570
[2024-10-16T18:08:39.562+0000] {logging_mixin.py:190} INFO - Query executed
[2024-10-16T18:08:39.563+0000] {logging_mixin.py:190} INFO - Id: MLA1454525447, Title: Joystick Inalámbrico Sony Playstation Dualshock 4 Ps4 Jet Black, Price: 69999.3
[2024-10-16T18:08:39.891+0000] {logging_mixin.py:190} INFO - Query executed
[2024-10-16T18:08:39.892+0000] {logging_mixin.py:190} INFO - Id: MLA1932107420, Title: Consola Brick Game 9999 In 1 Standard  Color Rojo 1980, Price: 5999
[2024-10-16T18:08:40.241+0000] {logging_mixin.py:190} INFO - Query executed
[2024-10-16T18:08:40.241+0000] {logging_mixin.py:190} INFO - Id: MLA1420491095, Title: Joystick Inalámbrico Dualsense Ps5 Original Cosmic Red, Price: 169999
[2024-10-16T18:08:40.651+0000] {logging_mixin.py:190} INFO - Query executed
[2024-10-16T18:08:40.654+0000] {logging_mixin.py:190} INFO - Id: MLA934064691, Title: Joystick Redragon Saturn G807 Negro, Price: 26999
[2024-10-16T18:08:41.134+0000] {logging_mixin.py:190} INFO - Query executed
[2024-10-16T18:08:41.135+0000] {logging_mixin.py:190} INFO - Id: MLA1426112753, Title: Soporte Base Vertical Para Ps5 Slim Con Rejillas Ventilación, Price: 7139.44
[2024-10-16T18:08:41.648+0000] {logging_mixin.py:190} INFO - Query executed
[2024-10-16T18:08:41.649+0000] {logging_mixin.py:190} INFO - Id: MLA1439039201, Title: Joystick Pc Usb Gamepad Usb-208 Pc Notebook Color Negro, Price: 10499
[2024-10-16T18:08:42.010+0000] {logging_mixin.py:190} INFO - Query executed
[2024-10-16T18:08:42.011+0000] {logging_mixin.py:190} INFO - Id: MLA1723436604, Title: Sony Playstation 5 825gb God Of War Ragnarok Bundle Color Blanco/negro, Price: 1374999
[2024-10-16T18:08:42.367+0000] {logging_mixin.py:190} INFO - Query executed
[2024-10-16T18:08:42.367+0000] {logging_mixin.py:190} INFO - Id: MLA1824905578, Title: Kit 2 Microfonos Inalambricos Boya By-v20  2.4ghz Usb Tipo C Color Negro, Price: 135000
[2024-10-16T18:08:42.701+0000] {logging_mixin.py:190} INFO - Query executed
[2024-10-16T18:08:42.704+0000] {logging_mixin.py:190} INFO - Id: MLA1918224392, Title: Consola Noga Dos Joystick Y Pistola Ng-fg01 8bit Color Negro, Price: 27999
[2024-10-16T18:08:43.111+0000] {logging_mixin.py:190} INFO - Query executed
[2024-10-16T18:08:43.112+0000] {logging_mixin.py:190} INFO - Id: MLA1429767130, Title: Joystick Inalámbrico Para Xbox 360 Con Receptor Usb Y Bluetooth Compatible Con Ps3 Android Pc Seisa Njx312, Price: 34513.22
[2024-10-16T18:08:43.466+0000] {logging_mixin.py:190} INFO - Query executed
[2024-10-16T18:08:43.467+0000] {logging_mixin.py:190} INFO - Id: MLA1735236438, Title: Joystick Inalámbrico Dualsense Ps5 Original Galactic Purple, Price: 169999
[2024-10-16T18:08:43.818+0000] {logging_mixin.py:190} INFO - Query executed
[2024-10-16T18:08:43.819+0000] {logging_mixin.py:190} INFO - Id: MLA1814734538, Title: Sony Playstation 5 Slim 1tb Standard  Color Blanco 2022, Price: 1499000
[2024-10-16T18:08:44.147+0000] {logging_mixin.py:190} INFO - Query executed
[2024-10-16T18:08:44.148+0000] {logging_mixin.py:190} INFO - Id: MLA1933058072, Title: Joystick Inalámbrico Compatible Con Ps4 Doubleshock 4 Negro Con Cable De Carga, Price: 29700
[2024-10-16T18:08:44.481+0000] {logging_mixin.py:190} INFO - Query executed
[2024-10-16T18:08:44.484+0000] {logging_mixin.py:190} INFO - Id: MLA934055466, Title: Joystick Inalámbrico Redragon Harrow G808 Negro, Price: 42999
[2024-10-16T18:08:44.812+0000] {logging_mixin.py:190} INFO - Query executed
[2024-10-16T18:08:44.812+0000] {logging_mixin.py:190} INFO - Id: MLA1422439293, Title: Microsoft Xbox Series X 1tb Ssd 120 Hz 4k Color Negro, Price: 1599457
[2024-10-16T18:08:45.162+0000] {logging_mixin.py:190} INFO - Query executed
[2024-10-16T18:08:45.163+0000] {logging_mixin.py:190} INFO - Id: MLA1389166937, Title: Adaptador Conversor Playstation2 A Hdmi C/audio 1422b, Price: 7505
[2024-10-16T18:08:45.522+0000] {logging_mixin.py:190} INFO - Query executed
[2024-10-16T18:08:45.533+0000] {logging_mixin.py:190} INFO - Id: MLA1444880845, Title: Joystick Inalámbrico Dualsense Ps5 Sterling Silver, Price: 145999
[2024-10-16T18:08:45.866+0000] {logging_mixin.py:190} INFO - Query executed
[2024-10-16T18:08:45.867+0000] {logging_mixin.py:190} INFO - Id: MLA1363379415, Title: Consola Playstation 4 Ps4 Standard + God Of War Ragnarök, Price: 598499.37
[2024-10-16T18:08:46.242+0000] {logging_mixin.py:190} INFO - Query executed
[2024-10-16T18:08:46.243+0000] {logging_mixin.py:190} INFO - Id: MLA1409364971, Title: Auriculares Inalámbricos Jbl Tune  520bt Blanco, Price: 89999
[2024-10-16T18:08:46.575+0000] {logging_mixin.py:190} INFO - Query executed
[2024-10-16T18:08:46.575+0000] {logging_mixin.py:190} INFO - Id: MLA1902022692, Title: Consola Video Juegos Apevtech 16 Bit  Color Negro, Price: 67999
[2024-10-16T18:08:46.930+0000] {logging_mixin.py:190} INFO - Query executed
[2024-10-16T18:08:46.931+0000] {logging_mixin.py:190} INFO - Id: MLA1735248328, Title: Controle Sony Dualsense Ps5 Sem Fio - Starlight Blue Cfi-zct1j02 , Price: 174999
[2024-10-16T18:08:47.248+0000] {logging_mixin.py:190} INFO - Query executed
[2024-10-16T18:08:47.249+0000] {logging_mixin.py:190} INFO - Id: MLA1403544371, Title: Joystick Inalámbrico Haxly Claw Hx-gp9076 Negro, Price: 38159
[2024-10-16T18:08:47.597+0000] {logging_mixin.py:190} INFO - Query executed
[2024-10-16T18:08:47.597+0000] {logging_mixin.py:190} INFO - Id: MLA1440271167, Title: Joystick Para P4 Pc Control Preciso Y Estilo Personalizado Giroscopio Led Rgb Dehuka Modelo Hs-ps4290w Blanco, Price: 56999.05
[2024-10-16T18:08:47.941+0000] {logging_mixin.py:190} INFO - Query executed
[2024-10-16T18:08:47.942+0000] {logging_mixin.py:190} INFO - Id: MLA1800918872, Title: Nintendo Lite Switch Lite 32gb Standard  Color Coral 2019, Price: 529999
[2024-10-16T18:08:48.279+0000] {logging_mixin.py:190} INFO - Query executed
[2024-10-16T18:08:48.287+0000] {logging_mixin.py:190} INFO - Id: MLA1876554140, Title: Volante Con Pedalera Profesional  Logitech G29 Playstation 5 / Playstation 4 / Pc, Price: 870198
[2024-10-16T18:08:48.674+0000] {logging_mixin.py:190} INFO - Query executed
[2024-10-16T18:08:48.674+0000] {logging_mixin.py:190} INFO - Id: MLA1433388441, Title: Nintendo Switch Oled 64gb Standard Color Blanco/negro, Price: 789999
[2024-10-16T18:08:49.042+0000] {logging_mixin.py:190} INFO - Query executed
[2024-10-16T18:08:49.043+0000] {logging_mixin.py:190} INFO - Id: MLA1915925398, Title: Joystick Inalámbrico Para P4 Bluetooth Netmak P401 Negro, Price: 39899.05
[2024-10-16T18:08:49.394+0000] {logging_mixin.py:190} INFO - Query executed
[2024-10-16T18:08:49.395+0000] {logging_mixin.py:190} INFO - Id: MLA1848666858, Title: Memoria Micro Sd 128 Gb Hiksemi Con Adaptador Hs-tf-c1, Price: 11849
[2024-10-16T18:08:49.729+0000] {logging_mixin.py:190} INFO - Query executed
[2024-10-16T18:08:49.730+0000] {logging_mixin.py:190} INFO - Id: MLA1402640681, Title: Consola Para Cartuchos Sega 16 Bits + 2 Joysticks 6 Botones, Price: 47740
[2024-10-16T18:08:50.092+0000] {logging_mixin.py:190} INFO - Query executed
[2024-10-16T18:08:50.092+0000] {logging_mixin.py:190} INFO - Id: MLA1854941032, Title: Joystick Inalámbrico Sony Playstation Dualsense Cfi-zct1w Nova Pink, Price: 169999
[2024-10-16T18:08:50.439+0000] {logging_mixin.py:190} INFO - Query executed
[2024-10-16T18:08:50.445+0000] {logging_mixin.py:190} INFO - Id: MLA1126675691, Title: Joystick Inalámbrico Noganet Ng-2go1 Negro, Price: 20677.5
[2024-10-16T18:08:50.810+0000] {logging_mixin.py:190} INFO - Query executed
[2024-10-16T18:08:50.998+0000] {logging_mixin.py:190} INFO - Results committed
[2024-10-16T18:08:51.110+0000] {python.py:240} INFO - Done. Returned value was: None
[2024-10-16T18:08:51.216+0000] {taskinstance.py:340} INFO - ::group::Post task execution logs
[2024-10-16T18:08:51.217+0000] {taskinstance.py:352} INFO - Marking task as SUCCESS. dag_id=insert_items, task_id=inserts.insert_items, run_id=manual__2024-10-16T18:08:25.519313+00:00, execution_date=20241016T180825, start_date=20241016T180829, end_date=20241016T180851
[2024-10-16T18:08:51.404+0000] {local_task_job_runner.py:266} INFO - Task exited with return code 0
[2024-10-16T18:08:51.470+0000] {taskinstance.py:3900} INFO - 0 downstream tasks scheduled from follow-on schedule check
[2024-10-16T18:08:51.471+0000] {local_task_job_runner.py:245} INFO - ::endgroup::
