[2024-10-21T03:32:55.986+0000] {local_task_job_runner.py:123} INFO - ::group::Pre task execution logs
[2024-10-21T03:32:56.004+0000] {taskinstance.py:2612} INFO - Dependencies all met for dep_context=non-requeueable deps ti=<TaskInstance: elt.extract_load_data.insert_prices manual__2024-10-21T03:32:11.306306+00:00 [queued]>
[2024-10-21T03:32:56.009+0000] {taskinstance.py:2612} INFO - Dependencies all met for dep_context=requeueable deps ti=<TaskInstance: elt.extract_load_data.insert_prices manual__2024-10-21T03:32:11.306306+00:00 [queued]>
[2024-10-21T03:32:56.010+0000] {taskinstance.py:2865} INFO - Starting attempt 1 of 2
[2024-10-21T03:32:56.017+0000] {taskinstance.py:2888} INFO - Executing <Task(PythonOperator): extract_load_data.insert_prices> on 2024-10-21 03:32:11.306306+00:00
[2024-10-21T03:32:56.029+0000] {warnings.py:112} WARNING - /home/***/.local/lib/python3.12/site-packages/***/task/task_runner/standard_task_runner.py:70: DeprecationWarning: This process (pid=148) is multi-threaded, use of fork() may lead to deadlocks in the child.
  pid = os.fork()

[2024-10-21T03:32:56.030+0000] {standard_task_runner.py:72} INFO - Started process 150 to run task
[2024-10-21T03:32:56.031+0000] {standard_task_runner.py:104} INFO - Running: ['***', 'tasks', 'run', 'elt', 'extract_load_data.insert_prices', 'manual__2024-10-21T03:32:11.306306+00:00', '--job-id', '153', '--raw', '--subdir', 'DAGS_FOLDER/elt.py', '--cfg-path', '/tmp/tmp3i1jzd8n']
[2024-10-21T03:32:56.035+0000] {standard_task_runner.py:105} INFO - Job 153: Subtask extract_load_data.insert_prices
[2024-10-21T03:32:57.276+0000] {task_command.py:467} INFO - Running <TaskInstance: elt.extract_load_data.insert_prices manual__2024-10-21T03:32:11.306306+00:00 [running]> on host 6c3793bbe9c9
[2024-10-21T03:32:57.352+0000] {taskinstance.py:3131} INFO - Exporting env vars: AIRFLOW_CTX_DAG_OWNER='mherszage' AIRFLOW_CTX_DAG_ID='elt' AIRFLOW_CTX_TASK_ID='extract_load_data.insert_prices' AIRFLOW_CTX_EXECUTION_DATE='2024-10-21T03:32:11.306306+00:00' AIRFLOW_CTX_TRY_NUMBER='1' AIRFLOW_CTX_DAG_RUN_ID='manual__2024-10-21T03:32:11.306306+00:00'
[2024-10-21T03:32:57.354+0000] {taskinstance.py:731} INFO - ::endgroup::
[2024-10-21T03:32:57.398+0000] {base.py:84} INFO - Retrieving connection 'redshift_default'
[2024-10-21T03:32:58.956+0000] {logging_mixin.py:190} INFO - 2024-10-21
[2024-10-21T03:32:58.963+0000] {python.py:240} INFO - Done. Returned value was: None
[2024-10-21T03:32:59.032+0000] {taskinstance.py:340} INFO - ::group::Post task execution logs
[2024-10-21T03:32:59.034+0000] {taskinstance.py:352} INFO - Marking task as SUCCESS. dag_id=elt, task_id=extract_load_data.insert_prices, run_id=manual__2024-10-21T03:32:11.306306+00:00, execution_date=20241021T033211, start_date=20241021T033256, end_date=20241021T033259
[2024-10-21T03:32:59.109+0000] {local_task_job_runner.py:266} INFO - Task exited with return code 0
[2024-10-21T03:32:59.169+0000] {warnings.py:112} WARNING - /home/***/.local/lib/python3.12/site-packages/***/models/baseoperator.py:1378: AirflowProviderDeprecationWarning: Call to deprecated class PostgresOperator. (Please use `***.providers.common.sql.operators.sql.SQLExecuteQueryOperator`.Also, you can provide `hook_params={'schema': <database>}`.)
  result = cls.__new__(cls)

[2024-10-21T03:32:59.576+0000] {taskinstance.py:3900} INFO - 2 downstream tasks scheduled from follow-on schedule check
[2024-10-21T03:32:59.578+0000] {local_task_job_runner.py:245} INFO - ::endgroup::
