[2024-10-21T03:35:11.994+0000] {local_task_job_runner.py:123} INFO - ::group::Pre task execution logs
[2024-10-21T03:35:12.004+0000] {taskinstance.py:2612} INFO - Dependencies all met for dep_context=non-requeueable deps ti=<TaskInstance: elt.extract_load_data.insert_prices manual__2024-10-21T03:34:32.628629+00:00 [queued]>
[2024-10-21T03:35:12.008+0000] {taskinstance.py:2612} INFO - Dependencies all met for dep_context=requeueable deps ti=<TaskInstance: elt.extract_load_data.insert_prices manual__2024-10-21T03:34:32.628629+00:00 [queued]>
[2024-10-21T03:35:12.009+0000] {taskinstance.py:2865} INFO - Starting attempt 1 of 2
[2024-10-21T03:35:12.021+0000] {taskinstance.py:2888} INFO - Executing <Task(PythonOperator): extract_load_data.insert_prices> on 2024-10-21 03:34:32.628629+00:00
[2024-10-21T03:35:12.031+0000] {warnings.py:112} WARNING - /home/***/.local/lib/python3.12/site-packages/***/task/task_runner/standard_task_runner.py:70: DeprecationWarning: This process (pid=207) is multi-threaded, use of fork() may lead to deadlocks in the child.
  pid = os.fork()

[2024-10-21T03:35:12.034+0000] {standard_task_runner.py:72} INFO - Started process 209 to run task
[2024-10-21T03:35:12.033+0000] {standard_task_runner.py:104} INFO - Running: ['***', 'tasks', 'run', 'elt', 'extract_load_data.insert_prices', 'manual__2024-10-21T03:34:32.628629+00:00', '--job-id', '161', '--raw', '--subdir', 'DAGS_FOLDER/elt.py', '--cfg-path', '/tmp/tmpl46f04mk']
[2024-10-21T03:35:12.037+0000] {standard_task_runner.py:105} INFO - Job 161: Subtask extract_load_data.insert_prices
[2024-10-21T03:35:12.503+0000] {task_command.py:467} INFO - Running <TaskInstance: elt.extract_load_data.insert_prices manual__2024-10-21T03:34:32.628629+00:00 [running]> on host 6c3793bbe9c9
[2024-10-21T03:35:12.546+0000] {taskinstance.py:3131} INFO - Exporting env vars: AIRFLOW_CTX_DAG_OWNER='mherszage' AIRFLOW_CTX_DAG_ID='elt' AIRFLOW_CTX_TASK_ID='extract_load_data.insert_prices' AIRFLOW_CTX_EXECUTION_DATE='2024-10-21T03:34:32.628629+00:00' AIRFLOW_CTX_TRY_NUMBER='1' AIRFLOW_CTX_DAG_RUN_ID='manual__2024-10-21T03:34:32.628629+00:00'
[2024-10-21T03:35:12.548+0000] {taskinstance.py:731} INFO - ::endgroup::
[2024-10-21T03:35:12.574+0000] {base.py:84} INFO - Retrieving connection 'redshift_default'
[2024-10-21T03:35:14.101+0000] {logging_mixin.py:190} INFO - 2024-10-21
[2024-10-21T03:35:14.107+0000] {python.py:240} INFO - Done. Returned value was: None
[2024-10-21T03:35:14.162+0000] {taskinstance.py:340} INFO - ::group::Post task execution logs
[2024-10-21T03:35:14.163+0000] {taskinstance.py:352} INFO - Marking task as SUCCESS. dag_id=elt, task_id=extract_load_data.insert_prices, run_id=manual__2024-10-21T03:34:32.628629+00:00, execution_date=20241021T033432, start_date=20241021T033512, end_date=20241021T033514
[2024-10-21T03:35:14.237+0000] {local_task_job_runner.py:266} INFO - Task exited with return code 0
[2024-10-21T03:35:14.273+0000] {warnings.py:112} WARNING - /home/***/.local/lib/python3.12/site-packages/***/models/baseoperator.py:1378: AirflowProviderDeprecationWarning: Call to deprecated class PostgresOperator. (Please use `***.providers.common.sql.operators.sql.SQLExecuteQueryOperator`.Also, you can provide `hook_params={'schema': <database>}`.)
  result = cls.__new__(cls)

[2024-10-21T03:35:14.618+0000] {taskinstance.py:3900} INFO - 2 downstream tasks scheduled from follow-on schedule check
[2024-10-21T03:35:14.619+0000] {local_task_job_runner.py:245} INFO - ::endgroup::
