[2024-10-18T03:53:53.915+0000] {local_task_job_runner.py:123} INFO - ::group::Pre task execution logs
[2024-10-18T03:53:53.924+0000] {taskinstance.py:2612} INFO - Dependencies all met for dep_context=non-requeueable deps ti=<TaskInstance: insert_items.extract_data.insert_prices manual__2024-10-18T03:53:17.557244+00:00 [queued]>
[2024-10-18T03:53:53.928+0000] {taskinstance.py:2612} INFO - Dependencies all met for dep_context=requeueable deps ti=<TaskInstance: insert_items.extract_data.insert_prices manual__2024-10-18T03:53:17.557244+00:00 [queued]>
[2024-10-18T03:53:53.928+0000] {taskinstance.py:2865} INFO - Starting attempt 1 of 2
[2024-10-18T03:53:53.935+0000] {taskinstance.py:2888} INFO - Executing <Task(PythonOperator): extract_data.insert_prices> on 2024-10-18 03:53:17.557244+00:00
[2024-10-18T03:53:53.945+0000] {warnings.py:112} WARNING - /home/***/.local/lib/python3.12/site-packages/***/task/task_runner/standard_task_runner.py:70: DeprecationWarning: This process (pid=881) is multi-threaded, use of fork() may lead to deadlocks in the child.
  pid = os.fork()

[2024-10-18T03:53:53.946+0000] {standard_task_runner.py:72} INFO - Started process 883 to run task
[2024-10-18T03:53:53.947+0000] {standard_task_runner.py:104} INFO - Running: ['***', 'tasks', 'run', 'insert_items', 'extract_data.insert_prices', 'manual__2024-10-18T03:53:17.557244+00:00', '--job-id', '165', '--raw', '--subdir', 'DAGS_FOLDER/insert_items.py', '--cfg-path', '/tmp/tmpe0lp13qa']
[2024-10-18T03:53:53.949+0000] {standard_task_runner.py:105} INFO - Job 165: Subtask extract_data.insert_prices
[2024-10-18T03:53:54.396+0000] {task_command.py:467} INFO - Running <TaskInstance: insert_items.extract_data.insert_prices manual__2024-10-18T03:53:17.557244+00:00 [running]> on host a414d3516fe8
[2024-10-18T03:53:54.455+0000] {taskinstance.py:3131} INFO - Exporting env vars: AIRFLOW_CTX_DAG_OWNER='mherszage' AIRFLOW_CTX_DAG_ID='insert_items' AIRFLOW_CTX_TASK_ID='extract_data.insert_prices' AIRFLOW_CTX_EXECUTION_DATE='2024-10-18T03:53:17.557244+00:00' AIRFLOW_CTX_TRY_NUMBER='1' AIRFLOW_CTX_DAG_RUN_ID='manual__2024-10-18T03:53:17.557244+00:00'
[2024-10-18T03:53:54.456+0000] {taskinstance.py:731} INFO - ::endgroup::
[2024-10-18T03:53:54.470+0000] {base.py:84} INFO - Retrieving connection 'redshift_default'
[2024-10-18T03:53:56.021+0000] {logging_mixin.py:190} INFO - 2024-10-18
[2024-10-18T03:53:56.024+0000] {python.py:240} INFO - Done. Returned value was: None
[2024-10-18T03:53:56.049+0000] {taskinstance.py:340} INFO - ::group::Post task execution logs
[2024-10-18T03:53:56.050+0000] {taskinstance.py:352} INFO - Marking task as SUCCESS. dag_id=insert_items, task_id=extract_data.insert_prices, run_id=manual__2024-10-18T03:53:17.557244+00:00, execution_date=20241018T035317, start_date=20241018T035353, end_date=20241018T035356
[2024-10-18T03:53:56.127+0000] {local_task_job_runner.py:266} INFO - Task exited with return code 0
[2024-10-18T03:53:56.521+0000] {taskinstance.py:3900} INFO - 0 downstream tasks scheduled from follow-on schedule check
[2024-10-18T03:53:56.523+0000] {local_task_job_runner.py:245} INFO - ::endgroup::
