[2024-10-16T17:05:04.066+0000] {local_task_job_runner.py:123} INFO - ::group::Pre task execution logs
[2024-10-16T17:05:04.075+0000] {taskinstance.py:2612} INFO - Dependencies all met for dep_context=non-requeueable deps ti=<TaskInstance: insert_items.inserts.insert_items scheduled__2024-10-16T16:35:00+00:00 [queued]>
[2024-10-16T17:05:04.081+0000] {taskinstance.py:2612} INFO - Dependencies all met for dep_context=requeueable deps ti=<TaskInstance: insert_items.inserts.insert_items scheduled__2024-10-16T16:35:00+00:00 [queued]>
[2024-10-16T17:05:04.083+0000] {taskinstance.py:2865} INFO - Starting attempt 1 of 2
[2024-10-16T17:05:04.093+0000] {taskinstance.py:2888} INFO - Executing <Task(PythonOperator): inserts.insert_items> on 2024-10-16 16:35:00+00:00
[2024-10-16T17:05:04.107+0000] {warnings.py:112} WARNING - /home/***/.local/lib/python3.12/site-packages/***/task/task_runner/standard_task_runner.py:70: DeprecationWarning: This process (pid=800) is multi-threaded, use of fork() may lead to deadlocks in the child.
  pid = os.fork()

[2024-10-16T17:05:04.109+0000] {standard_task_runner.py:72} INFO - Started process 803 to run task
[2024-10-16T17:05:04.109+0000] {standard_task_runner.py:104} INFO - Running: ['***', 'tasks', 'run', 'insert_items', 'inserts.insert_items', 'scheduled__2024-10-16T16:35:00+00:00', '--job-id', '34', '--raw', '--subdir', 'DAGS_FOLDER/insert_items.py', '--cfg-path', '/tmp/tmp64awjdh0']
[2024-10-16T17:05:04.111+0000] {standard_task_runner.py:105} INFO - Job 34: Subtask inserts.insert_items
[2024-10-16T17:05:04.143+0000] {task_command.py:467} INFO - Running <TaskInstance: insert_items.inserts.insert_items scheduled__2024-10-16T16:35:00+00:00 [running]> on host 2109dd405c1b
[2024-10-16T17:05:04.200+0000] {taskinstance.py:3131} INFO - Exporting env vars: AIRFLOW_CTX_DAG_OWNER='mherszage' AIRFLOW_CTX_DAG_ID='insert_items' AIRFLOW_CTX_TASK_ID='inserts.insert_items' AIRFLOW_CTX_EXECUTION_DATE='2024-10-16T16:35:00+00:00' AIRFLOW_CTX_TRY_NUMBER='1' AIRFLOW_CTX_DAG_RUN_ID='scheduled__2024-10-16T16:35:00+00:00'
[2024-10-16T17:05:04.201+0000] {taskinstance.py:731} INFO - ::endgroup::
[2024-10-16T17:05:07.552+0000] {logging_mixin.py:190} INFO - Id: MLA1420542199, Title: Sony Playstation Dualsense Cfi-zct1w Joystick Inalámbrico Midnight Black, Price: 169999
[2024-10-16T17:05:08.089+0000] {logging_mixin.py:190} INFO - Query executed
[2024-10-16T17:05:08.092+0000] {logging_mixin.py:190} INFO - Id: MLA1513783534, Title: Consola Playstation Ps4 1tb God Of War Ragnarok Bundle, Price: 771999
[2024-10-16T17:05:08.436+0000] {logging_mixin.py:190} INFO - Query executed
[2024-10-16T17:05:08.439+0000] {logging_mixin.py:190} INFO - Id: MLA1455028687, Title: Gamepad Redragon Harrow Pro Wireless G808pro Joystick Pc Ps3 Color Negro, Price: 72569
[2024-10-16T17:05:08.791+0000] {logging_mixin.py:190} INFO - Query executed
[2024-10-16T17:05:08.793+0000] {logging_mixin.py:190} INFO - Id: MLA1642598964, Title: Cable Tcon Carga Rapida Joystick Ps4 Usb Solucion Pin Carga, Price: 4001
[2024-10-16T17:05:09.133+0000] {logging_mixin.py:190} INFO - Query executed
[2024-10-16T17:05:09.134+0000] {logging_mixin.py:190} INFO - Id: MLA1413189069, Title: Sony Playstation 5 825gb Standard Color Blanco Y Negro, Price: 1354999
[2024-10-16T17:05:09.473+0000] {logging_mixin.py:190} INFO - Query executed
[2024-10-16T17:05:09.475+0000] {logging_mixin.py:190} INFO - Id: MLA1771013260, Title: Joystick Redragon Saturn G807 Negro, Price: 34288.98
[2024-10-16T17:05:09.807+0000] {logging_mixin.py:190} INFO - Query executed
[2024-10-16T17:05:09.808+0000] {logging_mixin.py:190} INFO - Id: MLA1417840319, Title: Auriculares Bluetooth In-ear F9-5 Negro Inalámbricos, Price: 14240.5
[2024-10-16T17:05:10.129+0000] {logging_mixin.py:190} INFO - Query executed
[2024-10-16T17:05:10.130+0000] {logging_mixin.py:190} INFO - Id: MLA1425634379, Title: Consola Sony Ps4 1tb + Juego God Of War Ragnarok, Price: 657999
[2024-10-16T17:05:10.454+0000] {logging_mixin.py:190} INFO - Query executed
[2024-10-16T17:05:10.455+0000] {logging_mixin.py:190} INFO - Id: MLA1771015420, Title: Joystick Inalámbrico Redragon Harrow G808 Negro, Price: 54608.51
[2024-10-16T17:05:10.841+0000] {logging_mixin.py:190} INFO - Query executed
[2024-10-16T17:05:10.847+0000] {logging_mixin.py:190} INFO - Id: MLA1452087571, Title: Control Inalámbrico Dualsense Para Ps5 Gray Camouflage, Price: 119999
[2024-10-16T17:05:11.180+0000] {logging_mixin.py:190} INFO - Query executed
[2024-10-16T17:05:11.181+0000] {logging_mixin.py:190} INFO - Id: MLA1438316301, Title: Consola Ps5 Slim Estándar + Juego Ratchet & Clank Y Returnal Color Blanco, Price: 1519999
[2024-10-16T17:05:11.509+0000] {logging_mixin.py:190} INFO - Query executed
[2024-10-16T17:05:11.511+0000] {logging_mixin.py:190} INFO - Id: MLA1923504016, Title: Auriculares Inalámbricos Jbl Tune 520bt Negro, Price: 106499
[2024-10-16T17:05:11.951+0000] {logging_mixin.py:190} INFO - Query executed
[2024-10-16T17:05:11.954+0000] {logging_mixin.py:190} INFO - Id: MLA1436556685, Title: Nintendo Switch Oled 64gb Standard  Color Neón, Price: 849999
[2024-10-16T17:05:12.285+0000] {logging_mixin.py:190} INFO - Query executed
[2024-10-16T17:05:12.286+0000] {logging_mixin.py:190} INFO - Id: MLA1363095617, Title: Joystick Gamer Inalámbrico Netmak 5en1 Pc Ps3 Ps4 Danger Color Negro, Price: 28199
[2024-10-16T17:05:12.633+0000] {logging_mixin.py:190} INFO - Query executed
[2024-10-16T17:05:12.640+0000] {logging_mixin.py:190} INFO - Id: MLA1824905578, Title: Kit 2 Microfonos Inalambricos Boya By-v20  2.4ghz Usb Tipo C Color Negro, Price: 135000
[2024-10-16T17:05:12.974+0000] {logging_mixin.py:190} INFO - Query executed
[2024-10-16T17:05:12.975+0000] {logging_mixin.py:190} INFO - Id: MLA1452539243, Title: Nintendo Lite Switch Lite 32gb Standard  Color Coral 2019, Price: 327274.05
[2024-10-16T17:05:13.340+0000] {logging_mixin.py:190} INFO - Query executed
[2024-10-16T17:05:13.342+0000] {logging_mixin.py:190} INFO - Id: MLA1934620406, Title: Microsoft Xbox 360 Controller For Windows - Usb, Price: 31570
[2024-10-16T17:05:13.676+0000] {logging_mixin.py:190} INFO - Query executed
[2024-10-16T17:05:13.679+0000] {logging_mixin.py:190} INFO - Id: MLA1454525447, Title: Joystick Inalámbrico Sony Playstation Dualshock 4 Ps4 Jet Black, Price: 69999.3
[2024-10-16T17:05:14.004+0000] {logging_mixin.py:190} INFO - Query executed
[2024-10-16T17:05:14.006+0000] {logging_mixin.py:190} INFO - Id: MLA1422452531, Title: Consola Xbox Series S 512gb Digital Blanco, Price: 919999
[2024-10-16T17:05:14.332+0000] {logging_mixin.py:190} INFO - Query executed
[2024-10-16T17:05:14.333+0000] {logging_mixin.py:190} INFO - Id: MLA1420491095, Title: Joystick Inalámbrico Dualsense Ps5 Original Cosmic Red, Price: 169999
[2024-10-16T17:05:14.690+0000] {logging_mixin.py:190} INFO - Query executed
[2024-10-16T17:05:14.692+0000] {logging_mixin.py:190} INFO - Id: MLA1932107420, Title: Consola Brick Game 9999 In 1 Standard  Color Rojo 1980, Price: 5999
[2024-10-16T17:05:15.016+0000] {logging_mixin.py:190} INFO - Query executed
[2024-10-16T17:05:15.017+0000] {logging_mixin.py:190} INFO - Id: MLA934064691, Title: Joystick Redragon Saturn G807 Negro, Price: 26999
[2024-10-16T17:05:15.370+0000] {logging_mixin.py:190} INFO - Query executed
[2024-10-16T17:05:15.371+0000] {logging_mixin.py:190} INFO - Id: MLA1426112753, Title: Soporte Base Vertical Para Ps5 Slim Con Rejillas Ventilación, Price: 7139.44
[2024-10-16T17:05:15.734+0000] {logging_mixin.py:190} INFO - Query executed
[2024-10-16T17:05:15.736+0000] {logging_mixin.py:190} INFO - Id: MLA1439039201, Title: Joystick Pc Usb Gamepad Usb-208 Pc Notebook Color Negro, Price: 10499
[2024-10-16T17:05:16.070+0000] {logging_mixin.py:190} INFO - Query executed
[2024-10-16T17:05:16.071+0000] {logging_mixin.py:190} INFO - Id: MLA1422491335, Title: Sony Playstation 5 Slim 1tb Extra Dualsense Controller  Color Blanco 2023, Price: 1644999
[2024-10-16T17:05:16.406+0000] {logging_mixin.py:190} INFO - Query executed
[2024-10-16T17:05:16.407+0000] {logging_mixin.py:190} INFO - Id: MLA1409364971, Title: Auriculares Inalámbricos Jbl Tune  520bt Blanco, Price: 89999
[2024-10-16T17:05:16.735+0000] {logging_mixin.py:190} INFO - Query executed
[2024-10-16T17:05:16.737+0000] {logging_mixin.py:190} INFO - Id: MLA1723436604, Title: Sony Playstation 5 825gb God Of War Ragnarok Bundle Color Blanco/negro, Price: 1374999
[2024-10-16T17:05:17.060+0000] {logging_mixin.py:190} INFO - Query executed
[2024-10-16T17:05:17.062+0000] {logging_mixin.py:190} INFO - Id: MLA1429767130, Title: Joystick Inalámbrico Para Xbox 360 Con Receptor Usb Y Bluetooth Compatible Con Ps3 Android Pc Seisa Njx312, Price: 34513.22
[2024-10-16T17:05:17.408+0000] {logging_mixin.py:190} INFO - Query executed
[2024-10-16T17:05:17.411+0000] {logging_mixin.py:190} INFO - Id: MLA1735236438, Title: Joystick Inalámbrico Dualsense Ps5 Original Galactic Purple, Price: 169999
[2024-10-16T17:05:17.739+0000] {logging_mixin.py:190} INFO - Query executed
[2024-10-16T17:05:17.741+0000] {logging_mixin.py:190} INFO - Id: MLA1918224392, Title: Consola Noga Dos Joystick Y Pistola Ng-fg01 8bit Color Negro, Price: 27999
[2024-10-16T17:05:18.101+0000] {logging_mixin.py:190} INFO - Query executed
[2024-10-16T17:05:18.103+0000] {logging_mixin.py:190} INFO - Id: MLA1933058072, Title: Joystick Inalámbrico Compatible Con Ps4 Doubleshock 4 Negro Con Cable De Carga, Price: 29700
[2024-10-16T17:05:18.444+0000] {logging_mixin.py:190} INFO - Query executed
[2024-10-16T17:05:18.445+0000] {logging_mixin.py:190} INFO - Id: MLA934055466, Title: Joystick Inalámbrico Redragon Harrow G808 Negro, Price: 42999
[2024-10-16T17:05:18.772+0000] {logging_mixin.py:190} INFO - Query executed
[2024-10-16T17:05:18.772+0000] {logging_mixin.py:190} INFO - Id: MLA1814734538, Title: Sony Playstation 5 Slim 1tb Standard  Color Blanco 2022, Price: 1499000
[2024-10-16T17:05:19.101+0000] {logging_mixin.py:190} INFO - Query executed
[2024-10-16T17:05:19.101+0000] {logging_mixin.py:190} INFO - Id: MLA1389166937, Title: Adaptador Conversor Playstation2 A Hdmi C/audio 1422b, Price: 7505
[2024-10-16T17:05:19.517+0000] {logging_mixin.py:190} INFO - Query executed
[2024-10-16T17:05:19.517+0000] {logging_mixin.py:190} INFO - Id: MLA1444880845, Title: Joystick Inalámbrico Dualsense Ps5 Sterling Silver, Price: 145999
[2024-10-16T17:05:19.844+0000] {logging_mixin.py:190} INFO - Query executed
[2024-10-16T17:05:19.844+0000] {logging_mixin.py:190} INFO - Id: MLA1422439293, Title: Microsoft Xbox Series X 1tb Ssd 120 Hz 4k Color Negro, Price: 1599457
[2024-10-16T17:05:20.393+0000] {logging_mixin.py:190} INFO - Query executed
[2024-10-16T17:05:20.394+0000] {logging_mixin.py:190} INFO - Id: MLA1876044426, Title: Auriculares In-ear Gamer Inalámbricos Tws  F9-5 Bth-f9-5 Negro Con Luz Led, Price: 12000
[2024-10-16T17:05:20.723+0000] {logging_mixin.py:190} INFO - Query executed
[2024-10-16T17:05:20.724+0000] {logging_mixin.py:190} INFO - Id: MLA1363379415, Title: Consola Playstation 4 Ps4 Standard + God Of War Ragnarök, Price: 598499.37
[2024-10-16T17:05:21.071+0000] {logging_mixin.py:190} INFO - Query executed
[2024-10-16T17:05:21.071+0000] {logging_mixin.py:190} INFO - Id: MLA1735248328, Title: Controle Sony Dualsense Ps5 Sem Fio - Starlight Blue Cfi-zct1j02 , Price: 174999
[2024-10-16T17:05:21.418+0000] {logging_mixin.py:190} INFO - Query executed
[2024-10-16T17:05:21.418+0000] {logging_mixin.py:190} INFO - Id: MLA1403544371, Title: Joystick Inalámbrico Haxly Claw Hx-gp9076 Negro, Price: 38159
[2024-10-16T17:05:21.747+0000] {logging_mixin.py:190} INFO - Query executed
[2024-10-16T17:05:21.748+0000] {logging_mixin.py:190} INFO - Id: MLA1440271167, Title: Joystick Para P4 Pc Control Preciso Y Estilo Personalizado Giroscopio Led Rgb Dehuka Modelo Hs-ps4290w Blanco, Price: 56999.05
[2024-10-16T17:05:22.073+0000] {logging_mixin.py:190} INFO - Query executed
[2024-10-16T17:05:22.076+0000] {logging_mixin.py:190} INFO - Id: MLA1902022692, Title: Consola Video Juegos Apevtech 16 Bit  Color Negro, Price: 67999
[2024-10-16T17:05:22.406+0000] {logging_mixin.py:190} INFO - Query executed
[2024-10-16T17:05:22.407+0000] {logging_mixin.py:190} INFO - Id: MLA1876554140, Title: Volante Con Pedalera Profesional  Logitech G29 Playstation 5 / Playstation 4 / Pc, Price: 870198
[2024-10-16T17:05:22.732+0000] {logging_mixin.py:190} INFO - Query executed
[2024-10-16T17:05:22.734+0000] {logging_mixin.py:190} INFO - Id: MLA1896057314, Title: Tarjeta De Memoria Imou Microsd Sdhc S1 C10 Interior 64gb, Price: 7119
[2024-10-16T17:05:23.088+0000] {logging_mixin.py:190} INFO - Query executed
[2024-10-16T17:05:23.090+0000] {logging_mixin.py:190} INFO - Id: MLA1433388441, Title: Nintendo Switch Oled 64gb Standard Color Blanco/negro, Price: 789999
[2024-10-16T17:05:23.443+0000] {logging_mixin.py:190} INFO - Query executed
[2024-10-16T17:05:23.443+0000] {logging_mixin.py:190} INFO - Id: MLA1915925398, Title: Joystick Inalámbrico Para P4 Bluetooth Netmak P401 Negro, Price: 39899.05
[2024-10-16T17:05:23.770+0000] {logging_mixin.py:190} INFO - Query executed
[2024-10-16T17:05:23.772+0000] {logging_mixin.py:190} INFO - Id: MLA1848666858, Title: Memoria Micro Sd 128 Gb Hiksemi Con Adaptador Hs-tf-c1, Price: 11849
[2024-10-16T17:05:24.112+0000] {logging_mixin.py:190} INFO - Query executed
[2024-10-16T17:05:24.113+0000] {logging_mixin.py:190} INFO - Id: MLA1402640681, Title: Consola Para Cartuchos Sega 16 Bits + 2 Joysticks 6 Botones, Price: 47740
[2024-10-16T17:05:24.437+0000] {logging_mixin.py:190} INFO - Query executed
[2024-10-16T17:05:24.437+0000] {logging_mixin.py:190} INFO - Id: MLA1854941032, Title: Joystick Inalámbrico Sony Playstation Dualsense Cfi-zct1w Nova Pink, Price: 169999
[2024-10-16T17:05:24.770+0000] {logging_mixin.py:190} INFO - Query executed
[2024-10-16T17:05:24.777+0000] {logging_mixin.py:190} INFO - Id: MLA1126675691, Title: Joystick Inalámbrico Noganet Ng-2go1 Negro, Price: 20677.5
[2024-10-16T17:05:25.118+0000] {logging_mixin.py:190} INFO - Query executed
[2024-10-16T17:05:25.288+0000] {logging_mixin.py:190} INFO - Results committed
[2024-10-16T17:05:25.296+0000] {python.py:240} INFO - Done. Returned value was: None
[2024-10-16T17:05:25.323+0000] {taskinstance.py:340} INFO - ::group::Post task execution logs
[2024-10-16T17:05:25.324+0000] {taskinstance.py:352} INFO - Marking task as SUCCESS. dag_id=insert_items, task_id=inserts.insert_items, run_id=scheduled__2024-10-16T16:35:00+00:00, execution_date=20241016T163500, start_date=20241016T170504, end_date=20241016T170525
[2024-10-16T17:05:25.389+0000] {local_task_job_runner.py:266} INFO - Task exited with return code 0
[2024-10-16T17:05:25.409+0000] {taskinstance.py:3900} INFO - 0 downstream tasks scheduled from follow-on schedule check
[2024-10-16T17:05:25.410+0000] {local_task_job_runner.py:245} INFO - ::endgroup::
