[2024-10-16T15:03:09.632+0000] {local_task_job_runner.py:123} INFO - ::group::Pre task execution logs
[2024-10-16T15:03:09.649+0000] {taskinstance.py:2612} INFO - Dependencies all met for dep_context=non-requeueable deps ti=<TaskInstance: insert_items.inserts.insert_items scheduled__2024-10-15T04:05:00+00:00 [queued]>
[2024-10-16T15:03:09.670+0000] {taskinstance.py:2612} INFO - Dependencies all met for dep_context=requeueable deps ti=<TaskInstance: insert_items.inserts.insert_items scheduled__2024-10-15T04:05:00+00:00 [queued]>
[2024-10-16T15:03:09.671+0000] {taskinstance.py:2865} INFO - Starting attempt 1 of 2
[2024-10-16T15:03:09.691+0000] {taskinstance.py:2888} INFO - Executing <Task(PythonOperator): inserts.insert_items> on 2024-10-15 04:05:00+00:00
[2024-10-16T15:03:09.701+0000] {warnings.py:112} WARNING - /home/***/.local/lib/python3.12/site-packages/***/task/task_runner/standard_task_runner.py:70: DeprecationWarning: This process (pid=50) is multi-threaded, use of fork() may lead to deadlocks in the child.
  pid = os.fork()

[2024-10-16T15:03:09.703+0000] {standard_task_runner.py:72} INFO - Started process 53 to run task
[2024-10-16T15:03:09.708+0000] {standard_task_runner.py:104} INFO - Running: ['***', 'tasks', 'run', 'insert_items', 'inserts.insert_items', 'scheduled__2024-10-15T04:05:00+00:00', '--job-id', '17', '--raw', '--subdir', 'DAGS_FOLDER/insert_items.py', '--cfg-path', '/tmp/tmp4j9sozoo']
[2024-10-16T15:03:09.710+0000] {standard_task_runner.py:105} INFO - Job 17: Subtask inserts.insert_items
[2024-10-16T15:03:09.771+0000] {task_command.py:467} INFO - Running <TaskInstance: insert_items.inserts.insert_items scheduled__2024-10-15T04:05:00+00:00 [running]> on host 659efab10198
[2024-10-16T15:03:10.556+0000] {taskinstance.py:3131} INFO - Exporting env vars: AIRFLOW_CTX_DAG_OWNER='mherszage' AIRFLOW_CTX_DAG_ID='insert_items' AIRFLOW_CTX_TASK_ID='inserts.insert_items' AIRFLOW_CTX_EXECUTION_DATE='2024-10-15T04:05:00+00:00' AIRFLOW_CTX_TRY_NUMBER='1' AIRFLOW_CTX_DAG_RUN_ID='scheduled__2024-10-15T04:05:00+00:00'
[2024-10-16T15:03:10.557+0000] {taskinstance.py:731} INFO - ::endgroup::
[2024-10-16T15:03:14.285+0000] {logging_mixin.py:190} INFO - Id: MLA1420542199, Title: Sony Playstation Dualsense Cfi-zct1w Joystick Inalámbrico Midnight Black, Price: 169999
[2024-10-16T15:03:34.751+0000] {logging_mixin.py:190} INFO - Query executed
[2024-10-16T15:03:34.933+0000] {logging_mixin.py:190} INFO - Id: MLA1513783534, Title: Consola Playstation Ps4 1tb God Of War Ragnarok Bundle, Price: 771999
[2024-10-16T15:03:39.654+0000] {logging_mixin.py:190} INFO - Query executed
[2024-10-16T15:03:39.740+0000] {logging_mixin.py:190} INFO - Id: MLA1455028687, Title: Gamepad Redragon Harrow Pro Wireless G808pro Joystick Pc Ps3 Color Negro, Price: 72569
[2024-10-16T15:03:40.131+0000] {logging_mixin.py:190} INFO - Query executed
[2024-10-16T15:03:40.184+0000] {logging_mixin.py:190} INFO - Id: MLA1642598964, Title: Cable Tcon Carga Rapida Joystick Ps4 Usb Solucion Pin Carga, Price: 4001
[2024-10-16T15:03:40.537+0000] {logging_mixin.py:190} INFO - Query executed
[2024-10-16T15:03:40.575+0000] {logging_mixin.py:190} INFO - Id: MLA1425892217, Title: Sony Playstation 5 825gb Standard Color Blanco Y Negro, Price: 1374999
[2024-10-16T15:03:41.015+0000] {logging_mixin.py:190} INFO - Query executed
[2024-10-16T15:03:41.067+0000] {logging_mixin.py:190} INFO - Id: MLA1771013260, Title: Joystick Redragon Saturn G807 Negro, Price: 34288.98
[2024-10-16T15:03:41.436+0000] {logging_mixin.py:190} INFO - Query executed
[2024-10-16T15:03:41.439+0000] {logging_mixin.py:190} INFO - Id: MLA1417840319, Title: Auriculares Bluetooth In-ear F9-5 Negro Inalámbricos, Price: 14240.5
[2024-10-16T15:03:41.786+0000] {logging_mixin.py:190} INFO - Query executed
[2024-10-16T15:03:41.842+0000] {logging_mixin.py:190} INFO - Id: MLA1425634379, Title: Consola Sony Ps4 1tb + Juego God Of War Ragnarok, Price: 657999
[2024-10-16T15:03:42.205+0000] {logging_mixin.py:190} INFO - Query executed
[2024-10-16T15:03:42.213+0000] {logging_mixin.py:190} INFO - Id: MLA1771015420, Title: Joystick Inalámbrico Redragon Harrow G808 Negro, Price: 54608.51
[2024-10-16T15:03:42.559+0000] {logging_mixin.py:190} INFO - Query executed
[2024-10-16T15:03:42.564+0000] {logging_mixin.py:190} INFO - Id: MLA1452087571, Title: Control Inalámbrico Dualsense Para Ps5 Gray Camouflage, Price: 119999
[2024-10-16T15:03:42.935+0000] {logging_mixin.py:190} INFO - Query executed
[2024-10-16T15:03:42.950+0000] {logging_mixin.py:190} INFO - Id: MLA1438316301, Title: Consola Ps5 Slim Estándar + Juego Ratchet & Clank Y Returnal Color Blanco, Price: 1519999
[2024-10-16T15:03:43.393+0000] {logging_mixin.py:190} INFO - Query executed
[2024-10-16T15:03:43.420+0000] {logging_mixin.py:190} INFO - Id: MLA1923504016, Title: Auriculares Inalámbricos Jbl Tune 520bt Negro, Price: 106499
[2024-10-16T15:03:43.909+0000] {logging_mixin.py:190} INFO - Query executed
[2024-10-16T15:03:44.148+0000] {logging_mixin.py:190} INFO - Id: MLA1436556685, Title: Nintendo Switch Oled 64gb Standard  Color Neón, Price: 849999
[2024-10-16T15:03:44.657+0000] {logging_mixin.py:190} INFO - Query executed
[2024-10-16T15:03:44.702+0000] {logging_mixin.py:190} INFO - Id: MLA1363095617, Title: Joystick Gamer Inalámbrico Netmak 5en1 Pc Ps3 Ps4 Danger Color Negro, Price: 28199
[2024-10-16T15:03:45.105+0000] {logging_mixin.py:190} INFO - Query executed
[2024-10-16T15:03:45.164+0000] {logging_mixin.py:190} INFO - Id: MLA1443618427, Title: Joystick Inalámbrico Compatible Con Pc P3 Mando Color Negro, Price: 14710
[2024-10-16T15:03:45.644+0000] {logging_mixin.py:190} INFO - Query executed
[2024-10-16T15:03:45.732+0000] {logging_mixin.py:190} INFO - Id: MLA1452539243, Title: Nintendo Lite Switch Lite 32gb Standard  Color Coral 2019, Price: 327274.05
[2024-10-16T15:03:46.121+0000] {logging_mixin.py:190} INFO - Query executed
[2024-10-16T15:03:46.134+0000] {logging_mixin.py:190} INFO - Id: MLA1934620406, Title: Microsoft Xbox 360 Controller For Windows - Usb, Price: 31570
[2024-10-16T15:03:46.592+0000] {logging_mixin.py:190} INFO - Query executed
[2024-10-16T15:03:46.803+0000] {logging_mixin.py:190} INFO - Id: MLA1454525447, Title: Joystick Inalámbrico Sony Playstation Dualshock 4 Ps4 Jet Black, Price: 69999.3
[2024-10-16T15:03:47.236+0000] {logging_mixin.py:190} INFO - Query executed
[2024-10-16T15:03:47.252+0000] {logging_mixin.py:190} INFO - Id: MLA1422452531, Title: Consola Xbox Series S 512gb Digital Blanco, Price: 919999
[2024-10-16T15:03:47.631+0000] {logging_mixin.py:190} INFO - Query executed
[2024-10-16T15:03:47.634+0000] {logging_mixin.py:190} INFO - Id: MLA1420491095, Title: Joystick Inalámbrico Dualsense Ps5 Original Cosmic Red, Price: 169999
[2024-10-16T15:03:48.030+0000] {logging_mixin.py:190} INFO - Query executed
[2024-10-16T15:03:48.031+0000] {logging_mixin.py:190} INFO - Id: MLA1932107420, Title: Consola Brick Game 9999 In 1 Standard  Color Rojo 1980, Price: 5999
[2024-10-16T15:03:48.437+0000] {logging_mixin.py:190} INFO - Query executed
[2024-10-16T15:03:48.446+0000] {logging_mixin.py:190} INFO - Id: MLA934064691, Title: Joystick Redragon Saturn G807 Negro, Price: 26999
[2024-10-16T15:03:48.800+0000] {logging_mixin.py:190} INFO - Query executed
[2024-10-16T15:03:48.805+0000] {logging_mixin.py:190} INFO - Id: MLA1426112753, Title: Soporte Base Vertical Para Ps5 Slim Con Rejillas Ventilación, Price: 7139.44
[2024-10-16T15:03:49.194+0000] {logging_mixin.py:190} INFO - Query executed
[2024-10-16T15:03:49.202+0000] {logging_mixin.py:190} INFO - Id: MLA1439039201, Title: Joystick Pc Usb Gamepad Usb-208 Pc Notebook Color Negro, Price: 10499
[2024-10-16T15:03:49.581+0000] {logging_mixin.py:190} INFO - Query executed
[2024-10-16T15:03:49.611+0000] {logging_mixin.py:190} INFO - Id: MLA1422491335, Title: Sony Playstation 5 Slim 1tb Extra Dualsense Controller  Color Blanco 2023, Price: 1644999
[2024-10-16T15:03:49.956+0000] {logging_mixin.py:190} INFO - Query executed
[2024-10-16T15:03:49.989+0000] {logging_mixin.py:190} INFO - Id: MLA1824905578, Title: Kit 2 Microfonos Inalambricos Boya By-v20  2.4ghz Usb Tipo C Color Negro, Price: 135000
[2024-10-16T15:03:50.353+0000] {logging_mixin.py:190} INFO - Query executed
[2024-10-16T15:03:50.360+0000] {logging_mixin.py:190} INFO - Id: MLA1723436604, Title: Sony Playstation 5 825gb God Of War Ragnarok Bundle Color Blanco/negro, Price: 1374999
[2024-10-16T15:03:50.733+0000] {logging_mixin.py:190} INFO - Query executed
[2024-10-16T15:03:50.737+0000] {logging_mixin.py:190} INFO - Id: MLA1429767130, Title: Joystick Inalámbrico Para Xbox 360 Con Receptor Usb Y Bluetooth Compatible Con Ps3 Android Pc Seisa Njx312, Price: 34513.22
[2024-10-16T15:03:51.086+0000] {logging_mixin.py:190} INFO - Query executed
[2024-10-16T15:03:51.097+0000] {logging_mixin.py:190} INFO - Id: MLA1735236438, Title: Joystick Inalámbrico Dualsense Ps5 Original Galactic Purple, Price: 169999
[2024-10-16T15:03:51.464+0000] {logging_mixin.py:190} INFO - Query executed
[2024-10-16T15:03:51.479+0000] {logging_mixin.py:190} INFO - Id: MLA1918224392, Title: Consola Noga Dos Joystick Y Pistola Ng-fg01 8bit Color Negro, Price: 27999
[2024-10-16T15:03:51.906+0000] {logging_mixin.py:190} INFO - Query executed
[2024-10-16T15:03:51.914+0000] {logging_mixin.py:190} INFO - Id: MLA1440271167, Title: Joystick Para P4 Pc Control Preciso Y Estilo Personalizado Giroscopio Led Rgb Dehuka Modelo Hs-ps4290w Blanco, Price: 56999.05
[2024-10-16T15:03:52.282+0000] {logging_mixin.py:190} INFO - Query executed
[2024-10-16T15:03:52.283+0000] {logging_mixin.py:190} INFO - Id: MLA934055466, Title: Joystick Inalámbrico Redragon Harrow G808 Negro, Price: 42999
[2024-10-16T15:03:52.643+0000] {logging_mixin.py:190} INFO - Query executed
[2024-10-16T15:03:52.650+0000] {logging_mixin.py:190} INFO - Id: MLA1814734538, Title: Sony Playstation 5 Slim 1tb Standard  Color Blanco 2022, Price: 1499000
[2024-10-16T15:03:53.121+0000] {logging_mixin.py:190} INFO - Query executed
[2024-10-16T15:03:53.138+0000] {logging_mixin.py:190} INFO - Id: MLA1389166937, Title: Adaptador Conversor Playstation2 A Hdmi C/audio 1422b, Price: 7505
[2024-10-16T15:03:53.494+0000] {logging_mixin.py:190} INFO - Query executed
[2024-10-16T15:03:53.495+0000] {logging_mixin.py:190} INFO - Id: MLA1444880845, Title: Joystick Inalámbrico Dualsense Ps5 Sterling Silver, Price: 145999
[2024-10-16T15:03:53.852+0000] {logging_mixin.py:190} INFO - Query executed
[2024-10-16T15:03:53.863+0000] {logging_mixin.py:190} INFO - Id: MLA1422439293, Title: Microsoft Xbox Series X 1tb Ssd 120 Hz 4k Color Negro, Price: 1599457
[2024-10-16T15:03:54.219+0000] {logging_mixin.py:190} INFO - Query executed
[2024-10-16T15:03:54.222+0000] {logging_mixin.py:190} INFO - Id: MLA1409364971, Title: Auriculares Inalámbricos Jbl Tune  520bt Blanco, Price: 89999
[2024-10-16T15:03:54.558+0000] {logging_mixin.py:190} INFO - Query executed
[2024-10-16T15:03:54.559+0000] {logging_mixin.py:190} INFO - Id: MLA1363379415, Title: Consola Playstation 4 Ps4 Standard + God Of War Ragnarök, Price: 598499.37
[2024-10-16T15:03:54.898+0000] {logging_mixin.py:190} INFO - Query executed
[2024-10-16T15:03:54.924+0000] {logging_mixin.py:190} INFO - Id: MLA1735248328, Title: Controle Sony Dualsense Ps5 Sem Fio - Starlight Blue Cfi-zct1j02 , Price: 174999
[2024-10-16T15:03:55.287+0000] {logging_mixin.py:190} INFO - Query executed
[2024-10-16T15:03:55.292+0000] {logging_mixin.py:190} INFO - Id: MLA1403544371, Title: Joystick Inalámbrico Haxly Claw Hx-gp9076 Negro, Price: 38159
[2024-10-16T15:03:55.652+0000] {logging_mixin.py:190} INFO - Query executed
[2024-10-16T15:03:55.660+0000] {logging_mixin.py:190} INFO - Id: MLA1933005728, Title: Joystick Inalámbrico Compatible Con Ps4 Negro, Price: 29000
[2024-10-16T15:03:56.138+0000] {logging_mixin.py:190} INFO - Query executed
[2024-10-16T15:03:56.144+0000] {logging_mixin.py:190} INFO - Id: MLA1902022692, Title: Consola Video Juegos Apevtech 16 Bit  Color Negro, Price: 67999
[2024-10-16T15:03:56.508+0000] {logging_mixin.py:190} INFO - Query executed
[2024-10-16T15:03:56.525+0000] {logging_mixin.py:190} INFO - Id: MLA1876554140, Title: Volante Con Pedalera Profesional  Logitech G29 Playstation 5 / Playstation 4 / Pc, Price: 870198
[2024-10-16T15:03:56.867+0000] {logging_mixin.py:190} INFO - Query executed
[2024-10-16T15:03:57.182+0000] {logging_mixin.py:190} INFO - Id: MLA1896057314, Title: Tarjeta De Memoria Imou Microsd Sdhc S1 C10 Interior 64gb, Price: 7119
[2024-10-16T15:03:57.824+0000] {logging_mixin.py:190} INFO - Query executed
[2024-10-16T15:03:58.024+0000] {logging_mixin.py:190} INFO - Id: MLA1433388441, Title: Nintendo Switch Oled 64gb Standard Color Blanco/negro, Price: 789999
[2024-10-16T15:03:58.430+0000] {logging_mixin.py:190} INFO - Query executed
[2024-10-16T15:03:58.437+0000] {logging_mixin.py:190} INFO - Id: MLA1915925398, Title: Joystick Inalámbrico Para P4 Bluetooth Netmak P401 Negro, Price: 39899.05
[2024-10-16T15:03:58.778+0000] {logging_mixin.py:190} INFO - Query executed
[2024-10-16T15:03:58.926+0000] {logging_mixin.py:190} INFO - Id: MLA1848666858, Title: Memoria Micro Sd 128 Gb Hiksemi Con Adaptador Hs-tf-c1, Price: 11849
[2024-10-16T15:03:59.397+0000] {logging_mixin.py:190} INFO - Query executed
[2024-10-16T15:03:59.417+0000] {logging_mixin.py:190} INFO - Id: MLA1402640681, Title: Consola Para Cartuchos Sega 16 Bits + 2 Joysticks 6 Botones, Price: 47740
[2024-10-16T15:03:59.835+0000] {logging_mixin.py:190} INFO - Query executed
[2024-10-16T15:03:59.838+0000] {logging_mixin.py:190} INFO - Id: MLA1854941032, Title: Joystick Inalámbrico Sony Playstation Dualsense Cfi-zct1w Nova Pink, Price: 169999
[2024-10-16T15:04:00.415+0000] {logging_mixin.py:190} INFO - Query executed
[2024-10-16T15:04:00.472+0000] {logging_mixin.py:190} INFO - Id: MLA1126675691, Title: Joystick Inalámbrico Noganet Ng-2go1 Negro, Price: 20677.5
[2024-10-16T15:04:00.911+0000] {logging_mixin.py:190} INFO - Query executed
[2024-10-16T15:04:01.124+0000] {logging_mixin.py:190} INFO - Results committed
[2024-10-16T15:04:02.015+0000] {python.py:240} INFO - Done. Returned value was: None
[2024-10-16T15:04:03.441+0000] {taskinstance.py:340} INFO - ::group::Post task execution logs
[2024-10-16T15:04:03.777+0000] {taskinstance.py:352} INFO - Marking task as SUCCESS. dag_id=insert_items, task_id=inserts.insert_items, run_id=scheduled__2024-10-15T04:05:00+00:00, execution_date=20241015T040500, start_date=20241016T150309, end_date=20241016T150403
[2024-10-16T15:04:04.669+0000] {local_task_job_runner.py:266} INFO - Task exited with return code 0
[2024-10-16T15:04:05.395+0000] {standard_task_runner.py:217} INFO - Process not found (most likely exited), stop collecting metrics
[2024-10-16T15:04:07.026+0000] {local_task_job_runner.py:245} INFO - ::endgroup::
