[2024-10-17T02:36:05.245+0000] {local_task_job_runner.py:123} INFO - ::group::Pre task execution logs
[2024-10-17T02:36:05.270+0000] {taskinstance.py:2612} INFO - Dependencies all met for dep_context=non-requeueable deps ti=<TaskInstance: insert_items.inserts.insert_prices manual__2024-10-17T02:35:58.589639+00:00 [queued]>
[2024-10-17T02:36:05.281+0000] {taskinstance.py:2612} INFO - Dependencies all met for dep_context=requeueable deps ti=<TaskInstance: insert_items.inserts.insert_prices manual__2024-10-17T02:35:58.589639+00:00 [queued]>
[2024-10-17T02:36:05.283+0000] {taskinstance.py:2865} INFO - Starting attempt 1 of 2
[2024-10-17T02:36:05.308+0000] {taskinstance.py:2888} INFO - Executing <Task(PythonOperator): inserts.insert_prices> on 2024-10-17 02:35:58.589639+00:00
[2024-10-17T02:36:05.342+0000] {warnings.py:112} WARNING - /home/***/.local/lib/python3.12/site-packages/***/task/task_runner/standard_task_runner.py:70: DeprecationWarning: This process (pid=70) is multi-threaded, use of fork() may lead to deadlocks in the child.
  pid = os.fork()

[2024-10-17T02:36:05.356+0000] {standard_task_runner.py:72} INFO - Started process 74 to run task
[2024-10-17T02:36:05.353+0000] {standard_task_runner.py:104} INFO - Running: ['***', 'tasks', 'run', 'insert_items', 'inserts.insert_prices', 'manual__2024-10-17T02:35:58.589639+00:00', '--job-id', '119', '--raw', '--subdir', 'DAGS_FOLDER/insert_items.py', '--cfg-path', '/tmp/tmpfppvw479']
[2024-10-17T02:36:05.373+0000] {standard_task_runner.py:105} INFO - Job 119: Subtask inserts.insert_prices
[2024-10-17T02:36:05.597+0000] {task_command.py:467} INFO - Running <TaskInstance: insert_items.inserts.insert_prices manual__2024-10-17T02:35:58.589639+00:00 [running]> on host a15dd73bd09b
[2024-10-17T02:36:05.872+0000] {taskinstance.py:3131} INFO - Exporting env vars: AIRFLOW_CTX_DAG_OWNER='mherszage' AIRFLOW_CTX_DAG_ID='insert_items' AIRFLOW_CTX_TASK_ID='inserts.insert_prices' AIRFLOW_CTX_EXECUTION_DATE='2024-10-17T02:35:58.589639+00:00' AIRFLOW_CTX_TRY_NUMBER='1' AIRFLOW_CTX_DAG_RUN_ID='manual__2024-10-17T02:35:58.589639+00:00'
[2024-10-17T02:36:05.875+0000] {taskinstance.py:731} INFO - ::endgroup::
[2024-10-17T02:36:07.878+0000] {logging_mixin.py:190} INFO - 
                INSERT INTO public.item_prices (item_id, price, currency, available_quantity, created_at) VALUES
                ('MLA1420542199', 169999, 'ARS', 1, current_timestamp);
                
[2024-10-17T02:36:17.976+0000] {logging_mixin.py:190} INFO - Query executed
[2024-10-17T02:36:17.983+0000] {logging_mixin.py:190} INFO - 
                INSERT INTO public.item_prices (item_id, price, currency, available_quantity, created_at) VALUES
                ('MLA1513783534', 771999, 'ARS', 200, current_timestamp);
                
[2024-10-17T02:36:18.232+0000] {logging_mixin.py:190} INFO - Query executed
[2024-10-17T02:36:18.234+0000] {logging_mixin.py:190} INFO - 
                INSERT INTO public.item_prices (item_id, price, currency, available_quantity, created_at) VALUES
                ('MLA1455028687', 72569, 'ARS', 1, current_timestamp);
                
[2024-10-17T02:36:18.454+0000] {logging_mixin.py:190} INFO - Query executed
[2024-10-17T02:36:18.455+0000] {logging_mixin.py:190} INFO - 
                INSERT INTO public.item_prices (item_id, price, currency, available_quantity, created_at) VALUES
                ('MLA1642598964', 4001, 'ARS', 250, current_timestamp);
                
[2024-10-17T02:36:18.681+0000] {logging_mixin.py:190} INFO - Query executed
[2024-10-17T02:36:18.682+0000] {logging_mixin.py:190} INFO - 
                INSERT INTO public.item_prices (item_id, price, currency, available_quantity, created_at) VALUES
                ('MLA1413189069', 1354999, 'ARS', 200, current_timestamp);
                
[2024-10-17T02:36:18.898+0000] {logging_mixin.py:190} INFO - Query executed
[2024-10-17T02:36:18.900+0000] {logging_mixin.py:190} INFO - 
                INSERT INTO public.item_prices (item_id, price, currency, available_quantity, created_at) VALUES
                ('MLA1771015420', 54608.51, 'ARS', 1, current_timestamp);
                
[2024-10-17T02:36:19.168+0000] {logging_mixin.py:190} INFO - Query executed
[2024-10-17T02:36:19.169+0000] {logging_mixin.py:190} INFO - 
                INSERT INTO public.item_prices (item_id, price, currency, available_quantity, created_at) VALUES
                ('MLA1443618427', 14710, 'ARS', 1, current_timestamp);
                
[2024-10-17T02:36:19.424+0000] {logging_mixin.py:190} INFO - Query executed
[2024-10-17T02:36:19.425+0000] {logging_mixin.py:190} INFO - 
                INSERT INTO public.item_prices (item_id, price, currency, available_quantity, created_at) VALUES
                ('MLA1425634379', 657999, 'ARS', 200, current_timestamp);
                
[2024-10-17T02:36:19.682+0000] {logging_mixin.py:190} INFO - Query executed
[2024-10-17T02:36:19.683+0000] {logging_mixin.py:190} INFO - 
                INSERT INTO public.item_prices (item_id, price, currency, available_quantity, created_at) VALUES
                ('MLA1438222303', 34884, 'ARS', 50, current_timestamp);
                
[2024-10-17T02:36:19.992+0000] {logging_mixin.py:190} INFO - Query executed
[2024-10-17T02:36:19.996+0000] {logging_mixin.py:190} INFO - 
                INSERT INTO public.item_prices (item_id, price, currency, available_quantity, created_at) VALUES
                ('MLA1876671498', 169999, 'ARS', 1, current_timestamp);
                
[2024-10-17T02:36:20.235+0000] {logging_mixin.py:190} INFO - Query executed
[2024-10-17T02:36:20.237+0000] {logging_mixin.py:190} INFO - 
                INSERT INTO public.item_prices (item_id, price, currency, available_quantity, created_at) VALUES
                ('MLA1923504016', 106499, 'ARS', 1, current_timestamp);
                
[2024-10-17T02:36:20.446+0000] {logging_mixin.py:190} INFO - Query executed
[2024-10-17T02:36:20.446+0000] {logging_mixin.py:190} INFO - 
                INSERT INTO public.item_prices (item_id, price, currency, available_quantity, created_at) VALUES
                ('MLA1363095617', 28199, 'ARS', 1, current_timestamp);
                
[2024-10-17T02:36:20.699+0000] {logging_mixin.py:190} INFO - Query executed
[2024-10-17T02:36:20.708+0000] {logging_mixin.py:190} INFO - 
                INSERT INTO public.item_prices (item_id, price, currency, available_quantity, created_at) VALUES
                ('MLA1436556685', 792079, 'ARS', 1, current_timestamp);
                
[2024-10-17T02:36:20.921+0000] {logging_mixin.py:190} INFO - Query executed
[2024-10-17T02:36:20.923+0000] {logging_mixin.py:190} INFO - 
                INSERT INTO public.item_prices (item_id, price, currency, available_quantity, created_at) VALUES
                ('MLA1417840319', 14240.5, 'ARS', 1, current_timestamp);
                
[2024-10-17T02:36:21.168+0000] {logging_mixin.py:190} INFO - Query executed
[2024-10-17T02:36:21.169+0000] {logging_mixin.py:190} INFO - 
                INSERT INTO public.item_prices (item_id, price, currency, available_quantity, created_at) VALUES
                ('MLA1422452531', 919999, 'ARS', 1, current_timestamp);
                
[2024-10-17T02:36:21.384+0000] {logging_mixin.py:190} INFO - Query executed
[2024-10-17T02:36:21.386+0000] {logging_mixin.py:190} INFO - 
                INSERT INTO public.item_prices (item_id, price, currency, available_quantity, created_at) VALUES
                ('MLA1824905578', 135000, 'ARS', 1, current_timestamp);
                
[2024-10-17T02:36:21.651+0000] {logging_mixin.py:190} INFO - Query executed
[2024-10-17T02:36:21.653+0000] {logging_mixin.py:190} INFO - 
                INSERT INTO public.item_prices (item_id, price, currency, available_quantity, created_at) VALUES
                ('MLA1932107420', 5999, 'ARS', 50, current_timestamp);
                
[2024-10-17T02:36:21.890+0000] {logging_mixin.py:190} INFO - Query executed
[2024-10-17T02:36:21.891+0000] {logging_mixin.py:190} INFO - 
                INSERT INTO public.item_prices (item_id, price, currency, available_quantity, created_at) VALUES
                ('MLA1420491095', 169999, 'ARS', 250, current_timestamp);
                
[2024-10-17T02:36:22.205+0000] {logging_mixin.py:190} INFO - Query executed
[2024-10-17T02:36:22.206+0000] {logging_mixin.py:190} INFO - 
                INSERT INTO public.item_prices (item_id, price, currency, available_quantity, created_at) VALUES
                ('MLA1934620406', 31570, 'ARS', 1, current_timestamp);
                
[2024-10-17T02:36:22.434+0000] {logging_mixin.py:190} INFO - Query executed
[2024-10-17T02:36:22.437+0000] {logging_mixin.py:190} INFO - 
                INSERT INTO public.item_prices (item_id, price, currency, available_quantity, created_at) VALUES
                ('MLA1422491335', 1644999, 'ARS', 1, current_timestamp);
                
[2024-10-17T02:36:22.648+0000] {logging_mixin.py:190} INFO - Query executed
[2024-10-17T02:36:22.648+0000] {logging_mixin.py:190} INFO - 
                INSERT INTO public.item_prices (item_id, price, currency, available_quantity, created_at) VALUES
                ('MLA1412368813', 63066, 'ARS', 150, current_timestamp);
                
[2024-10-17T02:36:22.886+0000] {logging_mixin.py:190} INFO - Query executed
[2024-10-17T02:36:22.888+0000] {logging_mixin.py:190} INFO - 
                INSERT INTO public.item_prices (item_id, price, currency, available_quantity, created_at) VALUES
                ('MLA1439039201', 10499, 'ARS', 1, current_timestamp);
                
[2024-10-17T02:36:23.098+0000] {logging_mixin.py:190} INFO - Query executed
[2024-10-17T02:36:23.098+0000] {logging_mixin.py:190} INFO - 
                INSERT INTO public.item_prices (item_id, price, currency, available_quantity, created_at) VALUES
                ('MLA1723436604', 1374999, 'ARS', 250, current_timestamp);
                
[2024-10-17T02:36:23.325+0000] {logging_mixin.py:190} INFO - Query executed
[2024-10-17T02:36:23.328+0000] {logging_mixin.py:190} INFO - 
                INSERT INTO public.item_prices (item_id, price, currency, available_quantity, created_at) VALUES
                ('MLA1389166937', 7505, 'ARS', 50, current_timestamp);
                
[2024-10-17T02:36:23.536+0000] {logging_mixin.py:190} INFO - Query executed
[2024-10-17T02:36:23.536+0000] {logging_mixin.py:190} INFO - 
                INSERT INTO public.item_prices (item_id, price, currency, available_quantity, created_at) VALUES
                ('MLA1429767130', 34513.22, 'ARS', 1, current_timestamp);
                
[2024-10-17T02:36:23.795+0000] {logging_mixin.py:190} INFO - Query executed
[2024-10-17T02:36:23.797+0000] {logging_mixin.py:190} INFO - 
                INSERT INTO public.item_prices (item_id, price, currency, available_quantity, created_at) VALUES
                ('MLA1454525447', 69999.3, 'ARS', 50, current_timestamp);
                
[2024-10-17T02:36:24.053+0000] {logging_mixin.py:190} INFO - Query executed
[2024-10-17T02:36:24.058+0000] {logging_mixin.py:190} INFO - 
                INSERT INTO public.item_prices (item_id, price, currency, available_quantity, created_at) VALUES
                ('MLA1918224392', 27999, 'ARS', 1, current_timestamp);
                
[2024-10-17T02:36:24.289+0000] {logging_mixin.py:190} INFO - Query executed
[2024-10-17T02:36:24.297+0000] {logging_mixin.py:190} INFO - 
                INSERT INTO public.item_prices (item_id, price, currency, available_quantity, created_at) VALUES
                ('MLA1735236438', 169999, 'ARS', 250, current_timestamp);
                
[2024-10-17T02:36:24.529+0000] {logging_mixin.py:190} INFO - Query executed
[2024-10-17T02:36:24.531+0000] {logging_mixin.py:190} INFO - 
                INSERT INTO public.item_prices (item_id, price, currency, available_quantity, created_at) VALUES
                ('MLA1814734538', 1499000, 'ARS', 1, current_timestamp);
                
[2024-10-17T02:36:24.753+0000] {logging_mixin.py:190} INFO - Query executed
[2024-10-17T02:36:24.756+0000] {logging_mixin.py:190} INFO - 
                INSERT INTO public.item_prices (item_id, price, currency, available_quantity, created_at) VALUES
                ('MLA934064691', 26999, 'ARS', 1, current_timestamp);
                
[2024-10-17T02:36:24.964+0000] {logging_mixin.py:190} INFO - Query executed
[2024-10-17T02:36:24.964+0000] {logging_mixin.py:190} INFO - 
                INSERT INTO public.item_prices (item_id, price, currency, available_quantity, created_at) VALUES
                ('MLA934055466', 42999, 'ARS', 1, current_timestamp);
                
[2024-10-17T02:36:25.198+0000] {logging_mixin.py:190} INFO - Query executed
[2024-10-17T02:36:25.199+0000] {logging_mixin.py:190} INFO - 
                INSERT INTO public.item_prices (item_id, price, currency, available_quantity, created_at) VALUES
                ('MLA1426112753', 7139.44, 'ARS', 1, current_timestamp);
                
[2024-10-17T02:36:25.407+0000] {logging_mixin.py:190} INFO - Query executed
[2024-10-17T02:36:25.409+0000] {logging_mixin.py:190} INFO - 
                INSERT INTO public.item_prices (item_id, price, currency, available_quantity, created_at) VALUES
                ('MLA1363379415', 598499.37, 'ARS', 200, current_timestamp);
                
[2024-10-17T02:36:25.645+0000] {logging_mixin.py:190} INFO - Query executed
[2024-10-17T02:36:25.646+0000] {logging_mixin.py:190} INFO - 
                INSERT INTO public.item_prices (item_id, price, currency, available_quantity, created_at) VALUES
                ('MLA1444880845', 145999, 'ARS', 250, current_timestamp);
                
[2024-10-17T02:36:25.856+0000] {logging_mixin.py:190} INFO - Query executed
[2024-10-17T02:36:25.859+0000] {logging_mixin.py:190} INFO - 
                INSERT INTO public.item_prices (item_id, price, currency, available_quantity, created_at) VALUES
                ('MLA1876044426', 12000, 'ARS', 150, current_timestamp);
                
[2024-10-17T02:36:26.158+0000] {logging_mixin.py:190} INFO - Query executed
[2024-10-17T02:36:26.160+0000] {logging_mixin.py:190} INFO - 
                INSERT INTO public.item_prices (item_id, price, currency, available_quantity, created_at) VALUES
                ('MLA1422439293', 1599457, 'ARS', 1, current_timestamp);
                
[2024-10-17T02:36:26.410+0000] {logging_mixin.py:190} INFO - Query executed
[2024-10-17T02:36:26.412+0000] {logging_mixin.py:190} INFO - 
                INSERT INTO public.item_prices (item_id, price, currency, available_quantity, created_at) VALUES
                ('MLA1735248328', 174999, 'ARS', 1, current_timestamp);
                
[2024-10-17T02:36:26.684+0000] {logging_mixin.py:190} INFO - Query executed
[2024-10-17T02:36:26.684+0000] {logging_mixin.py:190} INFO - 
                INSERT INTO public.item_prices (item_id, price, currency, available_quantity, created_at) VALUES
                ('MLA1876554140', 870198, 'ARS', 1, current_timestamp);
                
[2024-10-17T02:36:26.941+0000] {logging_mixin.py:190} INFO - Query executed
[2024-10-17T02:36:26.942+0000] {logging_mixin.py:190} INFO - 
                INSERT INTO public.item_prices (item_id, price, currency, available_quantity, created_at) VALUES
                ('MLA1902022692', 67999, 'ARS', 1, current_timestamp);
                
[2024-10-17T02:36:27.174+0000] {logging_mixin.py:190} INFO - Query executed
[2024-10-17T02:36:27.176+0000] {logging_mixin.py:190} INFO - 
                INSERT INTO public.item_prices (item_id, price, currency, available_quantity, created_at) VALUES
                ('MLA1932707096', 33028, 'ARS', 1, current_timestamp);
                
[2024-10-17T02:36:27.428+0000] {logging_mixin.py:190} INFO - Query executed
[2024-10-17T02:36:27.428+0000] {logging_mixin.py:190} INFO - 
                INSERT INTO public.item_prices (item_id, price, currency, available_quantity, created_at) VALUES
                ('MLA1915925398', 39899.05, 'ARS', 50, current_timestamp);
                
[2024-10-17T02:36:27.636+0000] {logging_mixin.py:190} INFO - Query executed
[2024-10-17T02:36:27.637+0000] {logging_mixin.py:190} INFO - 
                INSERT INTO public.item_prices (item_id, price, currency, available_quantity, created_at) VALUES
                ('MLA1433388441', 789999, 'ARS', 1, current_timestamp);
                
[2024-10-17T02:36:27.875+0000] {logging_mixin.py:190} INFO - Query executed
[2024-10-17T02:36:27.877+0000] {logging_mixin.py:190} INFO - 
                INSERT INTO public.item_prices (item_id, price, currency, available_quantity, created_at) VALUES
                ('MLA1896057314', 7119, 'ARS', 1, current_timestamp);
                
[2024-10-17T02:36:28.089+0000] {logging_mixin.py:190} INFO - Query executed
[2024-10-17T02:36:28.089+0000] {logging_mixin.py:190} INFO - 
                INSERT INTO public.item_prices (item_id, price, currency, available_quantity, created_at) VALUES
                ('MLA1402640681', 47740, 'ARS', 1, current_timestamp);
                
[2024-10-17T02:36:28.370+0000] {logging_mixin.py:190} INFO - Query executed
[2024-10-17T02:36:28.391+0000] {logging_mixin.py:190} INFO - 
                INSERT INTO public.item_prices (item_id, price, currency, available_quantity, created_at) VALUES
                ('MLA1848666858', 11849, 'ARS', 100, current_timestamp);
                
[2024-10-17T02:36:28.607+0000] {logging_mixin.py:190} INFO - Query executed
[2024-10-17T02:36:28.609+0000] {logging_mixin.py:190} INFO - 
                INSERT INTO public.item_prices (item_id, price, currency, available_quantity, created_at) VALUES
                ('MLA1126675691', 20677.5, 'ARS', 1, current_timestamp);
                
[2024-10-17T02:36:28.846+0000] {logging_mixin.py:190} INFO - Query executed
[2024-10-17T02:36:28.847+0000] {logging_mixin.py:190} INFO - 
                INSERT INTO public.item_prices (item_id, price, currency, available_quantity, created_at) VALUES
                ('MLA1470966770', 11249.25, 'ARS', 500, current_timestamp);
                
[2024-10-17T02:36:29.102+0000] {logging_mixin.py:190} INFO - Query executed
[2024-10-17T02:36:29.102+0000] {logging_mixin.py:190} INFO - 
                INSERT INTO public.item_prices (item_id, price, currency, available_quantity, created_at) VALUES
                ('MLA1854941032', 169999, 'ARS', 100, current_timestamp);
                
[2024-10-17T02:36:29.345+0000] {logging_mixin.py:190} INFO - Query executed
[2024-10-17T02:36:29.346+0000] {logging_mixin.py:190} INFO - 
                INSERT INTO public.item_prices (item_id, price, currency, available_quantity, created_at) VALUES
                ('MLA897209769', 10330, 'ARS', 1, current_timestamp);
                
[2024-10-17T02:36:29.546+0000] {logging_mixin.py:190} INFO - Query executed
[2024-10-17T02:36:29.853+0000] {python.py:240} INFO - Done. Returned value was: None
[2024-10-17T02:36:30.177+0000] {taskinstance.py:340} INFO - ::group::Post task execution logs
[2024-10-17T02:36:30.180+0000] {taskinstance.py:352} INFO - Marking task as SUCCESS. dag_id=insert_items, task_id=inserts.insert_prices, run_id=manual__2024-10-17T02:35:58.589639+00:00, execution_date=20241017T023558, start_date=20241017T023605, end_date=20241017T023630
[2024-10-17T02:36:30.362+0000] {local_task_job_runner.py:266} INFO - Task exited with return code 0
[2024-10-17T02:36:30.425+0000] {standard_task_runner.py:217} INFO - Process not found (most likely exited), stop collecting metrics
[2024-10-17T02:36:30.456+0000] {taskinstance.py:3900} INFO - 0 downstream tasks scheduled from follow-on schedule check
[2024-10-17T02:36:30.458+0000] {local_task_job_runner.py:245} INFO - ::endgroup::
