[2024-10-18T04:17:01.684+0000] {local_task_job_runner.py:123} INFO - ::group::Pre task execution logs
[2024-10-18T04:17:01.721+0000] {taskinstance.py:2612} INFO - Dependencies all met for dep_context=non-requeueable deps ti=<TaskInstance: insert_items.extract_data.insert_prices manual__2024-10-18T04:16:19.077923+00:00 [queued]>
[2024-10-18T04:17:01.751+0000] {taskinstance.py:2612} INFO - Dependencies all met for dep_context=requeueable deps ti=<TaskInstance: insert_items.extract_data.insert_prices manual__2024-10-18T04:16:19.077923+00:00 [queued]>
[2024-10-18T04:17:01.752+0000] {taskinstance.py:2865} INFO - Starting attempt 1 of 2
[2024-10-18T04:17:01.771+0000] {taskinstance.py:2888} INFO - Executing <Task(PythonOperator): extract_data.insert_prices> on 2024-10-18 04:16:19.077923+00:00
[2024-10-18T04:17:01.799+0000] {warnings.py:112} WARNING - /home/***/.local/lib/python3.12/site-packages/***/task/task_runner/standard_task_runner.py:70: DeprecationWarning: This process (pid=1231) is multi-threaded, use of fork() may lead to deadlocks in the child.
  pid = os.fork()

[2024-10-18T04:17:01.802+0000] {standard_task_runner.py:72} INFO - Started process 1233 to run task
[2024-10-18T04:17:01.800+0000] {standard_task_runner.py:104} INFO - Running: ['***', 'tasks', 'run', 'insert_items', 'extract_data.insert_prices', 'manual__2024-10-18T04:16:19.077923+00:00', '--job-id', '183', '--raw', '--subdir', 'DAGS_FOLDER/insert_items.py', '--cfg-path', '/tmp/tmpyop5wiyw']
[2024-10-18T04:17:01.805+0000] {standard_task_runner.py:105} INFO - Job 183: Subtask extract_data.insert_prices
[2024-10-18T04:17:02.367+0000] {task_command.py:467} INFO - Running <TaskInstance: insert_items.extract_data.insert_prices manual__2024-10-18T04:16:19.077923+00:00 [running]> on host a414d3516fe8
[2024-10-18T04:17:02.432+0000] {taskinstance.py:3131} INFO - Exporting env vars: AIRFLOW_CTX_DAG_OWNER='mherszage' AIRFLOW_CTX_DAG_ID='insert_items' AIRFLOW_CTX_TASK_ID='extract_data.insert_prices' AIRFLOW_CTX_EXECUTION_DATE='2024-10-18T04:16:19.077923+00:00' AIRFLOW_CTX_TRY_NUMBER='1' AIRFLOW_CTX_DAG_RUN_ID='manual__2024-10-18T04:16:19.077923+00:00'
[2024-10-18T04:17:02.433+0000] {taskinstance.py:731} INFO - ::endgroup::
[2024-10-18T04:17:02.450+0000] {base.py:84} INFO - Retrieving connection 'redshift_default'
[2024-10-18T04:17:04.161+0000] {logging_mixin.py:190} INFO - 2024-10-16
[2024-10-18T04:17:05.380+0000] {logging_mixin.py:190} INFO - 
                    INSERT INTO public.item_prices (item_id, condition, price, currency, available_quantity, created_at) VALUES
                    ('MLA1876671498', 'new', 169999, 'ARS', 1, current_timestamp);
                    
[2024-10-18T04:17:14.639+0000] {logging_mixin.py:190} INFO - Query executed
[2024-10-18T04:17:14.647+0000] {logging_mixin.py:190} INFO - 
                    INSERT INTO public.item_prices (item_id, condition, price, currency, available_quantity, created_at) VALUES
                    ('MLA1513783534', 'new', 771999, 'ARS', 150, current_timestamp);
                    
[2024-10-18T04:17:14.882+0000] {logging_mixin.py:190} INFO - Query executed
[2024-10-18T04:17:14.884+0000] {logging_mixin.py:190} INFO - 
                    INSERT INTO public.item_prices (item_id, condition, price, currency, available_quantity, created_at) VALUES
                    ('MLA1363095617', 'new', 28199, 'ARS', 1, current_timestamp);
                    
[2024-10-18T04:17:15.094+0000] {logging_mixin.py:190} INFO - Query executed
[2024-10-18T04:17:15.096+0000] {logging_mixin.py:190} INFO - 
                    INSERT INTO public.item_prices (item_id, condition, price, currency, available_quantity, created_at) VALUES
                    ('MLA1642598964', 'new', 4001, 'ARS', 250, current_timestamp);
                    
[2024-10-18T04:17:15.304+0000] {logging_mixin.py:190} INFO - Query executed
[2024-10-18T04:17:15.305+0000] {logging_mixin.py:190} INFO - 
                    INSERT INTO public.item_prices (item_id, condition, price, currency, available_quantity, created_at) VALUES
                    ('MLA1425634379', 'new', 657999, 'ARS', 150, current_timestamp);
                    
[2024-10-18T04:17:15.512+0000] {logging_mixin.py:190} INFO - Query executed
[2024-10-18T04:17:15.513+0000] {logging_mixin.py:190} INFO - 
                    INSERT INTO public.item_prices (item_id, condition, price, currency, available_quantity, created_at) VALUES
                    ('MLA1771015420', 'new', 54608.51, 'ARS', 1, current_timestamp);
                    
[2024-10-18T04:17:15.722+0000] {logging_mixin.py:190} INFO - Query executed
[2024-10-18T04:17:15.723+0000] {logging_mixin.py:190} INFO - 
                    INSERT INTO public.item_prices (item_id, condition, price, currency, available_quantity, created_at) VALUES
                    ('MLA1389166937', 'new', 7505, 'ARS', 50, current_timestamp);
                    
[2024-10-18T04:17:15.925+0000] {logging_mixin.py:190} INFO - Query executed
[2024-10-18T04:17:15.927+0000] {logging_mixin.py:190} INFO - 
                    INSERT INTO public.item_prices (item_id, condition, price, currency, available_quantity, created_at) VALUES
                    ('MLA1436556685', 'new', 776471, 'ARS', 1, current_timestamp);
                    
[2024-10-18T04:17:16.130+0000] {logging_mixin.py:190} INFO - Query executed
[2024-10-18T04:17:16.130+0000] {logging_mixin.py:190} INFO - 
                    INSERT INTO public.item_prices (item_id, condition, price, currency, available_quantity, created_at) VALUES
                    ('MLA1480985544', 'new', 9629.1, 'ARS', 50, current_timestamp);
                    
[2024-10-18T04:17:16.335+0000] {logging_mixin.py:190} INFO - Query executed
[2024-10-18T04:17:16.335+0000] {logging_mixin.py:190} INFO - 
                    INSERT INTO public.item_prices (item_id, condition, price, currency, available_quantity, created_at) VALUES
                    ('MLA1455028687', 'new', 81179, 'ARS', 1, current_timestamp);
                    
[2024-10-18T04:17:16.537+0000] {logging_mixin.py:190} INFO - Query executed
[2024-10-18T04:17:16.537+0000] {logging_mixin.py:190} INFO - 
                    INSERT INTO public.item_prices (item_id, condition, price, currency, available_quantity, created_at) VALUES
                    ('MLA1422491335', 'new', 1643999, 'ARS', 1, current_timestamp);
                    
[2024-10-18T04:17:16.751+0000] {logging_mixin.py:190} INFO - Query executed
[2024-10-18T04:17:16.751+0000] {logging_mixin.py:190} INFO - 
                    INSERT INTO public.item_prices (item_id, condition, price, currency, available_quantity, created_at) VALUES
                    ('MLA1420542199', 'new', 169999, 'ARS', 1, current_timestamp);
                    
[2024-10-18T04:17:16.955+0000] {logging_mixin.py:190} INFO - Query executed
[2024-10-18T04:17:16.956+0000] {logging_mixin.py:190} INFO - 
                    INSERT INTO public.item_prices (item_id, condition, price, currency, available_quantity, created_at) VALUES
                    ('MLA1771013260', 'new', 34288.98, 'ARS', 1, current_timestamp);
                    
[2024-10-18T04:17:17.161+0000] {logging_mixin.py:190} INFO - Query executed
[2024-10-18T04:17:17.161+0000] {logging_mixin.py:190} INFO - 
                    INSERT INTO public.item_prices (item_id, condition, price, currency, available_quantity, created_at) VALUES
                    ('MLA1438316301', 'new', 1519999, 'ARS', 1, current_timestamp);
                    
[2024-10-18T04:17:17.362+0000] {logging_mixin.py:190} INFO - Query executed
[2024-10-18T04:17:17.364+0000] {logging_mixin.py:190} INFO - 
                    INSERT INTO public.item_prices (item_id, condition, price, currency, available_quantity, created_at) VALUES
                    ('MLA1824905578', 'new', 135000, 'ARS', 1, current_timestamp);
                    
[2024-10-18T04:17:17.582+0000] {logging_mixin.py:190} INFO - Query executed
[2024-10-18T04:17:17.588+0000] {logging_mixin.py:190} INFO - 
                    INSERT INTO public.item_prices (item_id, condition, price, currency, available_quantity, created_at) VALUES
                    ('MLA1814734538', 'new', 1499000, 'ARS', 1, current_timestamp);
                    
[2024-10-18T04:17:17.794+0000] {logging_mixin.py:190} INFO - Query executed
[2024-10-18T04:17:17.795+0000] {logging_mixin.py:190} INFO - 
                    INSERT INTO public.item_prices (item_id, condition, price, currency, available_quantity, created_at) VALUES
                    ('MLA1412433221', 'new', 67990, 'ARS', 50, current_timestamp);
                    
[2024-10-18T04:17:17.999+0000] {logging_mixin.py:190} INFO - Query executed
[2024-10-18T04:17:18.000+0000] {logging_mixin.py:190} INFO - 
                    INSERT INTO public.item_prices (item_id, condition, price, currency, available_quantity, created_at) VALUES
                    ('MLA1723436604', 'new', 1374999, 'ARS', 250, current_timestamp);
                    
[2024-10-18T04:17:18.204+0000] {logging_mixin.py:190} INFO - Query executed
[2024-10-18T04:17:18.205+0000] {logging_mixin.py:190} INFO - 
                    INSERT INTO public.item_prices (item_id, condition, price, currency, available_quantity, created_at) VALUES
                    ('MLA1420491095', 'new', 169999, 'ARS', 250, current_timestamp);
                    
[2024-10-18T04:17:18.415+0000] {logging_mixin.py:190} INFO - Query executed
[2024-10-18T04:17:18.418+0000] {logging_mixin.py:190} INFO - 
                    INSERT INTO public.item_prices (item_id, condition, price, currency, available_quantity, created_at) VALUES
                    ('MLA1735236438', 'new', 169999, 'ARS', 250, current_timestamp);
                    
[2024-10-18T04:17:18.632+0000] {logging_mixin.py:190} INFO - Query executed
[2024-10-18T04:17:18.633+0000] {logging_mixin.py:190} INFO - 
                    INSERT INTO public.item_prices (item_id, condition, price, currency, available_quantity, created_at) VALUES
                    ('MLA1842467476', 'new', 909000, 'ARS', 1, current_timestamp);
                    
[2024-10-18T04:17:18.849+0000] {logging_mixin.py:190} INFO - Query executed
[2024-10-18T04:17:18.850+0000] {logging_mixin.py:190} INFO - 
                    INSERT INTO public.item_prices (item_id, condition, price, currency, available_quantity, created_at) VALUES
                    ('MLA1454525447', 'new', 69999.3, 'ARS', 50, current_timestamp);
                    
[2024-10-18T04:17:19.062+0000] {logging_mixin.py:190} INFO - Query executed
[2024-10-18T04:17:19.063+0000] {logging_mixin.py:190} INFO - 
                    INSERT INTO public.item_prices (item_id, condition, price, currency, available_quantity, created_at) VALUES
                    ('MLA1934887092', 'new', 599000, 'ARS', 1, current_timestamp);
                    
[2024-10-18T04:17:19.270+0000] {logging_mixin.py:190} INFO - Query executed
[2024-10-18T04:17:19.271+0000] {logging_mixin.py:190} INFO - 
                    INSERT INTO public.item_prices (item_id, condition, price, currency, available_quantity, created_at) VALUES
                    ('MLA1876044426', 'new', 12000, 'ARS', 150, current_timestamp);
                    
[2024-10-18T04:17:19.504+0000] {logging_mixin.py:190} INFO - Query executed
[2024-10-18T04:17:19.506+0000] {logging_mixin.py:190} INFO - 
                    INSERT INTO public.item_prices (item_id, condition, price, currency, available_quantity, created_at) VALUES
                    ('MLA1918224392', 'new', 27999, 'ARS', 1, current_timestamp);
                    
[2024-10-18T04:17:19.720+0000] {logging_mixin.py:190} INFO - Query executed
[2024-10-18T04:17:19.721+0000] {logging_mixin.py:190} INFO - 
                    INSERT INTO public.item_prices (item_id, condition, price, currency, available_quantity, created_at) VALUES
                    ('MLA1896057314', 'new', 7119, 'ARS', 1, current_timestamp);
                    
[2024-10-18T04:17:19.925+0000] {logging_mixin.py:190} INFO - Query executed
[2024-10-18T04:17:19.926+0000] {logging_mixin.py:190} INFO - 
                    INSERT INTO public.item_prices (item_id, condition, price, currency, available_quantity, created_at) VALUES
                    ('MLA1932107420', 'new', 5999, 'ARS', 50, current_timestamp);
                    
[2024-10-18T04:17:20.132+0000] {logging_mixin.py:190} INFO - Query executed
[2024-10-18T04:17:20.134+0000] {logging_mixin.py:190} INFO - 
                    INSERT INTO public.item_prices (item_id, condition, price, currency, available_quantity, created_at) VALUES
                    ('MLA1444880845', 'new', 145999, 'ARS', 250, current_timestamp);
                    
[2024-10-18T04:17:20.337+0000] {logging_mixin.py:190} INFO - Query executed
[2024-10-18T04:17:20.338+0000] {logging_mixin.py:190} INFO - 
                    INSERT INTO public.item_prices (item_id, condition, price, currency, available_quantity, created_at) VALUES
                    ('MLA1915925398', 'new', 39899.05, 'ARS', 50, current_timestamp);
                    
[2024-10-18T04:17:20.543+0000] {logging_mixin.py:190} INFO - Query executed
[2024-10-18T04:17:20.543+0000] {logging_mixin.py:190} INFO - 
                    INSERT INTO public.item_prices (item_id, condition, price, currency, available_quantity, created_at) VALUES
                    ('MLA934064691', 'new', 26999, 'ARS', 1, current_timestamp);
                    
[2024-10-18T04:17:20.749+0000] {logging_mixin.py:190} INFO - Query executed
[2024-10-18T04:17:20.751+0000] {logging_mixin.py:190} INFO - 
                    INSERT INTO public.item_prices (item_id, condition, price, currency, available_quantity, created_at) VALUES
                    ('MLA934055466', 'new', 42999, 'ARS', 1, current_timestamp);
                    
[2024-10-18T04:17:20.954+0000] {logging_mixin.py:190} INFO - Query executed
[2024-10-18T04:17:20.964+0000] {logging_mixin.py:190} INFO - 
                    INSERT INTO public.item_prices (item_id, condition, price, currency, available_quantity, created_at) VALUES
                    ('MLA1363379415', 'new', 598499.37, 'ARS', 150, current_timestamp);
                    
[2024-10-18T04:17:21.169+0000] {logging_mixin.py:190} INFO - Query executed
[2024-10-18T04:17:21.170+0000] {logging_mixin.py:190} INFO - 
                    INSERT INTO public.item_prices (item_id, condition, price, currency, available_quantity, created_at) VALUES
                    ('MLA1432568059', 'new', 6906.5, 'ARS', 1, current_timestamp);
                    
[2024-10-18T04:17:21.379+0000] {logging_mixin.py:190} INFO - Query executed
[2024-10-18T04:17:21.381+0000] {logging_mixin.py:190} INFO - 
                    INSERT INTO public.item_prices (item_id, condition, price, currency, available_quantity, created_at) VALUES
                    ('MLA1902022692', 'new', 67999, 'ARS', 1, current_timestamp);
                    
[2024-10-18T04:17:21.586+0000] {logging_mixin.py:190} INFO - Query executed
[2024-10-18T04:17:21.587+0000] {logging_mixin.py:190} INFO - 
                    INSERT INTO public.item_prices (item_id, condition, price, currency, available_quantity, created_at) VALUES
                    ('MLA1417840319', 'new', 14240.5, 'ARS', 1, current_timestamp);
                    
[2024-10-18T04:17:21.791+0000] {logging_mixin.py:190} INFO - Query executed
[2024-10-18T04:17:21.793+0000] {logging_mixin.py:190} INFO - 
                    INSERT INTO public.item_prices (item_id, condition, price, currency, available_quantity, created_at) VALUES
                    ('MLA1429767130', 'new', 34513.22, 'ARS', 1, current_timestamp);
                    
[2024-10-18T04:17:21.998+0000] {logging_mixin.py:190} INFO - Query executed
[2024-10-18T04:17:22.000+0000] {logging_mixin.py:190} INFO - 
                    INSERT INTO public.item_prices (item_id, condition, price, currency, available_quantity, created_at) VALUES
                    ('MLA1422439293', 'new', 1599457, 'ARS', 1, current_timestamp);
                    
[2024-10-18T04:17:22.202+0000] {logging_mixin.py:190} INFO - Query executed
[2024-10-18T04:17:22.203+0000] {logging_mixin.py:190} INFO - 
                    INSERT INTO public.item_prices (item_id, condition, price, currency, available_quantity, created_at) VALUES
                    ('MLA1735248328', 'new', 174999, 'ARS', 1, current_timestamp);
                    
[2024-10-18T04:17:22.405+0000] {logging_mixin.py:190} INFO - Query executed
[2024-10-18T04:17:22.409+0000] {logging_mixin.py:190} INFO - 
                    INSERT INTO public.item_prices (item_id, condition, price, currency, available_quantity, created_at) VALUES
                    ('MLA1126675691', 'new', 20677.5, 'ARS', 1, current_timestamp);
                    
[2024-10-18T04:17:22.641+0000] {logging_mixin.py:190} INFO - Query executed
[2024-10-18T04:17:22.641+0000] {logging_mixin.py:190} INFO - 
                    INSERT INTO public.item_prices (item_id, condition, price, currency, available_quantity, created_at) VALUES
                    ('MLA1433388441', 'new', 779999, 'ARS', 1, current_timestamp);
                    
[2024-10-18T04:17:22.847+0000] {logging_mixin.py:190} INFO - Query executed
[2024-10-18T04:17:22.848+0000] {logging_mixin.py:190} INFO - 
                    INSERT INTO public.item_prices (item_id, condition, price, currency, available_quantity, created_at) VALUES
                    ('MLA1269148236', 'new', 11987.21, 'ARS', 1, current_timestamp);
                    
[2024-10-18T04:17:23.052+0000] {logging_mixin.py:190} INFO - Query executed
[2024-10-18T04:17:23.053+0000] {logging_mixin.py:190} INFO - 
                    INSERT INTO public.item_prices (item_id, condition, price, currency, available_quantity, created_at) VALUES
                    ('MLA1402640681', 'new', 47740, 'ARS', 1, current_timestamp);
                    
[2024-10-18T04:17:23.256+0000] {logging_mixin.py:190} INFO - Query executed
[2024-10-18T04:17:23.256+0000] {logging_mixin.py:190} INFO - 
                    INSERT INTO public.item_prices (item_id, condition, price, currency, available_quantity, created_at) VALUES
                    ('MLA1836994334', 'new', 35155, 'ARS', 1, current_timestamp);
                    
[2024-10-18T04:17:23.466+0000] {logging_mixin.py:190} INFO - Query executed
[2024-10-18T04:17:23.467+0000] {logging_mixin.py:190} INFO - 
                    INSERT INTO public.item_prices (item_id, condition, price, currency, available_quantity, created_at) VALUES
                    ('MLA1409364971', 'new', 89999, 'ARS', 1, current_timestamp);
                    
[2024-10-18T04:17:23.673+0000] {logging_mixin.py:190} INFO - Query executed
[2024-10-18T04:17:23.674+0000] {logging_mixin.py:190} INFO - 
                    INSERT INTO public.item_prices (item_id, condition, price, currency, available_quantity, created_at) VALUES
                    ('MLA1432766957', 'new', 1660000, 'ARS', 1, current_timestamp);
                    
[2024-10-18T04:17:23.878+0000] {logging_mixin.py:190} INFO - Query executed
[2024-10-18T04:17:23.879+0000] {logging_mixin.py:190} INFO - 
                    INSERT INTO public.item_prices (item_id, condition, price, currency, available_quantity, created_at) VALUES
                    ('MLA1367473676', 'new', 120899, 'ARS', 1, current_timestamp);
                    
[2024-10-18T04:17:24.082+0000] {logging_mixin.py:190} INFO - Query executed
[2024-10-18T04:17:24.082+0000] {logging_mixin.py:190} INFO - 
                    INSERT INTO public.item_prices (item_id, condition, price, currency, available_quantity, created_at) VALUES
                    ('MLA1392798127', 'new', 18041, 'ARS', 1, current_timestamp);
                    
[2024-10-18T04:17:24.285+0000] {logging_mixin.py:190} INFO - Query executed
[2024-10-18T04:17:24.287+0000] {logging_mixin.py:190} INFO - 
                    INSERT INTO public.item_prices (item_id, condition, price, currency, available_quantity, created_at) VALUES
                    ('MLA1854941032', 'new', 169999, 'ARS', 100, current_timestamp);
                    
[2024-10-18T04:17:24.490+0000] {logging_mixin.py:190} INFO - Query executed
[2024-10-18T04:17:24.491+0000] {logging_mixin.py:190} INFO - 
                    INSERT INTO public.item_prices (item_id, condition, price, currency, available_quantity, created_at) VALUES
                    ('MLA820599600', 'new', 42848.8, 'ARS', 100, current_timestamp);
                    
[2024-10-18T04:17:24.694+0000] {logging_mixin.py:190} INFO - Query executed
[2024-10-18T04:17:24.695+0000] {logging_mixin.py:190} INFO - 
                    INSERT INTO public.item_prices (item_id, condition, price, currency, available_quantity, created_at) VALUES
                    ('MLA1932707096', 'new', 33028, 'ARS', 1, current_timestamp);
                    
[2024-10-18T04:17:24.897+0000] {logging_mixin.py:190} INFO - Query executed
[2024-10-18T04:17:26.458+0000] {logging_mixin.py:190} INFO - 
                    INSERT INTO public.item_prices (item_id, condition, price, currency, available_quantity, created_at) VALUES
                    ('MLA1876671498', 'new', 169999, 'ARS', 1, current_timestamp);
                    
[2024-10-18T04:17:26.462+0000] {taskinstance.py:3310} ERROR - Task failed with exception
Traceback (most recent call last):
  File "/home/airflow/.local/lib/python3.12/site-packages/airflow/models/taskinstance.py", line 767, in _execute_task
    result = _execute_callable(context=context, **execute_callable_kwargs)
             ^^^^^^^^^^^^^^^^^^^^^^^^^^^^^^^^^^^^^^^^^^^^^^^^^^^^^^^^^^^^^
  File "/home/airflow/.local/lib/python3.12/site-packages/airflow/models/taskinstance.py", line 733, in _execute_callable
    return ExecutionCallableRunner(
           ^^^^^^^^^^^^^^^^^^^^^^^^
  File "/home/airflow/.local/lib/python3.12/site-packages/airflow/utils/operator_helpers.py", line 252, in run
    return self.func(*args, **kwargs)
           ^^^^^^^^^^^^^^^^^^^^^^^^^^
  File "/home/airflow/.local/lib/python3.12/site-packages/airflow/models/baseoperator.py", line 406, in wrapper
    return func(self, *args, **kwargs)
           ^^^^^^^^^^^^^^^^^^^^^^^^^^^
  File "/home/airflow/.local/lib/python3.12/site-packages/airflow/operators/python.py", line 238, in execute
    return_value = self.execute_callable()
                   ^^^^^^^^^^^^^^^^^^^^^^^
  File "/home/airflow/.local/lib/python3.12/site-packages/airflow/operators/python.py", line 256, in execute_callable
    return runner.run(*self.op_args, **self.op_kwargs)
           ^^^^^^^^^^^^^^^^^^^^^^^^^^^^^^^^^^^^^^^^^^^
  File "/home/airflow/.local/lib/python3.12/site-packages/airflow/utils/operator_helpers.py", line 252, in run
    return self.func(*args, **kwargs)
           ^^^^^^^^^^^^^^^^^^^^^^^^^^
  File "/opt/airflow/dags/python_files/prices/prices.py", line 54, in insert_prices
    cursor = conn.cursor()
             ^^^^^^^^^^^^^
psycopg2.InterfaceError: connection already closed
[2024-10-18T04:17:26.512+0000] {taskinstance.py:1225} INFO - Marking task as UP_FOR_RETRY. dag_id=insert_items, task_id=extract_data.insert_prices, run_id=manual__2024-10-18T04:16:19.077923+00:00, execution_date=20241018T041619, start_date=20241018T041701, end_date=20241018T041726
[2024-10-18T04:17:26.535+0000] {taskinstance.py:340} INFO - ::group::Post task execution logs
[2024-10-18T04:17:26.536+0000] {standard_task_runner.py:124} ERROR - Failed to execute job 183 for task extract_data.insert_prices (connection already closed; 1233)
Traceback (most recent call last):
  File "/home/airflow/.local/lib/python3.12/site-packages/airflow/task/task_runner/standard_task_runner.py", line 117, in _start_by_fork
    ret = args.func(args, dag=self.dag)
          ^^^^^^^^^^^^^^^^^^^^^^^^^^^^^
  File "/home/airflow/.local/lib/python3.12/site-packages/airflow/cli/cli_config.py", line 49, in command
    return func(*args, **kwargs)
           ^^^^^^^^^^^^^^^^^^^^^
  File "/home/airflow/.local/lib/python3.12/site-packages/airflow/utils/cli.py", line 115, in wrapper
    return f(*args, **kwargs)
           ^^^^^^^^^^^^^^^^^^
  File "/home/airflow/.local/lib/python3.12/site-packages/airflow/cli/commands/task_command.py", line 483, in task_run
    task_return_code = _run_task_by_selected_method(args, _dag, ti)
                       ^^^^^^^^^^^^^^^^^^^^^^^^^^^^^^^^^^^^^^^^^^^^
  File "/home/airflow/.local/lib/python3.12/site-packages/airflow/cli/commands/task_command.py", line 256, in _run_task_by_selected_method
    return _run_raw_task(args, ti)
           ^^^^^^^^^^^^^^^^^^^^^^^
  File "/home/airflow/.local/lib/python3.12/site-packages/airflow/cli/commands/task_command.py", line 341, in _run_raw_task
    return ti._run_raw_task(
           ^^^^^^^^^^^^^^^^^
  File "/home/airflow/.local/lib/python3.12/site-packages/airflow/utils/session.py", line 97, in wrapper
    return func(*args, session=session, **kwargs)
           ^^^^^^^^^^^^^^^^^^^^^^^^^^^^^^^^^^^^^^
  File "/home/airflow/.local/lib/python3.12/site-packages/airflow/models/taskinstance.py", line 3004, in _run_raw_task
    return _run_raw_task(
           ^^^^^^^^^^^^^^
  File "/home/airflow/.local/lib/python3.12/site-packages/airflow/models/taskinstance.py", line 273, in _run_raw_task
    TaskInstance._execute_task_with_callbacks(
  File "/home/airflow/.local/lib/python3.12/site-packages/airflow/models/taskinstance.py", line 3158, in _execute_task_with_callbacks
    result = self._execute_task(context, task_orig)
             ^^^^^^^^^^^^^^^^^^^^^^^^^^^^^^^^^^^^^^
  File "/home/airflow/.local/lib/python3.12/site-packages/airflow/models/taskinstance.py", line 3182, in _execute_task
    return _execute_task(self, context, task_orig)
           ^^^^^^^^^^^^^^^^^^^^^^^^^^^^^^^^^^^^^^^
  File "/home/airflow/.local/lib/python3.12/site-packages/airflow/models/taskinstance.py", line 767, in _execute_task
    result = _execute_callable(context=context, **execute_callable_kwargs)
             ^^^^^^^^^^^^^^^^^^^^^^^^^^^^^^^^^^^^^^^^^^^^^^^^^^^^^^^^^^^^^
  File "/home/airflow/.local/lib/python3.12/site-packages/airflow/models/taskinstance.py", line 733, in _execute_callable
    return ExecutionCallableRunner(
           ^^^^^^^^^^^^^^^^^^^^^^^^
  File "/home/airflow/.local/lib/python3.12/site-packages/airflow/utils/operator_helpers.py", line 252, in run
    return self.func(*args, **kwargs)
           ^^^^^^^^^^^^^^^^^^^^^^^^^^
  File "/home/airflow/.local/lib/python3.12/site-packages/airflow/models/baseoperator.py", line 406, in wrapper
    return func(self, *args, **kwargs)
           ^^^^^^^^^^^^^^^^^^^^^^^^^^^
  File "/home/airflow/.local/lib/python3.12/site-packages/airflow/operators/python.py", line 238, in execute
    return_value = self.execute_callable()
                   ^^^^^^^^^^^^^^^^^^^^^^^
  File "/home/airflow/.local/lib/python3.12/site-packages/airflow/operators/python.py", line 256, in execute_callable
    return runner.run(*self.op_args, **self.op_kwargs)
           ^^^^^^^^^^^^^^^^^^^^^^^^^^^^^^^^^^^^^^^^^^^
  File "/home/airflow/.local/lib/python3.12/site-packages/airflow/utils/operator_helpers.py", line 252, in run
    return self.func(*args, **kwargs)
           ^^^^^^^^^^^^^^^^^^^^^^^^^^
  File "/opt/airflow/dags/python_files/prices/prices.py", line 54, in insert_prices
    cursor = conn.cursor()
             ^^^^^^^^^^^^^
psycopg2.InterfaceError: connection already closed
[2024-10-18T04:17:26.591+0000] {local_task_job_runner.py:266} INFO - Task exited with return code 1
[2024-10-18T04:17:26.627+0000] {taskinstance.py:3900} INFO - 0 downstream tasks scheduled from follow-on schedule check
[2024-10-18T04:17:26.631+0000] {local_task_job_runner.py:245} INFO - ::endgroup::
