[2024-10-15T03:38:51.887+0000] {processor.py:186} INFO - Started process (PID=35) to work on /opt/airflow/dags/insert_items.py
[2024-10-15T03:38:51.899+0000] {processor.py:914} INFO - Processing file /opt/airflow/dags/insert_items.py for tasks to queue
[2024-10-15T03:38:51.908+0000] {logging_mixin.py:190} INFO - [2024-10-15T03:38:51.908+0000] {dagbag.py:588} INFO - Filling up the DagBag from /opt/airflow/dags/insert_items.py
[2024-10-15T03:38:57.480+0000] {processor.py:925} INFO - DAG(s) 'insert_items' retrieved from /opt/airflow/dags/insert_items.py
[2024-10-15T03:38:58.021+0000] {logging_mixin.py:190} INFO - [2024-10-15T03:38:58.019+0000] {override.py:1900} INFO - Created Permission View: can edit on DAG:insert_items
[2024-10-15T03:38:58.034+0000] {logging_mixin.py:190} INFO - [2024-10-15T03:38:58.034+0000] {override.py:1900} INFO - Created Permission View: can delete on DAG:insert_items
[2024-10-15T03:38:58.039+0000] {logging_mixin.py:190} INFO - [2024-10-15T03:38:58.038+0000] {override.py:1900} INFO - Created Permission View: can read on DAG:insert_items
[2024-10-15T03:38:58.043+0000] {logging_mixin.py:190} INFO - [2024-10-15T03:38:58.043+0000] {override.py:1900} INFO - Created Permission View: can delete on DAG Run:insert_items
[2024-10-15T03:38:58.047+0000] {logging_mixin.py:190} INFO - [2024-10-15T03:38:58.047+0000] {override.py:1900} INFO - Created Permission View: can create on DAG Run:insert_items
[2024-10-15T03:38:58.051+0000] {logging_mixin.py:190} INFO - [2024-10-15T03:38:58.050+0000] {override.py:1900} INFO - Created Permission View: can read on DAG Run:insert_items
[2024-10-15T03:38:58.056+0000] {logging_mixin.py:190} INFO - [2024-10-15T03:38:58.055+0000] {override.py:1900} INFO - Created Permission View: menu access on DAG Run:insert_items
[2024-10-15T03:38:58.057+0000] {logging_mixin.py:190} INFO - [2024-10-15T03:38:58.056+0000] {dag.py:3239} INFO - Sync 1 DAGs
[2024-10-15T03:38:58.077+0000] {logging_mixin.py:190} INFO - [2024-10-15T03:38:58.076+0000] {dag.py:3262} INFO - Creating ORM DAG for insert_items
[2024-10-15T03:38:58.096+0000] {logging_mixin.py:190} INFO - [2024-10-15T03:38:58.096+0000] {dag.py:4180} INFO - Setting next_dagrun for insert_items to 2024-10-15 03:05:00+00:00, run_after=2024-10-15 03:35:00+00:00
[2024-10-15T03:38:58.112+0000] {processor.py:208} INFO - Processing /opt/airflow/dags/insert_items.py took 6.246 seconds
[2024-10-15T03:40:24.586+0000] {processor.py:186} INFO - Started process (PID=30) to work on /opt/airflow/dags/insert_items.py
[2024-10-15T03:40:24.591+0000] {processor.py:914} INFO - Processing file /opt/airflow/dags/insert_items.py for tasks to queue
[2024-10-15T03:40:24.618+0000] {logging_mixin.py:190} INFO - [2024-10-15T03:40:24.617+0000] {dagbag.py:588} INFO - Filling up the DagBag from /opt/airflow/dags/insert_items.py
[2024-10-15T03:40:27.662+0000] {processor.py:925} INFO - DAG(s) 'insert_items' retrieved from /opt/airflow/dags/insert_items.py
[2024-10-15T03:40:27.739+0000] {logging_mixin.py:190} INFO - [2024-10-15T03:40:27.736+0000] {dag.py:3239} INFO - Sync 1 DAGs
[2024-10-15T03:40:27.792+0000] {logging_mixin.py:190} INFO - [2024-10-15T03:40:27.790+0000] {dag.py:4180} INFO - Setting next_dagrun for insert_items to 2024-10-15 03:05:00+00:00, run_after=2024-10-15 03:35:00+00:00
[2024-10-15T03:40:27.828+0000] {processor.py:208} INFO - Processing /opt/airflow/dags/insert_items.py took 3.274 seconds
[2024-10-15T03:40:58.236+0000] {processor.py:186} INFO - Started process (PID=38) to work on /opt/airflow/dags/insert_items.py
[2024-10-15T03:40:58.238+0000] {processor.py:914} INFO - Processing file /opt/airflow/dags/insert_items.py for tasks to queue
[2024-10-15T03:40:58.263+0000] {logging_mixin.py:190} INFO - [2024-10-15T03:40:58.260+0000] {dagbag.py:588} INFO - Filling up the DagBag from /opt/airflow/dags/insert_items.py
[2024-10-15T03:41:00.884+0000] {processor.py:925} INFO - DAG(s) 'insert_items' retrieved from /opt/airflow/dags/insert_items.py
[2024-10-15T03:41:00.933+0000] {logging_mixin.py:190} INFO - [2024-10-15T03:41:00.932+0000] {dag.py:3239} INFO - Sync 1 DAGs
[2024-10-15T03:41:00.962+0000] {logging_mixin.py:190} INFO - [2024-10-15T03:41:00.962+0000] {dag.py:4180} INFO - Setting next_dagrun for insert_items to 2024-10-15 03:05:00+00:00, run_after=2024-10-15 03:35:00+00:00
[2024-10-15T03:41:01.025+0000] {processor.py:208} INFO - Processing /opt/airflow/dags/insert_items.py took 2.813 seconds
[2024-10-15T03:41:31.782+0000] {processor.py:186} INFO - Started process (PID=46) to work on /opt/airflow/dags/insert_items.py
[2024-10-15T03:41:31.783+0000] {processor.py:914} INFO - Processing file /opt/airflow/dags/insert_items.py for tasks to queue
[2024-10-15T03:41:31.787+0000] {logging_mixin.py:190} INFO - [2024-10-15T03:41:31.786+0000] {dagbag.py:588} INFO - Filling up the DagBag from /opt/airflow/dags/insert_items.py
[2024-10-15T03:41:32.324+0000] {processor.py:925} INFO - DAG(s) 'insert_items' retrieved from /opt/airflow/dags/insert_items.py
[2024-10-15T03:41:32.341+0000] {logging_mixin.py:190} INFO - [2024-10-15T03:41:32.340+0000] {dag.py:3239} INFO - Sync 1 DAGs
[2024-10-15T03:41:32.352+0000] {logging_mixin.py:190} INFO - [2024-10-15T03:41:32.352+0000] {dag.py:4180} INFO - Setting next_dagrun for insert_items to 2024-10-15 03:05:00+00:00, run_after=2024-10-15 03:35:00+00:00
[2024-10-15T03:41:32.359+0000] {processor.py:208} INFO - Processing /opt/airflow/dags/insert_items.py took 0.587 seconds
[2024-10-15T03:42:02.879+0000] {processor.py:186} INFO - Started process (PID=54) to work on /opt/airflow/dags/insert_items.py
[2024-10-15T03:42:02.882+0000] {processor.py:914} INFO - Processing file /opt/airflow/dags/insert_items.py for tasks to queue
[2024-10-15T03:42:02.887+0000] {logging_mixin.py:190} INFO - [2024-10-15T03:42:02.886+0000] {dagbag.py:588} INFO - Filling up the DagBag from /opt/airflow/dags/insert_items.py
[2024-10-15T03:42:03.514+0000] {processor.py:925} INFO - DAG(s) 'insert_items' retrieved from /opt/airflow/dags/insert_items.py
[2024-10-15T03:42:03.529+0000] {logging_mixin.py:190} INFO - [2024-10-15T03:42:03.528+0000] {dag.py:3239} INFO - Sync 1 DAGs
[2024-10-15T03:42:03.540+0000] {logging_mixin.py:190} INFO - [2024-10-15T03:42:03.540+0000] {dag.py:4180} INFO - Setting next_dagrun for insert_items to 2024-10-15 03:05:00+00:00, run_after=2024-10-15 03:35:00+00:00
[2024-10-15T03:42:03.548+0000] {processor.py:208} INFO - Processing /opt/airflow/dags/insert_items.py took 0.682 seconds
[2024-10-15T03:44:58.795+0000] {processor.py:186} INFO - Started process (PID=31) to work on /opt/airflow/dags/insert_items.py
[2024-10-15T03:44:58.800+0000] {processor.py:914} INFO - Processing file /opt/airflow/dags/insert_items.py for tasks to queue
[2024-10-15T03:44:58.807+0000] {logging_mixin.py:190} INFO - [2024-10-15T03:44:58.806+0000] {dagbag.py:588} INFO - Filling up the DagBag from /opt/airflow/dags/insert_items.py
[2024-10-15T03:45:07.896+0000] {processor.py:925} INFO - DAG(s) 'insert_items' retrieved from /opt/airflow/dags/insert_items.py
[2024-10-15T03:45:09.888+0000] {logging_mixin.py:190} INFO - [2024-10-15T03:45:09.866+0000] {override.py:1900} INFO - Created Permission View: can edit on DAG:insert_items
[2024-10-15T03:45:09.906+0000] {logging_mixin.py:190} INFO - [2024-10-15T03:45:09.905+0000] {override.py:1900} INFO - Created Permission View: can delete on DAG:insert_items
[2024-10-15T03:45:09.918+0000] {logging_mixin.py:190} INFO - [2024-10-15T03:45:09.917+0000] {override.py:1900} INFO - Created Permission View: can read on DAG:insert_items
[2024-10-15T03:45:09.928+0000] {logging_mixin.py:190} INFO - [2024-10-15T03:45:09.928+0000] {override.py:1900} INFO - Created Permission View: menu access on DAG Run:insert_items
[2024-10-15T03:45:09.935+0000] {logging_mixin.py:190} INFO - [2024-10-15T03:45:09.934+0000] {override.py:1900} INFO - Created Permission View: can create on DAG Run:insert_items
[2024-10-15T03:45:09.941+0000] {logging_mixin.py:190} INFO - [2024-10-15T03:45:09.940+0000] {override.py:1900} INFO - Created Permission View: can delete on DAG Run:insert_items
[2024-10-15T03:45:09.946+0000] {logging_mixin.py:190} INFO - [2024-10-15T03:45:09.945+0000] {override.py:1900} INFO - Created Permission View: can read on DAG Run:insert_items
[2024-10-15T03:45:09.952+0000] {logging_mixin.py:190} INFO - [2024-10-15T03:45:09.949+0000] {dag.py:3239} INFO - Sync 1 DAGs
[2024-10-15T03:45:10.056+0000] {logging_mixin.py:190} INFO - [2024-10-15T03:45:10.055+0000] {dag.py:3262} INFO - Creating ORM DAG for insert_items
[2024-10-15T03:45:10.151+0000] {logging_mixin.py:190} INFO - [2024-10-15T03:45:10.150+0000] {dag.py:4180} INFO - Setting next_dagrun for insert_items to 2024-10-15 03:05:00+00:00, run_after=2024-10-15 03:35:00+00:00
[2024-10-15T03:45:10.366+0000] {processor.py:208} INFO - Processing /opt/airflow/dags/insert_items.py took 11.590 seconds
[2024-10-15T03:45:41.371+0000] {processor.py:186} INFO - Started process (PID=45) to work on /opt/airflow/dags/insert_items.py
[2024-10-15T03:45:41.381+0000] {processor.py:914} INFO - Processing file /opt/airflow/dags/insert_items.py for tasks to queue
[2024-10-15T03:45:41.410+0000] {logging_mixin.py:190} INFO - [2024-10-15T03:45:41.407+0000] {dagbag.py:588} INFO - Filling up the DagBag from /opt/airflow/dags/insert_items.py
[2024-10-15T03:45:44.606+0000] {processor.py:925} INFO - DAG(s) 'insert_items' retrieved from /opt/airflow/dags/insert_items.py
[2024-10-15T03:45:44.739+0000] {logging_mixin.py:190} INFO - [2024-10-15T03:45:44.738+0000] {dag.py:3239} INFO - Sync 1 DAGs
[2024-10-15T03:45:44.782+0000] {logging_mixin.py:190} INFO - [2024-10-15T03:45:44.781+0000] {dag.py:4180} INFO - Setting next_dagrun for insert_items to 2024-10-15 03:05:00+00:00, run_after=2024-10-15 03:35:00+00:00
[2024-10-15T03:45:44.798+0000] {processor.py:208} INFO - Processing /opt/airflow/dags/insert_items.py took 3.460 seconds
[2024-10-15T03:46:14.928+0000] {processor.py:186} INFO - Started process (PID=53) to work on /opt/airflow/dags/insert_items.py
[2024-10-15T03:46:14.929+0000] {processor.py:914} INFO - Processing file /opt/airflow/dags/insert_items.py for tasks to queue
[2024-10-15T03:46:14.935+0000] {logging_mixin.py:190} INFO - [2024-10-15T03:46:14.934+0000] {dagbag.py:588} INFO - Filling up the DagBag from /opt/airflow/dags/insert_items.py
[2024-10-15T03:46:15.595+0000] {processor.py:925} INFO - DAG(s) 'insert_items' retrieved from /opt/airflow/dags/insert_items.py
[2024-10-15T03:46:15.610+0000] {logging_mixin.py:190} INFO - [2024-10-15T03:46:15.610+0000] {dag.py:3239} INFO - Sync 1 DAGs
[2024-10-15T03:46:15.631+0000] {logging_mixin.py:190} INFO - [2024-10-15T03:46:15.631+0000] {dag.py:4180} INFO - Setting next_dagrun for insert_items to 2024-10-15 03:05:00+00:00, run_after=2024-10-15 03:35:00+00:00
[2024-10-15T03:46:15.642+0000] {processor.py:208} INFO - Processing /opt/airflow/dags/insert_items.py took 0.726 seconds
[2024-10-15T03:46:45.877+0000] {processor.py:186} INFO - Started process (PID=60) to work on /opt/airflow/dags/insert_items.py
[2024-10-15T03:46:45.879+0000] {processor.py:914} INFO - Processing file /opt/airflow/dags/insert_items.py for tasks to queue
[2024-10-15T03:46:45.887+0000] {logging_mixin.py:190} INFO - [2024-10-15T03:46:45.886+0000] {dagbag.py:588} INFO - Filling up the DagBag from /opt/airflow/dags/insert_items.py
[2024-10-15T03:46:51.556+0000] {processor.py:925} INFO - DAG(s) 'insert_items' retrieved from /opt/airflow/dags/insert_items.py
[2024-10-15T03:46:51.604+0000] {logging_mixin.py:190} INFO - [2024-10-15T03:46:51.600+0000] {dag.py:3239} INFO - Sync 1 DAGs
[2024-10-15T03:46:51.650+0000] {logging_mixin.py:190} INFO - [2024-10-15T03:46:51.649+0000] {dag.py:4180} INFO - Setting next_dagrun for insert_items to 2024-10-15 03:35:00+00:00, run_after=2024-10-15 04:05:00+00:00
[2024-10-15T03:46:51.675+0000] {processor.py:208} INFO - Processing /opt/airflow/dags/insert_items.py took 5.808 seconds
[2024-10-15T03:47:22.252+0000] {processor.py:186} INFO - Started process (PID=67) to work on /opt/airflow/dags/insert_items.py
[2024-10-15T03:47:22.255+0000] {processor.py:914} INFO - Processing file /opt/airflow/dags/insert_items.py for tasks to queue
[2024-10-15T03:47:22.266+0000] {logging_mixin.py:190} INFO - [2024-10-15T03:47:22.265+0000] {dagbag.py:588} INFO - Filling up the DagBag from /opt/airflow/dags/insert_items.py
[2024-10-15T03:47:23.342+0000] {processor.py:925} INFO - DAG(s) 'insert_items' retrieved from /opt/airflow/dags/insert_items.py
[2024-10-15T03:47:23.374+0000] {logging_mixin.py:190} INFO - [2024-10-15T03:47:23.374+0000] {dag.py:3239} INFO - Sync 1 DAGs
[2024-10-15T03:47:23.390+0000] {logging_mixin.py:190} INFO - [2024-10-15T03:47:23.390+0000] {dag.py:4180} INFO - Setting next_dagrun for insert_items to 2024-10-15 03:35:00+00:00, run_after=2024-10-15 04:05:00+00:00
[2024-10-15T03:47:23.400+0000] {processor.py:208} INFO - Processing /opt/airflow/dags/insert_items.py took 1.194 seconds
[2024-10-15T03:47:54.171+0000] {processor.py:186} INFO - Started process (PID=75) to work on /opt/airflow/dags/insert_items.py
[2024-10-15T03:47:54.174+0000] {processor.py:914} INFO - Processing file /opt/airflow/dags/insert_items.py for tasks to queue
[2024-10-15T03:47:54.182+0000] {logging_mixin.py:190} INFO - [2024-10-15T03:47:54.181+0000] {dagbag.py:588} INFO - Filling up the DagBag from /opt/airflow/dags/insert_items.py
[2024-10-15T03:47:56.053+0000] {processor.py:925} INFO - DAG(s) 'insert_items' retrieved from /opt/airflow/dags/insert_items.py
[2024-10-15T03:47:56.092+0000] {logging_mixin.py:190} INFO - [2024-10-15T03:47:56.092+0000] {dag.py:3239} INFO - Sync 1 DAGs
[2024-10-15T03:47:56.143+0000] {logging_mixin.py:190} INFO - [2024-10-15T03:47:56.142+0000] {dag.py:4180} INFO - Setting next_dagrun for insert_items to 2024-10-15 03:35:00+00:00, run_after=2024-10-15 04:05:00+00:00
[2024-10-15T03:47:56.178+0000] {processor.py:208} INFO - Processing /opt/airflow/dags/insert_items.py took 2.022 seconds
[2024-10-15T03:48:27.211+0000] {processor.py:186} INFO - Started process (PID=83) to work on /opt/airflow/dags/insert_items.py
[2024-10-15T03:48:27.214+0000] {processor.py:914} INFO - Processing file /opt/airflow/dags/insert_items.py for tasks to queue
[2024-10-15T03:48:27.228+0000] {logging_mixin.py:190} INFO - [2024-10-15T03:48:27.227+0000] {dagbag.py:588} INFO - Filling up the DagBag from /opt/airflow/dags/insert_items.py
[2024-10-15T03:48:28.086+0000] {processor.py:925} INFO - DAG(s) 'insert_items' retrieved from /opt/airflow/dags/insert_items.py
[2024-10-15T03:48:28.115+0000] {logging_mixin.py:190} INFO - [2024-10-15T03:48:28.115+0000] {dag.py:3239} INFO - Sync 1 DAGs
[2024-10-15T03:48:28.131+0000] {logging_mixin.py:190} INFO - [2024-10-15T03:48:28.131+0000] {dag.py:4180} INFO - Setting next_dagrun for insert_items to 2024-10-15 03:35:00+00:00, run_after=2024-10-15 04:05:00+00:00
[2024-10-15T03:48:28.144+0000] {processor.py:208} INFO - Processing /opt/airflow/dags/insert_items.py took 0.960 seconds
[2024-10-15T03:48:58.953+0000] {processor.py:186} INFO - Started process (PID=91) to work on /opt/airflow/dags/insert_items.py
[2024-10-15T03:48:58.955+0000] {processor.py:914} INFO - Processing file /opt/airflow/dags/insert_items.py for tasks to queue
[2024-10-15T03:48:58.961+0000] {logging_mixin.py:190} INFO - [2024-10-15T03:48:58.960+0000] {dagbag.py:588} INFO - Filling up the DagBag from /opt/airflow/dags/insert_items.py
[2024-10-15T03:48:59.545+0000] {processor.py:925} INFO - DAG(s) 'insert_items' retrieved from /opt/airflow/dags/insert_items.py
[2024-10-15T03:48:59.573+0000] {logging_mixin.py:190} INFO - [2024-10-15T03:48:59.572+0000] {dag.py:3239} INFO - Sync 1 DAGs
[2024-10-15T03:48:59.590+0000] {logging_mixin.py:190} INFO - [2024-10-15T03:48:59.590+0000] {dag.py:4180} INFO - Setting next_dagrun for insert_items to 2024-10-15 03:35:00+00:00, run_after=2024-10-15 04:05:00+00:00
[2024-10-15T03:48:59.600+0000] {processor.py:208} INFO - Processing /opt/airflow/dags/insert_items.py took 0.655 seconds
[2024-10-15T03:49:30.182+0000] {processor.py:186} INFO - Started process (PID=98) to work on /opt/airflow/dags/insert_items.py
[2024-10-15T03:49:30.184+0000] {processor.py:914} INFO - Processing file /opt/airflow/dags/insert_items.py for tasks to queue
[2024-10-15T03:49:30.192+0000] {logging_mixin.py:190} INFO - [2024-10-15T03:49:30.191+0000] {dagbag.py:588} INFO - Filling up the DagBag from /opt/airflow/dags/insert_items.py
[2024-10-15T03:49:30.894+0000] {processor.py:925} INFO - DAG(s) 'insert_items' retrieved from /opt/airflow/dags/insert_items.py
[2024-10-15T03:49:30.921+0000] {logging_mixin.py:190} INFO - [2024-10-15T03:49:30.920+0000] {dag.py:3239} INFO - Sync 1 DAGs
[2024-10-15T03:49:30.951+0000] {logging_mixin.py:190} INFO - [2024-10-15T03:49:30.951+0000] {dag.py:4180} INFO - Setting next_dagrun for insert_items to 2024-10-15 03:35:00+00:00, run_after=2024-10-15 04:05:00+00:00
[2024-10-15T03:49:30.984+0000] {processor.py:208} INFO - Processing /opt/airflow/dags/insert_items.py took 0.821 seconds
[2024-10-15T03:50:01.696+0000] {processor.py:186} INFO - Started process (PID=105) to work on /opt/airflow/dags/insert_items.py
[2024-10-15T03:50:01.697+0000] {processor.py:914} INFO - Processing file /opt/airflow/dags/insert_items.py for tasks to queue
[2024-10-15T03:50:01.700+0000] {logging_mixin.py:190} INFO - [2024-10-15T03:50:01.700+0000] {dagbag.py:588} INFO - Filling up the DagBag from /opt/airflow/dags/insert_items.py
[2024-10-15T03:50:02.231+0000] {processor.py:925} INFO - DAG(s) 'insert_items' retrieved from /opt/airflow/dags/insert_items.py
[2024-10-15T03:50:02.251+0000] {logging_mixin.py:190} INFO - [2024-10-15T03:50:02.250+0000] {dag.py:3239} INFO - Sync 1 DAGs
[2024-10-15T03:50:02.264+0000] {logging_mixin.py:190} INFO - [2024-10-15T03:50:02.264+0000] {dag.py:4180} INFO - Setting next_dagrun for insert_items to 2024-10-15 03:35:00+00:00, run_after=2024-10-15 04:05:00+00:00
[2024-10-15T03:50:02.272+0000] {processor.py:208} INFO - Processing /opt/airflow/dags/insert_items.py took 0.583 seconds
[2024-10-15T03:50:32.993+0000] {processor.py:186} INFO - Started process (PID=113) to work on /opt/airflow/dags/insert_items.py
[2024-10-15T03:50:32.995+0000] {processor.py:914} INFO - Processing file /opt/airflow/dags/insert_items.py for tasks to queue
[2024-10-15T03:50:33.024+0000] {logging_mixin.py:190} INFO - [2024-10-15T03:50:33.022+0000] {dagbag.py:588} INFO - Filling up the DagBag from /opt/airflow/dags/insert_items.py
[2024-10-15T03:50:34.545+0000] {processor.py:925} INFO - DAG(s) 'insert_items' retrieved from /opt/airflow/dags/insert_items.py
[2024-10-15T03:50:34.572+0000] {logging_mixin.py:190} INFO - [2024-10-15T03:50:34.571+0000] {dag.py:3239} INFO - Sync 1 DAGs
[2024-10-15T03:50:34.597+0000] {logging_mixin.py:190} INFO - [2024-10-15T03:50:34.596+0000] {dag.py:4180} INFO - Setting next_dagrun for insert_items to 2024-10-15 03:35:00+00:00, run_after=2024-10-15 04:05:00+00:00
[2024-10-15T03:50:34.607+0000] {processor.py:208} INFO - Processing /opt/airflow/dags/insert_items.py took 1.689 seconds
[2024-10-15T03:51:04.721+0000] {processor.py:186} INFO - Started process (PID=126) to work on /opt/airflow/dags/insert_items.py
[2024-10-15T03:51:04.722+0000] {processor.py:914} INFO - Processing file /opt/airflow/dags/insert_items.py for tasks to queue
[2024-10-15T03:51:04.726+0000] {logging_mixin.py:190} INFO - [2024-10-15T03:51:04.725+0000] {dagbag.py:588} INFO - Filling up the DagBag from /opt/airflow/dags/insert_items.py
[2024-10-15T03:51:05.376+0000] {processor.py:925} INFO - DAG(s) 'insert_items' retrieved from /opt/airflow/dags/insert_items.py
[2024-10-15T03:51:05.393+0000] {logging_mixin.py:190} INFO - [2024-10-15T03:51:05.393+0000] {dag.py:3239} INFO - Sync 1 DAGs
[2024-10-15T03:51:05.406+0000] {logging_mixin.py:190} INFO - [2024-10-15T03:51:05.406+0000] {dag.py:4180} INFO - Setting next_dagrun for insert_items to 2024-10-15 03:35:00+00:00, run_after=2024-10-15 04:05:00+00:00
[2024-10-15T03:51:05.414+0000] {processor.py:208} INFO - Processing /opt/airflow/dags/insert_items.py took 0.700 seconds
[2024-10-15T03:51:35.643+0000] {processor.py:186} INFO - Started process (PID=134) to work on /opt/airflow/dags/insert_items.py
[2024-10-15T03:51:35.644+0000] {processor.py:914} INFO - Processing file /opt/airflow/dags/insert_items.py for tasks to queue
[2024-10-15T03:51:35.648+0000] {logging_mixin.py:190} INFO - [2024-10-15T03:51:35.648+0000] {dagbag.py:588} INFO - Filling up the DagBag from /opt/airflow/dags/insert_items.py
[2024-10-15T03:51:36.236+0000] {processor.py:925} INFO - DAG(s) 'insert_items' retrieved from /opt/airflow/dags/insert_items.py
[2024-10-15T03:51:36.264+0000] {logging_mixin.py:190} INFO - [2024-10-15T03:51:36.263+0000] {dag.py:3239} INFO - Sync 1 DAGs
[2024-10-15T03:51:36.290+0000] {logging_mixin.py:190} INFO - [2024-10-15T03:51:36.290+0000] {dag.py:4180} INFO - Setting next_dagrun for insert_items to 2024-10-15 03:35:00+00:00, run_after=2024-10-15 04:05:00+00:00
[2024-10-15T03:51:36.303+0000] {processor.py:208} INFO - Processing /opt/airflow/dags/insert_items.py took 0.668 seconds
[2024-10-15T03:52:06.947+0000] {processor.py:186} INFO - Started process (PID=142) to work on /opt/airflow/dags/insert_items.py
[2024-10-15T03:52:06.949+0000] {processor.py:914} INFO - Processing file /opt/airflow/dags/insert_items.py for tasks to queue
[2024-10-15T03:52:06.954+0000] {logging_mixin.py:190} INFO - [2024-10-15T03:52:06.953+0000] {dagbag.py:588} INFO - Filling up the DagBag from /opt/airflow/dags/insert_items.py
[2024-10-15T03:52:08.469+0000] {processor.py:925} INFO - DAG(s) 'insert_items' retrieved from /opt/airflow/dags/insert_items.py
[2024-10-15T03:52:08.511+0000] {logging_mixin.py:190} INFO - [2024-10-15T03:52:08.511+0000] {dag.py:3239} INFO - Sync 1 DAGs
[2024-10-15T03:52:08.532+0000] {logging_mixin.py:190} INFO - [2024-10-15T03:52:08.532+0000] {dag.py:4180} INFO - Setting next_dagrun for insert_items to 2024-10-15 03:35:00+00:00, run_after=2024-10-15 04:05:00+00:00
[2024-10-15T03:52:08.545+0000] {processor.py:208} INFO - Processing /opt/airflow/dags/insert_items.py took 1.609 seconds
[2024-10-15T03:52:39.475+0000] {processor.py:186} INFO - Started process (PID=150) to work on /opt/airflow/dags/insert_items.py
[2024-10-15T03:52:39.477+0000] {processor.py:914} INFO - Processing file /opt/airflow/dags/insert_items.py for tasks to queue
[2024-10-15T03:52:39.488+0000] {logging_mixin.py:190} INFO - [2024-10-15T03:52:39.486+0000] {dagbag.py:588} INFO - Filling up the DagBag from /opt/airflow/dags/insert_items.py
[2024-10-15T03:52:40.630+0000] {processor.py:925} INFO - DAG(s) 'insert_items' retrieved from /opt/airflow/dags/insert_items.py
[2024-10-15T03:52:40.655+0000] {logging_mixin.py:190} INFO - [2024-10-15T03:52:40.655+0000] {dag.py:3239} INFO - Sync 1 DAGs
[2024-10-15T03:52:40.674+0000] {logging_mixin.py:190} INFO - [2024-10-15T03:52:40.674+0000] {dag.py:4180} INFO - Setting next_dagrun for insert_items to 2024-10-15 03:35:00+00:00, run_after=2024-10-15 04:05:00+00:00
[2024-10-15T03:52:40.684+0000] {processor.py:208} INFO - Processing /opt/airflow/dags/insert_items.py took 1.247 seconds
[2024-10-15T03:53:11.121+0000] {processor.py:186} INFO - Started process (PID=158) to work on /opt/airflow/dags/insert_items.py
[2024-10-15T03:53:11.123+0000] {processor.py:914} INFO - Processing file /opt/airflow/dags/insert_items.py for tasks to queue
[2024-10-15T03:53:11.127+0000] {logging_mixin.py:190} INFO - [2024-10-15T03:53:11.126+0000] {dagbag.py:588} INFO - Filling up the DagBag from /opt/airflow/dags/insert_items.py
[2024-10-15T03:53:11.673+0000] {processor.py:925} INFO - DAG(s) 'insert_items' retrieved from /opt/airflow/dags/insert_items.py
[2024-10-15T03:53:11.693+0000] {logging_mixin.py:190} INFO - [2024-10-15T03:53:11.692+0000] {dag.py:3239} INFO - Sync 1 DAGs
[2024-10-15T03:53:11.705+0000] {logging_mixin.py:190} INFO - [2024-10-15T03:53:11.705+0000] {dag.py:4180} INFO - Setting next_dagrun for insert_items to 2024-10-15 03:35:00+00:00, run_after=2024-10-15 04:05:00+00:00
[2024-10-15T03:53:11.713+0000] {processor.py:208} INFO - Processing /opt/airflow/dags/insert_items.py took 0.603 seconds
[2024-10-15T03:53:42.716+0000] {processor.py:186} INFO - Started process (PID=166) to work on /opt/airflow/dags/insert_items.py
[2024-10-15T03:53:42.718+0000] {processor.py:914} INFO - Processing file /opt/airflow/dags/insert_items.py for tasks to queue
[2024-10-15T03:53:42.723+0000] {logging_mixin.py:190} INFO - [2024-10-15T03:53:42.722+0000] {dagbag.py:588} INFO - Filling up the DagBag from /opt/airflow/dags/insert_items.py
[2024-10-15T03:53:43.401+0000] {processor.py:925} INFO - DAG(s) 'insert_items' retrieved from /opt/airflow/dags/insert_items.py
[2024-10-15T03:53:43.434+0000] {logging_mixin.py:190} INFO - [2024-10-15T03:53:43.433+0000] {dag.py:3239} INFO - Sync 1 DAGs
[2024-10-15T03:53:43.452+0000] {logging_mixin.py:190} INFO - [2024-10-15T03:53:43.452+0000] {dag.py:4180} INFO - Setting next_dagrun for insert_items to 2024-10-15 03:35:00+00:00, run_after=2024-10-15 04:05:00+00:00
[2024-10-15T03:53:43.463+0000] {processor.py:208} INFO - Processing /opt/airflow/dags/insert_items.py took 0.759 seconds
[2024-10-15T03:54:14.175+0000] {processor.py:186} INFO - Started process (PID=174) to work on /opt/airflow/dags/insert_items.py
[2024-10-15T03:54:14.178+0000] {processor.py:914} INFO - Processing file /opt/airflow/dags/insert_items.py for tasks to queue
[2024-10-15T03:54:14.186+0000] {logging_mixin.py:190} INFO - [2024-10-15T03:54:14.185+0000] {dagbag.py:588} INFO - Filling up the DagBag from /opt/airflow/dags/insert_items.py
[2024-10-15T03:54:14.734+0000] {processor.py:925} INFO - DAG(s) 'insert_items' retrieved from /opt/airflow/dags/insert_items.py
[2024-10-15T03:54:14.755+0000] {logging_mixin.py:190} INFO - [2024-10-15T03:54:14.755+0000] {dag.py:3239} INFO - Sync 1 DAGs
[2024-10-15T03:54:14.767+0000] {logging_mixin.py:190} INFO - [2024-10-15T03:54:14.767+0000] {dag.py:4180} INFO - Setting next_dagrun for insert_items to 2024-10-15 03:35:00+00:00, run_after=2024-10-15 04:05:00+00:00
[2024-10-15T03:54:14.776+0000] {processor.py:208} INFO - Processing /opt/airflow/dags/insert_items.py took 0.616 seconds
[2024-10-15T03:54:45.431+0000] {processor.py:186} INFO - Started process (PID=182) to work on /opt/airflow/dags/insert_items.py
[2024-10-15T03:54:45.435+0000] {processor.py:914} INFO - Processing file /opt/airflow/dags/insert_items.py for tasks to queue
[2024-10-15T03:54:45.440+0000] {logging_mixin.py:190} INFO - [2024-10-15T03:54:45.439+0000] {dagbag.py:588} INFO - Filling up the DagBag from /opt/airflow/dags/insert_items.py
[2024-10-15T03:54:45.924+0000] {processor.py:925} INFO - DAG(s) 'insert_items' retrieved from /opt/airflow/dags/insert_items.py
[2024-10-15T03:54:45.943+0000] {logging_mixin.py:190} INFO - [2024-10-15T03:54:45.943+0000] {dag.py:3239} INFO - Sync 1 DAGs
[2024-10-15T03:54:45.954+0000] {logging_mixin.py:190} INFO - [2024-10-15T03:54:45.954+0000] {dag.py:4180} INFO - Setting next_dagrun for insert_items to 2024-10-15 03:35:00+00:00, run_after=2024-10-15 04:05:00+00:00
[2024-10-15T03:54:45.963+0000] {processor.py:208} INFO - Processing /opt/airflow/dags/insert_items.py took 0.546 seconds
[2024-10-15T03:56:19.959+0000] {processor.py:186} INFO - Started process (PID=31) to work on /opt/airflow/dags/insert_items.py
[2024-10-15T03:56:19.989+0000] {processor.py:914} INFO - Processing file /opt/airflow/dags/insert_items.py for tasks to queue
[2024-10-15T03:56:20.139+0000] {logging_mixin.py:190} INFO - [2024-10-15T03:56:20.130+0000] {dagbag.py:588} INFO - Filling up the DagBag from /opt/airflow/dags/insert_items.py
[2024-10-15T03:56:38.619+0000] {processor.py:925} INFO - DAG(s) 'insert_items' retrieved from /opt/airflow/dags/insert_items.py
[2024-10-15T03:56:39.318+0000] {logging_mixin.py:190} INFO - [2024-10-15T03:56:39.303+0000] {dag.py:3239} INFO - Sync 1 DAGs
[2024-10-15T03:56:39.589+0000] {logging_mixin.py:190} INFO - [2024-10-15T03:56:39.588+0000] {dag.py:4180} INFO - Setting next_dagrun for insert_items to 2024-10-15 03:35:00+00:00, run_after=2024-10-15 04:05:00+00:00
[2024-10-15T03:56:39.686+0000] {processor.py:208} INFO - Processing /opt/airflow/dags/insert_items.py took 19.800 seconds
[2024-10-15T03:57:10.759+0000] {processor.py:186} INFO - Started process (PID=43) to work on /opt/airflow/dags/insert_items.py
[2024-10-15T03:57:11.114+0000] {processor.py:914} INFO - Processing file /opt/airflow/dags/insert_items.py for tasks to queue
[2024-10-15T03:57:11.520+0000] {logging_mixin.py:190} INFO - [2024-10-15T03:57:11.512+0000] {dagbag.py:588} INFO - Filling up the DagBag from /opt/airflow/dags/insert_items.py
[2024-10-15T03:57:23.352+0000] {processor.py:925} INFO - DAG(s) 'insert_items' retrieved from /opt/airflow/dags/insert_items.py
[2024-10-15T03:57:23.591+0000] {logging_mixin.py:190} INFO - [2024-10-15T03:57:23.585+0000] {dag.py:3239} INFO - Sync 1 DAGs
[2024-10-15T03:57:23.653+0000] {logging_mixin.py:190} INFO - [2024-10-15T03:57:23.653+0000] {dag.py:4180} INFO - Setting next_dagrun for insert_items to 2024-10-15 03:35:00+00:00, run_after=2024-10-15 04:05:00+00:00
[2024-10-15T03:57:23.703+0000] {processor.py:208} INFO - Processing /opt/airflow/dags/insert_items.py took 13.314 seconds
[2024-10-15T03:57:54.624+0000] {processor.py:186} INFO - Started process (PID=57) to work on /opt/airflow/dags/insert_items.py
[2024-10-15T03:57:54.654+0000] {processor.py:914} INFO - Processing file /opt/airflow/dags/insert_items.py for tasks to queue
[2024-10-15T03:57:54.789+0000] {logging_mixin.py:190} INFO - [2024-10-15T03:57:54.778+0000] {dagbag.py:588} INFO - Filling up the DagBag from /opt/airflow/dags/insert_items.py
[2024-10-15T03:57:59.410+0000] {processor.py:925} INFO - DAG(s) 'insert_items' retrieved from /opt/airflow/dags/insert_items.py
[2024-10-15T03:57:59.455+0000] {logging_mixin.py:190} INFO - [2024-10-15T03:57:59.454+0000] {dag.py:3239} INFO - Sync 1 DAGs
[2024-10-15T03:57:59.479+0000] {logging_mixin.py:190} INFO - [2024-10-15T03:57:59.478+0000] {dag.py:4180} INFO - Setting next_dagrun for insert_items to 2024-10-15 03:35:00+00:00, run_after=2024-10-15 04:05:00+00:00
[2024-10-15T03:57:59.495+0000] {processor.py:208} INFO - Processing /opt/airflow/dags/insert_items.py took 4.994 seconds
[2024-10-15T03:58:29.925+0000] {processor.py:186} INFO - Started process (PID=65) to work on /opt/airflow/dags/insert_items.py
[2024-10-15T03:58:29.929+0000] {processor.py:914} INFO - Processing file /opt/airflow/dags/insert_items.py for tasks to queue
[2024-10-15T03:58:29.955+0000] {logging_mixin.py:190} INFO - [2024-10-15T03:58:29.953+0000] {dagbag.py:588} INFO - Filling up the DagBag from /opt/airflow/dags/insert_items.py
[2024-10-15T03:58:31.327+0000] {processor.py:925} INFO - DAG(s) 'insert_items' retrieved from /opt/airflow/dags/insert_items.py
[2024-10-15T03:58:31.368+0000] {logging_mixin.py:190} INFO - [2024-10-15T03:58:31.367+0000] {dag.py:3239} INFO - Sync 1 DAGs
[2024-10-15T03:58:31.397+0000] {logging_mixin.py:190} INFO - [2024-10-15T03:58:31.397+0000] {dag.py:4180} INFO - Setting next_dagrun for insert_items to 2024-10-15 03:35:00+00:00, run_after=2024-10-15 04:05:00+00:00
[2024-10-15T03:58:31.409+0000] {processor.py:208} INFO - Processing /opt/airflow/dags/insert_items.py took 1.522 seconds
[2024-10-15T03:59:01.711+0000] {processor.py:186} INFO - Started process (PID=73) to work on /opt/airflow/dags/insert_items.py
[2024-10-15T03:59:01.714+0000] {processor.py:914} INFO - Processing file /opt/airflow/dags/insert_items.py for tasks to queue
[2024-10-15T03:59:01.723+0000] {logging_mixin.py:190} INFO - [2024-10-15T03:59:01.722+0000] {dagbag.py:588} INFO - Filling up the DagBag from /opt/airflow/dags/insert_items.py
[2024-10-15T03:59:03.740+0000] {processor.py:925} INFO - DAG(s) 'insert_items' retrieved from /opt/airflow/dags/insert_items.py
[2024-10-15T03:59:03.757+0000] {logging_mixin.py:190} INFO - [2024-10-15T03:59:03.757+0000] {dag.py:3239} INFO - Sync 1 DAGs
[2024-10-15T03:59:03.771+0000] {logging_mixin.py:190} INFO - [2024-10-15T03:59:03.771+0000] {dag.py:4180} INFO - Setting next_dagrun for insert_items to 2024-10-15 03:35:00+00:00, run_after=2024-10-15 04:05:00+00:00
[2024-10-15T03:59:03.781+0000] {processor.py:208} INFO - Processing /opt/airflow/dags/insert_items.py took 2.097 seconds
[2024-10-15T03:59:34.518+0000] {processor.py:186} INFO - Started process (PID=81) to work on /opt/airflow/dags/insert_items.py
[2024-10-15T03:59:34.522+0000] {processor.py:914} INFO - Processing file /opt/airflow/dags/insert_items.py for tasks to queue
[2024-10-15T03:59:34.530+0000] {logging_mixin.py:190} INFO - [2024-10-15T03:59:34.529+0000] {dagbag.py:588} INFO - Filling up the DagBag from /opt/airflow/dags/insert_items.py
[2024-10-15T03:59:36.575+0000] {processor.py:925} INFO - DAG(s) 'insert_items' retrieved from /opt/airflow/dags/insert_items.py
[2024-10-15T03:59:36.704+0000] {logging_mixin.py:190} INFO - [2024-10-15T03:59:36.703+0000] {dag.py:3239} INFO - Sync 1 DAGs
[2024-10-15T03:59:36.792+0000] {logging_mixin.py:190} INFO - [2024-10-15T03:59:36.792+0000] {dag.py:4180} INFO - Setting next_dagrun for insert_items to 2024-10-15 03:35:00+00:00, run_after=2024-10-15 04:05:00+00:00
[2024-10-15T03:59:36.821+0000] {processor.py:208} INFO - Processing /opt/airflow/dags/insert_items.py took 2.322 seconds
[2024-10-15T04:01:13.273+0000] {processor.py:186} INFO - Started process (PID=42) to work on /opt/airflow/dags/insert_items.py
[2024-10-15T04:01:13.436+0000] {processor.py:914} INFO - Processing file /opt/airflow/dags/insert_items.py for tasks to queue
[2024-10-15T04:01:13.592+0000] {logging_mixin.py:190} INFO - [2024-10-15T04:01:13.585+0000] {dagbag.py:588} INFO - Filling up the DagBag from /opt/airflow/dags/insert_items.py
[2024-10-15T04:01:28.712+0000] {processor.py:925} INFO - DAG(s) 'insert_items' retrieved from /opt/airflow/dags/insert_items.py
[2024-10-15T04:01:29.024+0000] {logging_mixin.py:190} INFO - [2024-10-15T04:01:29.022+0000] {dag.py:3239} INFO - Sync 1 DAGs
[2024-10-15T04:01:29.609+0000] {logging_mixin.py:190} INFO - [2024-10-15T04:01:29.605+0000] {dag.py:4180} INFO - Setting next_dagrun for insert_items to 2024-10-15 03:35:00+00:00, run_after=2024-10-15 04:05:00+00:00
[2024-10-15T04:01:29.910+0000] {processor.py:208} INFO - Processing /opt/airflow/dags/insert_items.py took 16.736 seconds
[2024-10-15T04:02:00.961+0000] {processor.py:186} INFO - Started process (PID=56) to work on /opt/airflow/dags/insert_items.py
[2024-10-15T04:02:00.990+0000] {processor.py:914} INFO - Processing file /opt/airflow/dags/insert_items.py for tasks to queue
[2024-10-15T04:02:01.136+0000] {logging_mixin.py:190} INFO - [2024-10-15T04:02:01.123+0000] {dagbag.py:588} INFO - Filling up the DagBag from /opt/airflow/dags/insert_items.py
[2024-10-15T04:02:15.448+0000] {processor.py:925} INFO - DAG(s) 'insert_items' retrieved from /opt/airflow/dags/insert_items.py
[2024-10-15T04:02:15.861+0000] {logging_mixin.py:190} INFO - [2024-10-15T04:02:15.855+0000] {dag.py:3239} INFO - Sync 1 DAGs
[2024-10-15T04:02:15.984+0000] {logging_mixin.py:190} INFO - [2024-10-15T04:02:15.984+0000] {dag.py:4180} INFO - Setting next_dagrun for insert_items to 2024-10-15 03:35:00+00:00, run_after=2024-10-15 04:05:00+00:00
[2024-10-15T04:02:16.057+0000] {processor.py:208} INFO - Processing /opt/airflow/dags/insert_items.py took 15.243 seconds
[2024-10-15T04:02:46.666+0000] {processor.py:186} INFO - Started process (PID=64) to work on /opt/airflow/dags/insert_items.py
[2024-10-15T04:02:46.676+0000] {processor.py:914} INFO - Processing file /opt/airflow/dags/insert_items.py for tasks to queue
[2024-10-15T04:02:46.700+0000] {logging_mixin.py:190} INFO - [2024-10-15T04:02:46.696+0000] {dagbag.py:588} INFO - Filling up the DagBag from /opt/airflow/dags/insert_items.py
[2024-10-15T04:02:48.935+0000] {processor.py:925} INFO - DAG(s) 'insert_items' retrieved from /opt/airflow/dags/insert_items.py
[2024-10-15T04:02:48.976+0000] {logging_mixin.py:190} INFO - [2024-10-15T04:02:48.975+0000] {dag.py:3239} INFO - Sync 1 DAGs
[2024-10-15T04:02:48.994+0000] {logging_mixin.py:190} INFO - [2024-10-15T04:02:48.994+0000] {dag.py:4180} INFO - Setting next_dagrun for insert_items to 2024-10-15 03:35:00+00:00, run_after=2024-10-15 04:05:00+00:00
[2024-10-15T04:02:49.005+0000] {processor.py:208} INFO - Processing /opt/airflow/dags/insert_items.py took 2.376 seconds
[2024-10-15T04:03:19.716+0000] {processor.py:186} INFO - Started process (PID=72) to work on /opt/airflow/dags/insert_items.py
[2024-10-15T04:03:19.720+0000] {processor.py:914} INFO - Processing file /opt/airflow/dags/insert_items.py for tasks to queue
[2024-10-15T04:03:19.756+0000] {logging_mixin.py:190} INFO - [2024-10-15T04:03:19.754+0000] {dagbag.py:588} INFO - Filling up the DagBag from /opt/airflow/dags/insert_items.py
[2024-10-15T04:03:21.363+0000] {processor.py:925} INFO - DAG(s) 'insert_items' retrieved from /opt/airflow/dags/insert_items.py
[2024-10-15T04:03:21.391+0000] {logging_mixin.py:190} INFO - [2024-10-15T04:03:21.391+0000] {dag.py:3239} INFO - Sync 1 DAGs
[2024-10-15T04:03:21.407+0000] {logging_mixin.py:190} INFO - [2024-10-15T04:03:21.407+0000] {dag.py:4180} INFO - Setting next_dagrun for insert_items to 2024-10-15 03:35:00+00:00, run_after=2024-10-15 04:05:00+00:00
[2024-10-15T04:03:21.418+0000] {processor.py:208} INFO - Processing /opt/airflow/dags/insert_items.py took 1.757 seconds
[2024-10-15T04:04:20.592+0000] {processor.py:186} INFO - Started process (PID=35) to work on /opt/airflow/dags/insert_items.py
[2024-10-15T04:04:20.604+0000] {processor.py:914} INFO - Processing file /opt/airflow/dags/insert_items.py for tasks to queue
[2024-10-15T04:04:20.632+0000] {logging_mixin.py:190} INFO - [2024-10-15T04:04:20.631+0000] {dagbag.py:588} INFO - Filling up the DagBag from /opt/airflow/dags/insert_items.py
[2024-10-15T04:04:23.628+0000] {processor.py:925} INFO - DAG(s) 'insert_items' retrieved from /opt/airflow/dags/insert_items.py
[2024-10-15T04:04:23.767+0000] {logging_mixin.py:190} INFO - [2024-10-15T04:04:23.766+0000] {dag.py:3239} INFO - Sync 1 DAGs
[2024-10-15T04:04:23.863+0000] {logging_mixin.py:190} INFO - [2024-10-15T04:04:23.863+0000] {dag.py:4180} INFO - Setting next_dagrun for insert_items to 2024-10-15 03:35:00+00:00, run_after=2024-10-15 04:05:00+00:00
[2024-10-15T04:04:23.905+0000] {processor.py:208} INFO - Processing /opt/airflow/dags/insert_items.py took 3.353 seconds
[2024-10-15T04:04:54.190+0000] {processor.py:186} INFO - Started process (PID=43) to work on /opt/airflow/dags/insert_items.py
[2024-10-15T04:04:54.192+0000] {processor.py:914} INFO - Processing file /opt/airflow/dags/insert_items.py for tasks to queue
[2024-10-15T04:04:54.201+0000] {logging_mixin.py:190} INFO - [2024-10-15T04:04:54.199+0000] {dagbag.py:588} INFO - Filling up the DagBag from /opt/airflow/dags/insert_items.py
[2024-10-15T04:04:55.588+0000] {processor.py:925} INFO - DAG(s) 'insert_items' retrieved from /opt/airflow/dags/insert_items.py
[2024-10-15T04:04:55.623+0000] {logging_mixin.py:190} INFO - [2024-10-15T04:04:55.623+0000] {dag.py:3239} INFO - Sync 1 DAGs
[2024-10-15T04:04:55.657+0000] {logging_mixin.py:190} INFO - [2024-10-15T04:04:55.657+0000] {dag.py:4180} INFO - Setting next_dagrun for insert_items to 2024-10-15 03:35:00+00:00, run_after=2024-10-15 04:05:00+00:00
[2024-10-15T04:04:55.670+0000] {processor.py:208} INFO - Processing /opt/airflow/dags/insert_items.py took 1.503 seconds
[2024-10-15T04:05:26.171+0000] {processor.py:186} INFO - Started process (PID=51) to work on /opt/airflow/dags/insert_items.py
[2024-10-15T04:05:26.173+0000] {processor.py:914} INFO - Processing file /opt/airflow/dags/insert_items.py for tasks to queue
[2024-10-15T04:05:26.178+0000] {logging_mixin.py:190} INFO - [2024-10-15T04:05:26.177+0000] {dagbag.py:588} INFO - Filling up the DagBag from /opt/airflow/dags/insert_items.py
[2024-10-15T04:05:26.754+0000] {processor.py:925} INFO - DAG(s) 'insert_items' retrieved from /opt/airflow/dags/insert_items.py
[2024-10-15T04:05:26.768+0000] {logging_mixin.py:190} INFO - [2024-10-15T04:05:26.768+0000] {dag.py:3239} INFO - Sync 1 DAGs
[2024-10-15T04:05:26.779+0000] {logging_mixin.py:190} INFO - [2024-10-15T04:05:26.779+0000] {dag.py:4180} INFO - Setting next_dagrun for insert_items to 2024-10-15 04:05:00+00:00, run_after=2024-10-15 04:35:00+00:00
[2024-10-15T04:05:26.790+0000] {processor.py:208} INFO - Processing /opt/airflow/dags/insert_items.py took 0.633 seconds
[2024-10-15T04:05:57.231+0000] {processor.py:186} INFO - Started process (PID=59) to work on /opt/airflow/dags/insert_items.py
[2024-10-15T04:05:57.236+0000] {processor.py:914} INFO - Processing file /opt/airflow/dags/insert_items.py for tasks to queue
[2024-10-15T04:05:57.246+0000] {logging_mixin.py:190} INFO - [2024-10-15T04:05:57.245+0000] {dagbag.py:588} INFO - Filling up the DagBag from /opt/airflow/dags/insert_items.py
[2024-10-15T04:05:57.931+0000] {processor.py:925} INFO - DAG(s) 'insert_items' retrieved from /opt/airflow/dags/insert_items.py
[2024-10-15T04:05:57.948+0000] {logging_mixin.py:190} INFO - [2024-10-15T04:05:57.947+0000] {dag.py:3239} INFO - Sync 1 DAGs
[2024-10-15T04:05:57.959+0000] {logging_mixin.py:190} INFO - [2024-10-15T04:05:57.959+0000] {dag.py:4180} INFO - Setting next_dagrun for insert_items to 2024-10-15 04:05:00+00:00, run_after=2024-10-15 04:35:00+00:00
[2024-10-15T04:05:57.967+0000] {processor.py:208} INFO - Processing /opt/airflow/dags/insert_items.py took 0.754 seconds
[2024-10-15T04:06:28.867+0000] {processor.py:186} INFO - Started process (PID=67) to work on /opt/airflow/dags/insert_items.py
[2024-10-15T04:06:28.871+0000] {processor.py:914} INFO - Processing file /opt/airflow/dags/insert_items.py for tasks to queue
[2024-10-15T04:06:28.897+0000] {logging_mixin.py:190} INFO - [2024-10-15T04:06:28.889+0000] {dagbag.py:588} INFO - Filling up the DagBag from /opt/airflow/dags/insert_items.py
[2024-10-15T04:06:37.533+0000] {processor.py:925} INFO - DAG(s) 'insert_items' retrieved from /opt/airflow/dags/insert_items.py
[2024-10-15T04:06:37.576+0000] {logging_mixin.py:190} INFO - [2024-10-15T04:06:37.576+0000] {dag.py:3239} INFO - Sync 1 DAGs
[2024-10-15T04:06:37.598+0000] {logging_mixin.py:190} INFO - [2024-10-15T04:06:37.598+0000] {dag.py:4180} INFO - Setting next_dagrun for insert_items to 2024-10-15 04:05:00+00:00, run_after=2024-10-15 04:35:00+00:00
[2024-10-15T04:06:37.614+0000] {processor.py:208} INFO - Processing /opt/airflow/dags/insert_items.py took 8.772 seconds
[2024-10-15T04:07:07.907+0000] {processor.py:186} INFO - Started process (PID=75) to work on /opt/airflow/dags/insert_items.py
[2024-10-15T04:07:07.911+0000] {processor.py:914} INFO - Processing file /opt/airflow/dags/insert_items.py for tasks to queue
[2024-10-15T04:07:07.923+0000] {logging_mixin.py:190} INFO - [2024-10-15T04:07:07.920+0000] {dagbag.py:588} INFO - Filling up the DagBag from /opt/airflow/dags/insert_items.py
[2024-10-15T04:07:09.242+0000] {processor.py:925} INFO - DAG(s) 'insert_items' retrieved from /opt/airflow/dags/insert_items.py
[2024-10-15T04:07:09.262+0000] {logging_mixin.py:190} INFO - [2024-10-15T04:07:09.261+0000] {dag.py:3239} INFO - Sync 1 DAGs
[2024-10-15T04:07:09.287+0000] {logging_mixin.py:190} INFO - [2024-10-15T04:07:09.286+0000] {dag.py:4180} INFO - Setting next_dagrun for insert_items to 2024-10-15 04:05:00+00:00, run_after=2024-10-15 04:35:00+00:00
[2024-10-15T04:07:09.298+0000] {processor.py:208} INFO - Processing /opt/airflow/dags/insert_items.py took 1.425 seconds
[2024-10-15T04:07:39.870+0000] {processor.py:186} INFO - Started process (PID=83) to work on /opt/airflow/dags/insert_items.py
[2024-10-15T04:07:39.873+0000] {processor.py:914} INFO - Processing file /opt/airflow/dags/insert_items.py for tasks to queue
[2024-10-15T04:07:39.880+0000] {logging_mixin.py:190} INFO - [2024-10-15T04:07:39.879+0000] {dagbag.py:588} INFO - Filling up the DagBag from /opt/airflow/dags/insert_items.py
[2024-10-15T04:07:41.739+0000] {processor.py:925} INFO - DAG(s) 'insert_items' retrieved from /opt/airflow/dags/insert_items.py
[2024-10-15T04:07:41.855+0000] {logging_mixin.py:190} INFO - [2024-10-15T04:07:41.854+0000] {dag.py:3239} INFO - Sync 1 DAGs
[2024-10-15T04:07:41.943+0000] {logging_mixin.py:190} INFO - [2024-10-15T04:07:41.942+0000] {dag.py:4180} INFO - Setting next_dagrun for insert_items to 2024-10-15 04:05:00+00:00, run_after=2024-10-15 04:35:00+00:00
[2024-10-15T04:07:41.986+0000] {processor.py:208} INFO - Processing /opt/airflow/dags/insert_items.py took 2.150 seconds
