[2024-10-18T03:43:04.472+0000] {local_task_job_runner.py:123} INFO - ::group::Pre task execution logs
[2024-10-18T03:43:04.491+0000] {taskinstance.py:2612} INFO - Dependencies all met for dep_context=non-requeueable deps ti=<TaskInstance: insert_items.extract_data.create_table_items manual__2024-10-18T03:43:01.619052+00:00 [queued]>
[2024-10-18T03:43:04.511+0000] {taskinstance.py:2612} INFO - Dependencies all met for dep_context=requeueable deps ti=<TaskInstance: insert_items.extract_data.create_table_items manual__2024-10-18T03:43:01.619052+00:00 [queued]>
[2024-10-18T03:43:04.514+0000] {taskinstance.py:2865} INFO - Starting attempt 1 of 2
[2024-10-18T03:43:04.525+0000] {taskinstance.py:2888} INFO - Executing <Task(PostgresOperator): extract_data.create_table_items> on 2024-10-18 03:43:01.619052+00:00
[2024-10-18T03:43:04.537+0000] {warnings.py:112} WARNING - /home/***/.local/lib/python3.12/site-packages/***/task/task_runner/standard_task_runner.py:70: DeprecationWarning: This process (pid=707) is multi-threaded, use of fork() may lead to deadlocks in the child.
  pid = os.fork()

[2024-10-18T03:43:04.543+0000] {standard_task_runner.py:72} INFO - Started process 710 to run task
[2024-10-18T03:43:04.538+0000] {standard_task_runner.py:104} INFO - Running: ['***', 'tasks', 'run', 'insert_items', 'extract_data.create_table_items', 'manual__2024-10-18T03:43:01.619052+00:00', '--job-id', '156', '--raw', '--subdir', 'DAGS_FOLDER/insert_items.py', '--cfg-path', '/tmp/tmpc18ct0_v']
[2024-10-18T03:43:04.550+0000] {standard_task_runner.py:105} INFO - Job 156: Subtask extract_data.create_table_items
[2024-10-18T03:43:04.606+0000] {task_command.py:467} INFO - Running <TaskInstance: insert_items.extract_data.create_table_items manual__2024-10-18T03:43:01.619052+00:00 [running]> on host a414d3516fe8
[2024-10-18T03:43:05.734+0000] {taskinstance.py:3131} INFO - Exporting env vars: AIRFLOW_CTX_DAG_OWNER='mherszage' AIRFLOW_CTX_DAG_ID='insert_items' AIRFLOW_CTX_TASK_ID='extract_data.create_table_items' AIRFLOW_CTX_EXECUTION_DATE='2024-10-18T03:43:01.619052+00:00' AIRFLOW_CTX_TRY_NUMBER='1' AIRFLOW_CTX_DAG_RUN_ID='manual__2024-10-18T03:43:01.619052+00:00'
[2024-10-18T03:43:05.735+0000] {taskinstance.py:731} INFO - ::endgroup::
[2024-10-18T03:43:05.753+0000] {sql.py:266} INFO - Executing: CREATE TABLE IF NOT EXISTS items
(
    id    varchar(256),
    title varchar(256)
);
[2024-10-18T03:43:05.761+0000] {base.py:84} INFO - Retrieving connection 'redshift_default'
[2024-10-18T03:43:05.773+0000] {base.py:84} INFO - Retrieving connection 'redshift_default'
[2024-10-18T03:43:07.328+0000] {sql.py:509} INFO - Running statement: CREATE TABLE IF NOT EXISTS items
(
    id    varchar(256),
    title varchar(256)
);, parameters: None
[2024-10-18T03:43:07.947+0000] {taskinstance.py:340} INFO - ::group::Post task execution logs
[2024-10-18T03:43:07.954+0000] {taskinstance.py:352} INFO - Marking task as SUCCESS. dag_id=insert_items, task_id=extract_data.create_table_items, run_id=manual__2024-10-18T03:43:01.619052+00:00, execution_date=20241018T034301, start_date=20241018T034304, end_date=20241018T034307
[2024-10-18T03:43:08.012+0000] {local_task_job_runner.py:266} INFO - Task exited with return code 0
[2024-10-18T03:43:08.047+0000] {local_task_job_runner.py:245} INFO - ::endgroup::
