[2024-10-16T18:38:46.270+0000] {local_task_job_runner.py:123} INFO - ::group::Pre task execution logs
[2024-10-16T18:38:46.292+0000] {taskinstance.py:2612} INFO - Dependencies all met for dep_context=non-requeueable deps ti=<TaskInstance: insert_items.inserts.insert_items manual__2024-10-16T18:38:43.112564+00:00 [queued]>
[2024-10-16T18:38:46.300+0000] {taskinstance.py:2612} INFO - Dependencies all met for dep_context=requeueable deps ti=<TaskInstance: insert_items.inserts.insert_items manual__2024-10-16T18:38:43.112564+00:00 [queued]>
[2024-10-16T18:38:46.300+0000] {taskinstance.py:2865} INFO - Starting attempt 1 of 2
[2024-10-16T18:38:46.319+0000] {taskinstance.py:2888} INFO - Executing <Task(PythonOperator): inserts.insert_items> on 2024-10-16 18:38:43.112564+00:00
[2024-10-16T18:38:46.341+0000] {warnings.py:112} WARNING - /home/***/.local/lib/python3.12/site-packages/***/task/task_runner/standard_task_runner.py:70: DeprecationWarning: This process (pid=216) is multi-threaded, use of fork() may lead to deadlocks in the child.
  pid = os.fork()

[2024-10-16T18:38:46.347+0000] {standard_task_runner.py:72} INFO - Started process 219 to run task
[2024-10-16T18:38:46.347+0000] {standard_task_runner.py:104} INFO - Running: ['***', 'tasks', 'run', 'insert_items', 'inserts.insert_items', 'manual__2024-10-16T18:38:43.112564+00:00', '--job-id', '60', '--raw', '--subdir', 'DAGS_FOLDER/insert_items.py', '--cfg-path', '/tmp/tmpm6ht0nxh']
[2024-10-16T18:38:46.354+0000] {standard_task_runner.py:105} INFO - Job 60: Subtask inserts.insert_items
[2024-10-16T18:38:46.490+0000] {task_command.py:467} INFO - Running <TaskInstance: insert_items.inserts.insert_items manual__2024-10-16T18:38:43.112564+00:00 [running]> on host 2109dd405c1b
[2024-10-16T18:38:46.730+0000] {taskinstance.py:3131} INFO - Exporting env vars: AIRFLOW_CTX_DAG_OWNER='mherszage' AIRFLOW_CTX_DAG_ID='insert_items' AIRFLOW_CTX_TASK_ID='inserts.insert_items' AIRFLOW_CTX_EXECUTION_DATE='2024-10-16T18:38:43.112564+00:00' AIRFLOW_CTX_TRY_NUMBER='1' AIRFLOW_CTX_DAG_RUN_ID='manual__2024-10-16T18:38:43.112564+00:00'
[2024-10-16T18:38:46.733+0000] {taskinstance.py:731} INFO - ::endgroup::
[2024-10-16T18:38:49.420+0000] {logging_mixin.py:190} INFO - Id: MLA1420542199, Title: Sony Playstation Dualsense Cfi-zct1w Joystick Inalámbrico Midnight Black, Price: 169999
[2024-10-16T18:38:49.980+0000] {logging_mixin.py:190} INFO - Query executed
[2024-10-16T18:38:49.983+0000] {logging_mixin.py:190} INFO - Id: MLA1513783534, Title: Consola Playstation Ps4 1tb God Of War Ragnarok Bundle, Price: 771999
[2024-10-16T18:38:50.320+0000] {logging_mixin.py:190} INFO - Query executed
[2024-10-16T18:38:50.324+0000] {logging_mixin.py:190} INFO - Id: MLA1455028687, Title: Gamepad Redragon Harrow Pro Wireless G808pro Joystick Pc Ps3 Color Negro, Price: 72569
[2024-10-16T18:38:50.657+0000] {logging_mixin.py:190} INFO - Query executed
[2024-10-16T18:38:50.658+0000] {logging_mixin.py:190} INFO - Id: MLA1642598964, Title: Cable Tcon Carga Rapida Joystick Ps4 Usb Solucion Pin Carga, Price: 4001
[2024-10-16T18:38:51.088+0000] {logging_mixin.py:190} INFO - Query executed
[2024-10-16T18:38:51.089+0000] {logging_mixin.py:190} INFO - Id: MLA1413189069, Title: Sony Playstation 5 825gb Standard Color Blanco Y Negro, Price: 1354999
[2024-10-16T18:38:51.602+0000] {logging_mixin.py:190} INFO - Query executed
[2024-10-16T18:38:51.603+0000] {logging_mixin.py:190} INFO - Id: MLA1771013260, Title: Joystick Redragon Saturn G807 Negro, Price: 34288.98
[2024-10-16T18:38:51.969+0000] {logging_mixin.py:190} INFO - Query executed
[2024-10-16T18:38:51.970+0000] {logging_mixin.py:190} INFO - Id: MLA1417840319, Title: Auriculares Bluetooth In-ear F9-5 Negro Inalámbricos, Price: 14240.5
[2024-10-16T18:38:52.315+0000] {logging_mixin.py:190} INFO - Query executed
[2024-10-16T18:38:52.315+0000] {logging_mixin.py:190} INFO - Id: MLA1425634379, Title: Consola Sony Ps4 1tb + Juego God Of War Ragnarok, Price: 657999
[2024-10-16T18:38:52.653+0000] {logging_mixin.py:190} INFO - Query executed
[2024-10-16T18:38:52.656+0000] {logging_mixin.py:190} INFO - Id: MLA1771015420, Title: Joystick Inalámbrico Redragon Harrow G808 Negro, Price: 54608.51
[2024-10-16T18:38:53.034+0000] {logging_mixin.py:190} INFO - Query executed
[2024-10-16T18:38:53.036+0000] {logging_mixin.py:190} INFO - Id: MLA1420491095, Title: Joystick Inalámbrico Dualsense Ps5 Original Cosmic Red, Price: 169999
[2024-10-16T18:38:53.372+0000] {logging_mixin.py:190} INFO - Query executed
[2024-10-16T18:38:53.375+0000] {logging_mixin.py:190} INFO - Id: MLA1869209536, Title: Sony Playstation 5 Slim 1tb Extra Dualsense Controller  Color Blanco 2023, Price: 1649999
[2024-10-16T18:38:53.738+0000] {logging_mixin.py:190} INFO - Query executed
[2024-10-16T18:38:53.738+0000] {logging_mixin.py:190} INFO - Id: MLA1923504016, Title: Auriculares Inalámbricos Jbl Tune 520bt Negro, Price: 106499
[2024-10-16T18:38:54.097+0000] {logging_mixin.py:190} INFO - Query executed
[2024-10-16T18:38:54.098+0000] {logging_mixin.py:190} INFO - Id: MLA1438316301, Title: Consola Ps5 Slim Estándar + Juego Ratchet & Clank Y Returnal Color Blanco, Price: 1519999
[2024-10-16T18:38:54.430+0000] {logging_mixin.py:190} INFO - Query executed
[2024-10-16T18:38:54.432+0000] {logging_mixin.py:190} INFO - Id: MLA1363095617, Title: Joystick Gamer Inalámbrico Netmak 5en1 Pc Ps3 Ps4 Danger Color Negro, Price: 28199
[2024-10-16T18:38:54.761+0000] {logging_mixin.py:190} INFO - Query executed
[2024-10-16T18:38:54.762+0000] {logging_mixin.py:190} INFO - Id: MLA1443618427, Title: Joystick Inalámbrico Compatible Con Pc P3 Mando Color Negro, Price: 14710
[2024-10-16T18:38:55.126+0000] {logging_mixin.py:190} INFO - Query executed
[2024-10-16T18:38:55.130+0000] {logging_mixin.py:190} INFO - Id: MLA1436556685, Title: Nintendo Switch Oled 64gb Standard  Color Neón, Price: 849999
[2024-10-16T18:38:55.478+0000] {logging_mixin.py:190} INFO - Query executed
[2024-10-16T18:38:55.489+0000] {logging_mixin.py:190} INFO - Id: MLA1934620406, Title: Microsoft Xbox 360 Controller For Windows - Usb, Price: 31570
[2024-10-16T18:38:55.831+0000] {logging_mixin.py:190} INFO - Query executed
[2024-10-16T18:38:55.832+0000] {logging_mixin.py:190} INFO - Id: MLA1454525447, Title: Joystick Inalámbrico Sony Playstation Dualshock 4 Ps4 Jet Black, Price: 69999.3
[2024-10-16T18:38:56.271+0000] {logging_mixin.py:190} INFO - Query executed
[2024-10-16T18:38:56.274+0000] {logging_mixin.py:190} INFO - Id: MLA1422452531, Title: Consola Xbox Series S 512gb Digital Blanco, Price: 919999
[2024-10-16T18:38:56.662+0000] {logging_mixin.py:190} INFO - Query executed
[2024-10-16T18:38:56.663+0000] {logging_mixin.py:190} INFO - Id: MLA1932107420, Title: Consola Brick Game 9999 In 1 Standard  Color Rojo 1980, Price: 5999
[2024-10-16T18:38:57.082+0000] {logging_mixin.py:190} INFO - Query executed
[2024-10-16T18:38:57.084+0000] {logging_mixin.py:190} INFO - Id: MLA934064691, Title: Joystick Redragon Saturn G807 Negro, Price: 26999
[2024-10-16T18:38:57.427+0000] {logging_mixin.py:190} INFO - Query executed
[2024-10-16T18:38:57.428+0000] {logging_mixin.py:190} INFO - Id: MLA1426112753, Title: Soporte Base Vertical Para Ps5 Slim Con Rejillas Ventilación, Price: 7139.44
[2024-10-16T18:38:57.776+0000] {logging_mixin.py:190} INFO - Query executed
[2024-10-16T18:38:57.778+0000] {logging_mixin.py:190} INFO - Id: MLA1439039201, Title: Joystick Pc Usb Gamepad Usb-208 Pc Notebook Color Negro, Price: 10499
[2024-10-16T18:38:58.114+0000] {logging_mixin.py:190} INFO - Query executed
[2024-10-16T18:38:58.116+0000] {logging_mixin.py:190} INFO - Id: MLA1723436604, Title: Sony Playstation 5 825gb God Of War Ragnarok Bundle Color Blanco/negro, Price: 1374999
[2024-10-16T18:38:58.458+0000] {logging_mixin.py:190} INFO - Query executed
[2024-10-16T18:38:58.460+0000] {logging_mixin.py:190} INFO - Id: MLA1824905578, Title: Kit 2 Microfonos Inalambricos Boya By-v20  2.4ghz Usb Tipo C Color Negro, Price: 135000
[2024-10-16T18:38:58.810+0000] {logging_mixin.py:190} INFO - Query executed
[2024-10-16T18:38:58.811+0000] {logging_mixin.py:190} INFO - Id: MLA1918224392, Title: Consola Noga Dos Joystick Y Pistola Ng-fg01 8bit Color Negro, Price: 27999
[2024-10-16T18:38:59.145+0000] {logging_mixin.py:190} INFO - Query executed
[2024-10-16T18:38:59.145+0000] {logging_mixin.py:190} INFO - Id: MLA1429767130, Title: Joystick Inalámbrico Para Xbox 360 Con Receptor Usb Y Bluetooth Compatible Con Ps3 Android Pc Seisa Njx312, Price: 34513.22
[2024-10-16T18:38:59.491+0000] {logging_mixin.py:190} INFO - Query executed
[2024-10-16T18:38:59.492+0000] {logging_mixin.py:190} INFO - Id: MLA1735236438, Title: Joystick Inalámbrico Dualsense Ps5 Original Galactic Purple, Price: 169999
[2024-10-16T18:38:59.847+0000] {logging_mixin.py:190} INFO - Query executed
[2024-10-16T18:38:59.849+0000] {logging_mixin.py:190} INFO - Id: MLA1814734538, Title: Sony Playstation 5 Slim 1tb Standard  Color Blanco 2022, Price: 1499000
[2024-10-16T18:39:00.196+0000] {logging_mixin.py:190} INFO - Query executed
[2024-10-16T18:39:00.197+0000] {logging_mixin.py:190} INFO - Id: MLA1933058072, Title: Joystick Inalámbrico Compatible Con Ps4 Doubleshock 4 Negro Con Cable De Carga, Price: 29700
[2024-10-16T18:39:00.534+0000] {logging_mixin.py:190} INFO - Query executed
[2024-10-16T18:39:00.535+0000] {logging_mixin.py:190} INFO - Id: MLA934055466, Title: Joystick Inalámbrico Redragon Harrow G808 Negro, Price: 42999
[2024-10-16T18:39:00.890+0000] {logging_mixin.py:190} INFO - Query executed
[2024-10-16T18:39:00.894+0000] {logging_mixin.py:190} INFO - Id: MLA1422439293, Title: Microsoft Xbox Series X 1tb Ssd 120 Hz 4k Color Negro, Price: 1599457
[2024-10-16T18:39:01.232+0000] {logging_mixin.py:190} INFO - Query executed
[2024-10-16T18:39:01.233+0000] {logging_mixin.py:190} INFO - Id: MLA1389166937, Title: Adaptador Conversor Playstation2 A Hdmi C/audio 1422b, Price: 7505
[2024-10-16T18:39:01.584+0000] {logging_mixin.py:190} INFO - Query executed
[2024-10-16T18:39:01.586+0000] {logging_mixin.py:190} INFO - Id: MLA1444880845, Title: Joystick Inalámbrico Dualsense Ps5 Sterling Silver, Price: 145999
[2024-10-16T18:39:01.924+0000] {logging_mixin.py:190} INFO - Query executed
[2024-10-16T18:39:01.925+0000] {logging_mixin.py:190} INFO - Id: MLA1363379415, Title: Consola Playstation 4 Ps4 Standard + God Of War Ragnarök, Price: 598499.37
[2024-10-16T18:39:02.262+0000] {logging_mixin.py:190} INFO - Query executed
[2024-10-16T18:39:02.263+0000] {logging_mixin.py:190} INFO - Id: MLA1409364971, Title: Auriculares Inalámbricos Jbl Tune  520bt Blanco, Price: 89999
[2024-10-16T18:39:02.599+0000] {logging_mixin.py:190} INFO - Query executed
[2024-10-16T18:39:02.600+0000] {logging_mixin.py:190} INFO - Id: MLA1902022692, Title: Consola Video Juegos Apevtech 16 Bit  Color Negro, Price: 67999
[2024-10-16T18:39:02.980+0000] {logging_mixin.py:190} INFO - Query executed
[2024-10-16T18:39:02.983+0000] {logging_mixin.py:190} INFO - Id: MLA1735248328, Title: Controle Sony Dualsense Ps5 Sem Fio - Starlight Blue Cfi-zct1j02 , Price: 174999
[2024-10-16T18:39:03.339+0000] {logging_mixin.py:190} INFO - Query executed
[2024-10-16T18:39:03.341+0000] {logging_mixin.py:190} INFO - Id: MLA1403544371, Title: Joystick Inalámbrico Haxly Claw Hx-gp9076 Negro, Price: 38159
[2024-10-16T18:39:03.668+0000] {logging_mixin.py:190} INFO - Query executed
[2024-10-16T18:39:03.669+0000] {logging_mixin.py:190} INFO - Id: MLA1440271167, Title: Joystick Para P4 Pc Control Preciso Y Estilo Personalizado Giroscopio Led Rgb Dehuka Modelo Hs-ps4290w Blanco, Price: 56999.05
[2024-10-16T18:39:04.001+0000] {logging_mixin.py:190} INFO - Query executed
[2024-10-16T18:39:04.003+0000] {logging_mixin.py:190} INFO - Id: MLA1433388441, Title: Nintendo Switch Oled 64gb Standard Color Blanco/negro, Price: 789999
[2024-10-16T18:39:04.331+0000] {logging_mixin.py:190} INFO - Query executed
[2024-10-16T18:39:04.332+0000] {logging_mixin.py:190} INFO - Id: MLA1876554140, Title: Volante Con Pedalera Profesional  Logitech G29 Playstation 5 / Playstation 4 / Pc, Price: 870198
[2024-10-16T18:39:04.691+0000] {logging_mixin.py:190} INFO - Query executed
[2024-10-16T18:39:04.692+0000] {logging_mixin.py:190} INFO - Id: MLA1848666858, Title: Memoria Micro Sd 128 Gb Hiksemi Con Adaptador Hs-tf-c1, Price: 11849
[2024-10-16T18:39:05.045+0000] {logging_mixin.py:190} INFO - Query executed
[2024-10-16T18:39:05.047+0000] {logging_mixin.py:190} INFO - Id: MLA1402640681, Title: Consola Para Cartuchos Sega 16 Bits + 2 Joysticks 6 Botones, Price: 47740
[2024-10-16T18:39:05.376+0000] {logging_mixin.py:190} INFO - Query executed
[2024-10-16T18:39:05.380+0000] {logging_mixin.py:190} INFO - Id: MLA1915925398, Title: Joystick Inalámbrico Para P4 Bluetooth Netmak P401 Negro, Price: 39899.05
[2024-10-16T18:39:05.717+0000] {logging_mixin.py:190} INFO - Query executed
[2024-10-16T18:39:05.718+0000] {logging_mixin.py:190} INFO - Id: MLA1876044426, Title: Auriculares In-ear Gamer Inalámbricos Tws  F9-5 Bth-f9-5 Negro Con Luz Led, Price: 12000
[2024-10-16T18:39:06.058+0000] {logging_mixin.py:190} INFO - Query executed
[2024-10-16T18:39:06.058+0000] {logging_mixin.py:190} INFO - Id: MLA1470966770, Title: Pop It Electronico Consola Juguete Push Quick Original Mixio, Price: 11249.25
[2024-10-16T18:39:06.403+0000] {logging_mixin.py:190} INFO - Query executed
[2024-10-16T18:39:06.403+0000] {logging_mixin.py:190} INFO - Id: MLA1854941032, Title: Joystick Inalámbrico Sony Playstation Dualsense Cfi-zct1w Nova Pink, Price: 169999
[2024-10-16T18:39:06.741+0000] {logging_mixin.py:190} INFO - Query executed
[2024-10-16T18:39:06.742+0000] {logging_mixin.py:190} INFO - Id: MLA1126675691, Title: Joystick Inalámbrico Noganet Ng-2go1 Negro, Price: 20677.5
[2024-10-16T18:39:07.088+0000] {logging_mixin.py:190} INFO - Query executed
[2024-10-16T18:39:07.259+0000] {logging_mixin.py:190} INFO - Results committed
[2024-10-16T18:39:07.264+0000] {python.py:240} INFO - Done. Returned value was: None
[2024-10-16T18:39:07.298+0000] {taskinstance.py:340} INFO - ::group::Post task execution logs
[2024-10-16T18:39:07.298+0000] {taskinstance.py:352} INFO - Marking task as SUCCESS. dag_id=insert_items, task_id=inserts.insert_items, run_id=manual__2024-10-16T18:38:43.112564+00:00, execution_date=20241016T183843, start_date=20241016T183846, end_date=20241016T183907
[2024-10-16T18:39:07.386+0000] {local_task_job_runner.py:266} INFO - Task exited with return code 0
[2024-10-16T18:39:07.403+0000] {taskinstance.py:3900} INFO - 0 downstream tasks scheduled from follow-on schedule check
[2024-10-16T18:39:07.404+0000] {local_task_job_runner.py:245} INFO - ::endgroup::
