[2024-10-18T05:08:18.722+0000] {local_task_job_runner.py:123} INFO - ::group::Pre task execution logs
[2024-10-18T05:08:18.791+0000] {taskinstance.py:2612} INFO - Dependencies all met for dep_context=non-requeueable deps ti=<TaskInstance: elt.extract_load_data.create_table_prices scheduled__2024-10-16T12:00:00+00:00 [queued]>
[2024-10-18T05:08:18.841+0000] {taskinstance.py:2612} INFO - Dependencies all met for dep_context=requeueable deps ti=<TaskInstance: elt.extract_load_data.create_table_prices scheduled__2024-10-16T12:00:00+00:00 [queued]>
[2024-10-18T05:08:18.843+0000] {taskinstance.py:2865} INFO - Starting attempt 1 of 2
[2024-10-18T05:08:18.880+0000] {taskinstance.py:2888} INFO - Executing <Task(PostgresOperator): extract_load_data.create_table_prices> on 2024-10-16 12:00:00+00:00
[2024-10-18T05:08:18.907+0000] {warnings.py:112} WARNING - /home/***/.local/lib/python3.12/site-packages/***/task/task_runner/standard_task_runner.py:70: DeprecationWarning: This process (pid=1874) is multi-threaded, use of fork() may lead to deadlocks in the child.
  pid = os.fork()

[2024-10-18T05:08:18.920+0000] {standard_task_runner.py:72} INFO - Started process 1885 to run task
[2024-10-18T05:08:18.934+0000] {standard_task_runner.py:104} INFO - Running: ['***', 'tasks', 'run', 'elt', 'extract_load_data.create_table_prices', 'scheduled__2024-10-16T12:00:00+00:00', '--job-id', '186', '--raw', '--subdir', 'DAGS_FOLDER/elt.py', '--cfg-path', '/tmp/tmpz5f3k9_y']
[2024-10-18T05:08:18.945+0000] {standard_task_runner.py:105} INFO - Job 186: Subtask extract_load_data.create_table_prices
[2024-10-18T05:08:23.950+0000] {task_command.py:467} INFO - Running <TaskInstance: elt.extract_load_data.create_table_prices scheduled__2024-10-16T12:00:00+00:00 [running]> on host a414d3516fe8
[2024-10-18T05:08:24.408+0000] {taskinstance.py:3131} INFO - Exporting env vars: AIRFLOW_CTX_DAG_OWNER='mherszage' AIRFLOW_CTX_DAG_ID='elt' AIRFLOW_CTX_TASK_ID='extract_load_data.create_table_prices' AIRFLOW_CTX_EXECUTION_DATE='2024-10-16T12:00:00+00:00' AIRFLOW_CTX_TRY_NUMBER='1' AIRFLOW_CTX_DAG_RUN_ID='scheduled__2024-10-16T12:00:00+00:00'
[2024-10-18T05:08:24.415+0000] {taskinstance.py:731} INFO - ::endgroup::
[2024-10-18T05:08:24.477+0000] {sql.py:266} INFO - Executing: CREATE TABLE IF NOT EXISTS "2024_melissa_herszage_schema".l1_item_prices
(
    item_id            varchar(256),
    condition          varchar(256),
    price              int,
    currency           varchar(256),
    available_quantity int,
    created_at         timestamp
)
[2024-10-18T05:08:24.494+0000] {base.py:84} INFO - Retrieving connection 'redshift_default'
[2024-10-18T05:08:24.522+0000] {base.py:84} INFO - Retrieving connection 'redshift_default'
[2024-10-18T05:08:26.006+0000] {sql.py:509} INFO - Running statement: CREATE TABLE IF NOT EXISTS "2024_melissa_herszage_schema".l1_item_prices
(
    item_id            varchar(256),
    condition          varchar(256),
    price              int,
    currency           varchar(256),
    available_quantity int,
    created_at         timestamp
), parameters: None
[2024-10-18T05:08:26.647+0000] {taskinstance.py:340} INFO - ::group::Post task execution logs
[2024-10-18T05:08:26.649+0000] {taskinstance.py:352} INFO - Marking task as SUCCESS. dag_id=elt, task_id=extract_load_data.create_table_prices, run_id=scheduled__2024-10-16T12:00:00+00:00, execution_date=20241016T120000, start_date=20241018T050818, end_date=20241018T050826
[2024-10-18T05:08:26.818+0000] {local_task_job_runner.py:266} INFO - Task exited with return code 0
[2024-10-18T05:08:26.896+0000] {warnings.py:112} WARNING - /home/***/.local/lib/python3.12/site-packages/***/models/baseoperator.py:1378: AirflowProviderDeprecationWarning: Call to deprecated class PostgresOperator. (Please use `***.providers.common.sql.operators.sql.SQLExecuteQueryOperator`.Also, you can provide `hook_params={'schema': <database>}`.)
  result = cls.__new__(cls)

[2024-10-18T05:08:28.435+0000] {taskinstance.py:3900} INFO - 1 downstream tasks scheduled from follow-on schedule check
[2024-10-18T05:08:28.440+0000] {local_task_job_runner.py:245} INFO - ::endgroup::
