[2024-10-18T04:13:41.000+0000] {local_task_job_runner.py:123} INFO - ::group::Pre task execution logs
[2024-10-18T04:13:41.031+0000] {taskinstance.py:2612} INFO - Dependencies all met for dep_context=non-requeueable deps ti=<TaskInstance: insert_items.extract_data.create_table_prices manual__2024-10-18T04:13:38.058893+00:00 [queued]>
[2024-10-18T04:13:41.050+0000] {taskinstance.py:2612} INFO - Dependencies all met for dep_context=requeueable deps ti=<TaskInstance: insert_items.extract_data.create_table_prices manual__2024-10-18T04:13:38.058893+00:00 [queued]>
[2024-10-18T04:13:41.051+0000] {taskinstance.py:2865} INFO - Starting attempt 1 of 2
[2024-10-18T04:13:41.083+0000] {taskinstance.py:2888} INFO - Executing <Task(PostgresOperator): extract_data.create_table_prices> on 2024-10-18 04:13:38.058893+00:00
[2024-10-18T04:13:41.096+0000] {warnings.py:112} WARNING - /home/***/.local/lib/python3.12/site-packages/***/task/task_runner/standard_task_runner.py:70: DeprecationWarning: This process (pid=1158) is multi-threaded, use of fork() may lead to deadlocks in the child.
  pid = os.fork()

[2024-10-18T04:13:41.103+0000] {standard_task_runner.py:72} INFO - Started process 1163 to run task
[2024-10-18T04:13:41.101+0000] {standard_task_runner.py:104} INFO - Running: ['***', 'tasks', 'run', 'insert_items', 'extract_data.create_table_prices', 'manual__2024-10-18T04:13:38.058893+00:00', '--job-id', '176', '--raw', '--subdir', 'DAGS_FOLDER/insert_items.py', '--cfg-path', '/tmp/tmp3lh5zawc']
[2024-10-18T04:13:41.118+0000] {standard_task_runner.py:105} INFO - Job 176: Subtask extract_data.create_table_prices
[2024-10-18T04:13:42.756+0000] {task_command.py:467} INFO - Running <TaskInstance: insert_items.extract_data.create_table_prices manual__2024-10-18T04:13:38.058893+00:00 [running]> on host a414d3516fe8
[2024-10-18T04:13:43.570+0000] {taskinstance.py:3131} INFO - Exporting env vars: AIRFLOW_CTX_DAG_OWNER='mherszage' AIRFLOW_CTX_DAG_ID='insert_items' AIRFLOW_CTX_TASK_ID='extract_data.create_table_prices' AIRFLOW_CTX_EXECUTION_DATE='2024-10-18T04:13:38.058893+00:00' AIRFLOW_CTX_TRY_NUMBER='1' AIRFLOW_CTX_DAG_RUN_ID='manual__2024-10-18T04:13:38.058893+00:00'
[2024-10-18T04:13:43.579+0000] {taskinstance.py:731} INFO - ::endgroup::
[2024-10-18T04:13:43.668+0000] {sql.py:266} INFO - Executing: CREATE TABLE IF NOT EXISTS public.item_prices
(
    item_id            varchar(256),
    condition          varchar(256),
    price              int,
    currency           varchar(256),
    available_quantity int,
    created_at         timestamp
)
[2024-10-18T04:13:43.766+0000] {base.py:84} INFO - Retrieving connection 'redshift_default'
[2024-10-18T04:13:43.796+0000] {base.py:84} INFO - Retrieving connection 'redshift_default'
[2024-10-18T04:13:45.122+0000] {sql.py:509} INFO - Running statement: CREATE TABLE IF NOT EXISTS public.item_prices
(
    item_id            varchar(256),
    condition          varchar(256),
    price              int,
    currency           varchar(256),
    available_quantity int,
    created_at         timestamp
), parameters: None
[2024-10-18T04:13:45.780+0000] {taskinstance.py:340} INFO - ::group::Post task execution logs
[2024-10-18T04:13:45.781+0000] {taskinstance.py:352} INFO - Marking task as SUCCESS. dag_id=insert_items, task_id=extract_data.create_table_prices, run_id=manual__2024-10-18T04:13:38.058893+00:00, execution_date=20241018T041338, start_date=20241018T041341, end_date=20241018T041345
[2024-10-18T04:13:45.856+0000] {local_task_job_runner.py:266} INFO - Task exited with return code 0
[2024-10-18T04:13:45.893+0000] {warnings.py:112} WARNING - /home/***/.local/lib/python3.12/site-packages/***/models/baseoperator.py:1378: AirflowProviderDeprecationWarning: Call to deprecated class PostgresOperator. (Please use `***.providers.common.sql.operators.sql.SQLExecuteQueryOperator`.Also, you can provide `hook_params={'schema': <database>}`.)
  result = cls.__new__(cls)

[2024-10-18T04:13:46.346+0000] {standard_task_runner.py:217} INFO - Process not found (most likely exited), stop collecting metrics
[2024-10-18T04:13:46.356+0000] {taskinstance.py:3900} INFO - 1 downstream tasks scheduled from follow-on schedule check
[2024-10-18T04:13:46.358+0000] {local_task_job_runner.py:245} INFO - ::endgroup::
