[2024-10-21T02:14:04.863+0000] {local_task_job_runner.py:123} INFO - ::group::Pre task execution logs
[2024-10-21T02:14:04.877+0000] {taskinstance.py:2612} INFO - Dependencies all met for dep_context=non-requeueable deps ti=<TaskInstance: elt.extract_load_data.create_table_items manual__2024-10-21T02:14:02.796215+00:00 [queued]>
[2024-10-21T02:14:04.882+0000] {taskinstance.py:2612} INFO - Dependencies all met for dep_context=requeueable deps ti=<TaskInstance: elt.extract_load_data.create_table_items manual__2024-10-21T02:14:02.796215+00:00 [queued]>
[2024-10-21T02:14:04.886+0000] {taskinstance.py:2865} INFO - Starting attempt 1 of 2
[2024-10-21T02:14:04.908+0000] {taskinstance.py:2888} INFO - Executing <Task(PostgresOperator): extract_load_data.create_table_items> on 2024-10-21 02:14:02.796215+00:00
[2024-10-21T02:14:04.941+0000] {warnings.py:112} WARNING - /home/***/.local/lib/python3.12/site-packages/***/task/task_runner/standard_task_runner.py:70: DeprecationWarning: This process (pid=110) is multi-threaded, use of fork() may lead to deadlocks in the child.
  pid = os.fork()

[2024-10-21T02:14:04.951+0000] {standard_task_runner.py:72} INFO - Started process 114 to run task
[2024-10-21T02:14:04.950+0000] {standard_task_runner.py:104} INFO - Running: ['***', 'tasks', 'run', 'elt', 'extract_load_data.create_table_items', 'manual__2024-10-21T02:14:02.796215+00:00', '--job-id', '58', '--raw', '--subdir', 'DAGS_FOLDER/elt.py', '--cfg-path', '/tmp/tmpr_7p8_mf']
[2024-10-21T02:14:04.960+0000] {standard_task_runner.py:105} INFO - Job 58: Subtask extract_load_data.create_table_items
[2024-10-21T02:14:05.769+0000] {task_command.py:467} INFO - Running <TaskInstance: elt.extract_load_data.create_table_items manual__2024-10-21T02:14:02.796215+00:00 [running]> on host d84184533e22
[2024-10-21T02:14:05.848+0000] {taskinstance.py:3131} INFO - Exporting env vars: AIRFLOW_CTX_DAG_OWNER='mherszage' AIRFLOW_CTX_DAG_ID='elt' AIRFLOW_CTX_TASK_ID='extract_load_data.create_table_items' AIRFLOW_CTX_EXECUTION_DATE='2024-10-21T02:14:02.796215+00:00' AIRFLOW_CTX_TRY_NUMBER='1' AIRFLOW_CTX_DAG_RUN_ID='manual__2024-10-21T02:14:02.796215+00:00'
[2024-10-21T02:14:05.848+0000] {taskinstance.py:731} INFO - ::endgroup::
[2024-10-21T02:14:05.868+0000] {sql.py:266} INFO - Executing: CREATE TABLE IF NOT EXISTS "2024_melissa_herszage_schema".l1_items
(
    id    varchar(256),
    title varchar(256),
    created_at timestamp
);
[2024-10-21T02:14:05.875+0000] {base.py:84} INFO - Retrieving connection 'redshift_default'
[2024-10-21T02:14:06.273+0000] {base.py:84} INFO - Retrieving connection 'redshift_default'
[2024-10-21T02:14:07.850+0000] {sql.py:509} INFO - Running statement: CREATE TABLE IF NOT EXISTS "2024_melissa_herszage_schema".l1_items
(
    id    varchar(256),
    title varchar(256),
    created_at timestamp
);, parameters: None
[2024-10-21T02:14:09.164+0000] {taskinstance.py:340} INFO - ::group::Post task execution logs
[2024-10-21T02:14:09.165+0000] {taskinstance.py:352} INFO - Marking task as SUCCESS. dag_id=elt, task_id=extract_load_data.create_table_items, run_id=manual__2024-10-21T02:14:02.796215+00:00, execution_date=20241021T021402, start_date=20241021T021404, end_date=20241021T021409
[2024-10-21T02:14:09.225+0000] {local_task_job_runner.py:266} INFO - Task exited with return code 0
[2024-10-21T02:14:09.267+0000] {local_task_job_runner.py:245} INFO - ::endgroup::
