[2024-10-18T03:08:03.784+0000] {local_task_job_runner.py:123} INFO - ::group::Pre task execution logs
[2024-10-18T03:08:03.799+0000] {taskinstance.py:2612} INFO - Dependencies all met for dep_context=non-requeueable deps ti=<TaskInstance: insert_items.insert_prices.insert_prices scheduled__2024-10-18T02:35:00+00:00 [queued]>
[2024-10-18T03:08:03.818+0000] {taskinstance.py:2612} INFO - Dependencies all met for dep_context=requeueable deps ti=<TaskInstance: insert_items.insert_prices.insert_prices scheduled__2024-10-18T02:35:00+00:00 [queued]>
[2024-10-18T03:08:03.819+0000] {taskinstance.py:2865} INFO - Starting attempt 1 of 2
[2024-10-18T03:08:03.859+0000] {taskinstance.py:2888} INFO - Executing <Task(PythonOperator): insert_prices.insert_prices> on 2024-10-18 02:35:00+00:00
[2024-10-18T03:08:03.882+0000] {standard_task_runner.py:104} INFO - Running: ['***', 'tasks', 'run', 'insert_items', 'insert_prices.insert_prices', 'scheduled__2024-10-18T02:35:00+00:00', '--job-id', '149', '--raw', '--subdir', 'DAGS_FOLDER/insert_items.py', '--cfg-path', '/tmp/tmpx2_p6_2m']
[2024-10-18T03:08:03.884+0000] {standard_task_runner.py:105} INFO - Job 149: Subtask insert_prices.insert_prices
[2024-10-18T03:08:03.877+0000] {warnings.py:112} WARNING - /home/***/.local/lib/python3.12/site-packages/***/task/task_runner/standard_task_runner.py:70: DeprecationWarning: This process (pid=233) is multi-threaded, use of fork() may lead to deadlocks in the child.
  pid = os.fork()

[2024-10-18T03:08:03.895+0000] {standard_task_runner.py:72} INFO - Started process 235 to run task
[2024-10-18T03:08:03.987+0000] {task_command.py:467} INFO - Running <TaskInstance: insert_items.insert_prices.insert_prices scheduled__2024-10-18T02:35:00+00:00 [running]> on host a414d3516fe8
[2024-10-18T03:08:04.129+0000] {taskinstance.py:3131} INFO - Exporting env vars: AIRFLOW_CTX_DAG_OWNER='mherszage' AIRFLOW_CTX_DAG_ID='insert_items' AIRFLOW_CTX_TASK_ID='insert_prices.insert_prices' AIRFLOW_CTX_EXECUTION_DATE='2024-10-18T02:35:00+00:00' AIRFLOW_CTX_TRY_NUMBER='1' AIRFLOW_CTX_DAG_RUN_ID='scheduled__2024-10-18T02:35:00+00:00'
[2024-10-18T03:08:04.131+0000] {taskinstance.py:731} INFO - ::endgroup::
[2024-10-18T03:08:05.848+0000] {logging_mixin.py:190} INFO - 2024-10-18
[2024-10-18T03:08:05.854+0000] {python.py:240} INFO - Done. Returned value was: None
[2024-10-18T03:08:05.919+0000] {taskinstance.py:340} INFO - ::group::Post task execution logs
[2024-10-18T03:08:05.920+0000] {taskinstance.py:352} INFO - Marking task as SUCCESS. dag_id=insert_items, task_id=insert_prices.insert_prices, run_id=scheduled__2024-10-18T02:35:00+00:00, execution_date=20241018T023500, start_date=20241018T030803, end_date=20241018T030805
[2024-10-18T03:08:06.039+0000] {local_task_job_runner.py:266} INFO - Task exited with return code 0
[2024-10-18T03:08:06.064+0000] {taskinstance.py:3900} INFO - 0 downstream tasks scheduled from follow-on schedule check
[2024-10-18T03:08:06.065+0000] {local_task_job_runner.py:245} INFO - ::endgroup::
