[2024-10-16T19:05:03.079+0000] {local_task_job_runner.py:123} INFO - ::group::Pre task execution logs
[2024-10-16T19:05:03.096+0000] {taskinstance.py:2612} INFO - Dependencies all met for dep_context=non-requeueable deps ti=<TaskInstance: insert_items.inserts.insert_prices scheduled__2024-10-16T18:35:00+00:00 [queued]>
[2024-10-16T19:05:03.103+0000] {taskinstance.py:2612} INFO - Dependencies all met for dep_context=requeueable deps ti=<TaskInstance: insert_items.inserts.insert_prices scheduled__2024-10-16T18:35:00+00:00 [queued]>
[2024-10-16T19:05:03.104+0000] {taskinstance.py:2865} INFO - Starting attempt 1 of 2
[2024-10-16T19:05:03.149+0000] {taskinstance.py:2888} INFO - Executing <Task(PythonOperator): inserts.insert_prices> on 2024-10-16 18:35:00+00:00
[2024-10-16T19:05:03.161+0000] {warnings.py:112} WARNING - /home/***/.local/lib/python3.12/site-packages/***/task/task_runner/standard_task_runner.py:70: DeprecationWarning: This process (pid=94) is multi-threaded, use of fork() may lead to deadlocks in the child.
  pid = os.fork()

[2024-10-16T19:05:03.160+0000] {standard_task_runner.py:104} INFO - Running: ['***', 'tasks', 'run', 'insert_items', 'inserts.insert_prices', 'scheduled__2024-10-16T18:35:00+00:00', '--job-id', '69', '--raw', '--subdir', 'DAGS_FOLDER/insert_items.py', '--cfg-path', '/tmp/tmpfk80n_be']
[2024-10-16T19:05:03.163+0000] {standard_task_runner.py:72} INFO - Started process 97 to run task
[2024-10-16T19:05:03.163+0000] {standard_task_runner.py:105} INFO - Job 69: Subtask inserts.insert_prices
[2024-10-16T19:05:03.258+0000] {task_command.py:467} INFO - Running <TaskInstance: insert_items.inserts.insert_prices scheduled__2024-10-16T18:35:00+00:00 [running]> on host 2109dd405c1b
[2024-10-16T19:05:03.450+0000] {taskinstance.py:3131} INFO - Exporting env vars: AIRFLOW_CTX_DAG_OWNER='mherszage' AIRFLOW_CTX_DAG_ID='insert_items' AIRFLOW_CTX_TASK_ID='inserts.insert_prices' AIRFLOW_CTX_EXECUTION_DATE='2024-10-16T18:35:00+00:00' AIRFLOW_CTX_TRY_NUMBER='1' AIRFLOW_CTX_DAG_RUN_ID='scheduled__2024-10-16T18:35:00+00:00'
[2024-10-16T19:05:03.453+0000] {taskinstance.py:731} INFO - ::endgroup::
[2024-10-16T19:05:05.176+0000] {logging_mixin.py:190} INFO - Query items_query executed
[2024-10-16T19:05:05.776+0000] {logging_mixin.py:190} INFO - Error: 404
[2024-10-16T19:05:06.335+0000] {logging_mixin.py:190} INFO - Error: 404
[2024-10-16T19:05:06.896+0000] {logging_mixin.py:190} INFO - Error: 404
[2024-10-16T19:05:07.444+0000] {logging_mixin.py:190} INFO - Error: 404
[2024-10-16T19:05:07.987+0000] {logging_mixin.py:190} INFO - Error: 404
[2024-10-16T19:05:08.539+0000] {logging_mixin.py:190} INFO - Error: 404
[2024-10-16T19:05:09.108+0000] {logging_mixin.py:190} INFO - Error: 404
[2024-10-16T19:05:09.666+0000] {logging_mixin.py:190} INFO - Error: 404
[2024-10-16T19:05:10.216+0000] {logging_mixin.py:190} INFO - Error: 404
[2024-10-16T19:05:10.753+0000] {logging_mixin.py:190} INFO - Error: 404
[2024-10-16T19:05:11.312+0000] {logging_mixin.py:190} INFO - Error: 404
[2024-10-16T19:05:11.850+0000] {logging_mixin.py:190} INFO - Error: 404
[2024-10-16T19:05:12.395+0000] {logging_mixin.py:190} INFO - Error: 404
[2024-10-16T19:05:12.950+0000] {logging_mixin.py:190} INFO - Error: 404
[2024-10-16T19:05:13.505+0000] {logging_mixin.py:190} INFO - Error: 404
[2024-10-16T19:05:14.047+0000] {logging_mixin.py:190} INFO - Error: 404
[2024-10-16T19:05:14.595+0000] {logging_mixin.py:190} INFO - Error: 404
[2024-10-16T19:05:15.149+0000] {logging_mixin.py:190} INFO - Error: 404
[2024-10-16T19:05:15.708+0000] {logging_mixin.py:190} INFO - Error: 404
[2024-10-16T19:05:16.256+0000] {logging_mixin.py:190} INFO - Error: 404
[2024-10-16T19:05:16.811+0000] {logging_mixin.py:190} INFO - Error: 404
[2024-10-16T19:05:17.387+0000] {logging_mixin.py:190} INFO - Error: 404
[2024-10-16T19:05:17.939+0000] {logging_mixin.py:190} INFO - Error: 404
[2024-10-16T19:05:18.496+0000] {logging_mixin.py:190} INFO - Error: 404
[2024-10-16T19:05:19.056+0000] {logging_mixin.py:190} INFO - Error: 404
[2024-10-16T19:05:19.597+0000] {logging_mixin.py:190} INFO - Error: 404
[2024-10-16T19:05:20.141+0000] {logging_mixin.py:190} INFO - Error: 404
[2024-10-16T19:05:20.690+0000] {logging_mixin.py:190} INFO - Error: 404
[2024-10-16T19:05:21.217+0000] {logging_mixin.py:190} INFO - Error: 404
[2024-10-16T19:05:21.790+0000] {logging_mixin.py:190} INFO - Error: 404
[2024-10-16T19:05:22.341+0000] {logging_mixin.py:190} INFO - Error: 404
[2024-10-16T19:05:22.883+0000] {logging_mixin.py:190} INFO - Error: 404
[2024-10-16T19:05:23.441+0000] {logging_mixin.py:190} INFO - Error: 404
[2024-10-16T19:05:24.015+0000] {logging_mixin.py:190} INFO - Error: 404
[2024-10-16T19:05:24.573+0000] {logging_mixin.py:190} INFO - Error: 404
[2024-10-16T19:05:25.172+0000] {logging_mixin.py:190} INFO - Error: 404
[2024-10-16T19:05:26.228+0000] {logging_mixin.py:190} INFO - Error: 404
[2024-10-16T19:05:26.786+0000] {logging_mixin.py:190} INFO - Error: 404
[2024-10-16T19:05:27.326+0000] {logging_mixin.py:190} INFO - Error: 404
[2024-10-16T19:05:27.875+0000] {logging_mixin.py:190} INFO - Error: 404
[2024-10-16T19:05:28.415+0000] {logging_mixin.py:190} INFO - Error: 404
[2024-10-16T19:05:28.967+0000] {logging_mixin.py:190} INFO - Error: 404
[2024-10-16T19:05:29.498+0000] {logging_mixin.py:190} INFO - Error: 404
[2024-10-16T19:05:30.065+0000] {logging_mixin.py:190} INFO - Error: 404
[2024-10-16T19:05:30.624+0000] {logging_mixin.py:190} INFO - Error: 404
[2024-10-16T19:05:31.153+0000] {logging_mixin.py:190} INFO - Error: 404
[2024-10-16T19:05:31.695+0000] {logging_mixin.py:190} INFO - Error: 404
[2024-10-16T19:05:32.226+0000] {logging_mixin.py:190} INFO - Error: 404
[2024-10-16T19:05:32.767+0000] {logging_mixin.py:190} INFO - Error: 404
[2024-10-16T19:05:33.310+0000] {logging_mixin.py:190} INFO - Error: 404
[2024-10-16T19:05:33.853+0000] {logging_mixin.py:190} INFO - Error: 404
[2024-10-16T19:05:34.414+0000] {logging_mixin.py:190} INFO - Error: 404
[2024-10-16T19:05:34.955+0000] {logging_mixin.py:190} INFO - Error: 404
[2024-10-16T19:05:35.505+0000] {logging_mixin.py:190} INFO - Error: 404
[2024-10-16T19:05:36.066+0000] {logging_mixin.py:190} INFO - Error: 404
[2024-10-16T19:05:36.626+0000] {logging_mixin.py:190} INFO - Error: 404
[2024-10-16T19:05:37.186+0000] {logging_mixin.py:190} INFO - Error: 404
[2024-10-16T19:05:37.717+0000] {logging_mixin.py:190} INFO - Error: 404
[2024-10-16T19:05:38.300+0000] {logging_mixin.py:190} INFO - Error: 404
[2024-10-16T19:05:38.495+0000] {python.py:240} INFO - Done. Returned value was: None
[2024-10-16T19:05:38.549+0000] {taskinstance.py:340} INFO - ::group::Post task execution logs
[2024-10-16T19:05:38.550+0000] {taskinstance.py:352} INFO - Marking task as SUCCESS. dag_id=insert_items, task_id=inserts.insert_prices, run_id=scheduled__2024-10-16T18:35:00+00:00, execution_date=20241016T183500, start_date=20241016T190503, end_date=20241016T190538
[2024-10-16T19:05:38.634+0000] {local_task_job_runner.py:266} INFO - Task exited with return code 0
[2024-10-16T19:05:38.664+0000] {taskinstance.py:3900} INFO - 0 downstream tasks scheduled from follow-on schedule check
[2024-10-16T19:05:38.665+0000] {local_task_job_runner.py:245} INFO - ::endgroup::
