[2024-10-18T03:53:21.361+0000] {local_task_job_runner.py:123} INFO - ::group::Pre task execution logs
[2024-10-18T03:53:21.400+0000] {taskinstance.py:2612} INFO - Dependencies all met for dep_context=non-requeueable deps ti=<TaskInstance: insert_items.extract_data.create_table_prices manual__2024-10-18T03:53:17.557244+00:00 [queued]>
[2024-10-18T03:53:21.408+0000] {taskinstance.py:2612} INFO - Dependencies all met for dep_context=requeueable deps ti=<TaskInstance: insert_items.extract_data.create_table_prices manual__2024-10-18T03:53:17.557244+00:00 [queued]>
[2024-10-18T03:53:21.409+0000] {taskinstance.py:2865} INFO - Starting attempt 1 of 2
[2024-10-18T03:53:21.444+0000] {taskinstance.py:2888} INFO - Executing <Task(PostgresOperator): extract_data.create_table_prices> on 2024-10-18 03:53:17.557244+00:00
[2024-10-18T03:53:21.458+0000] {warnings.py:112} WARNING - /home/***/.local/lib/python3.12/site-packages/***/task/task_runner/standard_task_runner.py:70: DeprecationWarning: This process (pid=863) is multi-threaded, use of fork() may lead to deadlocks in the child.
  pid = os.fork()

[2024-10-18T03:53:21.469+0000] {standard_task_runner.py:72} INFO - Started process 867 to run task
[2024-10-18T03:53:21.471+0000] {standard_task_runner.py:104} INFO - Running: ['***', 'tasks', 'run', 'insert_items', 'extract_data.create_table_prices', 'manual__2024-10-18T03:53:17.557244+00:00', '--job-id', '162', '--raw', '--subdir', 'DAGS_FOLDER/insert_items.py', '--cfg-path', '/tmp/tmp4u9af4_t']
[2024-10-18T03:53:21.485+0000] {standard_task_runner.py:105} INFO - Job 162: Subtask extract_data.create_table_prices
[2024-10-18T03:53:25.598+0000] {task_command.py:467} INFO - Running <TaskInstance: insert_items.extract_data.create_table_prices manual__2024-10-18T03:53:17.557244+00:00 [running]> on host a414d3516fe8
[2024-10-18T03:53:26.043+0000] {taskinstance.py:3131} INFO - Exporting env vars: AIRFLOW_CTX_DAG_OWNER='mherszage' AIRFLOW_CTX_DAG_ID='insert_items' AIRFLOW_CTX_TASK_ID='extract_data.create_table_prices' AIRFLOW_CTX_EXECUTION_DATE='2024-10-18T03:53:17.557244+00:00' AIRFLOW_CTX_TRY_NUMBER='1' AIRFLOW_CTX_DAG_RUN_ID='manual__2024-10-18T03:53:17.557244+00:00'
[2024-10-18T03:53:26.074+0000] {taskinstance.py:731} INFO - ::endgroup::
[2024-10-18T03:53:26.132+0000] {sql.py:266} INFO - Executing: CREATE TABLE IF NOT EXISTS item_prices
(
    item_id            varchar(256),
    price              integer,
    currency           varchar(256),
    available_quantity integer,
    created_at         timestamp
);
[2024-10-18T03:53:26.155+0000] {base.py:84} INFO - Retrieving connection 'redshift_default'
[2024-10-18T03:53:26.221+0000] {base.py:84} INFO - Retrieving connection 'redshift_default'
[2024-10-18T03:53:27.785+0000] {sql.py:509} INFO - Running statement: CREATE TABLE IF NOT EXISTS item_prices
(
    item_id            varchar(256),
    price              integer,
    currency           varchar(256),
    available_quantity integer,
    created_at         timestamp
);, parameters: None
[2024-10-18T03:53:28.476+0000] {taskinstance.py:340} INFO - ::group::Post task execution logs
[2024-10-18T03:53:28.478+0000] {taskinstance.py:352} INFO - Marking task as SUCCESS. dag_id=insert_items, task_id=extract_data.create_table_prices, run_id=manual__2024-10-18T03:53:17.557244+00:00, execution_date=20241018T035317, start_date=20241018T035321, end_date=20241018T035328
[2024-10-18T03:53:28.554+0000] {local_task_job_runner.py:266} INFO - Task exited with return code 0
[2024-10-18T03:53:28.597+0000] {warnings.py:112} WARNING - /home/***/.local/lib/python3.12/site-packages/***/models/baseoperator.py:1378: AirflowProviderDeprecationWarning: Call to deprecated class PostgresOperator. (Please use `***.providers.common.sql.operators.sql.SQLExecuteQueryOperator`.Also, you can provide `hook_params={'schema': <database>}`.)
  result = cls.__new__(cls)

[2024-10-18T03:53:28.641+0000] {taskinstance.py:3900} INFO - 1 downstream tasks scheduled from follow-on schedule check
[2024-10-18T03:53:28.642+0000] {local_task_job_runner.py:245} INFO - ::endgroup::
