[2024-10-18T03:44:36.206+0000] {local_task_job_runner.py:123} INFO - ::group::Pre task execution logs
[2024-10-18T03:44:36.215+0000] {taskinstance.py:2612} INFO - Dependencies all met for dep_context=non-requeueable deps ti=<TaskInstance: insert_items.extract_data.insert_prices manual__2024-10-18T03:44:05.801235+00:00 [queued]>
[2024-10-18T03:44:36.219+0000] {taskinstance.py:2612} INFO - Dependencies all met for dep_context=requeueable deps ti=<TaskInstance: insert_items.extract_data.insert_prices manual__2024-10-18T03:44:05.801235+00:00 [queued]>
[2024-10-18T03:44:36.219+0000] {taskinstance.py:2865} INFO - Starting attempt 1 of 2
[2024-10-18T03:44:36.233+0000] {taskinstance.py:2888} INFO - Executing <Task(PythonOperator): extract_data.insert_prices> on 2024-10-18 03:44:05.801235+00:00
[2024-10-18T03:44:36.241+0000] {warnings.py:112} WARNING - /home/***/.local/lib/python3.12/site-packages/***/task/task_runner/standard_task_runner.py:70: DeprecationWarning: This process (pid=747) is multi-threaded, use of fork() may lead to deadlocks in the child.
  pid = os.fork()

[2024-10-18T03:44:36.243+0000] {standard_task_runner.py:72} INFO - Started process 749 to run task
[2024-10-18T03:44:36.243+0000] {standard_task_runner.py:104} INFO - Running: ['***', 'tasks', 'run', 'insert_items', 'extract_data.insert_prices', 'manual__2024-10-18T03:44:05.801235+00:00', '--job-id', '161', '--raw', '--subdir', 'DAGS_FOLDER/insert_items.py', '--cfg-path', '/tmp/tmpzt9vlol6']
[2024-10-18T03:44:36.245+0000] {standard_task_runner.py:105} INFO - Job 161: Subtask extract_data.insert_prices
[2024-10-18T03:44:36.273+0000] {task_command.py:467} INFO - Running <TaskInstance: insert_items.extract_data.insert_prices manual__2024-10-18T03:44:05.801235+00:00 [running]> on host a414d3516fe8
[2024-10-18T03:44:36.729+0000] {taskinstance.py:3131} INFO - Exporting env vars: AIRFLOW_CTX_DAG_OWNER='mherszage' AIRFLOW_CTX_DAG_ID='insert_items' AIRFLOW_CTX_TASK_ID='extract_data.insert_prices' AIRFLOW_CTX_EXECUTION_DATE='2024-10-18T03:44:05.801235+00:00' AIRFLOW_CTX_TRY_NUMBER='1' AIRFLOW_CTX_DAG_RUN_ID='manual__2024-10-18T03:44:05.801235+00:00'
[2024-10-18T03:44:36.730+0000] {taskinstance.py:731} INFO - ::endgroup::
[2024-10-18T03:44:38.441+0000] {logging_mixin.py:190} INFO - 2024-10-18
[2024-10-18T03:44:38.445+0000] {python.py:240} INFO - Done. Returned value was: None
[2024-10-18T03:44:38.470+0000] {taskinstance.py:340} INFO - ::group::Post task execution logs
[2024-10-18T03:44:38.471+0000] {taskinstance.py:352} INFO - Marking task as SUCCESS. dag_id=insert_items, task_id=extract_data.insert_prices, run_id=manual__2024-10-18T03:44:05.801235+00:00, execution_date=20241018T034405, start_date=20241018T034436, end_date=20241018T034438
[2024-10-18T03:44:38.542+0000] {local_task_job_runner.py:266} INFO - Task exited with return code 0
[2024-10-18T03:44:38.573+0000] {taskinstance.py:3900} INFO - 0 downstream tasks scheduled from follow-on schedule check
[2024-10-18T03:44:38.574+0000] {local_task_job_runner.py:245} INFO - ::endgroup::
