[2024-10-16T19:27:43.659+0000] {local_task_job_runner.py:123} INFO - ::group::Pre task execution logs
[2024-10-16T19:27:43.687+0000] {taskinstance.py:2612} INFO - Dependencies all met for dep_context=non-requeueable deps ti=<TaskInstance: insert_items.inserts.insert_items manual__2024-10-16T19:27:29.702372+00:00 [queued]>
[2024-10-16T19:27:43.712+0000] {taskinstance.py:2612} INFO - Dependencies all met for dep_context=requeueable deps ti=<TaskInstance: insert_items.inserts.insert_items manual__2024-10-16T19:27:29.702372+00:00 [queued]>
[2024-10-16T19:27:43.713+0000] {taskinstance.py:2865} INFO - Starting attempt 1 of 2
[2024-10-16T19:27:43.750+0000] {taskinstance.py:2888} INFO - Executing <Task(PythonOperator): inserts.insert_items> on 2024-10-16 19:27:29.702372+00:00
[2024-10-16T19:27:43.823+0000] {warnings.py:112} WARNING - /home/***/.local/lib/python3.12/site-packages/***/task/task_runner/standard_task_runner.py:70: DeprecationWarning: This process (pid=64) is multi-threaded, use of fork() may lead to deadlocks in the child.
  pid = os.fork()

[2024-10-16T19:27:43.832+0000] {standard_task_runner.py:72} INFO - Started process 75 to run task
[2024-10-16T19:27:43.827+0000] {standard_task_runner.py:104} INFO - Running: ['***', 'tasks', 'run', 'insert_items', 'inserts.insert_items', 'manual__2024-10-16T19:27:29.702372+00:00', '--job-id', '80', '--raw', '--subdir', 'DAGS_FOLDER/insert_items.py', '--cfg-path', '/tmp/tmp0mserqmh']
[2024-10-16T19:27:43.835+0000] {standard_task_runner.py:105} INFO - Job 80: Subtask inserts.insert_items
[2024-10-16T19:27:43.935+0000] {task_command.py:467} INFO - Running <TaskInstance: insert_items.inserts.insert_items manual__2024-10-16T19:27:29.702372+00:00 [running]> on host 2109dd405c1b
[2024-10-16T19:27:44.129+0000] {taskinstance.py:3131} INFO - Exporting env vars: AIRFLOW_CTX_DAG_OWNER='mherszage' AIRFLOW_CTX_DAG_ID='insert_items' AIRFLOW_CTX_TASK_ID='inserts.insert_items' AIRFLOW_CTX_EXECUTION_DATE='2024-10-16T19:27:29.702372+00:00' AIRFLOW_CTX_TRY_NUMBER='1' AIRFLOW_CTX_DAG_RUN_ID='manual__2024-10-16T19:27:29.702372+00:00'
[2024-10-16T19:27:44.132+0000] {taskinstance.py:731} INFO - ::endgroup::
[2024-10-16T19:27:47.616+0000] {logging_mixin.py:190} INFO - Id: MLA1420542199, Title: Sony Playstation Dualsense Cfi-zct1w Joystick Inalámbrico Midnight Black, Price: 169999
[2024-10-16T19:27:48.164+0000] {logging_mixin.py:190} INFO - Query executed
[2024-10-16T19:27:48.165+0000] {logging_mixin.py:190} INFO - Id: MLA1513783534, Title: Consola Playstation Ps4 1tb God Of War Ragnarok Bundle, Price: 771999
[2024-10-16T19:27:48.505+0000] {logging_mixin.py:190} INFO - Query executed
[2024-10-16T19:27:48.507+0000] {logging_mixin.py:190} INFO - Id: MLA1455028687, Title: Gamepad Redragon Harrow Pro Wireless G808pro Joystick Pc Ps3 Color Negro, Price: 72569
[2024-10-16T19:27:48.850+0000] {logging_mixin.py:190} INFO - Query executed
[2024-10-16T19:27:48.851+0000] {logging_mixin.py:190} INFO - Id: MLA1642598964, Title: Cable Tcon Carga Rapida Joystick Ps4 Usb Solucion Pin Carga, Price: 4001
[2024-10-16T19:27:48.956+0000] {job.py:229} INFO - Heartbeat recovered after 14.21 seconds
[2024-10-16T19:27:49.196+0000] {logging_mixin.py:190} INFO - Query executed
[2024-10-16T19:27:49.196+0000] {logging_mixin.py:190} INFO - Id: MLA1413189069, Title: Sony Playstation 5 825gb Standard Color Blanco Y Negro, Price: 1354999
[2024-10-16T19:27:49.547+0000] {logging_mixin.py:190} INFO - Query executed
[2024-10-16T19:27:49.548+0000] {logging_mixin.py:190} INFO - Id: MLA1771013260, Title: Joystick Redragon Saturn G807 Negro, Price: 34288.98
[2024-10-16T19:27:49.891+0000] {logging_mixin.py:190} INFO - Query executed
[2024-10-16T19:27:49.900+0000] {logging_mixin.py:190} INFO - Id: MLA1417840319, Title: Auriculares Bluetooth In-ear F9-5 Negro Inalámbricos, Price: 14240.5
[2024-10-16T19:27:50.403+0000] {logging_mixin.py:190} INFO - Query executed
[2024-10-16T19:27:50.429+0000] {logging_mixin.py:190} INFO - Id: MLA1425634379, Title: Consola Sony Ps4 1tb + Juego God Of War Ragnarok, Price: 657999
[2024-10-16T19:27:50.768+0000] {logging_mixin.py:190} INFO - Query executed
[2024-10-16T19:27:50.775+0000] {logging_mixin.py:190} INFO - Id: MLA1771015420, Title: Joystick Inalámbrico Redragon Harrow G808 Negro, Price: 54608.51
[2024-10-16T19:27:51.113+0000] {logging_mixin.py:190} INFO - Query executed
[2024-10-16T19:27:51.123+0000] {logging_mixin.py:190} INFO - Id: MLA1876671498, Title: Control Inalámbrico Dualsense Para Ps5 Gray Camouflage, Price: 169999
[2024-10-16T19:27:51.545+0000] {logging_mixin.py:190} INFO - Query executed
[2024-10-16T19:27:51.546+0000] {logging_mixin.py:190} INFO - Id: MLA1438316301, Title: Consola Ps5 Slim Estándar + Juego Ratchet & Clank Y Returnal Color Blanco, Price: 1519999
[2024-10-16T19:27:51.906+0000] {logging_mixin.py:190} INFO - Query executed
[2024-10-16T19:27:51.916+0000] {logging_mixin.py:190} INFO - Id: MLA1923504016, Title: Auriculares Inalámbricos Jbl Tune 520bt Negro, Price: 106499
[2024-10-16T19:27:52.299+0000] {logging_mixin.py:190} INFO - Query executed
[2024-10-16T19:27:52.304+0000] {logging_mixin.py:190} INFO - Id: MLA1436556685, Title: Nintendo Switch Oled 64gb Standard  Color Neón, Price: 849999
[2024-10-16T19:27:52.679+0000] {logging_mixin.py:190} INFO - Query executed
[2024-10-16T19:27:52.775+0000] {logging_mixin.py:190} INFO - Id: MLA1363095617, Title: Joystick Gamer Inalámbrico Netmak 5en1 Pc Ps3 Ps4 Danger Color Negro, Price: 28199
[2024-10-16T19:27:53.136+0000] {logging_mixin.py:190} INFO - Query executed
[2024-10-16T19:27:53.139+0000] {logging_mixin.py:190} INFO - Id: MLA1824905578, Title: Kit 2 Microfonos Inalambricos Boya By-v20  2.4ghz Usb Tipo C Color Negro, Price: 135000
[2024-10-16T19:27:53.497+0000] {logging_mixin.py:190} INFO - Query executed
[2024-10-16T19:27:53.499+0000] {logging_mixin.py:190} INFO - Id: MLA1422452531, Title: Consola Xbox Series S 512gb Digital Blanco, Price: 919999
[2024-10-16T19:27:53.847+0000] {logging_mixin.py:190} INFO - Query executed
[2024-10-16T19:27:53.847+0000] {logging_mixin.py:190} INFO - Id: MLA1389166937, Title: Adaptador Conversor Playstation2 A Hdmi C/audio 1422b, Price: 7505
[2024-10-16T19:27:54.187+0000] {logging_mixin.py:190} INFO - Query executed
[2024-10-16T19:27:54.187+0000] {logging_mixin.py:190} INFO - Id: MLA1932107420, Title: Consola Brick Game 9999 In 1 Standard  Color Rojo 1980, Price: 5999
[2024-10-16T19:27:54.599+0000] {logging_mixin.py:190} INFO - Query executed
[2024-10-16T19:27:54.600+0000] {logging_mixin.py:190} INFO - Id: MLA1420491095, Title: Joystick Inalámbrico Dualsense Ps5 Original Cosmic Red, Price: 169999
[2024-10-16T19:27:54.951+0000] {logging_mixin.py:190} INFO - Query executed
[2024-10-16T19:27:54.953+0000] {logging_mixin.py:190} INFO - Id: MLA1934620406, Title: Microsoft Xbox 360 Controller For Windows - Usb, Price: 31570
[2024-10-16T19:27:55.293+0000] {logging_mixin.py:190} INFO - Query executed
[2024-10-16T19:27:55.295+0000] {logging_mixin.py:190} INFO - Id: MLA1422491335, Title: Sony Playstation 5 Slim 1tb Extra Dualsense Controller  Color Blanco 2023, Price: 1644999
[2024-10-16T19:27:55.640+0000] {logging_mixin.py:190} INFO - Query executed
[2024-10-16T19:27:55.642+0000] {logging_mixin.py:190} INFO - Id: MLA934064691, Title: Joystick Redragon Saturn G807 Negro, Price: 26999
[2024-10-16T19:27:55.975+0000] {logging_mixin.py:190} INFO - Query executed
[2024-10-16T19:27:55.981+0000] {logging_mixin.py:190} INFO - Id: MLA1426112753, Title: Soporte Base Vertical Para Ps5 Slim Con Rejillas Ventilación, Price: 7139.44
[2024-10-16T19:27:56.558+0000] {logging_mixin.py:190} INFO - Query executed
[2024-10-16T19:27:56.564+0000] {logging_mixin.py:190} INFO - Id: MLA1439039201, Title: Joystick Pc Usb Gamepad Usb-208 Pc Notebook Color Negro, Price: 10499
[2024-10-16T19:27:56.920+0000] {logging_mixin.py:190} INFO - Query executed
[2024-10-16T19:27:56.934+0000] {logging_mixin.py:190} INFO - Id: MLA1723436604, Title: Sony Playstation 5 825gb God Of War Ragnarok Bundle Color Blanco/negro, Price: 1374999
[2024-10-16T19:27:57.282+0000] {logging_mixin.py:190} INFO - Query executed
[2024-10-16T19:27:57.283+0000] {logging_mixin.py:190} INFO - Id: MLA1409364971, Title: Auriculares Inalámbricos Jbl Tune  520bt Blanco, Price: 89999
[2024-10-16T19:27:57.628+0000] {logging_mixin.py:190} INFO - Query executed
[2024-10-16T19:27:57.630+0000] {logging_mixin.py:190} INFO - Id: MLA1918224392, Title: Consola Noga Dos Joystick Y Pistola Ng-fg01 8bit Color Negro, Price: 27999
[2024-10-16T19:27:57.956+0000] {logging_mixin.py:190} INFO - Query executed
[2024-10-16T19:27:57.956+0000] {logging_mixin.py:190} INFO - Id: MLA1429767130, Title: Joystick Inalámbrico Para Xbox 360 Con Receptor Usb Y Bluetooth Compatible Con Ps3 Android Pc Seisa Njx312, Price: 34513.22
[2024-10-16T19:27:58.287+0000] {logging_mixin.py:190} INFO - Query executed
[2024-10-16T19:27:58.288+0000] {logging_mixin.py:190} INFO - Id: MLA1735236438, Title: Joystick Inalámbrico Dualsense Ps5 Original Galactic Purple, Price: 169999
[2024-10-16T19:27:58.620+0000] {logging_mixin.py:190} INFO - Query executed
[2024-10-16T19:27:58.621+0000] {logging_mixin.py:190} INFO - Id: MLA1814734538, Title: Sony Playstation 5 Slim 1tb Standard  Color Blanco 2022, Price: 1499000
[2024-10-16T19:27:58.968+0000] {logging_mixin.py:190} INFO - Query executed
[2024-10-16T19:27:58.970+0000] {logging_mixin.py:190} INFO - Id: MLA1933058072, Title: Joystick Inalámbrico Compatible Con Ps4 Doubleshock 4 Negro Con Cable De Carga, Price: 29700
[2024-10-16T19:27:59.305+0000] {logging_mixin.py:190} INFO - Query executed
[2024-10-16T19:27:59.306+0000] {logging_mixin.py:190} INFO - Id: MLA934055466, Title: Joystick Inalámbrico Redragon Harrow G808 Negro, Price: 42999
[2024-10-16T19:27:59.698+0000] {logging_mixin.py:190} INFO - Query executed
[2024-10-16T19:27:59.699+0000] {logging_mixin.py:190} INFO - Id: MLA1363379415, Title: Consola Playstation 4 Ps4 Standard + God Of War Ragnarök, Price: 598499.37
[2024-10-16T19:28:00.050+0000] {logging_mixin.py:190} INFO - Query executed
[2024-10-16T19:28:00.053+0000] {logging_mixin.py:190} INFO - Id: MLA1454525447, Title: Joystick Inalámbrico Sony Playstation Dualshock 4 Ps4 Jet Black, Price: 69999.3
[2024-10-16T19:28:00.394+0000] {logging_mixin.py:190} INFO - Query executed
[2024-10-16T19:28:00.395+0000] {logging_mixin.py:190} INFO - Id: MLA1444880845, Title: Joystick Inalámbrico Dualsense Ps5 Sterling Silver, Price: 145999
[2024-10-16T19:28:00.729+0000] {logging_mixin.py:190} INFO - Query executed
[2024-10-16T19:28:00.733+0000] {logging_mixin.py:190} INFO - Id: MLA1422439293, Title: Microsoft Xbox Series X 1tb Ssd 120 Hz 4k Color Negro, Price: 1599457
[2024-10-16T19:28:01.071+0000] {logging_mixin.py:190} INFO - Query executed
[2024-10-16T19:28:01.072+0000] {logging_mixin.py:190} INFO - Id: MLA1876044426, Title: Auriculares In-ear Gamer Inalámbricos Tws  F9-5 Bth-f9-5 Negro Con Luz Led, Price: 12000
[2024-10-16T19:28:01.401+0000] {logging_mixin.py:190} INFO - Query executed
[2024-10-16T19:28:01.403+0000] {logging_mixin.py:190} INFO - Id: MLA1902022692, Title: Consola Video Juegos Apevtech 16 Bit  Color Negro, Price: 67999
[2024-10-16T19:28:01.756+0000] {logging_mixin.py:190} INFO - Query executed
[2024-10-16T19:28:01.759+0000] {logging_mixin.py:190} INFO - Id: MLA1735248328, Title: Controle Sony Dualsense Ps5 Sem Fio - Starlight Blue Cfi-zct1j02 , Price: 174999
[2024-10-16T19:28:02.114+0000] {logging_mixin.py:190} INFO - Query executed
[2024-10-16T19:28:02.115+0000] {logging_mixin.py:190} INFO - Id: MLA1876554140, Title: Volante Con Pedalera Profesional  Logitech G29 Playstation 5 / Playstation 4 / Pc, Price: 870198
[2024-10-16T19:28:02.485+0000] {logging_mixin.py:190} INFO - Query executed
[2024-10-16T19:28:02.490+0000] {logging_mixin.py:190} INFO - Id: MLA1924986116, Title: Joystick Inalámbrico Compatible Con Ps4 Negro, Price: 30861
[2024-10-16T19:28:02.829+0000] {logging_mixin.py:190} INFO - Query executed
[2024-10-16T19:28:02.829+0000] {logging_mixin.py:190} INFO - Id: MLA1433388441, Title: Nintendo Switch Oled 64gb Standard Color Blanco/negro, Price: 789999
[2024-10-16T19:28:03.168+0000] {logging_mixin.py:190} INFO - Query executed
[2024-10-16T19:28:03.170+0000] {logging_mixin.py:190} INFO - Id: MLA1915925398, Title: Joystick Inalámbrico Para P4 Bluetooth Netmak P401 Negro, Price: 39899.05
[2024-10-16T19:28:03.522+0000] {logging_mixin.py:190} INFO - Query executed
[2024-10-16T19:28:03.535+0000] {logging_mixin.py:190} INFO - Id: MLA1848666858, Title: Memoria Micro Sd 128 Gb Hiksemi Con Adaptador Hs-tf-c1, Price: 11849
[2024-10-16T19:28:03.885+0000] {logging_mixin.py:190} INFO - Query executed
[2024-10-16T19:28:03.887+0000] {logging_mixin.py:190} INFO - Id: MLA1402640681, Title: Consola Para Cartuchos Sega 16 Bits + 2 Joysticks 6 Botones, Price: 47740
[2024-10-16T19:28:04.222+0000] {logging_mixin.py:190} INFO - Query executed
[2024-10-16T19:28:04.224+0000] {logging_mixin.py:190} INFO - Id: MLA1126675691, Title: Joystick Inalámbrico Noganet Ng-2go1 Negro, Price: 20677.5
[2024-10-16T19:28:04.578+0000] {logging_mixin.py:190} INFO - Query executed
[2024-10-16T19:28:04.580+0000] {logging_mixin.py:190} INFO - Id: MLA1705302302, Title: Tarjeta De Memoria Imou Microsd Sdhc S1 C10 Interior 64gb, Price: 9899
[2024-10-16T19:28:04.955+0000] {logging_mixin.py:190} INFO - Query executed
[2024-10-16T19:28:04.956+0000] {logging_mixin.py:190} INFO - Id: MLA1470966770, Title: Pop It Electronico Consola Juguete Push Quick Original Mixio, Price: 11249.25
[2024-10-16T19:28:05.294+0000] {logging_mixin.py:190} INFO - Query executed
[2024-10-16T19:28:05.297+0000] {logging_mixin.py:190} INFO - Id: MLA1854941032, Title: Joystick Inalámbrico Sony Playstation Dualsense Cfi-zct1w Nova Pink, Price: 169999
[2024-10-16T19:28:05.649+0000] {logging_mixin.py:190} INFO - Query executed
[2024-10-16T19:28:05.651+0000] {logging_mixin.py:190} INFO - Id: MLA897209769, Title: Joystick Seisa Sj-703 Negro, Price: 10330
[2024-10-16T19:28:05.977+0000] {logging_mixin.py:190} INFO - Query executed
[2024-10-16T19:28:06.156+0000] {logging_mixin.py:190} INFO - Results committed
[2024-10-16T19:28:06.234+0000] {python.py:240} INFO - Done. Returned value was: None
[2024-10-16T19:28:06.354+0000] {taskinstance.py:340} INFO - ::group::Post task execution logs
[2024-10-16T19:28:06.356+0000] {taskinstance.py:352} INFO - Marking task as SUCCESS. dag_id=insert_items, task_id=inserts.insert_items, run_id=manual__2024-10-16T19:27:29.702372+00:00, execution_date=20241016T192729, start_date=20241016T192743, end_date=20241016T192806
[2024-10-16T19:28:06.482+0000] {local_task_job_runner.py:266} INFO - Task exited with return code 0
[2024-10-16T19:28:06.633+0000] {taskinstance.py:3900} INFO - 0 downstream tasks scheduled from follow-on schedule check
[2024-10-16T19:28:06.645+0000] {local_task_job_runner.py:245} INFO - ::endgroup::
