[2024-10-21T03:04:35.568+0000] {local_task_job_runner.py:123} INFO - ::group::Pre task execution logs
[2024-10-21T03:04:35.587+0000] {taskinstance.py:2612} INFO - Dependencies all met for dep_context=non-requeueable deps ti=<TaskInstance: elt.extract_load_data.create_table_items manual__2024-10-21T03:04:30.604157+00:00 [queued]>
[2024-10-21T03:04:35.594+0000] {taskinstance.py:2612} INFO - Dependencies all met for dep_context=requeueable deps ti=<TaskInstance: elt.extract_load_data.create_table_items manual__2024-10-21T03:04:30.604157+00:00 [queued]>
[2024-10-21T03:04:35.594+0000] {taskinstance.py:2865} INFO - Starting attempt 1 of 2
[2024-10-21T03:04:35.608+0000] {taskinstance.py:2888} INFO - Executing <Task(PostgresOperator): extract_load_data.create_table_items> on 2024-10-21 03:04:30.604157+00:00
[2024-10-21T03:04:35.628+0000] {warnings.py:112} WARNING - /home/***/.local/lib/python3.12/site-packages/***/task/task_runner/standard_task_runner.py:70: DeprecationWarning: This process (pid=198) is multi-threaded, use of fork() may lead to deadlocks in the child.
  pid = os.fork()

[2024-10-21T03:04:35.631+0000] {standard_task_runner.py:72} INFO - Started process 201 to run task
[2024-10-21T03:04:35.635+0000] {standard_task_runner.py:104} INFO - Running: ['***', 'tasks', 'run', 'elt', 'extract_load_data.create_table_items', 'manual__2024-10-21T03:04:30.604157+00:00', '--job-id', '115', '--raw', '--subdir', 'DAGS_FOLDER/elt.py', '--cfg-path', '/tmp/tmprvs9geic']
[2024-10-21T03:04:35.638+0000] {standard_task_runner.py:105} INFO - Job 115: Subtask extract_load_data.create_table_items
[2024-10-21T03:04:38.145+0000] {task_command.py:467} INFO - Running <TaskInstance: elt.extract_load_data.create_table_items manual__2024-10-21T03:04:30.604157+00:00 [running]> on host 6c3793bbe9c9
[2024-10-21T03:04:38.253+0000] {taskinstance.py:3131} INFO - Exporting env vars: AIRFLOW_CTX_DAG_OWNER='mherszage' AIRFLOW_CTX_DAG_ID='elt' AIRFLOW_CTX_TASK_ID='extract_load_data.create_table_items' AIRFLOW_CTX_EXECUTION_DATE='2024-10-21T03:04:30.604157+00:00' AIRFLOW_CTX_TRY_NUMBER='1' AIRFLOW_CTX_DAG_RUN_ID='manual__2024-10-21T03:04:30.604157+00:00'
[2024-10-21T03:04:38.255+0000] {taskinstance.py:731} INFO - ::endgroup::
[2024-10-21T03:04:38.281+0000] {sql.py:266} INFO - Executing: CREATE TABLE IF NOT EXISTS "2024_melissa_herszage_schema".l1_items
(
    id    varchar(256),
    title varchar(256),
    created_at timestamp
);
[2024-10-21T03:04:38.288+0000] {base.py:84} INFO - Retrieving connection 'redshift_default'
[2024-10-21T03:04:38.606+0000] {base.py:84} INFO - Retrieving connection 'redshift_default'
[2024-10-21T03:04:40.699+0000] {sql.py:509} INFO - Running statement: CREATE TABLE IF NOT EXISTS "2024_melissa_herszage_schema".l1_items
(
    id    varchar(256),
    title varchar(256),
    created_at timestamp
);, parameters: None
[2024-10-21T03:04:42.002+0000] {taskinstance.py:340} INFO - ::group::Post task execution logs
[2024-10-21T03:04:42.004+0000] {taskinstance.py:352} INFO - Marking task as SUCCESS. dag_id=elt, task_id=extract_load_data.create_table_items, run_id=manual__2024-10-21T03:04:30.604157+00:00, execution_date=20241021T030430, start_date=20241021T030435, end_date=20241021T030442
[2024-10-21T03:04:42.072+0000] {local_task_job_runner.py:266} INFO - Task exited with return code 0
[2024-10-21T03:04:42.597+0000] {local_task_job_runner.py:245} INFO - ::endgroup::
