[2024-10-20T05:25:19.837+0000] {local_task_job_runner.py:123} INFO - ::group::Pre task execution logs
[2024-10-20T05:25:19.852+0000] {taskinstance.py:2612} INFO - Dependencies all met for dep_context=non-requeueable deps ti=<TaskInstance: elt.transform_data.l2_dim_item manual__2024-10-20T05:24:28.209418+00:00 [queued]>
[2024-10-20T05:25:19.860+0000] {taskinstance.py:2612} INFO - Dependencies all met for dep_context=requeueable deps ti=<TaskInstance: elt.transform_data.l2_dim_item manual__2024-10-20T05:24:28.209418+00:00 [queued]>
[2024-10-20T05:25:19.860+0000] {taskinstance.py:2865} INFO - Starting attempt 1 of 2
[2024-10-20T05:25:19.869+0000] {taskinstance.py:2888} INFO - Executing <Task(PostgresOperator): transform_data.l2_dim_item> on 2024-10-20 05:24:28.209418+00:00
[2024-10-20T05:25:19.883+0000] {warnings.py:112} WARNING - /home/***/.local/lib/python3.12/site-packages/***/task/task_runner/standard_task_runner.py:70: DeprecationWarning: This process (pid=920) is multi-threaded, use of fork() may lead to deadlocks in the child.
  pid = os.fork()

[2024-10-20T05:25:19.885+0000] {standard_task_runner.py:72} INFO - Started process 924 to run task
[2024-10-20T05:25:19.883+0000] {standard_task_runner.py:104} INFO - Running: ['***', 'tasks', 'run', 'elt', 'transform_data.l2_dim_item', 'manual__2024-10-20T05:24:28.209418+00:00', '--job-id', '237', '--raw', '--subdir', 'DAGS_FOLDER/elt.py', '--cfg-path', '/tmp/tmpsu0l6h77']
[2024-10-20T05:25:19.887+0000] {standard_task_runner.py:105} INFO - Job 237: Subtask transform_data.l2_dim_item
[2024-10-20T05:25:23.174+0000] {task_command.py:467} INFO - Running <TaskInstance: elt.transform_data.l2_dim_item manual__2024-10-20T05:24:28.209418+00:00 [running]> on host 3b0481c80fd2
[2024-10-20T05:25:28.871+0000] {taskinstance.py:3131} INFO - Exporting env vars: AIRFLOW_CTX_DAG_OWNER='mherszage' AIRFLOW_CTX_DAG_ID='elt' AIRFLOW_CTX_TASK_ID='transform_data.l2_dim_item' AIRFLOW_CTX_EXECUTION_DATE='2024-10-20T05:24:28.209418+00:00' AIRFLOW_CTX_TRY_NUMBER='1' AIRFLOW_CTX_DAG_RUN_ID='manual__2024-10-20T05:24:28.209418+00:00'
[2024-10-20T05:25:28.899+0000] {taskinstance.py:731} INFO - ::endgroup::
[2024-10-20T05:25:29.083+0000] {sql.py:266} INFO - Executing: BEGIN TRANSACTION
;

CREATE TEMPORARY TABLE staging_dim_item AS
(
WITH filter_variables AS
(SELECT COALESCE(MAX(_dim_item_audit_time), '2024-10-16'::timestamp) AS last_updated FROM "2024_melissa_herszage_schema".l2_dim_item)

    SELECT id as item_id,
        title,
        created_at as _l1_audit_time,
        current_timestamp as _dim_item_audit_time
    FROM "2024_melissa_herszage_schema".l1_items as i
    CROSS JOIN filter_variables fv
    WHERE i.created_at > last_updated
    )
;

DELETE FROM "2024_melissa_herszage_schema".l2_dim_item
WHERE item_id IN (SELECT item_id FROM staging_dim_item)
;

INSERT INTO "2024_melissa_herszage_schema".l2_dim_item
(SELECT * FROM staging_dim_item)
;

END TRANSACTION
;
[2024-10-20T05:25:29.307+0000] {base.py:84} INFO - Retrieving connection 'redshift_default'
[2024-10-20T05:25:29.502+0000] {base.py:84} INFO - Retrieving connection 'redshift_default'
[2024-10-20T05:25:30.990+0000] {sql.py:509} INFO - Running statement: BEGIN TRANSACTION
;

CREATE TEMPORARY TABLE staging_dim_item AS
(
WITH filter_variables AS
(SELECT COALESCE(MAX(_dim_item_audit_time), '2024-10-16'::timestamp) AS last_updated FROM "2024_melissa_herszage_schema".l2_dim_item)

    SELECT id as item_id,
        title,
        created_at as _l1_audit_time,
        current_timestamp as _dim_item_audit_time
    FROM "2024_melissa_herszage_schema".l1_items as i
    CROSS JOIN filter_variables fv
    WHERE i.created_at > last_updated
    )
;

DELETE FROM "2024_melissa_herszage_schema".l2_dim_item
WHERE item_id IN (SELECT item_id FROM staging_dim_item)
;

INSERT INTO "2024_melissa_herszage_schema".l2_dim_item
(SELECT * FROM staging_dim_item)
;

END TRANSACTION
;, parameters: None
[2024-10-20T05:25:31.392+0000] {job.py:229} INFO - Heartbeat recovered after 11.68 seconds
[2024-10-20T05:25:38.747+0000] {taskinstance.py:340} INFO - ::group::Post task execution logs
[2024-10-20T05:25:38.842+0000] {taskinstance.py:352} INFO - Marking task as SUCCESS. dag_id=elt, task_id=transform_data.l2_dim_item, run_id=manual__2024-10-20T05:24:28.209418+00:00, execution_date=20241020T052428, start_date=20241020T052519, end_date=20241020T052538
[2024-10-20T05:25:39.108+0000] {local_task_job_runner.py:266} INFO - Task exited with return code 0
[2024-10-20T05:25:39.474+0000] {taskinstance.py:3900} INFO - 0 downstream tasks scheduled from follow-on schedule check
[2024-10-20T05:25:39.503+0000] {local_task_job_runner.py:245} INFO - ::endgroup::
