[2024-10-16T19:35:15.120+0000] {local_task_job_runner.py:123} INFO - ::group::Pre task execution logs
[2024-10-16T19:35:15.238+0000] {taskinstance.py:2612} INFO - Dependencies all met for dep_context=non-requeueable deps ti=<TaskInstance: insert_items.inserts.insert_prices scheduled__2024-10-16T19:05:00+00:00 [queued]>
[2024-10-16T19:35:15.285+0000] {taskinstance.py:2612} INFO - Dependencies all met for dep_context=requeueable deps ti=<TaskInstance: insert_items.inserts.insert_prices scheduled__2024-10-16T19:05:00+00:00 [queued]>
[2024-10-16T19:35:15.288+0000] {taskinstance.py:2865} INFO - Starting attempt 1 of 2
[2024-10-16T19:35:15.746+0000] {taskinstance.py:2888} INFO - Executing <Task(PythonOperator): inserts.insert_prices> on 2024-10-16 19:05:00+00:00
[2024-10-16T19:35:15.974+0000] {warnings.py:112} WARNING - /home/***/.local/lib/python3.12/site-packages/***/task/task_runner/standard_task_runner.py:70: DeprecationWarning: This process (pid=169) is multi-threaded, use of fork() may lead to deadlocks in the child.
  pid = os.fork()

[2024-10-16T19:35:15.997+0000] {standard_task_runner.py:72} INFO - Started process 178 to run task
[2024-10-16T19:35:16.008+0000] {standard_task_runner.py:104} INFO - Running: ['***', 'tasks', 'run', 'insert_items', 'inserts.insert_prices', 'scheduled__2024-10-16T19:05:00+00:00', '--job-id', '81', '--raw', '--subdir', 'DAGS_FOLDER/insert_items.py', '--cfg-path', '/tmp/tmpz_junidx']
[2024-10-16T19:35:16.044+0000] {standard_task_runner.py:105} INFO - Job 81: Subtask inserts.insert_prices
[2024-10-16T19:35:17.471+0000] {task_command.py:467} INFO - Running <TaskInstance: insert_items.inserts.insert_prices scheduled__2024-10-16T19:05:00+00:00 [running]> on host 2109dd405c1b
[2024-10-16T19:35:17.891+0000] {taskinstance.py:3131} INFO - Exporting env vars: AIRFLOW_CTX_DAG_OWNER='mherszage' AIRFLOW_CTX_DAG_ID='insert_items' AIRFLOW_CTX_TASK_ID='inserts.insert_prices' AIRFLOW_CTX_EXECUTION_DATE='2024-10-16T19:05:00+00:00' AIRFLOW_CTX_TRY_NUMBER='1' AIRFLOW_CTX_DAG_RUN_ID='scheduled__2024-10-16T19:05:00+00:00'
[2024-10-16T19:35:17.922+0000] {taskinstance.py:731} INFO - ::endgroup::
[2024-10-16T19:35:21.179+0000] {logging_mixin.py:190} INFO - Query items_query executed
[2024-10-16T19:35:21.223+0000] {logging_mixin.py:190} INFO - MLA1420542199
[2024-10-16T19:35:21.784+0000] {job.py:229} INFO - Heartbeat recovered after 13.31 seconds
[2024-10-16T19:35:22.549+0000] {logging_mixin.py:190} INFO - Error: 401
[2024-10-16T19:35:22.575+0000] {logging_mixin.py:190} INFO - MLA1513783534
[2024-10-16T19:35:23.373+0000] {logging_mixin.py:190} INFO - Error: 401
[2024-10-16T19:35:23.413+0000] {logging_mixin.py:190} INFO - MLA1455028687
[2024-10-16T19:35:24.088+0000] {logging_mixin.py:190} INFO - Error: 401
[2024-10-16T19:35:24.090+0000] {logging_mixin.py:190} INFO - MLA1642598964
[2024-10-16T19:35:24.696+0000] {logging_mixin.py:190} INFO - Error: 401
[2024-10-16T19:35:24.697+0000] {logging_mixin.py:190} INFO - MLA1425634379
[2024-10-16T19:35:25.251+0000] {logging_mixin.py:190} INFO - Error: 401
[2024-10-16T19:35:25.255+0000] {logging_mixin.py:190} INFO - MLA1771015420
[2024-10-16T19:35:25.995+0000] {logging_mixin.py:190} INFO - Error: 401
[2024-10-16T19:35:26.003+0000] {logging_mixin.py:190} INFO - MLA1438316301
[2024-10-16T19:35:26.664+0000] {logging_mixin.py:190} INFO - Error: 401
[2024-10-16T19:35:26.667+0000] {logging_mixin.py:190} INFO - MLA1923504016
[2024-10-16T19:35:27.296+0000] {logging_mixin.py:190} INFO - Error: 401
[2024-10-16T19:35:27.307+0000] {logging_mixin.py:190} INFO - MLA1363095617
[2024-10-16T19:35:27.894+0000] {logging_mixin.py:190} INFO - Error: 401
[2024-10-16T19:35:27.896+0000] {logging_mixin.py:190} INFO - MLA1443618427
[2024-10-16T19:35:28.460+0000] {logging_mixin.py:190} INFO - Error: 401
[2024-10-16T19:35:28.463+0000] {logging_mixin.py:190} INFO - MLA1452539243
[2024-10-16T19:35:29.071+0000] {logging_mixin.py:190} INFO - Error: 401
[2024-10-16T19:35:29.073+0000] {logging_mixin.py:190} INFO - MLA1934620406
[2024-10-16T19:35:29.619+0000] {logging_mixin.py:190} INFO - Error: 401
[2024-10-16T19:35:29.619+0000] {logging_mixin.py:190} INFO - MLA1454525447
[2024-10-16T19:35:30.147+0000] {logging_mixin.py:190} INFO - Error: 401
[2024-10-16T19:35:30.148+0000] {logging_mixin.py:190} INFO - MLA1422452531
[2024-10-16T19:35:30.702+0000] {logging_mixin.py:190} INFO - Error: 401
[2024-10-16T19:35:30.706+0000] {logging_mixin.py:190} INFO - MLA1420491095
[2024-10-16T19:35:31.246+0000] {logging_mixin.py:190} INFO - Error: 401
[2024-10-16T19:35:31.246+0000] {logging_mixin.py:190} INFO - MLA1932107420
[2024-10-16T19:35:31.783+0000] {logging_mixin.py:190} INFO - Error: 401
[2024-10-16T19:35:31.786+0000] {logging_mixin.py:190} INFO - MLA934064691
[2024-10-16T19:35:32.329+0000] {logging_mixin.py:190} INFO - Error: 401
[2024-10-16T19:35:32.335+0000] {logging_mixin.py:190} INFO - MLA1422491335
[2024-10-16T19:35:32.921+0000] {logging_mixin.py:190} INFO - Error: 401
[2024-10-16T19:35:32.923+0000] {logging_mixin.py:190} INFO - MLA1824905578
[2024-10-16T19:35:33.506+0000] {logging_mixin.py:190} INFO - Error: 401
[2024-10-16T19:35:33.507+0000] {logging_mixin.py:190} INFO - MLA1723436604
[2024-10-16T19:35:34.062+0000] {logging_mixin.py:190} INFO - Error: 401
[2024-10-16T19:35:34.064+0000] {logging_mixin.py:190} INFO - MLA1735236438
[2024-10-16T19:35:34.663+0000] {logging_mixin.py:190} INFO - Error: 401
[2024-10-16T19:35:34.665+0000] {logging_mixin.py:190} INFO - MLA1918224392
[2024-10-16T19:35:35.270+0000] {logging_mixin.py:190} INFO - Error: 401
[2024-10-16T19:35:35.272+0000] {logging_mixin.py:190} INFO - MLA1814734538
[2024-10-16T19:35:35.799+0000] {logging_mixin.py:190} INFO - Error: 401
[2024-10-16T19:35:35.800+0000] {logging_mixin.py:190} INFO - MLA1389166937
[2024-10-16T19:35:37.115+0000] {logging_mixin.py:190} INFO - Error: 401
[2024-10-16T19:35:37.118+0000] {logging_mixin.py:190} INFO - MLA1409364971
[2024-10-16T19:35:37.667+0000] {logging_mixin.py:190} INFO - Error: 401
[2024-10-16T19:35:37.668+0000] {logging_mixin.py:190} INFO - MLA1363379415
[2024-10-16T19:35:38.217+0000] {logging_mixin.py:190} INFO - Error: 401
[2024-10-16T19:35:38.218+0000] {logging_mixin.py:190} INFO - MLA1403544371
[2024-10-16T19:35:38.902+0000] {logging_mixin.py:190} INFO - Error: 401
[2024-10-16T19:35:38.905+0000] {logging_mixin.py:190} INFO - MLA1933005728
[2024-10-16T19:35:39.435+0000] {logging_mixin.py:190} INFO - Error: 401
[2024-10-16T19:35:39.437+0000] {logging_mixin.py:190} INFO - MLA1902022692
[2024-10-16T19:35:40.028+0000] {logging_mixin.py:190} INFO - Error: 401
[2024-10-16T19:35:40.029+0000] {logging_mixin.py:190} INFO - MLA1876554140
[2024-10-16T19:35:40.629+0000] {logging_mixin.py:190} INFO - Error: 401
[2024-10-16T19:35:40.632+0000] {logging_mixin.py:190} INFO - MLA1896057314
[2024-10-16T19:35:41.192+0000] {logging_mixin.py:190} INFO - Error: 401
[2024-10-16T19:35:41.194+0000] {logging_mixin.py:190} INFO - MLA1433388441
[2024-10-16T19:35:41.771+0000] {logging_mixin.py:190} INFO - Error: 401
[2024-10-16T19:35:41.773+0000] {logging_mixin.py:190} INFO - MLA1915925398
[2024-10-16T19:35:42.758+0000] {logging_mixin.py:190} INFO - Error: 401
[2024-10-16T19:35:42.760+0000] {logging_mixin.py:190} INFO - MLA1848666858
[2024-10-16T19:35:43.337+0000] {logging_mixin.py:190} INFO - Error: 401
[2024-10-16T19:35:43.338+0000] {logging_mixin.py:190} INFO - MLA1854941032
[2024-10-16T19:35:43.871+0000] {logging_mixin.py:190} INFO - Error: 401
[2024-10-16T19:35:43.876+0000] {logging_mixin.py:190} INFO - MLA1933058072
[2024-10-16T19:35:44.474+0000] {logging_mixin.py:190} INFO - Error: 401
[2024-10-16T19:35:44.474+0000] {logging_mixin.py:190} INFO - MLA1876044426
[2024-10-16T19:35:45.070+0000] {logging_mixin.py:190} INFO - Error: 401
[2024-10-16T19:35:45.073+0000] {logging_mixin.py:190} INFO - MLA1413189069
[2024-10-16T19:35:45.712+0000] {logging_mixin.py:190} INFO - Error: 401
[2024-10-16T19:35:45.714+0000] {logging_mixin.py:190} INFO - MLA1800918872
[2024-10-16T19:35:46.271+0000] {logging_mixin.py:190} INFO - Error: 401
[2024-10-16T19:35:46.273+0000] {logging_mixin.py:190} INFO - MLA1451984191
[2024-10-16T19:35:46.815+0000] {logging_mixin.py:190} INFO - Error: 401
[2024-10-16T19:35:46.816+0000] {logging_mixin.py:190} INFO - MLA1869209536
[2024-10-16T19:35:47.369+0000] {logging_mixin.py:190} INFO - Error: 401
[2024-10-16T19:35:47.370+0000] {logging_mixin.py:190} INFO - MLA1470966770
[2024-10-16T19:35:47.936+0000] {logging_mixin.py:190} INFO - Error: 401
[2024-10-16T19:35:47.938+0000] {logging_mixin.py:190} INFO - MLA1876671498
[2024-10-16T19:35:48.475+0000] {logging_mixin.py:190} INFO - Error: 401
[2024-10-16T19:35:48.476+0000] {logging_mixin.py:190} INFO - MLA1705302302
[2024-10-16T19:35:49.002+0000] {logging_mixin.py:190} INFO - Error: 401
[2024-10-16T19:35:49.003+0000] {logging_mixin.py:190} INFO - MLA1425892217
[2024-10-16T19:35:49.539+0000] {logging_mixin.py:190} INFO - Error: 401
[2024-10-16T19:35:49.540+0000] {logging_mixin.py:190} INFO - MLA1771013260
[2024-10-16T19:35:50.105+0000] {logging_mixin.py:190} INFO - Error: 401
[2024-10-16T19:35:50.108+0000] {logging_mixin.py:190} INFO - MLA1417840319
[2024-10-16T19:35:50.710+0000] {logging_mixin.py:190} INFO - Error: 401
[2024-10-16T19:35:50.711+0000] {logging_mixin.py:190} INFO - MLA1452087571
[2024-10-16T19:35:51.241+0000] {logging_mixin.py:190} INFO - Error: 401
[2024-10-16T19:35:51.243+0000] {logging_mixin.py:190} INFO - MLA1436556685
[2024-10-16T19:35:51.818+0000] {logging_mixin.py:190} INFO - Error: 401
[2024-10-16T19:35:51.818+0000] {logging_mixin.py:190} INFO - MLA1426112753
[2024-10-16T19:35:52.411+0000] {logging_mixin.py:190} INFO - Error: 401
[2024-10-16T19:35:52.414+0000] {logging_mixin.py:190} INFO - MLA1439039201
[2024-10-16T19:35:52.993+0000] {logging_mixin.py:190} INFO - Error: 401
[2024-10-16T19:35:52.996+0000] {logging_mixin.py:190} INFO - MLA1429767130
[2024-10-16T19:35:53.537+0000] {logging_mixin.py:190} INFO - Error: 401
[2024-10-16T19:35:53.538+0000] {logging_mixin.py:190} INFO - MLA1440271167
[2024-10-16T19:35:54.081+0000] {logging_mixin.py:190} INFO - Error: 401
[2024-10-16T19:35:54.082+0000] {logging_mixin.py:190} INFO - MLA934055466
[2024-10-16T19:35:54.660+0000] {logging_mixin.py:190} INFO - Error: 401
[2024-10-16T19:35:54.660+0000] {logging_mixin.py:190} INFO - MLA1444880845
[2024-10-16T19:35:55.205+0000] {logging_mixin.py:190} INFO - Error: 401
[2024-10-16T19:35:55.210+0000] {logging_mixin.py:190} INFO - MLA1422439293
[2024-10-16T19:35:55.915+0000] {logging_mixin.py:190} INFO - Error: 401
[2024-10-16T19:35:55.922+0000] {logging_mixin.py:190} INFO - MLA1735248328
[2024-10-16T19:35:56.559+0000] {logging_mixin.py:190} INFO - Error: 401
[2024-10-16T19:35:56.563+0000] {logging_mixin.py:190} INFO - MLA1402640681
[2024-10-16T19:35:57.218+0000] {logging_mixin.py:190} INFO - Error: 401
[2024-10-16T19:35:57.226+0000] {logging_mixin.py:190} INFO - MLA1126675691
[2024-10-16T19:35:57.883+0000] {logging_mixin.py:190} INFO - Error: 401
[2024-10-16T19:35:57.890+0000] {logging_mixin.py:190} INFO - MLA897209769
[2024-10-16T19:35:58.463+0000] {logging_mixin.py:190} INFO - Error: 401
[2024-10-16T19:35:58.464+0000] {logging_mixin.py:190} INFO - MLA1924986116
[2024-10-16T19:35:59.000+0000] {logging_mixin.py:190} INFO - Error: 401
[2024-10-16T19:35:59.001+0000] {logging_mixin.py:190} INFO - MLA1866922458
[2024-10-16T19:35:59.564+0000] {logging_mixin.py:190} INFO - Error: 401
[2024-10-16T19:35:59.572+0000] {python.py:240} INFO - Done. Returned value was: None
[2024-10-16T19:35:59.667+0000] {taskinstance.py:340} INFO - ::group::Post task execution logs
[2024-10-16T19:35:59.670+0000] {taskinstance.py:352} INFO - Marking task as SUCCESS. dag_id=insert_items, task_id=inserts.insert_prices, run_id=scheduled__2024-10-16T19:05:00+00:00, execution_date=20241016T190500, start_date=20241016T193515, end_date=20241016T193559
[2024-10-16T19:35:59.772+0000] {local_task_job_runner.py:266} INFO - Task exited with return code 0
[2024-10-16T19:35:59.832+0000] {taskinstance.py:3900} INFO - 0 downstream tasks scheduled from follow-on schedule check
[2024-10-16T19:35:59.833+0000] {local_task_job_runner.py:245} INFO - ::endgroup::
