[2024-10-21T01:44:06.303+0000] {local_task_job_runner.py:123} INFO - ::group::Pre task execution logs
[2024-10-21T01:44:06.353+0000] {taskinstance.py:2612} INFO - Dependencies all met for dep_context=non-requeueable deps ti=<TaskInstance: elt.extract_load_data.create_table_items manual__2024-10-21T01:44:02.976832+00:00 [queued]>
[2024-10-21T01:44:06.365+0000] {taskinstance.py:2612} INFO - Dependencies all met for dep_context=requeueable deps ti=<TaskInstance: elt.extract_load_data.create_table_items manual__2024-10-21T01:44:02.976832+00:00 [queued]>
[2024-10-21T01:44:06.366+0000] {taskinstance.py:2865} INFO - Starting attempt 1 of 2
[2024-10-21T01:44:06.383+0000] {taskinstance.py:2888} INFO - Executing <Task(PostgresOperator): extract_load_data.create_table_items> on 2024-10-21 01:44:02.976832+00:00
[2024-10-21T01:44:06.400+0000] {warnings.py:112} WARNING - /home/***/.local/lib/python3.12/site-packages/***/task/task_runner/standard_task_runner.py:70: DeprecationWarning: This process (pid=495) is multi-threaded, use of fork() may lead to deadlocks in the child.
  pid = os.fork()

[2024-10-21T01:44:06.403+0000] {standard_task_runner.py:72} INFO - Started process 500 to run task
[2024-10-21T01:44:06.415+0000] {standard_task_runner.py:104} INFO - Running: ['***', 'tasks', 'run', 'elt', 'extract_load_data.create_table_items', 'manual__2024-10-21T01:44:02.976832+00:00', '--job-id', '27', '--raw', '--subdir', 'DAGS_FOLDER/elt.py', '--cfg-path', '/tmp/tmpdisxx8g0']
[2024-10-21T01:44:06.427+0000] {standard_task_runner.py:105} INFO - Job 27: Subtask extract_load_data.create_table_items
[2024-10-21T01:44:07.470+0000] {task_command.py:467} INFO - Running <TaskInstance: elt.extract_load_data.create_table_items manual__2024-10-21T01:44:02.976832+00:00 [running]> on host acebe3f59a66
[2024-10-21T01:44:07.552+0000] {taskinstance.py:3131} INFO - Exporting env vars: AIRFLOW_CTX_DAG_OWNER='mherszage' AIRFLOW_CTX_DAG_ID='elt' AIRFLOW_CTX_TASK_ID='extract_load_data.create_table_items' AIRFLOW_CTX_EXECUTION_DATE='2024-10-21T01:44:02.976832+00:00' AIRFLOW_CTX_TRY_NUMBER='1' AIRFLOW_CTX_DAG_RUN_ID='manual__2024-10-21T01:44:02.976832+00:00'
[2024-10-21T01:44:07.553+0000] {taskinstance.py:731} INFO - ::endgroup::
[2024-10-21T01:44:07.568+0000] {sql.py:266} INFO - Executing: CREATE TABLE IF NOT EXISTS "2024_melissa_herszage_schema".l1_items
(
    id    varchar(256),
    title varchar(256),
    created_at timestamp
);
[2024-10-21T01:44:07.577+0000] {base.py:84} INFO - Retrieving connection 'redshift_default'
[2024-10-21T01:44:08.154+0000] {base.py:84} INFO - Retrieving connection 'redshift_default'
[2024-10-21T01:44:09.623+0000] {sql.py:509} INFO - Running statement: CREATE TABLE IF NOT EXISTS "2024_melissa_herszage_schema".l1_items
(
    id    varchar(256),
    title varchar(256),
    created_at timestamp
);, parameters: None
[2024-10-21T01:44:10.872+0000] {taskinstance.py:340} INFO - ::group::Post task execution logs
[2024-10-21T01:44:10.873+0000] {taskinstance.py:352} INFO - Marking task as SUCCESS. dag_id=elt, task_id=extract_load_data.create_table_items, run_id=manual__2024-10-21T01:44:02.976832+00:00, execution_date=20241021T014402, start_date=20241021T014406, end_date=20241021T014410
[2024-10-21T01:44:10.978+0000] {local_task_job_runner.py:266} INFO - Task exited with return code 0
[2024-10-21T01:44:11.035+0000] {warnings.py:112} WARNING - /home/***/.local/lib/python3.12/site-packages/***/models/baseoperator.py:1378: AirflowProviderDeprecationWarning: Call to deprecated class PostgresOperator. (Please use `***.providers.common.sql.operators.sql.SQLExecuteQueryOperator`.Also, you can provide `hook_params={'schema': <database>}`.)
  result = cls.__new__(cls)

[2024-10-21T01:44:11.498+0000] {standard_task_runner.py:217} INFO - Process not found (most likely exited), stop collecting metrics
[2024-10-21T01:44:11.505+0000] {taskinstance.py:3900} INFO - 0 downstream tasks scheduled from follow-on schedule check
[2024-10-21T01:44:11.507+0000] {local_task_job_runner.py:245} INFO - ::endgroup::
