[2024-10-16T19:03:51.853+0000] {local_task_job_runner.py:123} INFO - ::group::Pre task execution logs
[2024-10-16T19:03:51.880+0000] {taskinstance.py:2612} INFO - Dependencies all met for dep_context=non-requeueable deps ti=<TaskInstance: insert_items.inserts.insert_prices manual__2024-10-16T18:55:12.556553+00:00 [queued]>
[2024-10-16T19:03:51.886+0000] {taskinstance.py:2612} INFO - Dependencies all met for dep_context=requeueable deps ti=<TaskInstance: insert_items.inserts.insert_prices manual__2024-10-16T18:55:12.556553+00:00 [queued]>
[2024-10-16T19:03:51.886+0000] {taskinstance.py:2865} INFO - Starting attempt 1 of 2
[2024-10-16T19:03:51.899+0000] {taskinstance.py:2888} INFO - Executing <Task(PythonOperator): inserts.insert_prices> on 2024-10-16 18:55:12.556553+00:00
[2024-10-16T19:03:51.917+0000] {warnings.py:112} WARNING - /home/***/.local/lib/python3.12/site-packages/***/task/task_runner/standard_task_runner.py:70: DeprecationWarning: This process (pid=65) is multi-threaded, use of fork() may lead to deadlocks in the child.
  pid = os.fork()

[2024-10-16T19:03:51.924+0000] {standard_task_runner.py:72} INFO - Started process 69 to run task
[2024-10-16T19:03:51.930+0000] {standard_task_runner.py:104} INFO - Running: ['***', 'tasks', 'run', 'insert_items', 'inserts.insert_prices', 'manual__2024-10-16T18:55:12.556553+00:00', '--job-id', '67', '--raw', '--subdir', 'DAGS_FOLDER/insert_items.py', '--cfg-path', '/tmp/tmp2xc0or72']
[2024-10-16T19:03:51.941+0000] {standard_task_runner.py:105} INFO - Job 67: Subtask inserts.insert_prices
[2024-10-16T19:03:52.092+0000] {task_command.py:467} INFO - Running <TaskInstance: insert_items.inserts.insert_prices manual__2024-10-16T18:55:12.556553+00:00 [running]> on host 2109dd405c1b
[2024-10-16T19:03:52.193+0000] {taskinstance.py:3131} INFO - Exporting env vars: AIRFLOW_CTX_DAG_OWNER='mherszage' AIRFLOW_CTX_DAG_ID='insert_items' AIRFLOW_CTX_TASK_ID='inserts.insert_prices' AIRFLOW_CTX_EXECUTION_DATE='2024-10-16T18:55:12.556553+00:00' AIRFLOW_CTX_TRY_NUMBER='1' AIRFLOW_CTX_DAG_RUN_ID='manual__2024-10-16T18:55:12.556553+00:00'
[2024-10-16T19:03:52.199+0000] {taskinstance.py:731} INFO - ::endgroup::
[2024-10-16T19:03:54.213+0000] {logging_mixin.py:190} INFO - Query items_query executed
[2024-10-16T19:03:54.807+0000] {logging_mixin.py:190} INFO - Error: 404
[2024-10-16T19:03:55.358+0000] {logging_mixin.py:190} INFO - Error: 404
[2024-10-16T19:03:55.965+0000] {logging_mixin.py:190} INFO - Error: 404
[2024-10-16T19:03:56.522+0000] {logging_mixin.py:190} INFO - Error: 404
[2024-10-16T19:03:57.107+0000] {logging_mixin.py:190} INFO - Error: 404
[2024-10-16T19:03:57.650+0000] {logging_mixin.py:190} INFO - Error: 404
[2024-10-16T19:03:58.212+0000] {logging_mixin.py:190} INFO - Error: 404
[2024-10-16T19:03:58.758+0000] {logging_mixin.py:190} INFO - Error: 404
[2024-10-16T19:03:59.298+0000] {logging_mixin.py:190} INFO - Error: 404
[2024-10-16T19:03:59.861+0000] {logging_mixin.py:190} INFO - Error: 404
[2024-10-16T19:04:00.414+0000] {logging_mixin.py:190} INFO - Error: 404
[2024-10-16T19:04:00.965+0000] {logging_mixin.py:190} INFO - Error: 404
[2024-10-16T19:04:01.484+0000] {logging_mixin.py:190} INFO - Error: 404
[2024-10-16T19:04:02.044+0000] {logging_mixin.py:190} INFO - Error: 404
[2024-10-16T19:04:02.577+0000] {logging_mixin.py:190} INFO - Error: 404
[2024-10-16T19:04:03.127+0000] {logging_mixin.py:190} INFO - Error: 404
[2024-10-16T19:04:03.669+0000] {logging_mixin.py:190} INFO - Error: 404
[2024-10-16T19:04:04.241+0000] {logging_mixin.py:190} INFO - Error: 404
[2024-10-16T19:04:04.823+0000] {logging_mixin.py:190} INFO - Error: 404
[2024-10-16T19:04:05.368+0000] {logging_mixin.py:190} INFO - Error: 404
[2024-10-16T19:04:05.953+0000] {logging_mixin.py:190} INFO - Error: 404
[2024-10-16T19:04:06.519+0000] {logging_mixin.py:190} INFO - Error: 404
[2024-10-16T19:04:07.099+0000] {logging_mixin.py:190} INFO - Error: 404
[2024-10-16T19:04:07.636+0000] {logging_mixin.py:190} INFO - Error: 404
[2024-10-16T19:04:08.193+0000] {logging_mixin.py:190} INFO - Error: 404
[2024-10-16T19:04:08.740+0000] {logging_mixin.py:190} INFO - Error: 404
[2024-10-16T19:04:09.289+0000] {logging_mixin.py:190} INFO - Error: 404
[2024-10-16T19:04:09.873+0000] {logging_mixin.py:190} INFO - Error: 404
[2024-10-16T19:04:10.395+0000] {logging_mixin.py:190} INFO - Error: 404
[2024-10-16T19:04:10.930+0000] {logging_mixin.py:190} INFO - Error: 404
[2024-10-16T19:04:11.465+0000] {logging_mixin.py:190} INFO - Error: 404
[2024-10-16T19:04:12.030+0000] {logging_mixin.py:190} INFO - Error: 404
[2024-10-16T19:04:12.610+0000] {logging_mixin.py:190} INFO - Error: 404
[2024-10-16T19:04:13.177+0000] {logging_mixin.py:190} INFO - Error: 404
[2024-10-16T19:04:13.738+0000] {logging_mixin.py:190} INFO - Error: 404
[2024-10-16T19:04:14.307+0000] {logging_mixin.py:190} INFO - Error: 404
[2024-10-16T19:04:14.874+0000] {logging_mixin.py:190} INFO - Error: 404
[2024-10-16T19:04:15.459+0000] {logging_mixin.py:190} INFO - Error: 404
[2024-10-16T19:04:16.022+0000] {logging_mixin.py:190} INFO - Error: 404
[2024-10-16T19:04:16.619+0000] {logging_mixin.py:190} INFO - Error: 404
[2024-10-16T19:04:17.165+0000] {logging_mixin.py:190} INFO - Error: 404
[2024-10-16T19:04:17.691+0000] {logging_mixin.py:190} INFO - Error: 404
[2024-10-16T19:04:18.295+0000] {logging_mixin.py:190} INFO - Error: 404
[2024-10-16T19:04:18.837+0000] {logging_mixin.py:190} INFO - Error: 404
[2024-10-16T19:04:19.366+0000] {logging_mixin.py:190} INFO - Error: 404
[2024-10-16T19:04:19.951+0000] {logging_mixin.py:190} INFO - Error: 404
[2024-10-16T19:04:20.595+0000] {logging_mixin.py:190} INFO - Error: 404
[2024-10-16T19:04:21.124+0000] {logging_mixin.py:190} INFO - Error: 404
[2024-10-16T19:04:21.656+0000] {logging_mixin.py:190} INFO - Error: 404
[2024-10-16T19:04:22.228+0000] {logging_mixin.py:190} INFO - Error: 404
[2024-10-16T19:04:22.800+0000] {logging_mixin.py:190} INFO - Error: 404
[2024-10-16T19:04:23.382+0000] {logging_mixin.py:190} INFO - Error: 404
[2024-10-16T19:04:23.951+0000] {logging_mixin.py:190} INFO - Error: 404
[2024-10-16T19:04:24.490+0000] {logging_mixin.py:190} INFO - Error: 404
[2024-10-16T19:04:25.023+0000] {logging_mixin.py:190} INFO - Error: 404
[2024-10-16T19:04:25.608+0000] {logging_mixin.py:190} INFO - Error: 404
[2024-10-16T19:04:26.158+0000] {logging_mixin.py:190} INFO - Error: 404
[2024-10-16T19:04:26.340+0000] {python.py:240} INFO - Done. Returned value was: None
[2024-10-16T19:04:26.400+0000] {taskinstance.py:340} INFO - ::group::Post task execution logs
[2024-10-16T19:04:26.401+0000] {taskinstance.py:352} INFO - Marking task as SUCCESS. dag_id=insert_items, task_id=inserts.insert_prices, run_id=manual__2024-10-16T18:55:12.556553+00:00, execution_date=20241016T185512, start_date=20241016T190351, end_date=20241016T190426
[2024-10-16T19:04:26.471+0000] {local_task_job_runner.py:266} INFO - Task exited with return code 0
[2024-10-16T19:04:26.502+0000] {taskinstance.py:3900} INFO - 0 downstream tasks scheduled from follow-on schedule check
[2024-10-16T19:04:26.504+0000] {local_task_job_runner.py:245} INFO - ::endgroup::
