[2024-10-18T05:17:19.157+0000] {local_task_job_runner.py:123} INFO - ::group::Pre task execution logs
[2024-10-18T05:17:19.229+0000] {taskinstance.py:2612} INFO - Dependencies all met for dep_context=non-requeueable deps ti=<TaskInstance: elt.extract_load_data.create_table_prices manual__2024-10-18T05:17:16.050861+00:00 [queued]>
[2024-10-18T05:17:19.241+0000] {taskinstance.py:2612} INFO - Dependencies all met for dep_context=requeueable deps ti=<TaskInstance: elt.extract_load_data.create_table_prices manual__2024-10-18T05:17:16.050861+00:00 [queued]>
[2024-10-18T05:17:19.241+0000] {taskinstance.py:2865} INFO - Starting attempt 1 of 2
[2024-10-18T05:17:19.278+0000] {taskinstance.py:2888} INFO - Executing <Task(PostgresOperator): extract_load_data.create_table_prices> on 2024-10-18 05:17:16.050861+00:00
[2024-10-18T05:17:19.299+0000] {warnings.py:112} WARNING - /home/***/.local/lib/python3.12/site-packages/***/task/task_runner/standard_task_runner.py:70: DeprecationWarning: This process (pid=2049) is multi-threaded, use of fork() may lead to deadlocks in the child.
  pid = os.fork()

[2024-10-18T05:17:19.302+0000] {standard_task_runner.py:72} INFO - Started process 2053 to run task
[2024-10-18T05:17:19.309+0000] {standard_task_runner.py:104} INFO - Running: ['***', 'tasks', 'run', 'elt', 'extract_load_data.create_table_prices', 'manual__2024-10-18T05:17:16.050861+00:00', '--job-id', '202', '--raw', '--subdir', 'DAGS_FOLDER/elt.py', '--cfg-path', '/tmp/tmpg19rlz07']
[2024-10-18T05:17:19.314+0000] {standard_task_runner.py:105} INFO - Job 202: Subtask extract_load_data.create_table_prices
[2024-10-18T05:17:21.377+0000] {task_command.py:467} INFO - Running <TaskInstance: elt.extract_load_data.create_table_prices manual__2024-10-18T05:17:16.050861+00:00 [running]> on host a414d3516fe8
[2024-10-18T05:17:21.470+0000] {taskinstance.py:3131} INFO - Exporting env vars: AIRFLOW_CTX_DAG_OWNER='mherszage' AIRFLOW_CTX_DAG_ID='elt' AIRFLOW_CTX_TASK_ID='extract_load_data.create_table_prices' AIRFLOW_CTX_EXECUTION_DATE='2024-10-18T05:17:16.050861+00:00' AIRFLOW_CTX_TRY_NUMBER='1' AIRFLOW_CTX_DAG_RUN_ID='manual__2024-10-18T05:17:16.050861+00:00'
[2024-10-18T05:17:21.471+0000] {taskinstance.py:731} INFO - ::endgroup::
[2024-10-18T05:17:21.516+0000] {sql.py:266} INFO - Executing: CREATE TABLE IF NOT EXISTS "2024_melissa_herszage_schema".l1_item_prices
(
    item_id            varchar(256),
    condition          varchar(256),
    price              int,
    currency           varchar(256),
    available_quantity int,
    created_at         timestamp
)
[2024-10-18T05:17:21.529+0000] {base.py:84} INFO - Retrieving connection 'redshift_default'
[2024-10-18T05:17:21.539+0000] {base.py:84} INFO - Retrieving connection 'redshift_default'
[2024-10-18T05:17:22.909+0000] {sql.py:509} INFO - Running statement: CREATE TABLE IF NOT EXISTS "2024_melissa_herszage_schema".l1_item_prices
(
    item_id            varchar(256),
    condition          varchar(256),
    price              int,
    currency           varchar(256),
    available_quantity int,
    created_at         timestamp
), parameters: None
[2024-10-18T05:17:23.500+0000] {taskinstance.py:340} INFO - ::group::Post task execution logs
[2024-10-18T05:17:23.503+0000] {taskinstance.py:352} INFO - Marking task as SUCCESS. dag_id=elt, task_id=extract_load_data.create_table_prices, run_id=manual__2024-10-18T05:17:16.050861+00:00, execution_date=20241018T051716, start_date=20241018T051719, end_date=20241018T051723
[2024-10-18T05:17:23.580+0000] {local_task_job_runner.py:266} INFO - Task exited with return code 0
[2024-10-18T05:17:23.628+0000] {local_task_job_runner.py:245} INFO - ::endgroup::
