[2024-10-16T17:41:15.114+0000] {local_task_job_runner.py:123} INFO - ::group::Pre task execution logs
[2024-10-16T17:41:15.900+0000] {taskinstance.py:2612} INFO - Dependencies all met for dep_context=non-requeueable deps ti=<TaskInstance: insert_items.inserts.insert_items manual__2024-10-16T17:39:40.855303+00:00 [queued]>
[2024-10-16T17:41:16.041+0000] {taskinstance.py:2612} INFO - Dependencies all met for dep_context=requeueable deps ti=<TaskInstance: insert_items.inserts.insert_items manual__2024-10-16T17:39:40.855303+00:00 [queued]>
[2024-10-16T17:41:16.051+0000] {taskinstance.py:2865} INFO - Starting attempt 1 of 2
[2024-10-16T17:41:16.532+0000] {taskinstance.py:2888} INFO - Executing <Task(PythonOperator): inserts.insert_items> on 2024-10-16 17:39:40.855303+00:00
[2024-10-16T17:41:16.798+0000] {warnings.py:112} WARNING - /home/***/.local/lib/python3.12/site-packages/***/task/task_runner/standard_task_runner.py:70: DeprecationWarning: This process (pid=1270) is multi-threaded, use of fork() may lead to deadlocks in the child.
  pid = os.fork()

[2024-10-16T17:41:16.827+0000] {standard_task_runner.py:72} INFO - Started process 1288 to run task
[2024-10-16T17:41:16.868+0000] {standard_task_runner.py:104} INFO - Running: ['***', 'tasks', 'run', 'insert_items', 'inserts.insert_items', 'manual__2024-10-16T17:39:40.855303+00:00', '--job-id', '39', '--raw', '--subdir', 'DAGS_FOLDER/insert_items.py', '--cfg-path', '/tmp/tmp5ubadaky']
[2024-10-16T17:41:16.974+0000] {standard_task_runner.py:105} INFO - Job 39: Subtask inserts.insert_items
[2024-10-16T17:41:20.100+0000] {task_command.py:467} INFO - Running <TaskInstance: insert_items.inserts.insert_items manual__2024-10-16T17:39:40.855303+00:00 [running]> on host 2109dd405c1b
[2024-10-16T17:41:25.978+0000] {job.py:229} INFO - Heartbeat recovered after 71.21 seconds
[2024-10-16T17:41:27.487+0000] {taskinstance.py:3131} INFO - Exporting env vars: AIRFLOW_CTX_DAG_OWNER='mherszage' AIRFLOW_CTX_DAG_ID='insert_items' AIRFLOW_CTX_TASK_ID='inserts.insert_items' AIRFLOW_CTX_EXECUTION_DATE='2024-10-16T17:39:40.855303+00:00' AIRFLOW_CTX_TRY_NUMBER='1' AIRFLOW_CTX_DAG_RUN_ID='manual__2024-10-16T17:39:40.855303+00:00'
[2024-10-16T17:41:27.606+0000] {taskinstance.py:731} INFO - ::endgroup::
[2024-10-16T17:41:38.804+0000] {logging_mixin.py:190} INFO - Id: MLA1420542199, Title: Sony Playstation Dualsense Cfi-zct1w Joystick Inalámbrico Midnight Black, Price: 169999
[2024-10-16T17:41:39.864+0000] {logging_mixin.py:190} INFO - Query executed
[2024-10-16T17:41:39.984+0000] {logging_mixin.py:190} INFO - Id: MLA1513783534, Title: Consola Playstation Ps4 1tb God Of War Ragnarok Bundle, Price: 771999
[2024-10-16T17:41:40.462+0000] {logging_mixin.py:190} INFO - Query executed
[2024-10-16T17:41:40.597+0000] {logging_mixin.py:190} INFO - Id: MLA1455028687, Title: Gamepad Redragon Harrow Pro Wireless G808pro Joystick Pc Ps3 Color Negro, Price: 72569
[2024-10-16T17:41:41.320+0000] {logging_mixin.py:190} INFO - Query executed
[2024-10-16T17:41:41.790+0000] {logging_mixin.py:190} INFO - Id: MLA1642598964, Title: Cable Tcon Carga Rapida Joystick Ps4 Usb Solucion Pin Carga, Price: 4001
[2024-10-16T17:41:42.627+0000] {logging_mixin.py:190} INFO - Query executed
[2024-10-16T17:41:43.804+0000] {logging_mixin.py:190} INFO - Id: MLA1413189069, Title: Sony Playstation 5 825gb Standard Color Blanco Y Negro, Price: 1354999
[2024-10-16T17:41:47.772+0000] {logging_mixin.py:190} INFO - Query executed
[2024-10-16T17:41:48.645+0000] {logging_mixin.py:190} INFO - Id: MLA1771013260, Title: Joystick Redragon Saturn G807 Negro, Price: 34288.98
[2024-10-16T17:41:49.794+0000] {logging_mixin.py:190} INFO - Query executed
[2024-10-16T17:41:49.880+0000] {logging_mixin.py:190} INFO - Id: MLA1417840319, Title: Auriculares Bluetooth In-ear F9-5 Negro Inalámbricos, Price: 14240.5
[2024-10-16T17:41:50.545+0000] {logging_mixin.py:190} INFO - Query executed
[2024-10-16T17:41:50.603+0000] {logging_mixin.py:190} INFO - Id: MLA1425634379, Title: Consola Sony Ps4 1tb + Juego God Of War Ragnarok, Price: 657999
[2024-10-16T17:41:51.037+0000] {logging_mixin.py:190} INFO - Query executed
[2024-10-16T17:41:51.235+0000] {logging_mixin.py:190} INFO - Id: MLA1771015420, Title: Joystick Inalámbrico Redragon Harrow G808 Negro, Price: 54608.51
[2024-10-16T17:41:51.600+0000] {logging_mixin.py:190} INFO - Query executed
[2024-10-16T17:41:52.076+0000] {logging_mixin.py:190} INFO - Id: MLA1452087571, Title: Control Inalámbrico Dualsense Para Ps5 Gray Camouflage, Price: 119999
[2024-10-16T17:41:52.573+0000] {logging_mixin.py:190} INFO - Query executed
[2024-10-16T17:41:52.770+0000] {logging_mixin.py:190} INFO - Id: MLA1438316301, Title: Consola Ps5 Slim Estándar + Juego Ratchet & Clank Y Returnal Color Blanco, Price: 1519999
[2024-10-16T17:41:53.284+0000] {logging_mixin.py:190} INFO - Query executed
[2024-10-16T17:41:53.395+0000] {logging_mixin.py:190} INFO - Id: MLA1923504016, Title: Auriculares Inalámbricos Jbl Tune 520bt Negro, Price: 106499
[2024-10-16T17:41:53.218+0000] {job.py:229} INFO - Heartbeat recovered after 18.38 seconds
[2024-10-16T17:41:53.771+0000] {logging_mixin.py:190} INFO - Query executed
[2024-10-16T17:41:53.832+0000] {logging_mixin.py:190} INFO - Id: MLA1436556685, Title: Nintendo Switch Oled 64gb Standard  Color Neón, Price: 849999
[2024-10-16T17:41:54.277+0000] {logging_mixin.py:190} INFO - Query executed
[2024-10-16T17:41:54.331+0000] {logging_mixin.py:190} INFO - Id: MLA1363095617, Title: Joystick Gamer Inalámbrico Netmak 5en1 Pc Ps3 Ps4 Danger Color Negro, Price: 28199
[2024-10-16T17:41:54.801+0000] {logging_mixin.py:190} INFO - Query executed
[2024-10-16T17:41:56.106+0000] {logging_mixin.py:190} INFO - Id: MLA1443618427, Title: Joystick Inalámbrico Compatible Con Pc P3 Mando Color Negro, Price: 14710
[2024-10-16T17:41:57.037+0000] {logging_mixin.py:190} INFO - Query executed
[2024-10-16T17:41:57.186+0000] {logging_mixin.py:190} INFO - Id: MLA1452539243, Title: Nintendo Lite Switch Lite 32gb Standard  Color Coral 2019, Price: 327274.05
[2024-10-16T17:41:57.549+0000] {logging_mixin.py:190} INFO - Query executed
[2024-10-16T17:41:57.614+0000] {logging_mixin.py:190} INFO - Id: MLA1934620406, Title: Microsoft Xbox 360 Controller For Windows - Usb, Price: 31570
[2024-10-16T17:41:58.120+0000] {logging_mixin.py:190} INFO - Query executed
[2024-10-16T17:41:58.157+0000] {logging_mixin.py:190} INFO - Id: MLA1454525447, Title: Joystick Inalámbrico Sony Playstation Dualshock 4 Ps4 Jet Black, Price: 69999.3
[2024-10-16T17:41:58.511+0000] {logging_mixin.py:190} INFO - Query executed
[2024-10-16T17:41:58.682+0000] {logging_mixin.py:190} INFO - Id: MLA1422452531, Title: Consola Xbox Series S 512gb Digital Blanco, Price: 919999
[2024-10-16T17:41:59.101+0000] {logging_mixin.py:190} INFO - Query executed
[2024-10-16T17:41:59.115+0000] {logging_mixin.py:190} INFO - Id: MLA1420491095, Title: Joystick Inalámbrico Dualsense Ps5 Original Cosmic Red, Price: 169999
[2024-10-16T17:41:59.454+0000] {logging_mixin.py:190} INFO - Query executed
[2024-10-16T17:41:59.531+0000] {logging_mixin.py:190} INFO - Id: MLA1932107420, Title: Consola Brick Game 9999 In 1 Standard  Color Rojo 1980, Price: 5999
[2024-10-16T17:41:59.872+0000] {logging_mixin.py:190} INFO - Query executed
[2024-10-16T17:41:59.893+0000] {logging_mixin.py:190} INFO - Id: MLA934064691, Title: Joystick Redragon Saturn G807 Negro, Price: 26999
[2024-10-16T17:42:00.347+0000] {logging_mixin.py:190} INFO - Query executed
[2024-10-16T17:42:00.389+0000] {logging_mixin.py:190} INFO - Id: MLA1426112753, Title: Soporte Base Vertical Para Ps5 Slim Con Rejillas Ventilación, Price: 7139.44
[2024-10-16T17:42:00.818+0000] {logging_mixin.py:190} INFO - Query executed
[2024-10-16T17:42:00.819+0000] {logging_mixin.py:190} INFO - Id: MLA1439039201, Title: Joystick Pc Usb Gamepad Usb-208 Pc Notebook Color Negro, Price: 10499
[2024-10-16T17:42:01.169+0000] {logging_mixin.py:190} INFO - Query executed
[2024-10-16T17:42:01.212+0000] {logging_mixin.py:190} INFO - Id: MLA1422491335, Title: Sony Playstation 5 Slim 1tb Extra Dualsense Controller  Color Blanco 2023, Price: 1644999
[2024-10-16T17:42:01.699+0000] {logging_mixin.py:190} INFO - Query executed
[2024-10-16T17:42:01.727+0000] {logging_mixin.py:190} INFO - Id: MLA1824905578, Title: Kit 2 Microfonos Inalambricos Boya By-v20  2.4ghz Usb Tipo C Color Negro, Price: 135000
[2024-10-16T17:42:02.082+0000] {logging_mixin.py:190} INFO - Query executed
[2024-10-16T17:42:02.108+0000] {logging_mixin.py:190} INFO - Id: MLA1723436604, Title: Sony Playstation 5 825gb God Of War Ragnarok Bundle Color Blanco/negro, Price: 1374999
[2024-10-16T17:42:02.474+0000] {logging_mixin.py:190} INFO - Query executed
[2024-10-16T17:42:02.694+0000] {logging_mixin.py:190} INFO - Id: MLA1429767130, Title: Joystick Inalámbrico Para Xbox 360 Con Receptor Usb Y Bluetooth Compatible Con Ps3 Android Pc Seisa Njx312, Price: 34513.22
[2024-10-16T17:42:03.074+0000] {logging_mixin.py:190} INFO - Query executed
[2024-10-16T17:42:03.090+0000] {logging_mixin.py:190} INFO - Id: MLA1735236438, Title: Joystick Inalámbrico Dualsense Ps5 Original Galactic Purple, Price: 169999
[2024-10-16T17:42:03.548+0000] {logging_mixin.py:190} INFO - Query executed
[2024-10-16T17:42:03.573+0000] {logging_mixin.py:190} INFO - Id: MLA1918224392, Title: Consola Noga Dos Joystick Y Pistola Ng-fg01 8bit Color Negro, Price: 27999
[2024-10-16T17:42:03.955+0000] {logging_mixin.py:190} INFO - Query executed
[2024-10-16T17:42:04.021+0000] {logging_mixin.py:190} INFO - Id: MLA1933058072, Title: Joystick Inalámbrico Compatible Con Ps4 Doubleshock 4 Negro Con Cable De Carga, Price: 29700
[2024-10-16T17:42:04.108+0000] {job.py:229} INFO - Heartbeat recovered after 12.17 seconds
[2024-10-16T17:42:04.380+0000] {logging_mixin.py:190} INFO - Query executed
[2024-10-16T17:42:04.410+0000] {logging_mixin.py:190} INFO - Id: MLA934055466, Title: Joystick Inalámbrico Redragon Harrow G808 Negro, Price: 42999
[2024-10-16T17:42:04.767+0000] {logging_mixin.py:190} INFO - Query executed
[2024-10-16T17:42:04.832+0000] {logging_mixin.py:190} INFO - Id: MLA1814734538, Title: Sony Playstation 5 Slim 1tb Standard  Color Blanco 2022, Price: 1499000
[2024-10-16T17:42:05.176+0000] {logging_mixin.py:190} INFO - Query executed
[2024-10-16T17:42:05.647+0000] {logging_mixin.py:190} INFO - Id: MLA1389166937, Title: Adaptador Conversor Playstation2 A Hdmi C/audio 1422b, Price: 7505
[2024-10-16T17:42:06.035+0000] {logging_mixin.py:190} INFO - Query executed
[2024-10-16T17:42:06.057+0000] {logging_mixin.py:190} INFO - Id: MLA1444880845, Title: Joystick Inalámbrico Dualsense Ps5 Sterling Silver, Price: 145999
[2024-10-16T17:42:06.586+0000] {logging_mixin.py:190} INFO - Query executed
[2024-10-16T17:42:06.790+0000] {logging_mixin.py:190} INFO - Id: MLA1422439293, Title: Microsoft Xbox Series X 1tb Ssd 120 Hz 4k Color Negro, Price: 1599457
[2024-10-16T17:42:07.211+0000] {logging_mixin.py:190} INFO - Query executed
[2024-10-16T17:42:07.302+0000] {logging_mixin.py:190} INFO - Id: MLA1409364971, Title: Auriculares Inalámbricos Jbl Tune  520bt Blanco, Price: 89999
[2024-10-16T17:42:07.657+0000] {logging_mixin.py:190} INFO - Query executed
[2024-10-16T17:42:07.703+0000] {logging_mixin.py:190} INFO - Id: MLA1363379415, Title: Consola Playstation 4 Ps4 Standard + God Of War Ragnarök, Price: 598499.37
[2024-10-16T17:42:08.106+0000] {logging_mixin.py:190} INFO - Query executed
[2024-10-16T17:42:08.135+0000] {logging_mixin.py:190} INFO - Id: MLA1735248328, Title: Controle Sony Dualsense Ps5 Sem Fio - Starlight Blue Cfi-zct1j02 , Price: 174999
[2024-10-16T17:42:08.496+0000] {logging_mixin.py:190} INFO - Query executed
[2024-10-16T17:42:08.579+0000] {logging_mixin.py:190} INFO - Id: MLA1403544371, Title: Joystick Inalámbrico Haxly Claw Hx-gp9076 Negro, Price: 38159
[2024-10-16T17:42:08.986+0000] {logging_mixin.py:190} INFO - Query executed
[2024-10-16T17:42:09.014+0000] {logging_mixin.py:190} INFO - Id: MLA1440271167, Title: Joystick Para P4 Pc Control Preciso Y Estilo Personalizado Giroscopio Led Rgb Dehuka Modelo Hs-ps4290w Blanco, Price: 56999.05
[2024-10-16T17:42:09.504+0000] {logging_mixin.py:190} INFO - Query executed
[2024-10-16T17:42:09.535+0000] {logging_mixin.py:190} INFO - Id: MLA1902022692, Title: Consola Video Juegos Apevtech 16 Bit  Color Negro, Price: 67999
[2024-10-16T17:42:09.990+0000] {logging_mixin.py:190} INFO - Query executed
[2024-10-16T17:42:10.244+0000] {logging_mixin.py:190} INFO - Id: MLA1876554140, Title: Volante Con Pedalera Profesional  Logitech G29 Playstation 5 / Playstation 4 / Pc, Price: 870198
[2024-10-16T17:42:10.728+0000] {logging_mixin.py:190} INFO - Query executed
[2024-10-16T17:42:10.819+0000] {logging_mixin.py:190} INFO - Id: MLA1896057314, Title: Tarjeta De Memoria Imou Microsd Sdhc S1 C10 Interior 64gb, Price: 7119
[2024-10-16T17:42:11.230+0000] {logging_mixin.py:190} INFO - Query executed
[2024-10-16T17:42:11.287+0000] {logging_mixin.py:190} INFO - Id: MLA1433388441, Title: Nintendo Switch Oled 64gb Standard Color Blanco/negro, Price: 789999
[2024-10-16T17:42:11.700+0000] {logging_mixin.py:190} INFO - Query executed
[2024-10-16T17:42:12.116+0000] {logging_mixin.py:190} INFO - Id: MLA1915925398, Title: Joystick Inalámbrico Para P4 Bluetooth Netmak P401 Negro, Price: 39899.05
[2024-10-16T17:42:12.981+0000] {logging_mixin.py:190} INFO - Query executed
[2024-10-16T17:42:13.075+0000] {logging_mixin.py:190} INFO - Id: MLA1848666858, Title: Memoria Micro Sd 128 Gb Hiksemi Con Adaptador Hs-tf-c1, Price: 11849
[2024-10-16T17:42:13.810+0000] {logging_mixin.py:190} INFO - Query executed
[2024-10-16T17:42:13.831+0000] {logging_mixin.py:190} INFO - Id: MLA1402640681, Title: Consola Para Cartuchos Sega 16 Bits + 2 Joysticks 6 Botones, Price: 47740
[2024-10-16T17:42:14.233+0000] {logging_mixin.py:190} INFO - Query executed
[2024-10-16T17:42:14.660+0000] {logging_mixin.py:190} INFO - Id: MLA1854941032, Title: Joystick Inalámbrico Sony Playstation Dualsense Cfi-zct1w Nova Pink, Price: 169999
[2024-10-16T17:42:15.505+0000] {logging_mixin.py:190} INFO - Query executed
[2024-10-16T17:42:15.929+0000] {logging_mixin.py:190} INFO - Id: MLA1126675691, Title: Joystick Inalámbrico Noganet Ng-2go1 Negro, Price: 20677.5
[2024-10-16T17:42:16.317+0000] {logging_mixin.py:190} INFO - Query executed
[2024-10-16T17:42:16.515+0000] {logging_mixin.py:190} INFO - Results committed
[2024-10-16T17:42:17.139+0000] {python.py:240} INFO - Done. Returned value was: None
[2024-10-16T17:42:19.855+0000] {taskinstance.py:340} INFO - ::group::Post task execution logs
[2024-10-16T17:42:20.090+0000] {taskinstance.py:352} INFO - Marking task as SUCCESS. dag_id=insert_items, task_id=inserts.insert_items, run_id=manual__2024-10-16T17:39:40.855303+00:00, execution_date=20241016T173940, start_date=20241016T174115, end_date=20241016T174220
[2024-10-16T17:42:22.831+0000] {local_task_job_runner.py:266} INFO - Task exited with return code 0
[2024-10-16T17:42:27.070+0000] {standard_task_runner.py:217} INFO - Process not found (most likely exited), stop collecting metrics
[2024-10-16T17:42:30.815+0000] {taskinstance.py:3900} INFO - 0 downstream tasks scheduled from follow-on schedule check
[2024-10-16T17:42:31.204+0000] {local_task_job_runner.py:245} INFO - ::endgroup::
