[2024-10-21T01:58:30.612+0000] {local_task_job_runner.py:123} INFO - ::group::Pre task execution logs
[2024-10-21T01:58:30.628+0000] {taskinstance.py:2612} INFO - Dependencies all met for dep_context=non-requeueable deps ti=<TaskInstance: elt.extract_load_data.create_table_items manual__2024-10-21T01:58:28.132313+00:00 [queued]>
[2024-10-21T01:58:30.636+0000] {taskinstance.py:2612} INFO - Dependencies all met for dep_context=requeueable deps ti=<TaskInstance: elt.extract_load_data.create_table_items manual__2024-10-21T01:58:28.132313+00:00 [queued]>
[2024-10-21T01:58:30.636+0000] {taskinstance.py:2865} INFO - Starting attempt 1 of 2
[2024-10-21T01:58:30.645+0000] {taskinstance.py:2888} INFO - Executing <Task(PostgresOperator): extract_load_data.create_table_items> on 2024-10-21 01:58:28.132313+00:00
[2024-10-21T01:58:30.661+0000] {warnings.py:112} WARNING - /home/***/.local/lib/python3.12/site-packages/***/task/task_runner/standard_task_runner.py:70: DeprecationWarning: This process (pid=692) is multi-threaded, use of fork() may lead to deadlocks in the child.
  pid = os.fork()

[2024-10-21T01:58:30.664+0000] {standard_task_runner.py:72} INFO - Started process 695 to run task
[2024-10-21T01:58:30.663+0000] {standard_task_runner.py:104} INFO - Running: ['***', 'tasks', 'run', 'elt', 'extract_load_data.create_table_items', 'manual__2024-10-21T01:58:28.132313+00:00', '--job-id', '31', '--raw', '--subdir', 'DAGS_FOLDER/elt.py', '--cfg-path', '/tmp/tmp4xdi85sr']
[2024-10-21T01:58:30.667+0000] {standard_task_runner.py:105} INFO - Job 31: Subtask extract_load_data.create_table_items
[2024-10-21T01:58:32.116+0000] {task_command.py:467} INFO - Running <TaskInstance: elt.extract_load_data.create_table_items manual__2024-10-21T01:58:28.132313+00:00 [running]> on host acebe3f59a66
[2024-10-21T01:58:32.241+0000] {taskinstance.py:3131} INFO - Exporting env vars: AIRFLOW_CTX_DAG_OWNER='mherszage' AIRFLOW_CTX_DAG_ID='elt' AIRFLOW_CTX_TASK_ID='extract_load_data.create_table_items' AIRFLOW_CTX_EXECUTION_DATE='2024-10-21T01:58:28.132313+00:00' AIRFLOW_CTX_TRY_NUMBER='1' AIRFLOW_CTX_DAG_RUN_ID='manual__2024-10-21T01:58:28.132313+00:00'
[2024-10-21T01:58:32.243+0000] {taskinstance.py:731} INFO - ::endgroup::
[2024-10-21T01:58:32.260+0000] {sql.py:266} INFO - Executing: CREATE TABLE IF NOT EXISTS "2024_melissa_herszage_schema".l1_items
(
    id    varchar(256),
    title varchar(256),
    created_at timestamp
);
[2024-10-21T01:58:32.273+0000] {base.py:84} INFO - Retrieving connection 'redshift_default'
[2024-10-21T01:58:32.606+0000] {base.py:84} INFO - Retrieving connection 'redshift_default'
[2024-10-21T01:58:34.257+0000] {sql.py:509} INFO - Running statement: CREATE TABLE IF NOT EXISTS "2024_melissa_herszage_schema".l1_items
(
    id    varchar(256),
    title varchar(256),
    created_at timestamp
);, parameters: None
[2024-10-21T01:58:35.595+0000] {taskinstance.py:340} INFO - ::group::Post task execution logs
[2024-10-21T01:58:35.597+0000] {taskinstance.py:352} INFO - Marking task as SUCCESS. dag_id=elt, task_id=extract_load_data.create_table_items, run_id=manual__2024-10-21T01:58:28.132313+00:00, execution_date=20241021T015828, start_date=20241021T015830, end_date=20241021T015835
[2024-10-21T01:58:35.650+0000] {local_task_job_runner.py:266} INFO - Task exited with return code 0
[2024-10-21T01:58:35.678+0000] {standard_task_runner.py:217} INFO - Process not found (most likely exited), stop collecting metrics
[2024-10-21T01:58:35.702+0000] {local_task_job_runner.py:245} INFO - ::endgroup::
