[2024-10-20T05:47:41.683+0000] {local_task_job_runner.py:123} INFO - ::group::Pre task execution logs
[2024-10-20T05:47:41.705+0000] {taskinstance.py:2612} INFO - Dependencies all met for dep_context=non-requeueable deps ti=<TaskInstance: elt.extract_load_data.insert_prices manual__2024-10-20T05:46:57.776823+00:00 [queued]>
[2024-10-20T05:47:41.712+0000] {taskinstance.py:2612} INFO - Dependencies all met for dep_context=requeueable deps ti=<TaskInstance: elt.extract_load_data.insert_prices manual__2024-10-20T05:46:57.776823+00:00 [queued]>
[2024-10-20T05:47:41.712+0000] {taskinstance.py:2865} INFO - Starting attempt 1 of 2
[2024-10-20T05:47:41.721+0000] {taskinstance.py:2888} INFO - Executing <Task(PythonOperator): extract_load_data.insert_prices> on 2024-10-20 05:46:57.776823+00:00
[2024-10-20T05:47:41.739+0000] {warnings.py:112} WARNING - /home/***/.local/lib/python3.12/site-packages/***/task/task_runner/standard_task_runner.py:70: DeprecationWarning: This process (pid=1257) is multi-threaded, use of fork() may lead to deadlocks in the child.
  pid = os.fork()

[2024-10-20T05:47:41.743+0000] {standard_task_runner.py:72} INFO - Started process 1259 to run task
[2024-10-20T05:47:41.743+0000] {standard_task_runner.py:104} INFO - Running: ['***', 'tasks', 'run', 'elt', 'extract_load_data.insert_prices', 'manual__2024-10-20T05:46:57.776823+00:00', '--job-id', '254', '--raw', '--subdir', 'DAGS_FOLDER/elt.py', '--cfg-path', '/tmp/tmpndo323dn']
[2024-10-20T05:47:41.746+0000] {standard_task_runner.py:105} INFO - Job 254: Subtask extract_load_data.insert_prices
[2024-10-20T05:47:42.300+0000] {task_command.py:467} INFO - Running <TaskInstance: elt.extract_load_data.insert_prices manual__2024-10-20T05:46:57.776823+00:00 [running]> on host 3b0481c80fd2
[2024-10-20T05:47:42.346+0000] {taskinstance.py:3131} INFO - Exporting env vars: AIRFLOW_CTX_DAG_OWNER='mherszage' AIRFLOW_CTX_DAG_ID='elt' AIRFLOW_CTX_TASK_ID='extract_load_data.insert_prices' AIRFLOW_CTX_EXECUTION_DATE='2024-10-20T05:46:57.776823+00:00' AIRFLOW_CTX_TRY_NUMBER='1' AIRFLOW_CTX_DAG_RUN_ID='manual__2024-10-20T05:46:57.776823+00:00'
[2024-10-20T05:47:42.347+0000] {taskinstance.py:731} INFO - ::endgroup::
[2024-10-20T05:47:42.375+0000] {base.py:84} INFO - Retrieving connection 'redshift_default'
[2024-10-20T05:47:43.891+0000] {logging_mixin.py:190} INFO - 2024-10-20
[2024-10-20T05:47:43.898+0000] {python.py:240} INFO - Done. Returned value was: None
[2024-10-20T05:47:44.006+0000] {taskinstance.py:340} INFO - ::group::Post task execution logs
[2024-10-20T05:47:44.008+0000] {taskinstance.py:352} INFO - Marking task as SUCCESS. dag_id=elt, task_id=extract_load_data.insert_prices, run_id=manual__2024-10-20T05:46:57.776823+00:00, execution_date=20241020T054657, start_date=20241020T054741, end_date=20241020T054744
[2024-10-20T05:47:44.105+0000] {local_task_job_runner.py:266} INFO - Task exited with return code 0
[2024-10-20T05:47:44.140+0000] {warnings.py:112} WARNING - /home/***/.local/lib/python3.12/site-packages/***/models/baseoperator.py:1378: AirflowProviderDeprecationWarning: Call to deprecated class PostgresOperator. (Please use `***.providers.common.sql.operators.sql.SQLExecuteQueryOperator`.Also, you can provide `hook_params={'schema': <database>}`.)
  result = cls.__new__(cls)

[2024-10-20T05:47:44.563+0000] {taskinstance.py:3900} INFO - 1 downstream tasks scheduled from follow-on schedule check
[2024-10-20T05:47:44.564+0000] {local_task_job_runner.py:245} INFO - ::endgroup::
