[2024-10-18T03:53:21.359+0000] {local_task_job_runner.py:123} INFO - ::group::Pre task execution logs
[2024-10-18T03:53:21.395+0000] {taskinstance.py:2612} INFO - Dependencies all met for dep_context=non-requeueable deps ti=<TaskInstance: insert_items.extract_data.create_table_items manual__2024-10-18T03:53:17.557244+00:00 [queued]>
[2024-10-18T03:53:21.405+0000] {taskinstance.py:2612} INFO - Dependencies all met for dep_context=requeueable deps ti=<TaskInstance: insert_items.extract_data.create_table_items manual__2024-10-18T03:53:17.557244+00:00 [queued]>
[2024-10-18T03:53:21.406+0000] {taskinstance.py:2865} INFO - Starting attempt 1 of 2
[2024-10-18T03:53:21.433+0000] {taskinstance.py:2888} INFO - Executing <Task(PostgresOperator): extract_data.create_table_items> on 2024-10-18 03:53:17.557244+00:00
[2024-10-18T03:53:21.448+0000] {warnings.py:112} WARNING - /home/***/.local/lib/python3.12/site-packages/***/task/task_runner/standard_task_runner.py:70: DeprecationWarning: This process (pid=862) is multi-threaded, use of fork() may lead to deadlocks in the child.
  pid = os.fork()

[2024-10-18T03:53:21.457+0000] {standard_task_runner.py:72} INFO - Started process 866 to run task
[2024-10-18T03:53:21.449+0000] {standard_task_runner.py:104} INFO - Running: ['***', 'tasks', 'run', 'insert_items', 'extract_data.create_table_items', 'manual__2024-10-18T03:53:17.557244+00:00', '--job-id', '163', '--raw', '--subdir', 'DAGS_FOLDER/insert_items.py', '--cfg-path', '/tmp/tmpluzbi2pd']
[2024-10-18T03:53:21.469+0000] {standard_task_runner.py:105} INFO - Job 163: Subtask extract_data.create_table_items
[2024-10-18T03:53:25.598+0000] {task_command.py:467} INFO - Running <TaskInstance: insert_items.extract_data.create_table_items manual__2024-10-18T03:53:17.557244+00:00 [running]> on host a414d3516fe8
[2024-10-18T03:53:26.045+0000] {taskinstance.py:3131} INFO - Exporting env vars: AIRFLOW_CTX_DAG_OWNER='mherszage' AIRFLOW_CTX_DAG_ID='insert_items' AIRFLOW_CTX_TASK_ID='extract_data.create_table_items' AIRFLOW_CTX_EXECUTION_DATE='2024-10-18T03:53:17.557244+00:00' AIRFLOW_CTX_TRY_NUMBER='1' AIRFLOW_CTX_DAG_RUN_ID='manual__2024-10-18T03:53:17.557244+00:00'
[2024-10-18T03:53:26.060+0000] {taskinstance.py:731} INFO - ::endgroup::
[2024-10-18T03:53:26.132+0000] {sql.py:266} INFO - Executing: CREATE TABLE IF NOT EXISTS items
(
    id    varchar(256),
    title varchar(256)
);
[2024-10-18T03:53:26.156+0000] {base.py:84} INFO - Retrieving connection 'redshift_default'
[2024-10-18T03:53:26.219+0000] {base.py:84} INFO - Retrieving connection 'redshift_default'
[2024-10-18T03:53:27.812+0000] {sql.py:509} INFO - Running statement: CREATE TABLE IF NOT EXISTS items
(
    id    varchar(256),
    title varchar(256)
);, parameters: None
[2024-10-18T03:53:28.450+0000] {taskinstance.py:340} INFO - ::group::Post task execution logs
[2024-10-18T03:53:28.462+0000] {taskinstance.py:352} INFO - Marking task as SUCCESS. dag_id=insert_items, task_id=extract_data.create_table_items, run_id=manual__2024-10-18T03:53:17.557244+00:00, execution_date=20241018T035317, start_date=20241018T035321, end_date=20241018T035328
[2024-10-18T03:53:28.549+0000] {local_task_job_runner.py:266} INFO - Task exited with return code 0
[2024-10-18T03:53:28.591+0000] {local_task_job_runner.py:245} INFO - ::endgroup::
