[2024-10-21T03:31:45.477+0000] {local_task_job_runner.py:123} INFO - ::group::Pre task execution logs
[2024-10-21T03:31:45.497+0000] {taskinstance.py:2612} INFO - Dependencies all met for dep_context=non-requeueable deps ti=<TaskInstance: elt.transform_data.run_dim_item manual__2024-10-21T03:30:01.454250+00:00 [queued]>
[2024-10-21T03:31:45.504+0000] {taskinstance.py:2612} INFO - Dependencies all met for dep_context=requeueable deps ti=<TaskInstance: elt.transform_data.run_dim_item manual__2024-10-21T03:30:01.454250+00:00 [queued]>
[2024-10-21T03:31:45.506+0000] {taskinstance.py:2865} INFO - Starting attempt 2 of 2
[2024-10-21T03:31:45.517+0000] {taskinstance.py:2888} INFO - Executing <Task(PostgresOperator): transform_data.run_dim_item> on 2024-10-21 03:30:01.454250+00:00
[2024-10-21T03:31:45.528+0000] {warnings.py:112} WARNING - /home/***/.local/lib/python3.12/site-packages/***/task/task_runner/standard_task_runner.py:70: DeprecationWarning: This process (pid=115) is multi-threaded, use of fork() may lead to deadlocks in the child.
  pid = os.fork()

[2024-10-21T03:31:45.533+0000] {standard_task_runner.py:72} INFO - Started process 118 to run task
[2024-10-21T03:31:45.533+0000] {standard_task_runner.py:104} INFO - Running: ['***', 'tasks', 'run', 'elt', 'transform_data.run_dim_item', 'manual__2024-10-21T03:30:01.454250+00:00', '--job-id', '148', '--raw', '--subdir', 'DAGS_FOLDER/elt.py', '--cfg-path', '/tmp/tmpg4m25g9e']
[2024-10-21T03:31:45.538+0000] {standard_task_runner.py:105} INFO - Job 148: Subtask transform_data.run_dim_item
[2024-10-21T03:31:46.597+0000] {task_command.py:467} INFO - Running <TaskInstance: elt.transform_data.run_dim_item manual__2024-10-21T03:30:01.454250+00:00 [running]> on host 6c3793bbe9c9
[2024-10-21T03:31:46.665+0000] {taskinstance.py:3131} INFO - Exporting env vars: AIRFLOW_CTX_DAG_OWNER='mherszage' AIRFLOW_CTX_DAG_ID='elt' AIRFLOW_CTX_TASK_ID='transform_data.run_dim_item' AIRFLOW_CTX_EXECUTION_DATE='2024-10-21T03:30:01.454250+00:00' AIRFLOW_CTX_TRY_NUMBER='2' AIRFLOW_CTX_DAG_RUN_ID='manual__2024-10-21T03:30:01.454250+00:00'
[2024-10-21T03:31:46.667+0000] {taskinstance.py:731} INFO - ::endgroup::
[2024-10-21T03:31:46.683+0000] {sql.py:266} INFO - Executing: BEGIN TRANSACTION
;

CREATE TEMPORARY TABLE staging_dim_item AS
(
WITH filter_variables AS
(SELECT COALESCE(MAX(_dim_item_audit_time), '2024-10-16'::timestamp) AS last_updated FROM "2024_melissa_herszage_schema".l2_dim_item)

    SELECT id as item_id,
        title,
        created_at as _l1_audit_time,
        current_timestamp as _dim_item_audit_time
    FROM "2024_melissa_herszage_schema".l1_items as i
    CROSS JOIN filter_variables fv
    WHERE i.created_at > last_updated
    )
;

DELETE FROM "2024_melissa_herszage_schema".l2_dim_item
WHERE item_id IN (SELECT item_id FROM staging_dim_item)
;

INSERT INTO "2024_melissa_herszage_schema".l2_dim_item
(SELECT * FROM staging_dim_item)
;

END TRANSACTION
;
[2024-10-21T03:31:46.693+0000] {base.py:84} INFO - Retrieving connection 'redshift_default'
[2024-10-21T03:31:46.700+0000] {base.py:84} INFO - Retrieving connection 'redshift_default'
[2024-10-21T03:31:48.027+0000] {sql.py:509} INFO - Running statement: BEGIN TRANSACTION
;

CREATE TEMPORARY TABLE staging_dim_item AS
(
WITH filter_variables AS
(SELECT COALESCE(MAX(_dim_item_audit_time), '2024-10-16'::timestamp) AS last_updated FROM "2024_melissa_herszage_schema".l2_dim_item)

    SELECT id as item_id,
        title,
        created_at as _l1_audit_time,
        current_timestamp as _dim_item_audit_time
    FROM "2024_melissa_herszage_schema".l1_items as i
    CROSS JOIN filter_variables fv
    WHERE i.created_at > last_updated
    )
;

DELETE FROM "2024_melissa_herszage_schema".l2_dim_item
WHERE item_id IN (SELECT item_id FROM staging_dim_item)
;

INSERT INTO "2024_melissa_herszage_schema".l2_dim_item
(SELECT * FROM staging_dim_item)
;

END TRANSACTION
;, parameters: None
[2024-10-21T03:31:49.042+0000] {taskinstance.py:340} INFO - ::group::Post task execution logs
[2024-10-21T03:31:49.044+0000] {taskinstance.py:352} INFO - Marking task as SUCCESS. dag_id=elt, task_id=transform_data.run_dim_item, run_id=manual__2024-10-21T03:30:01.454250+00:00, execution_date=20241021T033001, start_date=20241021T033145, end_date=20241021T033149
[2024-10-21T03:31:49.161+0000] {local_task_job_runner.py:266} INFO - Task exited with return code 0
[2024-10-21T03:31:49.238+0000] {local_task_job_runner.py:245} INFO - ::endgroup::
