[2024-10-20T05:24:31.089+0000] {local_task_job_runner.py:123} INFO - ::group::Pre task execution logs
[2024-10-20T05:24:31.116+0000] {taskinstance.py:2612} INFO - Dependencies all met for dep_context=non-requeueable deps ti=<TaskInstance: elt.extract_load_data.create_table_prices manual__2024-10-20T05:24:28.209418+00:00 [queued]>
[2024-10-20T05:24:31.128+0000] {taskinstance.py:2612} INFO - Dependencies all met for dep_context=requeueable deps ti=<TaskInstance: elt.extract_load_data.create_table_prices manual__2024-10-20T05:24:28.209418+00:00 [queued]>
[2024-10-20T05:24:31.128+0000] {taskinstance.py:2865} INFO - Starting attempt 1 of 2
[2024-10-20T05:24:31.139+0000] {taskinstance.py:2888} INFO - Executing <Task(PostgresOperator): extract_load_data.create_table_prices> on 2024-10-20 05:24:28.209418+00:00
[2024-10-20T05:24:31.147+0000] {warnings.py:112} WARNING - /home/***/.local/lib/python3.12/site-packages/***/task/task_runner/standard_task_runner.py:70: DeprecationWarning: This process (pid=898) is multi-threaded, use of fork() may lead to deadlocks in the child.
  pid = os.fork()

[2024-10-20T05:24:31.149+0000] {standard_task_runner.py:72} INFO - Started process 902 to run task
[2024-10-20T05:24:31.151+0000] {standard_task_runner.py:104} INFO - Running: ['***', 'tasks', 'run', 'elt', 'extract_load_data.create_table_prices', 'manual__2024-10-20T05:24:28.209418+00:00', '--job-id', '234', '--raw', '--subdir', 'DAGS_FOLDER/elt.py', '--cfg-path', '/tmp/tmpb3sk_h81']
[2024-10-20T05:24:31.155+0000] {standard_task_runner.py:105} INFO - Job 234: Subtask extract_load_data.create_table_prices
[2024-10-20T05:24:32.775+0000] {task_command.py:467} INFO - Running <TaskInstance: elt.extract_load_data.create_table_prices manual__2024-10-20T05:24:28.209418+00:00 [running]> on host 3b0481c80fd2
[2024-10-20T05:24:33.394+0000] {taskinstance.py:3131} INFO - Exporting env vars: AIRFLOW_CTX_DAG_OWNER='mherszage' AIRFLOW_CTX_DAG_ID='elt' AIRFLOW_CTX_TASK_ID='extract_load_data.create_table_prices' AIRFLOW_CTX_EXECUTION_DATE='2024-10-20T05:24:28.209418+00:00' AIRFLOW_CTX_TRY_NUMBER='1' AIRFLOW_CTX_DAG_RUN_ID='manual__2024-10-20T05:24:28.209418+00:00'
[2024-10-20T05:24:33.405+0000] {taskinstance.py:731} INFO - ::endgroup::
[2024-10-20T05:24:33.492+0000] {sql.py:266} INFO - Executing: CREATE TABLE IF NOT EXISTS "2024_melissa_herszage_schema".l1_item_prices
(
    item_id            varchar(256),
    condition          varchar(256),
    price              int,
    currency           varchar(256),
    available_quantity int,
    created_at         timestamp
)
[2024-10-20T05:24:33.583+0000] {base.py:84} INFO - Retrieving connection 'redshift_default'
[2024-10-20T05:24:33.653+0000] {base.py:84} INFO - Retrieving connection 'redshift_default'
[2024-10-20T05:24:35.420+0000] {sql.py:509} INFO - Running statement: CREATE TABLE IF NOT EXISTS "2024_melissa_herszage_schema".l1_item_prices
(
    item_id            varchar(256),
    condition          varchar(256),
    price              int,
    currency           varchar(256),
    available_quantity int,
    created_at         timestamp
), parameters: None
[2024-10-20T05:24:36.484+0000] {taskinstance.py:340} INFO - ::group::Post task execution logs
[2024-10-20T05:24:36.500+0000] {taskinstance.py:352} INFO - Marking task as SUCCESS. dag_id=elt, task_id=extract_load_data.create_table_prices, run_id=manual__2024-10-20T05:24:28.209418+00:00, execution_date=20241020T052428, start_date=20241020T052431, end_date=20241020T052436
[2024-10-20T05:24:39.077+0000] {local_task_job_runner.py:266} INFO - Task exited with return code 0
[2024-10-20T05:24:39.101+0000] {warnings.py:112} WARNING - /home/***/.local/lib/python3.12/site-packages/***/models/baseoperator.py:1378: AirflowProviderDeprecationWarning: Call to deprecated class PostgresOperator. (Please use `***.providers.common.sql.operators.sql.SQLExecuteQueryOperator`.Also, you can provide `hook_params={'schema': <database>}`.)
  result = cls.__new__(cls)

[2024-10-20T05:24:39.115+0000] {taskinstance.py:3900} INFO - 0 downstream tasks scheduled from follow-on schedule check
[2024-10-20T05:24:39.117+0000] {local_task_job_runner.py:245} INFO - ::endgroup::
