[2024-10-20T05:25:15.824+0000] {local_task_job_runner.py:123} INFO - ::group::Pre task execution logs
[2024-10-20T05:25:15.833+0000] {taskinstance.py:2612} INFO - Dependencies all met for dep_context=non-requeueable deps ti=<TaskInstance: elt.extract_load_data.insert_prices manual__2024-10-20T05:24:28.209418+00:00 [queued]>
[2024-10-20T05:25:15.838+0000] {taskinstance.py:2612} INFO - Dependencies all met for dep_context=requeueable deps ti=<TaskInstance: elt.extract_load_data.insert_prices manual__2024-10-20T05:24:28.209418+00:00 [queued]>
[2024-10-20T05:25:15.838+0000] {taskinstance.py:2865} INFO - Starting attempt 1 of 2
[2024-10-20T05:25:15.846+0000] {taskinstance.py:2888} INFO - Executing <Task(PythonOperator): extract_load_data.insert_prices> on 2024-10-20 05:24:28.209418+00:00
[2024-10-20T05:25:15.853+0000] {warnings.py:112} WARNING - /home/***/.local/lib/python3.12/site-packages/***/task/task_runner/standard_task_runner.py:70: DeprecationWarning: This process (pid=916) is multi-threaded, use of fork() may lead to deadlocks in the child.
  pid = os.fork()

[2024-10-20T05:25:15.856+0000] {standard_task_runner.py:72} INFO - Started process 918 to run task
[2024-10-20T05:25:15.863+0000] {standard_task_runner.py:104} INFO - Running: ['***', 'tasks', 'run', 'elt', 'extract_load_data.insert_prices', 'manual__2024-10-20T05:24:28.209418+00:00', '--job-id', '236', '--raw', '--subdir', 'DAGS_FOLDER/elt.py', '--cfg-path', '/tmp/tmpid3abup0']
[2024-10-20T05:25:15.869+0000] {standard_task_runner.py:105} INFO - Job 236: Subtask extract_load_data.insert_prices
[2024-10-20T05:25:16.340+0000] {task_command.py:467} INFO - Running <TaskInstance: elt.extract_load_data.insert_prices manual__2024-10-20T05:24:28.209418+00:00 [running]> on host 3b0481c80fd2
[2024-10-20T05:25:16.433+0000] {taskinstance.py:3131} INFO - Exporting env vars: AIRFLOW_CTX_DAG_OWNER='mherszage' AIRFLOW_CTX_DAG_ID='elt' AIRFLOW_CTX_TASK_ID='extract_load_data.insert_prices' AIRFLOW_CTX_EXECUTION_DATE='2024-10-20T05:24:28.209418+00:00' AIRFLOW_CTX_TRY_NUMBER='1' AIRFLOW_CTX_DAG_RUN_ID='manual__2024-10-20T05:24:28.209418+00:00'
[2024-10-20T05:25:16.434+0000] {taskinstance.py:731} INFO - ::endgroup::
[2024-10-20T05:25:16.453+0000] {base.py:84} INFO - Retrieving connection 'redshift_default'
[2024-10-20T05:25:18.024+0000] {logging_mixin.py:190} INFO - 2024-10-20
[2024-10-20T05:25:18.026+0000] {python.py:240} INFO - Done. Returned value was: None
[2024-10-20T05:25:18.082+0000] {taskinstance.py:340} INFO - ::group::Post task execution logs
[2024-10-20T05:25:18.084+0000] {taskinstance.py:352} INFO - Marking task as SUCCESS. dag_id=elt, task_id=extract_load_data.insert_prices, run_id=manual__2024-10-20T05:24:28.209418+00:00, execution_date=20241020T052428, start_date=20241020T052515, end_date=20241020T052518
[2024-10-20T05:25:18.137+0000] {local_task_job_runner.py:266} INFO - Task exited with return code 0
[2024-10-20T05:25:18.159+0000] {warnings.py:112} WARNING - /home/***/.local/lib/python3.12/site-packages/***/models/baseoperator.py:1378: AirflowProviderDeprecationWarning: Call to deprecated class PostgresOperator. (Please use `***.providers.common.sql.operators.sql.SQLExecuteQueryOperator`.Also, you can provide `hook_params={'schema': <database>}`.)
  result = cls.__new__(cls)

[2024-10-20T05:25:18.491+0000] {taskinstance.py:3900} INFO - 2 downstream tasks scheduled from follow-on schedule check
[2024-10-20T05:25:18.492+0000] {local_task_job_runner.py:245} INFO - ::endgroup::
